28-Sep-2015 09:38:09.816 INFO [main] org.apache.catalina.core.AprLifecycleListener.init Loaded APR based Apache Tomcat Native library 1.1.29 using APR version 1.4.8.
28-Sep-2015 09:38:09.816 INFO [main] org.apache.catalina.core.AprLifecycleListener.init APR capabilities: IPv6 [true], sendfile [true], accept filters [false], random [true].
28-Sep-2015 09:38:11.315 INFO [main] org.apache.catalina.core.AprLifecycleListener.initializeSSL OpenSSL successfully initialized (OpenSSL 1.0.1e 11 Feb 2013)
28-Sep-2015 09:38:11.705 INFO [main] org.apache.coyote.AbstractProtocol.init Initializing ProtocolHandler ["http-apr-8080"]
28-Sep-2015 09:38:11.721 INFO [main] org.apache.coyote.AbstractProtocol.init Initializing ProtocolHandler ["ajp-apr-8009"]
28-Sep-2015 09:38:11.721 INFO [main] org.apache.catalina.startup.Catalina.load Initialization processed in 2602 ms
28-Sep-2015 09:38:11.783 INFO [main] org.apache.catalina.core.StandardService.startInternal Starting service Catalina
28-Sep-2015 09:38:11.783 INFO [main] org.apache.catalina.core.StandardEngine.startInternal Starting Servlet Engine: Apache Tomcat/8.0.3
28-Sep-2015 09:38:11.799 INFO [localhost-startStop-1] org.apache.catalina.startup.HostConfig.deployDirectory Deploying web application directory C:\Software\6. apache-tomcat-8.0.3-windows-x64\apache-tomcat-8.0.3\webapps\docs
28-Sep-2015 09:38:12.595 INFO [localhost-startStop-1] org.apache.catalina.startup.HostConfig.deployDirectory Deploying web application directory C:\Software\6. apache-tomcat-8.0.3-windows-x64\apache-tomcat-8.0.3\webapps\examples
28-Sep-2015 09:38:16.423 INFO [localhost-startStop-1] org.apache.catalina.startup.HostConfig.deployDirectory Deploying web application directory C:\Software\6. apache-tomcat-8.0.3-windows-x64\apache-tomcat-8.0.3\webapps\host-manager
28-Sep-2015 09:38:16.533 INFO [localhost-startStop-1] org.apache.catalina.startup.HostConfig.deployDirectory Deploying web application directory C:\Software\6. apache-tomcat-8.0.3-windows-x64\apache-tomcat-8.0.3\webapps\manager
28-Sep-2015 09:38:16.642 INFO [localhost-startStop-1] org.apache.catalina.startup.HostConfig.deployDirectory Deploying web application directory C:\Software\6. apache-tomcat-8.0.3-windows-x64\apache-tomcat-8.0.3\webapps\ROOT
28-Sep-2015 09:38:16.720 INFO [localhost-startStop-1] org.apache.catalina.startup.HostConfig.deployDirectory Deploying web application directory C:\Software\6. apache-tomcat-8.0.3-windows-x64\apache-tomcat-8.0.3\webapps\TempoEngine
28-Sep-2015 09:38:25.465 INFO [localhost-startStop-1] com.sun.jersey.api.core.PackagesResourceConfig.init Scanning for root resource and provider classes in the packages:
  com.virtusa.tempo
28-Sep-2015 09:38:25.637 INFO [localhost-startStop-1] com.sun.jersey.api.core.ScanningResourceConfig.logClasses Root resource classes found:
  class com.virtusa.tempo.hibernate.resource.ActionExecuteLogResource
  class com.virtusa.tempo.hibernate.resource.ToolResource
  class com.virtusa.tempo.hibernate.resource.DeploymentLogResource
  class com.virtusa.tempo.hibernate.resource.MachineParamResource
  class com.virtusa.tempo.hibernate.resource.EnvironmentResource
  class com.virtusa.tempo.hibernate.resource.VersionResourse
  class com.virtusa.tempo.hibernate.resource.ProjectsResource
  class com.virtusa.tempo.hibernate.resource.MachineGroupResource
  class com.virtusa.tempo.hibernate.resource.WorkFlowResource
  class com.virtusa.tempo.hibernate.resource.MachineResource
  class com.virtusa.tempo.hibernate.resource.FlowActionExecuteLogResource
  class com.virtusa.tempo.hibernate.resource.ComponentResource
  class com.virtusa.tempo.hibernate.resource.DBResource
  class com.virtusa.tempo.hibernate.resource.EnvParamResource
  class com.virtusa.tempo.hibernate.resource.UserResource
  class com.virtusa.tempo.toolbox.resource.Resource
28-Sep-2015 09:38:25.653 INFO [localhost-startStop-1] com.sun.jersey.api.core.ScanningResourceConfig.init No provider classes found.
28-Sep-2015 09:38:25.949 INFO [localhost-startStop-1] com.sun.jersey.server.impl.application.WebApplicationImpl._initiate Initiating Jersey application, version 'Jersey: 1.8 06/24/2011 12:17 PM'
28-Sep-2015 09:38:33.070 INFO [main] org.apache.coyote.AbstractProtocol.start Starting ProtocolHandler ["http-apr-8080"]
28-Sep-2015 09:38:33.085 INFO [main] org.apache.coyote.AbstractProtocol.start Starting ProtocolHandler ["ajp-apr-8009"]
28-Sep-2015 09:38:33.117 INFO [main] org.apache.catalina.startup.Catalina.start Server startup in 21365 ms
28-Sep-2015 09:42:51.961 INFO [http-apr-8080-exec-2] org.hibernate.annotations.common.Version.<clinit> HCANN000001: Hibernate Commons Annotations {4.0.2.Final}
28-Sep-2015 09:42:52.018 INFO [http-apr-8080-exec-2] null.null HHH000412: Hibernate Core {4.2.7.SP1}
28-Sep-2015 09:42:52.033 INFO [http-apr-8080-exec-2] null.null HHH000206: hibernate.properties not found
28-Sep-2015 09:42:52.045 INFO [http-apr-8080-exec-2] <unknown>.<unknown> HHH000021: Bytecode provider name : javassist
28-Sep-2015 09:42:52.253 INFO [http-apr-8080-exec-2] null.null HHH000043: Configuring from resource: /hibernate.cfg.xml
28-Sep-2015 09:42:52.254 INFO [http-apr-8080-exec-2] <unknown>.<unknown> HHH000040: Configuration resource: /hibernate.cfg.xml
28-Sep-2015 09:42:52.444 WARN [http-apr-8080-exec-2] org.hibernate.internal.util.xml.DTDEntityResolver.resolveEntity HHH000223: Recognized obsolete hibernate namespace http://hibernate.sourceforge.net/. Use namespace http://www.hibernate.org/dtd/ instead. Refer to Hibernate 3.6 Migration Guide!
28-Sep-2015 09:42:52.544 INFO [http-apr-8080-exec-2] <unknown>.<unknown> HHH000221: Reading mappings from resource: com/virtusa/tempo/hibernate/mapping/Project.hbm.xml
28-Sep-2015 09:42:52.788 WARN [http-apr-8080-exec-2] org.hibernate.internal.util.xml.DTDEntityResolver.resolveEntity HHH000223: Recognized obsolete hibernate namespace http://hibernate.sourceforge.net/. Use namespace http://www.hibernate.org/dtd/ instead. Refer to Hibernate 3.6 Migration Guide!
28-Sep-2015 09:42:52.916 INFO [http-apr-8080-exec-2] null.null HHH000221: Reading mappings from resource: com/virtusa/tempo/hibernate/mapping/Action.hbm.xml
28-Sep-2015 09:42:52.934 WARN [http-apr-8080-exec-2] <unknown>.<unknown> HHH000223: Recognized obsolete hibernate namespace http://hibernate.sourceforge.net/. Use namespace http://www.hibernate.org/dtd/ instead. Refer to Hibernate 3.6 Migration Guide!
28-Sep-2015 09:42:52.953 INFO [http-apr-8080-exec-2] <unknown>.<unknown> HHH000221: Reading mappings from resource: com/virtusa/tempo/hibernate/mapping/ActionProperty.hbm.xml
28-Sep-2015 09:42:52.977 WARN [http-apr-8080-exec-2] <unknown>.<unknown> HHH000223: Recognized obsolete hibernate namespace http://hibernate.sourceforge.net/. Use namespace http://www.hibernate.org/dtd/ instead. Refer to Hibernate 3.6 Migration Guide!
28-Sep-2015 09:42:52.995 INFO [http-apr-8080-exec-2] <unknown>.<unknown> HHH000221: Reading mappings from resource: com/virtusa/tempo/hibernate/mapping/Component.hbm.xml
28-Sep-2015 09:42:53.013 WARN [http-apr-8080-exec-2] org.hibernate.internal.util.xml.DTDEntityResolver.resolveEntity HHH000223: Recognized obsolete hibernate namespace http://hibernate.sourceforge.net/. Use namespace http://www.hibernate.org/dtd/ instead. Refer to Hibernate 3.6 Migration Guide!
28-Sep-2015 09:42:53.037 INFO [http-apr-8080-exec-2] <unknown>.<unknown> HHH000221: Reading mappings from resource: com/virtusa/tempo/hibernate/mapping/Environment.hbm.xml
28-Sep-2015 09:42:53.057 WARN [http-apr-8080-exec-2] <unknown>.<unknown> HHH000223: Recognized obsolete hibernate namespace http://hibernate.sourceforge.net/. Use namespace http://www.hibernate.org/dtd/ instead. Refer to Hibernate 3.6 Migration Guide!
28-Sep-2015 09:42:53.075 INFO [http-apr-8080-exec-2] org.hibernate.cfg.Configuration.addResource HHH000221: Reading mappings from resource: com/virtusa/tempo/hibernate/mapping/FlowAction.hbm.xml
28-Sep-2015 09:42:53.087 WARN [http-apr-8080-exec-2] org.hibernate.internal.util.xml.DTDEntityResolver.resolveEntity HHH000223: Recognized obsolete hibernate namespace http://hibernate.sourceforge.net/. Use namespace http://www.hibernate.org/dtd/ instead. Refer to Hibernate 3.6 Migration Guide!
28-Sep-2015 09:42:53.104 INFO [http-apr-8080-exec-2] org.hibernate.cfg.Configuration.addResource HHH000221: Reading mappings from resource: com/virtusa/tempo/hibernate/mapping/Log.hbm.xml
28-Sep-2015 09:42:53.124 WARN [http-apr-8080-exec-2] <unknown>.<unknown> HHH000223: Recognized obsolete hibernate namespace http://hibernate.sourceforge.net/. Use namespace http://www.hibernate.org/dtd/ instead. Refer to Hibernate 3.6 Migration Guide!
28-Sep-2015 09:42:53.138 INFO [http-apr-8080-exec-2] org.hibernate.cfg.Configuration.addResource HHH000221: Reading mappings from resource: com/virtusa/tempo/hibernate/mapping/Machine.hbm.xml
28-Sep-2015 09:42:53.156 WARN [http-apr-8080-exec-2] org.hibernate.internal.util.xml.DTDEntityResolver.resolveEntity HHH000223: Recognized obsolete hibernate namespace http://hibernate.sourceforge.net/. Use namespace http://www.hibernate.org/dtd/ instead. Refer to Hibernate 3.6 Migration Guide!
28-Sep-2015 09:42:53.170 INFO [http-apr-8080-exec-2] org.hibernate.cfg.Configuration.addResource HHH000221: Reading mappings from resource: com/virtusa/tempo/hibernate/mapping/MachineGroup.hbm.xml
28-Sep-2015 09:42:53.180 WARN [http-apr-8080-exec-2] org.hibernate.internal.util.xml.DTDEntityResolver.resolveEntity HHH000223: Recognized obsolete hibernate namespace http://hibernate.sourceforge.net/. Use namespace http://www.hibernate.org/dtd/ instead. Refer to Hibernate 3.6 Migration Guide!
28-Sep-2015 09:42:53.196 INFO [http-apr-8080-exec-2] org.hibernate.cfg.Configuration.addResource HHH000221: Reading mappings from resource: com/virtusa/tempo/hibernate/mapping/Notification.hbm.xml
28-Sep-2015 09:42:53.217 WARN [http-apr-8080-exec-2] org.hibernate.internal.util.xml.DTDEntityResolver.resolveEntity HHH000223: Recognized obsolete hibernate namespace http://hibernate.sourceforge.net/. Use namespace http://www.hibernate.org/dtd/ instead. Refer to Hibernate 3.6 Migration Guide!
28-Sep-2015 09:42:53.235 INFO [http-apr-8080-exec-2] org.hibernate.cfg.Configuration.addResource HHH000221: Reading mappings from resource: com/virtusa/tempo/hibernate/mapping/Tool.hbm.xml
28-Sep-2015 09:42:53.247 WARN [http-apr-8080-exec-2] <unknown>.<unknown> HHH000223: Recognized obsolete hibernate namespace http://hibernate.sourceforge.net/. Use namespace http://www.hibernate.org/dtd/ instead. Refer to Hibernate 3.6 Migration Guide!
28-Sep-2015 09:42:53.282 INFO [http-apr-8080-exec-2] org.hibernate.cfg.Configuration.addResource HHH000221: Reading mappings from resource: com/virtusa/tempo/hibernate/mapping/ToolProperty.hbm.xml
28-Sep-2015 09:42:53.291 WARN [http-apr-8080-exec-2] org.hibernate.internal.util.xml.DTDEntityResolver.resolveEntity HHH000223: Recognized obsolete hibernate namespace http://hibernate.sourceforge.net/. Use namespace http://www.hibernate.org/dtd/ instead. Refer to Hibernate 3.6 Migration Guide!
28-Sep-2015 09:42:53.302 INFO [http-apr-8080-exec-2] org.hibernate.cfg.Configuration.addResource HHH000221: Reading mappings from resource: com/virtusa/tempo/hibernate/mapping/User.hbm.xml
28-Sep-2015 09:42:53.319 WARN [http-apr-8080-exec-2] <unknown>.<unknown> HHH000223: Recognized obsolete hibernate namespace http://hibernate.sourceforge.net/. Use namespace http://www.hibernate.org/dtd/ instead. Refer to Hibernate 3.6 Migration Guide!
28-Sep-2015 09:42:53.333 INFO [http-apr-8080-exec-2] <unknown>.<unknown> HHH000221: Reading mappings from resource: com/virtusa/tempo/hibernate/mapping/Version.hbm.xml
28-Sep-2015 09:42:53.349 WARN [http-apr-8080-exec-2] org.hibernate.internal.util.xml.DTDEntityResolver.resolveEntity HHH000223: Recognized obsolete hibernate namespace http://hibernate.sourceforge.net/. Use namespace http://www.hibernate.org/dtd/ instead. Refer to Hibernate 3.6 Migration Guide!
28-Sep-2015 09:42:53.361 INFO [http-apr-8080-exec-2] org.hibernate.cfg.Configuration.addResource HHH000221: Reading mappings from resource: com/virtusa/tempo/hibernate/mapping/WorkFlow.hbm.xml
28-Sep-2015 09:42:53.381 WARN [http-apr-8080-exec-2] org.hibernate.internal.util.xml.DTDEntityResolver.resolveEntity HHH000223: Recognized obsolete hibernate namespace http://hibernate.sourceforge.net/. Use namespace http://www.hibernate.org/dtd/ instead. Refer to Hibernate 3.6 Migration Guide!
28-Sep-2015 09:42:53.393 INFO [http-apr-8080-exec-2] org.hibernate.cfg.Configuration.addResource HHH000221: Reading mappings from resource: com/virtusa/tempo/hibernate/mapping/CompParam.hbm.xml
28-Sep-2015 09:42:53.409 WARN [http-apr-8080-exec-2] org.hibernate.internal.util.xml.DTDEntityResolver.resolveEntity HHH000223: Recognized obsolete hibernate namespace http://hibernate.sourceforge.net/. Use namespace http://www.hibernate.org/dtd/ instead. Refer to Hibernate 3.6 Migration Guide!
28-Sep-2015 09:42:53.424 INFO [http-apr-8080-exec-2] org.hibernate.cfg.Configuration.addResource HHH000221: Reading mappings from resource: com/virtusa/tempo/hibernate/mapping/EnvParam.hbm.xml
28-Sep-2015 09:42:53.447 WARN [http-apr-8080-exec-2] org.hibernate.internal.util.xml.DTDEntityResolver.resolveEntity HHH000223: Recognized obsolete hibernate namespace http://hibernate.sourceforge.net/. Use namespace http://www.hibernate.org/dtd/ instead. Refer to Hibernate 3.6 Migration Guide!
28-Sep-2015 09:42:53.462 INFO [http-apr-8080-exec-2] org.hibernate.cfg.Configuration.addResource HHH000221: Reading mappings from resource: com/virtusa/tempo/hibernate/mapping/ProjectParam.hbm.xml
28-Sep-2015 09:42:53.470 WARN [http-apr-8080-exec-2] org.hibernate.internal.util.xml.DTDEntityResolver.resolveEntity HHH000223: Recognized obsolete hibernate namespace http://hibernate.sourceforge.net/. Use namespace http://www.hibernate.org/dtd/ instead. Refer to Hibernate 3.6 Migration Guide!
28-Sep-2015 09:42:53.481 INFO [http-apr-8080-exec-2] org.hibernate.cfg.Configuration.addResource HHH000221: Reading mappings from resource: com/virtusa/tempo/hibernate/mapping/VersionParam.hbm.xml
28-Sep-2015 09:42:53.505 WARN [http-apr-8080-exec-2] org.hibernate.internal.util.xml.DTDEntityResolver.resolveEntity HHH000223: Recognized obsolete hibernate namespace http://hibernate.sourceforge.net/. Use namespace http://www.hibernate.org/dtd/ instead. Refer to Hibernate 3.6 Migration Guide!
28-Sep-2015 09:42:53.518 INFO [http-apr-8080-exec-2] org.hibernate.cfg.Configuration.addResource HHH000221: Reading mappings from resource: com/virtusa/tempo/hibernate/mapping/MachineGroupParam.hbm.xml
28-Sep-2015 09:42:53.539 WARN [http-apr-8080-exec-2] <unknown>.<unknown> HHH000223: Recognized obsolete hibernate namespace http://hibernate.sourceforge.net/. Use namespace http://www.hibernate.org/dtd/ instead. Refer to Hibernate 3.6 Migration Guide!
28-Sep-2015 09:42:53.551 INFO [http-apr-8080-exec-2] org.hibernate.cfg.Configuration.addResource HHH000221: Reading mappings from resource: com/virtusa/tempo/hibernate/mapping/MachineParam.hbm.xml
28-Sep-2015 09:42:53.561 WARN [http-apr-8080-exec-2] org.hibernate.internal.util.xml.DTDEntityResolver.resolveEntity HHH000223: Recognized obsolete hibernate namespace http://hibernate.sourceforge.net/. Use namespace http://www.hibernate.org/dtd/ instead. Refer to Hibernate 3.6 Migration Guide!
28-Sep-2015 09:42:53.571 INFO [http-apr-8080-exec-2] org.hibernate.cfg.Configuration.addResource HHH000221: Reading mappings from resource: com/virtusa/tempo/hibernate/mapping/WorkFlowParam.hbm.xml
28-Sep-2015 09:42:53.581 WARN [http-apr-8080-exec-2] org.hibernate.internal.util.xml.DTDEntityResolver.resolveEntity HHH000223: Recognized obsolete hibernate namespace http://hibernate.sourceforge.net/. Use namespace http://www.hibernate.org/dtd/ instead. Refer to Hibernate 3.6 Migration Guide!
28-Sep-2015 09:42:53.591 INFO [http-apr-8080-exec-2] org.hibernate.cfg.Configuration.addResource HHH000221: Reading mappings from resource: com/virtusa/tempo/hibernate/mapping/FlowActionProperty.hbm.xml
28-Sep-2015 09:42:53.607 WARN [http-apr-8080-exec-2] org.hibernate.internal.util.xml.DTDEntityResolver.resolveEntity HHH000223: Recognized obsolete hibernate namespace http://hibernate.sourceforge.net/. Use namespace http://www.hibernate.org/dtd/ instead. Refer to Hibernate 3.6 Migration Guide!
28-Sep-2015 09:42:53.618 INFO [http-apr-8080-exec-2] org.hibernate.cfg.Configuration.addResource HHH000221: Reading mappings from resource: com/virtusa/tempo/hibernate/mapping/LinkFlowAction.hbm.xml
28-Sep-2015 09:42:53.632 WARN [http-apr-8080-exec-2] <unknown>.<unknown> HHH000223: Recognized obsolete hibernate namespace http://hibernate.sourceforge.net/. Use namespace http://www.hibernate.org/dtd/ instead. Refer to Hibernate 3.6 Migration Guide!
28-Sep-2015 09:42:53.642 INFO [http-apr-8080-exec-2] <unknown>.<unknown> HHH000221: Reading mappings from resource: com/virtusa/tempo/hibernate/mapping/EnvParamValue.hbm.xml
28-Sep-2015 09:42:53.663 WARN [http-apr-8080-exec-2] <unknown>.<unknown> HHH000223: Recognized obsolete hibernate namespace http://hibernate.sourceforge.net/. Use namespace http://www.hibernate.org/dtd/ instead. Refer to Hibernate 3.6 Migration Guide!
28-Sep-2015 09:42:53.674 INFO [http-apr-8080-exec-2] org.hibernate.cfg.Configuration.addResource HHH000221: Reading mappings from resource: com/virtusa/tempo/hibernate/mapping/MachineParamValue.hbm.xml
28-Sep-2015 09:42:53.686 WARN [http-apr-8080-exec-2] org.hibernate.internal.util.xml.DTDEntityResolver.resolveEntity HHH000223: Recognized obsolete hibernate namespace http://hibernate.sourceforge.net/. Use namespace http://www.hibernate.org/dtd/ instead. Refer to Hibernate 3.6 Migration Guide!
28-Sep-2015 09:42:53.694 INFO [http-apr-8080-exec-2] org.hibernate.cfg.Configuration.addResource HHH000221: Reading mappings from resource: com/virtusa/tempo/hibernate/mapping/DeploymentLog.hbm.xml
28-Sep-2015 09:42:53.715 WARN [http-apr-8080-exec-2] org.hibernate.internal.util.xml.DTDEntityResolver.resolveEntity HHH000223: Recognized obsolete hibernate namespace http://hibernate.sourceforge.net/. Use namespace http://www.hibernate.org/dtd/ instead. Refer to Hibernate 3.6 Migration Guide!
28-Sep-2015 09:42:53.725 INFO [http-apr-8080-exec-2] org.hibernate.cfg.Configuration.addResource HHH000221: Reading mappings from resource: com/virtusa/tempo/hibernate/mapping/ActionExecuteLog.hbm.xml
28-Sep-2015 09:42:53.750 WARN [http-apr-8080-exec-2] org.hibernate.internal.util.xml.DTDEntityResolver.resolveEntity HHH000223: Recognized obsolete hibernate namespace http://hibernate.sourceforge.net/. Use namespace http://www.hibernate.org/dtd/ instead. Refer to Hibernate 3.6 Migration Guide!
28-Sep-2015 09:42:53.760 INFO [http-apr-8080-exec-2] org.hibernate.cfg.Configuration.addResource HHH000221: Reading mappings from resource: com/virtusa/tempo/hibernate/mapping/FlowActionExecuteLog.hbm.xml
28-Sep-2015 09:42:53.789 WARN [http-apr-8080-exec-2] <unknown>.<unknown> HHH000223: Recognized obsolete hibernate namespace http://hibernate.sourceforge.net/. Use namespace http://www.hibernate.org/dtd/ instead. Refer to Hibernate 3.6 Migration Guide!
28-Sep-2015 09:42:53.801 INFO [http-apr-8080-exec-2] org.hibernate.cfg.Configuration.addResource HHH000221: Reading mappings from resource: com/virtusa/tempo/hibernate/mapping/VersionParamValue.hbm.xml
28-Sep-2015 09:42:53.820 WARN [http-apr-8080-exec-2] org.hibernate.internal.util.xml.DTDEntityResolver.resolveEntity HHH000223: Recognized obsolete hibernate namespace http://hibernate.sourceforge.net/. Use namespace http://www.hibernate.org/dtd/ instead. Refer to Hibernate 3.6 Migration Guide!
28-Sep-2015 09:42:53.833 INFO [http-apr-8080-exec-2] <unknown>.<unknown> HHH000221: Reading mappings from resource: com/virtusa/tempo/hibernate/mapping/UserPermission.hbm.xml
28-Sep-2015 09:42:53.858 WARN [http-apr-8080-exec-2] <unknown>.<unknown> HHH000223: Recognized obsolete hibernate namespace http://hibernate.sourceforge.net/. Use namespace http://www.hibernate.org/dtd/ instead. Refer to Hibernate 3.6 Migration Guide!
28-Sep-2015 09:42:53.870 INFO [http-apr-8080-exec-2] org.hibernate.cfg.Configuration.doConfigure HHH000041: Configured SessionFactory: null
28-Sep-2015 09:42:54.413 INFO [http-apr-8080-exec-2] org.hibernate.service.jdbc.connections.internal.DriverManagerConnectionProviderImpl.configure HHH000402: Using Hibernate built-in connection pool (not for production use!)
28-Sep-2015 09:42:54.422 INFO [http-apr-8080-exec-2] null.null HHH000115: Hibernate connection pool size: 20
28-Sep-2015 09:42:54.423 INFO [http-apr-8080-exec-2] null.null HHH000006: Autocommit mode: false
28-Sep-2015 09:42:54.424 INFO [http-apr-8080-exec-2] null.null HHH000401: using driver [com.mysql.jdbc.Driver] at URL [jdbc:mysql://localhost:3306]
28-Sep-2015 09:42:54.425 INFO [http-apr-8080-exec-2] null.null HHH000046: Connection properties: {user=root, password=****}
28-Sep-2015 09:42:55.272 INFO [http-apr-8080-exec-2] null.null HHH000400: Using dialect: org.hibernate.dialect.MySQLDialect
28-Sep-2015 09:42:55.353 INFO [http-apr-8080-exec-2] null.null HHH000423: Disabling contextual LOB creation as JDBC driver reported JDBC version [3] less than 4
28-Sep-2015 09:42:56.076 WARN [http-apr-8080-exec-2] org.hibernate.mapping.RootClass.checkCompositeIdentifier HHH000038: Composite-id class does not override equals(): com.virtusa.tempo.hibernate.model.EnvParamValueId
28-Sep-2015 09:42:56.078 WARN [http-apr-8080-exec-2] null.null HHH000039: Composite-id class does not override hashCode(): com.virtusa.tempo.hibernate.model.EnvParamValueId
28-Sep-2015 09:42:56.082 WARN [http-apr-8080-exec-2] null.null HHH000038: Composite-id class does not override equals(): com.virtusa.tempo.hibernate.model.VersionParamValueId
28-Sep-2015 09:42:56.083 WARN [http-apr-8080-exec-2] org.hibernate.mapping.RootClass.checkCompositeIdentifier HHH000039: Composite-id class does not override hashCode(): com.virtusa.tempo.hibernate.model.VersionParamValueId
28-Sep-2015 09:42:56.095 WARN [http-apr-8080-exec-2] null.null HHH000038: Composite-id class does not override equals(): com.virtusa.tempo.hibernate.model.UserPermissionId
28-Sep-2015 09:42:56.096 WARN [http-apr-8080-exec-2] org.hibernate.mapping.RootClass.checkCompositeIdentifier HHH000039: Composite-id class does not override hashCode(): com.virtusa.tempo.hibernate.model.UserPermissionId
28-Sep-2015 09:42:56.099 WARN [http-apr-8080-exec-2] null.null HHH000038: Composite-id class does not override equals(): com.virtusa.tempo.hibernate.model.FlowActionId
28-Sep-2015 09:42:56.100 WARN [http-apr-8080-exec-2] org.hibernate.mapping.RootClass.checkCompositeIdentifier HHH000039: Composite-id class does not override hashCode(): com.virtusa.tempo.hibernate.model.FlowActionId
28-Sep-2015 09:42:56.106 WARN [http-apr-8080-exec-2] null.null HHH000038: Composite-id class does not override equals(): com.virtusa.tempo.hibernate.model.MachineParamValueId
28-Sep-2015 09:42:56.108 WARN [http-apr-8080-exec-2] <unknown>.<unknown> HHH000039: Composite-id class does not override hashCode(): com.virtusa.tempo.hibernate.model.MachineParamValueId
28-Sep-2015 09:42:56.165 INFO [http-apr-8080-exec-2] org.hibernate.engine.transaction.internal.TransactionFactoryInitiator.initiateService HHH000399: Using default transaction strategy (direct JDBC transactions)
28-Sep-2015 09:42:56.245 INFO [http-apr-8080-exec-2] org.hibernate.hql.internal.ast.ASTQueryTranslatorFactory.<init> HHH000397: Using ASTQueryTranslatorFactory
28-Sep-2015 09:42:57.938 INFO [http-apr-8080-exec-2] null.null HHH000228: Running hbm2ddl schema update
28-Sep-2015 09:42:57.939 INFO [http-apr-8080-exec-2] null.null HHH000102: Fetching database metadata
28-Sep-2015 09:42:57.946 INFO [http-apr-8080-exec-2] null.null HHH000396: Updating schema
28-Sep-2015 09:42:58.034 INFO [http-apr-8080-exec-2] org.hibernate.tool.hbm2ddl.DatabaseMetadata.getTableMetadata HHH000262: Table not found: ACTION
28-Sep-2015 09:42:58.047 INFO [http-apr-8080-exec-2] org.hibernate.tool.hbm2ddl.DatabaseMetadata.getTableMetadata HHH000262: Table not found: ACTIONEXECUTELOG
28-Sep-2015 09:42:58.049 INFO [http-apr-8080-exec-2] org.hibernate.tool.hbm2ddl.DatabaseMetadata.getTableMetadata HHH000262: Table not found: ACTIONPROPERTY
28-Sep-2015 09:42:58.052 INFO [http-apr-8080-exec-2] org.hibernate.tool.hbm2ddl.DatabaseMetadata.getTableMetadata HHH000262: Table not found: COMPONENT
28-Sep-2015 09:42:58.054 INFO [http-apr-8080-exec-2] org.hibernate.tool.hbm2ddl.DatabaseMetadata.getTableMetadata HHH000262: Table not found: COMPPARAM
28-Sep-2015 09:42:58.056 INFO [http-apr-8080-exec-2] org.hibernate.tool.hbm2ddl.DatabaseMetadata.getTableMetadata HHH000262: Table not found: DEPLOYMENTLOG
28-Sep-2015 09:42:58.058 INFO [http-apr-8080-exec-2] org.hibernate.tool.hbm2ddl.DatabaseMetadata.getTableMetadata HHH000262: Table not found: ENVIRONMENT
28-Sep-2015 09:42:58.062 INFO [http-apr-8080-exec-2] org.hibernate.tool.hbm2ddl.DatabaseMetadata.getTableMetadata HHH000262: Table not found: ENVPARAM
28-Sep-2015 09:42:58.064 INFO [http-apr-8080-exec-2] org.hibernate.tool.hbm2ddl.DatabaseMetadata.getTableMetadata HHH000262: Table not found: ENVPARAMVALUE
28-Sep-2015 09:42:58.066 INFO [http-apr-8080-exec-2] org.hibernate.tool.hbm2ddl.DatabaseMetadata.getTableMetadata HHH000262: Table not found: FLOWACTION
28-Sep-2015 09:42:58.069 INFO [http-apr-8080-exec-2] org.hibernate.tool.hbm2ddl.DatabaseMetadata.getTableMetadata HHH000262: Table not found: FLOWACTIONEXECUTELOG
28-Sep-2015 09:42:58.071 INFO [http-apr-8080-exec-2] org.hibernate.tool.hbm2ddl.DatabaseMetadata.getTableMetadata HHH000262: Table not found: FLOWACTIONPROPERTY
28-Sep-2015 09:42:58.075 INFO [http-apr-8080-exec-2] org.hibernate.tool.hbm2ddl.DatabaseMetadata.getTableMetadata HHH000262: Table not found: LINKFLOWACTION
28-Sep-2015 09:42:58.080 INFO [http-apr-8080-exec-2] org.hibernate.tool.hbm2ddl.DatabaseMetadata.getTableMetadata HHH000262: Table not found: LOG
28-Sep-2015 09:42:58.081 INFO [http-apr-8080-exec-2] org.hibernate.tool.hbm2ddl.DatabaseMetadata.getTableMetadata HHH000262: Table not found: MACHINE
28-Sep-2015 09:42:58.083 INFO [http-apr-8080-exec-2] org.hibernate.tool.hbm2ddl.DatabaseMetadata.getTableMetadata HHH000262: Table not found: MACHINEGROUP
28-Sep-2015 09:42:58.084 INFO [http-apr-8080-exec-2] org.hibernate.tool.hbm2ddl.DatabaseMetadata.getTableMetadata HHH000262: Table not found: MACHINEGROUPPARAM
28-Sep-2015 09:42:58.086 INFO [http-apr-8080-exec-2] org.hibernate.tool.hbm2ddl.DatabaseMetadata.getTableMetadata HHH000262: Table not found: MACHINEGROUP_COMPONENT
28-Sep-2015 09:42:58.088 INFO [http-apr-8080-exec-2] org.hibernate.tool.hbm2ddl.DatabaseMetadata.getTableMetadata HHH000262: Table not found: MACHINEGROUP_TOOL
28-Sep-2015 09:42:58.090 INFO [http-apr-8080-exec-2] org.hibernate.tool.hbm2ddl.DatabaseMetadata.getTableMetadata HHH000262: Table not found: MACHINEPARAM
28-Sep-2015 09:42:58.095 INFO [http-apr-8080-exec-2] org.hibernate.tool.hbm2ddl.DatabaseMetadata.getTableMetadata HHH000262: Table not found: MACHINEPARAMVALUE
28-Sep-2015 09:42:58.102 INFO [http-apr-8080-exec-2] org.hibernate.tool.hbm2ddl.DatabaseMetadata.getTableMetadata HHH000262: Table not found: MACHINE_MACHINEGROUP
28-Sep-2015 09:42:58.103 INFO [http-apr-8080-exec-2] org.hibernate.tool.hbm2ddl.DatabaseMetadata.getTableMetadata HHH000262: Table not found: NOTIFICATION
28-Sep-2015 09:42:58.104 INFO [http-apr-8080-exec-2] org.hibernate.tool.hbm2ddl.DatabaseMetadata.getTableMetadata HHH000262: Table not found: PROJECT
28-Sep-2015 09:42:58.106 INFO [http-apr-8080-exec-2] org.hibernate.tool.hbm2ddl.DatabaseMetadata.getTableMetadata HHH000262: Table not found: PROJECTPARAM
28-Sep-2015 09:42:58.109 INFO [http-apr-8080-exec-2] org.hibernate.tool.hbm2ddl.DatabaseMetadata.getTableMetadata HHH000262: Table not found: TOOL
28-Sep-2015 09:42:58.111 INFO [http-apr-8080-exec-2] org.hibernate.tool.hbm2ddl.DatabaseMetadata.getTableMetadata HHH000262: Table not found: TOOLPROPERTY
28-Sep-2015 09:42:58.114 INFO [http-apr-8080-exec-2] org.hibernate.tool.hbm2ddl.DatabaseMetadata.getTableMetadata HHH000262: Table not found: USER
28-Sep-2015 09:42:58.115 INFO [http-apr-8080-exec-2] org.hibernate.tool.hbm2ddl.DatabaseMetadata.getTableMetadata HHH000262: Table not found: USERPERMISSION
28-Sep-2015 09:42:58.117 INFO [http-apr-8080-exec-2] org.hibernate.tool.hbm2ddl.DatabaseMetadata.getTableMetadata HHH000262: Table not found: VERSION
28-Sep-2015 09:42:58.118 INFO [http-apr-8080-exec-2] org.hibernate.tool.hbm2ddl.DatabaseMetadata.getTableMetadata HHH000262: Table not found: VERSIONPARAM
28-Sep-2015 09:42:58.119 INFO [http-apr-8080-exec-2] org.hibernate.tool.hbm2ddl.DatabaseMetadata.getTableMetadata HHH000262: Table not found: VERSIONPARAMVALUE
28-Sep-2015 09:42:58.121 INFO [http-apr-8080-exec-2] org.hibernate.tool.hbm2ddl.DatabaseMetadata.getTableMetadata HHH000262: Table not found: WORKFLOW
28-Sep-2015 09:42:58.122 INFO [http-apr-8080-exec-2] org.hibernate.tool.hbm2ddl.DatabaseMetadata.getTableMetadata HHH000262: Table not found: WORKFLOWPARAM
28-Sep-2015 09:42:58.124 INFO [http-apr-8080-exec-2] org.hibernate.tool.hbm2ddl.DatabaseMetadata.getTableMetadata HHH000262: Table not found: ACTION
28-Sep-2015 09:42:58.126 INFO [http-apr-8080-exec-2] org.hibernate.tool.hbm2ddl.DatabaseMetadata.getTableMetadata HHH000262: Table not found: ACTIONEXECUTELOG
28-Sep-2015 09:42:58.128 INFO [http-apr-8080-exec-2] org.hibernate.tool.hbm2ddl.DatabaseMetadata.getTableMetadata HHH000262: Table not found: ACTIONPROPERTY
28-Sep-2015 09:42:58.130 INFO [http-apr-8080-exec-2] org.hibernate.tool.hbm2ddl.DatabaseMetadata.getTableMetadata HHH000262: Table not found: COMPONENT
28-Sep-2015 09:42:58.131 INFO [http-apr-8080-exec-2] org.hibernate.tool.hbm2ddl.DatabaseMetadata.getTableMetadata HHH000262: Table not found: COMPPARAM
28-Sep-2015 09:42:58.132 INFO [http-apr-8080-exec-2] org.hibernate.tool.hbm2ddl.DatabaseMetadata.getTableMetadata HHH000262: Table not found: DEPLOYMENTLOG
28-Sep-2015 09:42:58.133 INFO [http-apr-8080-exec-2] org.hibernate.tool.hbm2ddl.DatabaseMetadata.getTableMetadata HHH000262: Table not found: ENVIRONMENT
28-Sep-2015 09:42:58.134 INFO [http-apr-8080-exec-2] org.hibernate.tool.hbm2ddl.DatabaseMetadata.getTableMetadata HHH000262: Table not found: ENVPARAM
28-Sep-2015 09:42:58.135 INFO [http-apr-8080-exec-2] org.hibernate.tool.hbm2ddl.DatabaseMetadata.getTableMetadata HHH000262: Table not found: ENVPARAMVALUE
28-Sep-2015 09:42:58.135 INFO [http-apr-8080-exec-2] org.hibernate.tool.hbm2ddl.DatabaseMetadata.getTableMetadata HHH000262: Table not found: FLOWACTION
28-Sep-2015 09:42:58.137 INFO [http-apr-8080-exec-2] org.hibernate.tool.hbm2ddl.DatabaseMetadata.getTableMetadata HHH000262: Table not found: FLOWACTIONEXECUTELOG
28-Sep-2015 09:42:58.139 INFO [http-apr-8080-exec-2] org.hibernate.tool.hbm2ddl.DatabaseMetadata.getTableMetadata HHH000262: Table not found: FLOWACTIONPROPERTY
28-Sep-2015 09:42:58.141 INFO [http-apr-8080-exec-2] org.hibernate.tool.hbm2ddl.DatabaseMetadata.getTableMetadata HHH000262: Table not found: LINKFLOWACTION
28-Sep-2015 09:42:58.144 INFO [http-apr-8080-exec-2] org.hibernate.tool.hbm2ddl.DatabaseMetadata.getTableMetadata HHH000262: Table not found: LOG
28-Sep-2015 09:42:58.146 INFO [http-apr-8080-exec-2] org.hibernate.tool.hbm2ddl.DatabaseMetadata.getTableMetadata HHH000262: Table not found: MACHINE
28-Sep-2015 09:42:58.148 INFO [http-apr-8080-exec-2] org.hibernate.tool.hbm2ddl.DatabaseMetadata.getTableMetadata HHH000262: Table not found: MACHINEGROUP
28-Sep-2015 09:42:58.149 INFO [http-apr-8080-exec-2] org.hibernate.tool.hbm2ddl.DatabaseMetadata.getTableMetadata HHH000262: Table not found: MACHINEGROUPPARAM
28-Sep-2015 09:42:58.150 INFO [http-apr-8080-exec-2] org.hibernate.tool.hbm2ddl.DatabaseMetadata.getTableMetadata HHH000262: Table not found: MACHINEGROUP_COMPONENT
28-Sep-2015 09:42:58.151 INFO [http-apr-8080-exec-2] org.hibernate.tool.hbm2ddl.DatabaseMetadata.getTableMetadata HHH000262: Table not found: MACHINEGROUP_TOOL
28-Sep-2015 09:42:58.152 INFO [http-apr-8080-exec-2] org.hibernate.tool.hbm2ddl.DatabaseMetadata.getTableMetadata HHH000262: Table not found: MACHINEPARAM
28-Sep-2015 09:42:58.153 INFO [http-apr-8080-exec-2] org.hibernate.tool.hbm2ddl.DatabaseMetadata.getTableMetadata HHH000262: Table not found: MACHINEPARAMVALUE
28-Sep-2015 09:42:58.155 INFO [http-apr-8080-exec-2] org.hibernate.tool.hbm2ddl.DatabaseMetadata.getTableMetadata HHH000262: Table not found: MACHINE_MACHINEGROUP
28-Sep-2015 09:42:58.159 INFO [http-apr-8080-exec-2] org.hibernate.tool.hbm2ddl.DatabaseMetadata.getTableMetadata HHH000262: Table not found: NOTIFICATION
28-Sep-2015 09:42:58.162 INFO [http-apr-8080-exec-2] org.hibernate.tool.hbm2ddl.DatabaseMetadata.getTableMetadata HHH000262: Table not found: PROJECT
28-Sep-2015 09:42:58.164 INFO [http-apr-8080-exec-2] org.hibernate.tool.hbm2ddl.DatabaseMetadata.getTableMetadata HHH000262: Table not found: PROJECTPARAM
28-Sep-2015 09:42:58.166 INFO [http-apr-8080-exec-2] org.hibernate.tool.hbm2ddl.DatabaseMetadata.getTableMetadata HHH000262: Table not found: TOOL
28-Sep-2015 09:42:58.169 INFO [http-apr-8080-exec-2] org.hibernate.tool.hbm2ddl.DatabaseMetadata.getTableMetadata HHH000262: Table not found: TOOLPROPERTY
28-Sep-2015 09:42:58.170 INFO [http-apr-8080-exec-2] org.hibernate.tool.hbm2ddl.DatabaseMetadata.getTableMetadata HHH000262: Table not found: USER
28-Sep-2015 09:42:58.172 INFO [http-apr-8080-exec-2] org.hibernate.tool.hbm2ddl.DatabaseMetadata.getTableMetadata HHH000262: Table not found: USERPERMISSION
28-Sep-2015 09:42:58.173 INFO [http-apr-8080-exec-2] org.hibernate.tool.hbm2ddl.DatabaseMetadata.getTableMetadata HHH000262: Table not found: VERSION
28-Sep-2015 09:42:58.178 INFO [http-apr-8080-exec-2] org.hibernate.tool.hbm2ddl.DatabaseMetadata.getTableMetadata HHH000262: Table not found: VERSIONPARAM
28-Sep-2015 09:42:58.181 INFO [http-apr-8080-exec-2] org.hibernate.tool.hbm2ddl.DatabaseMetadata.getTableMetadata HHH000262: Table not found: VERSIONPARAMVALUE
28-Sep-2015 09:42:58.183 INFO [http-apr-8080-exec-2] org.hibernate.tool.hbm2ddl.DatabaseMetadata.getTableMetadata HHH000262: Table not found: WORKFLOW
28-Sep-2015 09:42:58.186 INFO [http-apr-8080-exec-2] org.hibernate.tool.hbm2ddl.DatabaseMetadata.getTableMetadata HHH000262: Table not found: WORKFLOWPARAM
28-Sep-2015 09:42:58.188 INFO [http-apr-8080-exec-2] org.hibernate.tool.hbm2ddl.DatabaseMetadata.getTableMetadata HHH000262: Table not found: ACTION
28-Sep-2015 09:42:58.193 INFO [http-apr-8080-exec-2] org.hibernate.tool.hbm2ddl.DatabaseMetadata.getTableMetadata HHH000262: Table not found: ACTIONEXECUTELOG
28-Sep-2015 09:42:58.195 INFO [http-apr-8080-exec-2] org.hibernate.tool.hbm2ddl.DatabaseMetadata.getTableMetadata HHH000262: Table not found: ACTIONPROPERTY
28-Sep-2015 09:42:58.197 INFO [http-apr-8080-exec-2] org.hibernate.tool.hbm2ddl.DatabaseMetadata.getTableMetadata HHH000262: Table not found: COMPONENT
28-Sep-2015 09:42:58.198 INFO [http-apr-8080-exec-2] org.hibernate.tool.hbm2ddl.DatabaseMetadata.getTableMetadata HHH000262: Table not found: COMPPARAM
28-Sep-2015 09:42:58.199 INFO [http-apr-8080-exec-2] org.hibernate.tool.hbm2ddl.DatabaseMetadata.getTableMetadata HHH000262: Table not found: DEPLOYMENTLOG
28-Sep-2015 09:42:58.200 INFO [http-apr-8080-exec-2] org.hibernate.tool.hbm2ddl.DatabaseMetadata.getTableMetadata HHH000262: Table not found: ENVIRONMENT
28-Sep-2015 09:42:58.201 INFO [http-apr-8080-exec-2] org.hibernate.tool.hbm2ddl.DatabaseMetadata.getTableMetadata HHH000262: Table not found: ENVPARAM
28-Sep-2015 09:42:58.203 INFO [http-apr-8080-exec-2] org.hibernate.tool.hbm2ddl.DatabaseMetadata.getTableMetadata HHH000262: Table not found: ENVPARAMVALUE
28-Sep-2015 09:42:58.205 INFO [http-apr-8080-exec-2] org.hibernate.tool.hbm2ddl.DatabaseMetadata.getTableMetadata HHH000262: Table not found: FLOWACTION
28-Sep-2015 09:42:58.208 INFO [http-apr-8080-exec-2] org.hibernate.tool.hbm2ddl.DatabaseMetadata.getTableMetadata HHH000262: Table not found: FLOWACTIONEXECUTELOG
28-Sep-2015 09:42:58.211 INFO [http-apr-8080-exec-2] null.null HHH000262: Table not found: FLOWACTIONPROPERTY
28-Sep-2015 09:42:58.213 INFO [http-apr-8080-exec-2] null.null HHH000262: Table not found: LINKFLOWACTION
28-Sep-2015 09:42:58.214 INFO [http-apr-8080-exec-2] null.null HHH000262: Table not found: LOG
28-Sep-2015 09:42:58.215 INFO [http-apr-8080-exec-2] org.hibernate.tool.hbm2ddl.DatabaseMetadata.getTableMetadata HHH000262: Table not found: MACHINE
28-Sep-2015 09:42:58.217 INFO [http-apr-8080-exec-2] org.hibernate.tool.hbm2ddl.DatabaseMetadata.getTableMetadata HHH000262: Table not found: MACHINEGROUP
28-Sep-2015 09:42:58.220 INFO [http-apr-8080-exec-2] org.hibernate.tool.hbm2ddl.DatabaseMetadata.getTableMetadata HHH000262: Table not found: MACHINEGROUPPARAM
28-Sep-2015 09:42:58.222 INFO [http-apr-8080-exec-2] org.hibernate.tool.hbm2ddl.DatabaseMetadata.getTableMetadata HHH000262: Table not found: MACHINEGROUP_COMPONENT
28-Sep-2015 09:42:58.226 INFO [http-apr-8080-exec-2] org.hibernate.tool.hbm2ddl.DatabaseMetadata.getTableMetadata HHH000262: Table not found: MACHINEGROUP_TOOL
28-Sep-2015 09:42:58.228 INFO [http-apr-8080-exec-2] org.hibernate.tool.hbm2ddl.DatabaseMetadata.getTableMetadata HHH000262: Table not found: MACHINEPARAM
28-Sep-2015 09:42:58.230 INFO [http-apr-8080-exec-2] null.null HHH000262: Table not found: MACHINEPARAMVALUE
28-Sep-2015 09:42:58.231 INFO [http-apr-8080-exec-2] null.null HHH000262: Table not found: MACHINE_MACHINEGROUP
28-Sep-2015 09:42:58.232 INFO [http-apr-8080-exec-2] org.hibernate.tool.hbm2ddl.DatabaseMetadata.getTableMetadata HHH000262: Table not found: NOTIFICATION
28-Sep-2015 09:42:58.233 INFO [http-apr-8080-exec-2] org.hibernate.tool.hbm2ddl.DatabaseMetadata.getTableMetadata HHH000262: Table not found: PROJECT
28-Sep-2015 09:42:58.234 INFO [http-apr-8080-exec-2] null.null HHH000262: Table not found: PROJECTPARAM
28-Sep-2015 09:42:58.235 INFO [http-apr-8080-exec-2] null.null HHH000262: Table not found: TOOL
28-Sep-2015 09:42:58.236 INFO [http-apr-8080-exec-2] org.hibernate.tool.hbm2ddl.DatabaseMetadata.getTableMetadata HHH000262: Table not found: TOOLPROPERTY
28-Sep-2015 09:42:58.237 INFO [http-apr-8080-exec-2] null.null HHH000262: Table not found: USER
28-Sep-2015 09:42:58.239 INFO [http-apr-8080-exec-2] org.hibernate.tool.hbm2ddl.DatabaseMetadata.getTableMetadata HHH000262: Table not found: USERPERMISSION
28-Sep-2015 09:42:58.241 INFO [http-apr-8080-exec-2] org.hibernate.tool.hbm2ddl.DatabaseMetadata.getTableMetadata HHH000262: Table not found: VERSION
28-Sep-2015 09:42:58.244 INFO [http-apr-8080-exec-2] org.hibernate.tool.hbm2ddl.DatabaseMetadata.getTableMetadata HHH000262: Table not found: VERSIONPARAM
28-Sep-2015 09:42:58.245 INFO [http-apr-8080-exec-2] org.hibernate.tool.hbm2ddl.DatabaseMetadata.getTableMetadata HHH000262: Table not found: VERSIONPARAMVALUE
28-Sep-2015 09:42:58.247 INFO [http-apr-8080-exec-2] null.null HHH000262: Table not found: WORKFLOW
28-Sep-2015 09:42:58.248 INFO [http-apr-8080-exec-2] org.hibernate.tool.hbm2ddl.DatabaseMetadata.getTableMetadata HHH000262: Table not found: WORKFLOWPARAM
28-Sep-2015 09:42:58.319 ERROR [http-apr-8080-exec-2] null.null HHH000388: Unsuccessful: create table tempoengine.ACTION (ACTIONID integer not null auto_increment, NAME varchar(255), DESCRIPTION varchar(255), TOOLID integer, primary key (ACTIONID))
28-Sep-2015 09:42:58.320 ERROR [http-apr-8080-exec-2] null.null Table 'action' already exists
28-Sep-2015 09:42:58.348 ERROR [http-apr-8080-exec-2] null.null HHH000388: Unsuccessful: create table tempoengine.ACTIONEXECUTELOG (ACTIONEXECUTELOGID integer not null, FLOWACTIONEXECUTELOGID integer, STATUS varchar(255), DESCRIPTION LONGTEXT, MACHINENAME varchar(255), primary key (ACTIONEXECUTELOGID))
28-Sep-2015 09:42:58.349 ERROR [http-apr-8080-exec-2] null.null Table 'actionexecutelog' already exists
28-Sep-2015 09:42:58.368 ERROR [http-apr-8080-exec-2] null.null HHH000388: Unsuccessful: create table tempoengine.ACTIONPROPERTY (ACTIONPROPERTYID integer not null, NAME varchar(255), VALUE varchar(255), TYPE varchar(255), DESCRIPTION varchar(255), ACTIONID integer, primary key (ACTIONPROPERTYID))
28-Sep-2015 09:42:58.369 ERROR [http-apr-8080-exec-2] null.null Table 'actionproperty' already exists
28-Sep-2015 09:42:58.396 ERROR [http-apr-8080-exec-2] null.null HHH000388: Unsuccessful: create table tempoengine.COMPONENT (COMPONENTID integer not null, NAME varchar(255), ARCHIVED boolean, LOCKBY varchar(255), PROJECTID integer, primary key (COMPONENTID))
28-Sep-2015 09:42:58.397 ERROR [http-apr-8080-exec-2] null.null Table 'component' already exists
28-Sep-2015 09:42:58.405 ERROR [http-apr-8080-exec-2] org.hibernate.tool.hbm2ddl.SchemaUpdate.execute HHH000388: Unsuccessful: create table tempoengine.COMPPARAM (COMPPARAMID integer not null, NAME varchar(255), VALUE varchar(255), COMPONENTID integer, primary key (COMPPARAMID))
28-Sep-2015 09:42:58.406 ERROR [http-apr-8080-exec-2] org.hibernate.tool.hbm2ddl.SchemaUpdate.execute Table 'compparam' already exists
28-Sep-2015 09:42:58.429 ERROR [http-apr-8080-exec-2] null.null HHH000388: Unsuccessful: create table tempoengine.DEPLOYMENTLOG (DEPLOYMENTLOGID integer not null, WORKFLOWID integer, ENVIRONMENTID varchar(255), STATUS varchar(255), STARTTIME datetime, ENDTIME datetime, VERSION varchar(255), FILETYPE varchar(255), primary key (DEPLOYMENTLOGID))
28-Sep-2015 09:42:58.430 ERROR [http-apr-8080-exec-2] null.null Table 'deploymentlog' already exists
28-Sep-2015 09:42:58.452 ERROR [http-apr-8080-exec-2] null.null HHH000388: Unsuccessful: create table tempoengine.ENVIRONMENT (ENVIRONMENTID integer not null, NAME varchar(255), ARCHIVED boolean, LOCKBY varchar(255), PROJECTID integer, primary key (ENVIRONMENTID))
28-Sep-2015 09:42:58.454 ERROR [http-apr-8080-exec-2] null.null Table 'environment' already exists
28-Sep-2015 09:42:58.481 ERROR [http-apr-8080-exec-2] null.null HHH000388: Unsuccessful: create table tempoengine.ENVPARAM (ENVPARAMID integer not null, NAME varchar(255), PROJECTID integer, primary key (ENVPARAMID))
28-Sep-2015 09:42:58.482 ERROR [http-apr-8080-exec-2] null.null Table 'envparam' already exists
28-Sep-2015 09:42:58.510 ERROR [http-apr-8080-exec-2] null.null HHH000388: Unsuccessful: create table tempoengine.ENVPARAMVALUE (ENVIRONMENTID integer not null, ENVPARAMID integer not null, VALUE varchar(255), ENVPARAMSETID integer, primary key (ENVIRONMENTID, ENVPARAMID))
28-Sep-2015 09:42:58.511 ERROR [http-apr-8080-exec-2] null.null Table 'envparamvalue' already exists
28-Sep-2015 09:42:58.559 ERROR [http-apr-8080-exec-2] null.null HHH000388: Unsuccessful: create table tempoengine.FLOWACTION (FLOWACTIONID integer not null, WORKFLOWID integer not null, NAME varchar(255), LOCATIONX double precision, LOCATIONY double precision, SKIPPED varchar(255), WIDTH double precision, HEIGHT double precision, ACTIONID integer, WORKFLOWIDSET integer, primary key (FLOWACTIONID, WORKFLOWID))
28-Sep-2015 09:42:58.561 ERROR [http-apr-8080-exec-2] org.hibernate.tool.hbm2ddl.SchemaUpdate.execute Table 'flowaction' already exists
28-Sep-2015 09:42:58.579 ERROR [http-apr-8080-exec-2] null.null HHH000388: Unsuccessful: create table tempoengine.FLOWACTIONEXECUTELOG (FLOWACTIONEXECUTELOGID integer not null, DEPLOYMENTLOGID integer, FLOWACTIONID integer, WORKFLOWID integer, STATUS varchar(255), DESCRIPTION LONGTEXT, primary key (FLOWACTIONEXECUTELOGID))
28-Sep-2015 09:42:58.581 ERROR [http-apr-8080-exec-2] null.null Table 'flowactionexecutelog' already exists
28-Sep-2015 09:42:58.600 ERROR [http-apr-8080-exec-2] null.null HHH000388: Unsuccessful: create table tempoengine.FLOWACTIONPROPERTY (FLOWACTIONPROPERTYID integer not null, ACTIONPROPERTYID integer, NEWVALUE varchar(255), FLOWACTIONID integer, WORKFLOWID integer, primary key (FLOWACTIONPROPERTYID))
28-Sep-2015 09:42:58.601 ERROR [http-apr-8080-exec-2] null.null Table 'flowactionproperty' already exists
28-Sep-2015 09:42:58.642 ERROR [http-apr-8080-exec-2] null.null HHH000388: Unsuccessful: create table tempoengine.LINKFLOWACTION (LINKFLOWACTIONID integer not null, FROMFLOWACTIONID integer, FROMWORKFLOWID integer, TOFLOWACTIONID integer, TOWORKFLOWID integer, TYPE varchar(255), WORKFLOWID integer, primary key (LINKFLOWACTIONID))
28-Sep-2015 09:42:58.643 ERROR [http-apr-8080-exec-2] null.null Table 'linkflowaction' already exists
28-Sep-2015 09:42:58.667 ERROR [http-apr-8080-exec-2] null.null HHH000388: Unsuccessful: create table tempoengine.LOG (LOGID integer not null, VERSIONID integer, primary key (LOGID))
28-Sep-2015 09:42:58.668 ERROR [http-apr-8080-exec-2] org.hibernate.tool.hbm2ddl.SchemaUpdate.execute Table 'log' already exists
28-Sep-2015 09:42:58.677 ERROR [http-apr-8080-exec-2] null.null HHH000388: Unsuccessful: create table tempoengine.MACHINE (MACHINEID integer not null, NAME varchar(255), ISSERVER boolean, AUTHENTICATION varchar(255), IP varchar(255), STATUS varchar(255), USERNAME varchar(255), PASSWORD varchar(255), PLATFORM varchar(255), HOMEDIR varchar(255), PROJECTID integer, primary key (MACHINEID))
28-Sep-2015 09:42:58.679 ERROR [http-apr-8080-exec-2] null.null Table 'machine' already exists
28-Sep-2015 09:42:58.699 ERROR [http-apr-8080-exec-2] null.null HHH000388: Unsuccessful: create table tempoengine.MACHINEGROUP (MACHINEGROUPID integer not null, NAME varchar(255), ENVIRONMENTID integer, primary key (MACHINEGROUPID))
28-Sep-2015 09:42:58.701 ERROR [http-apr-8080-exec-2] null.null Table 'machinegroup' already exists
28-Sep-2015 09:42:58.716 ERROR [http-apr-8080-exec-2] org.hibernate.tool.hbm2ddl.SchemaUpdate.execute HHH000388: Unsuccessful: create table tempoengine.MACHINEGROUPPARAM (MACHINEGROUPPARAMID integer not null, NAME varchar(255), VALUE varchar(255), MACHINEGROUPID integer, primary key (MACHINEGROUPPARAMID))
28-Sep-2015 09:42:58.717 ERROR [http-apr-8080-exec-2] null.null Table 'machinegroupparam' already exists
28-Sep-2015 09:42:58.729 ERROR [http-apr-8080-exec-2] org.hibernate.tool.hbm2ddl.SchemaUpdate.execute HHH000388: Unsuccessful: create table tempoengine.MACHINEGROUP_COMPONENT (COMPONENTID integer not null, MACHINEGROUPID integer not null, primary key (COMPONENTID, MACHINEGROUPID))
28-Sep-2015 09:42:58.731 ERROR [http-apr-8080-exec-2] org.hibernate.tool.hbm2ddl.SchemaUpdate.execute Table 'machinegroup_component' already exists
28-Sep-2015 09:42:58.753 ERROR [http-apr-8080-exec-2] org.hibernate.tool.hbm2ddl.SchemaUpdate.execute HHH000388: Unsuccessful: create table tempoengine.MACHINEGROUP_TOOL (MACHINEGROUPID integer not null, TOOLID integer not null, primary key (TOOLID, MACHINEGROUPID))
28-Sep-2015 09:42:58.754 ERROR [http-apr-8080-exec-2] null.null Table 'machinegroup_tool' already exists
28-Sep-2015 09:42:58.772 ERROR [http-apr-8080-exec-2] org.hibernate.tool.hbm2ddl.SchemaUpdate.execute HHH000388: Unsuccessful: create table tempoengine.MACHINEPARAM (MACHINEPARAMID integer not null, NAME varchar(255), PROJECTID integer, primary key (MACHINEPARAMID))
28-Sep-2015 09:42:58.774 ERROR [http-apr-8080-exec-2] null.null Table 'machineparam' already exists
28-Sep-2015 09:42:58.804 ERROR [http-apr-8080-exec-2] org.hibernate.tool.hbm2ddl.SchemaUpdate.execute HHH000388: Unsuccessful: create table tempoengine.MACHINEPARAMVALUE (MACHINEID integer not null, MACHINEPARAMID integer not null, VALUE varchar(255), MACHINEPARAMSETID integer, primary key (MACHINEID, MACHINEPARAMID))
28-Sep-2015 09:42:58.806 ERROR [http-apr-8080-exec-2] org.hibernate.tool.hbm2ddl.SchemaUpdate.execute Table 'machineparamvalue' already exists
28-Sep-2015 09:42:58.831 ERROR [http-apr-8080-exec-2] null.null HHH000388: Unsuccessful: create table tempoengine.MACHINE_MACHINEGROUP (MACHINEID integer not null, MACHINEGROUPID integer not null, primary key (MACHINEGROUPID, MACHINEID))
28-Sep-2015 09:42:58.832 ERROR [http-apr-8080-exec-2] null.null Table 'machine_machinegroup' already exists
28-Sep-2015 09:42:58.847 ERROR [http-apr-8080-exec-2] org.hibernate.tool.hbm2ddl.SchemaUpdate.execute HHH000388: Unsuccessful: create table tempoengine.NOTIFICATION (NOTIFICATIONID integer not null, SUBJECT varchar(255), BODY varchar(255), PROJECTID integer, primary key (NOTIFICATIONID))
28-Sep-2015 09:42:58.849 ERROR [http-apr-8080-exec-2] null.null Table 'notification' already exists
28-Sep-2015 09:42:58.864 ERROR [http-apr-8080-exec-2] null.null HHH000388: Unsuccessful: create table tempoengine.PROJECT (PROJECTID integer not null, NAME varchar(255), DESCRIPTION LONGTEXT, ARCHIVED boolean, LOCKBY varchar(255), primary key (PROJECTID))
28-Sep-2015 09:42:58.866 ERROR [http-apr-8080-exec-2] org.hibernate.tool.hbm2ddl.SchemaUpdate.execute Table 'project' already exists
28-Sep-2015 09:42:58.895 ERROR [http-apr-8080-exec-2] null.null HHH000388: Unsuccessful: create table tempoengine.PROJECTPARAM (PROJECTPARAMID integer not null, NAME varchar(255), VALUE varchar(255), PROJECTID integer, primary key (PROJECTPARAMID))
28-Sep-2015 09:42:58.896 ERROR [http-apr-8080-exec-2] null.null Table 'projectparam' already exists
28-Sep-2015 09:42:58.916 ERROR [http-apr-8080-exec-2] org.hibernate.tool.hbm2ddl.SchemaUpdate.execute HHH000388: Unsuccessful: create table tempoengine.TOOL (TOOLID integer not null, NAME varchar(255), TOOLMAPPINGID varchar(255), ARCHIVED boolean, LOCKBY varchar(255), PROJECTID integer, primary key (TOOLID))
28-Sep-2015 09:42:58.917 ERROR [http-apr-8080-exec-2] org.hibernate.tool.hbm2ddl.SchemaUpdate.execute Table 'tool' already exists
28-Sep-2015 09:42:58.938 ERROR [http-apr-8080-exec-2] org.hibernate.tool.hbm2ddl.SchemaUpdate.execute HHH000388: Unsuccessful: create table tempoengine.TOOLPROPERTY (TOOLPROPERTYID integer not null, NAME varchar(255), VALUE varchar(255), TYPE varchar(255), DESCRIPTION varchar(255), TOOLID integer, primary key (TOOLPROPERTYID))
28-Sep-2015 09:42:58.942 ERROR [http-apr-8080-exec-2] org.hibernate.tool.hbm2ddl.SchemaUpdate.execute Table 'toolproperty' already exists
28-Sep-2015 09:42:58.975 ERROR [http-apr-8080-exec-2] null.null HHH000388: Unsuccessful: create table tempoengine.USER (USERNAME varchar(255) not null, PASSWORD varchar(255), OTHERACCOUNT varchar(255), EMAIL varchar(255), FIRSTNAME varchar(255), LASTNAME varchar(255), IMAGE LONGBLOB, primary key (USERNAME))
28-Sep-2015 09:42:58.977 ERROR [http-apr-8080-exec-2] null.null Table 'user' already exists
28-Sep-2015 09:42:58.991 ERROR [http-apr-8080-exec-2] org.hibernate.tool.hbm2ddl.SchemaUpdate.execute HHH000388: Unsuccessful: create table tempoengine.USERPERMISSION (USERNAME varchar(255) not null, PROJECTID integer not null, PERMISSIONLEVEL varchar(255), primary key (USERNAME, PROJECTID))
28-Sep-2015 09:42:58.992 ERROR [http-apr-8080-exec-2] org.hibernate.tool.hbm2ddl.SchemaUpdate.execute Table 'userpermission' already exists
28-Sep-2015 09:42:59.013 ERROR [http-apr-8080-exec-2] null.null HHH000388: Unsuccessful: create table tempoengine.VERSION (VERSIONID integer not null, VERSION varchar(255), DESCRIPTION LONGTEXT, COMPONENTID integer, primary key (VERSIONID))
28-Sep-2015 09:42:59.014 ERROR [http-apr-8080-exec-2] null.null Table 'version' already exists
28-Sep-2015 09:42:59.036 ERROR [http-apr-8080-exec-2] null.null HHH000388: Unsuccessful: create table tempoengine.VERSIONPARAM (VERSIONPARAMID integer not null, NAME varchar(255), COMPONENTID integer, primary key (VERSIONPARAMID))
28-Sep-2015 09:42:59.037 ERROR [http-apr-8080-exec-2] org.hibernate.tool.hbm2ddl.SchemaUpdate.execute Table 'versionparam' already exists
28-Sep-2015 09:42:59.073 ERROR [http-apr-8080-exec-2] null.null HHH000388: Unsuccessful: create table tempoengine.VERSIONPARAMVALUE (VERSIONID integer not null, VERSIONPARAMID integer not null, VALUE varchar(255), VERSIONPARAMIDSET integer, primary key (VERSIONID, VERSIONPARAMID))
28-Sep-2015 09:42:59.074 ERROR [http-apr-8080-exec-2] org.hibernate.tool.hbm2ddl.SchemaUpdate.execute Table 'versionparamvalue' already exists
28-Sep-2015 09:42:59.094 ERROR [http-apr-8080-exec-2] null.null HHH000388: Unsuccessful: create table tempoengine.WORKFLOW (WORKFLOWID integer not null, NAME varchar(255), DESCRIPTION varchar(255), ARCHIVED boolean, LOCKBY varchar(255), COMPONENTID integer, PROJECTID integer, primary key (WORKFLOWID))
28-Sep-2015 09:42:59.096 ERROR [http-apr-8080-exec-2] null.null Table 'workflow' already exists
28-Sep-2015 09:42:59.121 ERROR [http-apr-8080-exec-2] null.null HHH000388: Unsuccessful: create table tempoengine.WORKFLOWPARAM (WORKFLOWPARAMID integer not null, NAME varchar(255), VALUE varchar(255), WORKFLOWID integer, primary key (WORKFLOWPARAMID))
28-Sep-2015 09:42:59.123 ERROR [http-apr-8080-exec-2] null.null Table 'workflowparam' already exists
28-Sep-2015 09:42:59.149 ERROR [http-apr-8080-exec-2] null.null HHH000388: Unsuccessful: alter table tempoengine.ACTION add index FK_j3fo2p1flwaf8yp7wrt1ws2wt (TOOLID), add constraint FK_j3fo2p1flwaf8yp7wrt1ws2wt foreign key (TOOLID) references tempoengine.TOOL (TOOLID)
28-Sep-2015 09:42:59.150 ERROR [http-apr-8080-exec-2] null.null Duplicate key name 'FK_j3fo2p1flwaf8yp7wrt1ws2wt'
28-Sep-2015 09:42:59.152 ERROR [http-apr-8080-exec-2] org.hibernate.tool.hbm2ddl.SchemaUpdate.execute HHH000388: Unsuccessful: alter table tempoengine.ACTIONEXECUTELOG add index FK_3qn23tbbkgvm8glqt5xk68imp (FLOWACTIONEXECUTELOGID), add constraint FK_3qn23tbbkgvm8glqt5xk68imp foreign key (FLOWACTIONEXECUTELOGID) references tempoengine.FLOWACTIONEXECUTELOG (FLOWACTIONEXECUTELOGID)
28-Sep-2015 09:42:59.153 ERROR [http-apr-8080-exec-2] org.hibernate.tool.hbm2ddl.SchemaUpdate.execute Duplicate key name 'FK_3qn23tbbkgvm8glqt5xk68imp'
28-Sep-2015 09:42:59.155 ERROR [http-apr-8080-exec-2] null.null HHH000388: Unsuccessful: alter table tempoengine.ACTIONPROPERTY add index FK_4lgjq0jfrqs46glppebtltlpj (ACTIONID), add constraint FK_4lgjq0jfrqs46glppebtltlpj foreign key (ACTIONID) references tempoengine.ACTION (ACTIONID)
28-Sep-2015 09:42:59.156 ERROR [http-apr-8080-exec-2] null.null Duplicate key name 'FK_4lgjq0jfrqs46glppebtltlpj'
28-Sep-2015 09:42:59.158 ERROR [http-apr-8080-exec-2] org.hibernate.tool.hbm2ddl.SchemaUpdate.execute HHH000388: Unsuccessful: alter table tempoengine.COMPONENT add index FK_dk59g8ufdieywxp06bkl5aycv (LOCKBY), add constraint FK_dk59g8ufdieywxp06bkl5aycv foreign key (LOCKBY) references tempoengine.USER (USERNAME)
28-Sep-2015 09:42:59.159 ERROR [http-apr-8080-exec-2] org.hibernate.tool.hbm2ddl.SchemaUpdate.execute Duplicate key name 'FK_dk59g8ufdieywxp06bkl5aycv'
28-Sep-2015 09:42:59.161 ERROR [http-apr-8080-exec-2] null.null HHH000388: Unsuccessful: alter table tempoengine.COMPONENT add index FK_jwqpnetlespo1m7id821s2d7f (PROJECTID), add constraint FK_jwqpnetlespo1m7id821s2d7f foreign key (PROJECTID) references tempoengine.PROJECT (PROJECTID)
28-Sep-2015 09:42:59.163 ERROR [http-apr-8080-exec-2] null.null Duplicate key name 'FK_jwqpnetlespo1m7id821s2d7f'
28-Sep-2015 09:42:59.164 ERROR [http-apr-8080-exec-2] null.null HHH000388: Unsuccessful: alter table tempoengine.COMPPARAM add index FK_6qavyoneqibr8010ojuv3ihch (COMPONENTID), add constraint FK_6qavyoneqibr8010ojuv3ihch foreign key (COMPONENTID) references tempoengine.COMPONENT (COMPONENTID)
28-Sep-2015 09:42:59.165 ERROR [http-apr-8080-exec-2] null.null Duplicate key name 'FK_6qavyoneqibr8010ojuv3ihch'
28-Sep-2015 09:42:59.167 ERROR [http-apr-8080-exec-2] null.null HHH000388: Unsuccessful: alter table tempoengine.DEPLOYMENTLOG add index FK_ppfdnrs8l8wnseig2kdu9nw5k (WORKFLOWID), add constraint FK_ppfdnrs8l8wnseig2kdu9nw5k foreign key (WORKFLOWID) references tempoengine.WORKFLOW (WORKFLOWID)
28-Sep-2015 09:42:59.168 ERROR [http-apr-8080-exec-2] null.null Duplicate key name 'FK_ppfdnrs8l8wnseig2kdu9nw5k'
28-Sep-2015 09:42:59.169 ERROR [http-apr-8080-exec-2] null.null HHH000388: Unsuccessful: alter table tempoengine.ENVIRONMENT add index FK_955iv6pdm12kua5b08iy5542w (LOCKBY), add constraint FK_955iv6pdm12kua5b08iy5542w foreign key (LOCKBY) references tempoengine.USER (USERNAME)
28-Sep-2015 09:42:59.170 ERROR [http-apr-8080-exec-2] org.hibernate.tool.hbm2ddl.SchemaUpdate.execute Duplicate key name 'FK_955iv6pdm12kua5b08iy5542w'
28-Sep-2015 09:42:59.172 ERROR [http-apr-8080-exec-2] null.null HHH000388: Unsuccessful: alter table tempoengine.ENVIRONMENT add index FK_ku3ae2h9sv4f6smhp4aq94xm7 (PROJECTID), add constraint FK_ku3ae2h9sv4f6smhp4aq94xm7 foreign key (PROJECTID) references tempoengine.PROJECT (PROJECTID)
28-Sep-2015 09:42:59.173 ERROR [http-apr-8080-exec-2] null.null Duplicate key name 'FK_ku3ae2h9sv4f6smhp4aq94xm7'
28-Sep-2015 09:42:59.174 ERROR [http-apr-8080-exec-2] org.hibernate.tool.hbm2ddl.SchemaUpdate.execute HHH000388: Unsuccessful: alter table tempoengine.ENVPARAM add index FK_1ofeplnx42ti5500eos969j7q (PROJECTID), add constraint FK_1ofeplnx42ti5500eos969j7q foreign key (PROJECTID) references tempoengine.PROJECT (PROJECTID)
28-Sep-2015 09:42:59.176 ERROR [http-apr-8080-exec-2] null.null Duplicate key name 'FK_1ofeplnx42ti5500eos969j7q'
28-Sep-2015 09:42:59.177 ERROR [http-apr-8080-exec-2] null.null HHH000388: Unsuccessful: alter table tempoengine.ENVPARAMVALUE add index FK_2fg6tfl07wsgtwcpap8cun3sy (ENVIRONMENTID), add constraint FK_2fg6tfl07wsgtwcpap8cun3sy foreign key (ENVIRONMENTID) references tempoengine.ENVIRONMENT (ENVIRONMENTID)
28-Sep-2015 09:42:59.178 ERROR [http-apr-8080-exec-2] null.null Duplicate key name 'FK_2fg6tfl07wsgtwcpap8cun3sy'
28-Sep-2015 09:42:59.179 ERROR [http-apr-8080-exec-2] null.null HHH000388: Unsuccessful: alter table tempoengine.ENVPARAMVALUE add index FK_5ya5um4gj7301ggl1w2w7oa5p (ENVPARAMID), add constraint FK_5ya5um4gj7301ggl1w2w7oa5p foreign key (ENVPARAMID) references tempoengine.ENVPARAM (ENVPARAMID)
28-Sep-2015 09:42:59.180 ERROR [http-apr-8080-exec-2] null.null Duplicate key name 'FK_5ya5um4gj7301ggl1w2w7oa5p'
28-Sep-2015 09:42:59.182 ERROR [http-apr-8080-exec-2] null.null HHH000388: Unsuccessful: alter table tempoengine.ENVPARAMVALUE add index FK_imx0aoj2v57l71paa6xycf02f (ENVPARAMSETID), add constraint FK_imx0aoj2v57l71paa6xycf02f foreign key (ENVPARAMSETID) references tempoengine.ENVPARAM (ENVPARAMID)
28-Sep-2015 09:42:59.183 ERROR [http-apr-8080-exec-2] null.null Duplicate key name 'FK_imx0aoj2v57l71paa6xycf02f'
28-Sep-2015 09:42:59.185 ERROR [http-apr-8080-exec-2] org.hibernate.tool.hbm2ddl.SchemaUpdate.execute HHH000388: Unsuccessful: alter table tempoengine.FLOWACTION add index FK_jic2qpxjdy3rxjj4aapf0yv9v (WORKFLOWID), add constraint FK_jic2qpxjdy3rxjj4aapf0yv9v foreign key (WORKFLOWID) references tempoengine.WORKFLOW (WORKFLOWID)
28-Sep-2015 09:42:59.186 ERROR [http-apr-8080-exec-2] org.hibernate.tool.hbm2ddl.SchemaUpdate.execute Duplicate key name 'FK_jic2qpxjdy3rxjj4aapf0yv9v'
28-Sep-2015 09:42:59.187 ERROR [http-apr-8080-exec-2] org.hibernate.tool.hbm2ddl.SchemaUpdate.execute HHH000388: Unsuccessful: alter table tempoengine.FLOWACTION add index FK_l3ffccm0yerl1p98nl59m17qu (ACTIONID), add constraint FK_l3ffccm0yerl1p98nl59m17qu foreign key (ACTIONID) references tempoengine.ACTION (ACTIONID)
28-Sep-2015 09:42:59.188 ERROR [http-apr-8080-exec-2] org.hibernate.tool.hbm2ddl.SchemaUpdate.execute Duplicate key name 'FK_l3ffccm0yerl1p98nl59m17qu'
28-Sep-2015 09:42:59.190 ERROR [http-apr-8080-exec-2] null.null HHH000388: Unsuccessful: alter table tempoengine.FLOWACTION add index FK_8g729eolnuv8im60cstyyh5pe (WORKFLOWIDSET), add constraint FK_8g729eolnuv8im60cstyyh5pe foreign key (WORKFLOWIDSET) references tempoengine.WORKFLOW (WORKFLOWID)
28-Sep-2015 09:42:59.192 ERROR [http-apr-8080-exec-2] org.hibernate.tool.hbm2ddl.SchemaUpdate.execute Duplicate key name 'FK_8g729eolnuv8im60cstyyh5pe'
28-Sep-2015 09:42:59.194 ERROR [http-apr-8080-exec-2] org.hibernate.tool.hbm2ddl.SchemaUpdate.execute HHH000388: Unsuccessful: alter table tempoengine.FLOWACTIONEXECUTELOG add index FK_1t4o4kx6dcdcycck5jhh8i4rj (DEPLOYMENTLOGID), add constraint FK_1t4o4kx6dcdcycck5jhh8i4rj foreign key (DEPLOYMENTLOGID) references tempoengine.DEPLOYMENTLOG (DEPLOYMENTLOGID)
28-Sep-2015 09:42:59.196 ERROR [http-apr-8080-exec-2] null.null Duplicate key name 'FK_1t4o4kx6dcdcycck5jhh8i4rj'
28-Sep-2015 09:42:59.197 ERROR [http-apr-8080-exec-2] null.null HHH000388: Unsuccessful: alter table tempoengine.FLOWACTIONEXECUTELOG add index FK_7xn95qygfnibbjxfr7eunyp37 (FLOWACTIONID, WORKFLOWID), add constraint FK_7xn95qygfnibbjxfr7eunyp37 foreign key (FLOWACTIONID, WORKFLOWID) references tempoengine.FLOWACTION (FLOWACTIONID, WORKFLOWID)
28-Sep-2015 09:42:59.199 ERROR [http-apr-8080-exec-2] null.null Duplicate key name 'FK_7xn95qygfnibbjxfr7eunyp37'
28-Sep-2015 09:42:59.200 ERROR [http-apr-8080-exec-2] null.null HHH000388: Unsuccessful: alter table tempoengine.FLOWACTIONPROPERTY add index FK_jblndkymm4obi4usr0niy0n9m (ACTIONPROPERTYID), add constraint FK_jblndkymm4obi4usr0niy0n9m foreign key (ACTIONPROPERTYID) references tempoengine.ACTIONPROPERTY (ACTIONPROPERTYID)
28-Sep-2015 09:42:59.201 ERROR [http-apr-8080-exec-2] null.null Duplicate key name 'FK_jblndkymm4obi4usr0niy0n9m'
28-Sep-2015 09:42:59.203 ERROR [http-apr-8080-exec-2] org.hibernate.tool.hbm2ddl.SchemaUpdate.execute HHH000388: Unsuccessful: alter table tempoengine.FLOWACTIONPROPERTY add index FK_eosp7fex8014ghc658acwlscb (FLOWACTIONID, WORKFLOWID), add constraint FK_eosp7fex8014ghc658acwlscb foreign key (FLOWACTIONID, WORKFLOWID) references tempoengine.FLOWACTION (FLOWACTIONID, WORKFLOWID)
28-Sep-2015 09:42:59.204 ERROR [http-apr-8080-exec-2] null.null Duplicate key name 'FK_eosp7fex8014ghc658acwlscb'
28-Sep-2015 09:42:59.205 ERROR [http-apr-8080-exec-2] null.null HHH000388: Unsuccessful: alter table tempoengine.LINKFLOWACTION add index FK_julr5790n29q8whg4vt11f1ll (FROMFLOWACTIONID, FROMWORKFLOWID), add constraint FK_julr5790n29q8whg4vt11f1ll foreign key (FROMFLOWACTIONID, FROMWORKFLOWID) references tempoengine.FLOWACTION (FLOWACTIONID, WORKFLOWID)
28-Sep-2015 09:42:59.206 ERROR [http-apr-8080-exec-2] null.null Duplicate key name 'FK_julr5790n29q8whg4vt11f1ll'
28-Sep-2015 09:42:59.207 ERROR [http-apr-8080-exec-2] org.hibernate.tool.hbm2ddl.SchemaUpdate.execute HHH000388: Unsuccessful: alter table tempoengine.LINKFLOWACTION add index FK_iskk5ytoxs8oxdt6y8v9wmvkv (TOFLOWACTIONID, TOWORKFLOWID), add constraint FK_iskk5ytoxs8oxdt6y8v9wmvkv foreign key (TOFLOWACTIONID, TOWORKFLOWID) references tempoengine.FLOWACTION (FLOWACTIONID, WORKFLOWID)
28-Sep-2015 09:42:59.208 ERROR [http-apr-8080-exec-2] org.hibernate.tool.hbm2ddl.SchemaUpdate.execute Duplicate key name 'FK_iskk5ytoxs8oxdt6y8v9wmvkv'
28-Sep-2015 09:42:59.210 ERROR [http-apr-8080-exec-2] org.hibernate.tool.hbm2ddl.SchemaUpdate.execute HHH000388: Unsuccessful: alter table tempoengine.LINKFLOWACTION add index FK_lns0kgk0ae43ktw4ni4xbmgj5 (WORKFLOWID), add constraint FK_lns0kgk0ae43ktw4ni4xbmgj5 foreign key (WORKFLOWID) references tempoengine.WORKFLOW (WORKFLOWID)
28-Sep-2015 09:42:59.212 ERROR [http-apr-8080-exec-2] null.null Duplicate key name 'FK_lns0kgk0ae43ktw4ni4xbmgj5'
28-Sep-2015 09:42:59.213 ERROR [http-apr-8080-exec-2] null.null HHH000388: Unsuccessful: alter table tempoengine.LOG add index FK_e86uppndut5n78invt3b4x5od (VERSIONID), add constraint FK_e86uppndut5n78invt3b4x5od foreign key (VERSIONID) references tempoengine.VERSION (VERSIONID)
28-Sep-2015 09:42:59.214 ERROR [http-apr-8080-exec-2] org.hibernate.tool.hbm2ddl.SchemaUpdate.execute Duplicate key name 'FK_e86uppndut5n78invt3b4x5od'
28-Sep-2015 09:42:59.216 ERROR [http-apr-8080-exec-2] null.null HHH000388: Unsuccessful: alter table tempoengine.MACHINE add index FK_s1pu3fi3yjdf1vkoa2prnkug1 (PROJECTID), add constraint FK_s1pu3fi3yjdf1vkoa2prnkug1 foreign key (PROJECTID) references tempoengine.PROJECT (PROJECTID)
28-Sep-2015 09:42:59.217 ERROR [http-apr-8080-exec-2] null.null Duplicate key name 'FK_s1pu3fi3yjdf1vkoa2prnkug1'
28-Sep-2015 09:42:59.218 ERROR [http-apr-8080-exec-2] null.null HHH000388: Unsuccessful: alter table tempoengine.MACHINEGROUP add index FK_hys68ohft4gonbrbpollf1p1l (ENVIRONMENTID), add constraint FK_hys68ohft4gonbrbpollf1p1l foreign key (ENVIRONMENTID) references tempoengine.ENVIRONMENT (ENVIRONMENTID)
28-Sep-2015 09:42:59.219 ERROR [http-apr-8080-exec-2] null.null Duplicate key name 'FK_hys68ohft4gonbrbpollf1p1l'
28-Sep-2015 09:42:59.220 ERROR [http-apr-8080-exec-2] org.hibernate.tool.hbm2ddl.SchemaUpdate.execute HHH000388: Unsuccessful: alter table tempoengine.MACHINEGROUPPARAM add index FK_pbv5e4gk0d69tj1thtbtkj66n (MACHINEGROUPID), add constraint FK_pbv5e4gk0d69tj1thtbtkj66n foreign key (MACHINEGROUPID) references tempoengine.MACHINEGROUP (MACHINEGROUPID)
28-Sep-2015 09:42:59.221 ERROR [http-apr-8080-exec-2] org.hibernate.tool.hbm2ddl.SchemaUpdate.execute Duplicate key name 'FK_pbv5e4gk0d69tj1thtbtkj66n'
28-Sep-2015 09:42:59.223 ERROR [http-apr-8080-exec-2] org.hibernate.tool.hbm2ddl.SchemaUpdate.execute HHH000388: Unsuccessful: alter table tempoengine.MACHINEGROUP_COMPONENT add index FK_hq5ca7komumm60720dskj03xs (MACHINEGROUPID), add constraint FK_hq5ca7komumm60720dskj03xs foreign key (MACHINEGROUPID) references tempoengine.MACHINEGROUP (MACHINEGROUPID)
28-Sep-2015 09:42:59.227 ERROR [http-apr-8080-exec-2] null.null Duplicate key name 'FK_hq5ca7komumm60720dskj03xs'
28-Sep-2015 09:42:59.230 ERROR [http-apr-8080-exec-2] org.hibernate.tool.hbm2ddl.SchemaUpdate.execute HHH000388: Unsuccessful: alter table tempoengine.MACHINEGROUP_COMPONENT add index FK_e6tgelv9u4vli7l4u4nw7tp7y (COMPONENTID), add constraint FK_e6tgelv9u4vli7l4u4nw7tp7y foreign key (COMPONENTID) references tempoengine.COMPONENT (COMPONENTID)
28-Sep-2015 09:42:59.231 ERROR [http-apr-8080-exec-2] org.hibernate.tool.hbm2ddl.SchemaUpdate.execute Duplicate key name 'FK_e6tgelv9u4vli7l4u4nw7tp7y'
28-Sep-2015 09:42:59.234 ERROR [http-apr-8080-exec-2] org.hibernate.tool.hbm2ddl.SchemaUpdate.execute HHH000388: Unsuccessful: alter table tempoengine.MACHINEGROUP_TOOL add index FK_pvv1xky0ytx21x7t6htw7069m (TOOLID), add constraint FK_pvv1xky0ytx21x7t6htw7069m foreign key (TOOLID) references tempoengine.TOOL (TOOLID)
28-Sep-2015 09:42:59.235 ERROR [http-apr-8080-exec-2] org.hibernate.tool.hbm2ddl.SchemaUpdate.execute Duplicate key name 'FK_pvv1xky0ytx21x7t6htw7069m'
28-Sep-2015 09:42:59.236 ERROR [http-apr-8080-exec-2] org.hibernate.tool.hbm2ddl.SchemaUpdate.execute HHH000388: Unsuccessful: alter table tempoengine.MACHINEGROUP_TOOL add index FK_2mugkw8u219mbooah206srut4 (MACHINEGROUPID), add constraint FK_2mugkw8u219mbooah206srut4 foreign key (MACHINEGROUPID) references tempoengine.MACHINEGROUP (MACHINEGROUPID)
28-Sep-2015 09:42:59.237 ERROR [http-apr-8080-exec-2] null.null Duplicate key name 'FK_2mugkw8u219mbooah206srut4'
28-Sep-2015 09:42:59.238 ERROR [http-apr-8080-exec-2] null.null HHH000388: Unsuccessful: alter table tempoengine.MACHINEPARAM add index FK_98ue7o8cufld6k4diuk9lqmvb (PROJECTID), add constraint FK_98ue7o8cufld6k4diuk9lqmvb foreign key (PROJECTID) references tempoengine.PROJECT (PROJECTID)
28-Sep-2015 09:42:59.239 ERROR [http-apr-8080-exec-2] null.null Duplicate key name 'FK_98ue7o8cufld6k4diuk9lqmvb'
28-Sep-2015 09:42:59.241 ERROR [http-apr-8080-exec-2] org.hibernate.tool.hbm2ddl.SchemaUpdate.execute HHH000388: Unsuccessful: alter table tempoengine.MACHINEPARAMVALUE add index FK_r7v8egsdci6qb9vddtikkrdhu (MACHINEID), add constraint FK_r7v8egsdci6qb9vddtikkrdhu foreign key (MACHINEID) references tempoengine.MACHINE (MACHINEID)
28-Sep-2015 09:42:59.242 ERROR [http-apr-8080-exec-2] org.hibernate.tool.hbm2ddl.SchemaUpdate.execute Duplicate key name 'FK_r7v8egsdci6qb9vddtikkrdhu'
28-Sep-2015 09:42:59.244 ERROR [http-apr-8080-exec-2] org.hibernate.tool.hbm2ddl.SchemaUpdate.execute HHH000388: Unsuccessful: alter table tempoengine.MACHINEPARAMVALUE add index FK_cieransin6vuy14cu7fpetanq (MACHINEPARAMID), add constraint FK_cieransin6vuy14cu7fpetanq foreign key (MACHINEPARAMID) references tempoengine.MACHINEPARAM (MACHINEPARAMID)
28-Sep-2015 09:42:59.245 ERROR [http-apr-8080-exec-2] org.hibernate.tool.hbm2ddl.SchemaUpdate.execute Duplicate key name 'FK_cieransin6vuy14cu7fpetanq'
28-Sep-2015 09:42:59.247 ERROR [http-apr-8080-exec-2] org.hibernate.tool.hbm2ddl.SchemaUpdate.execute HHH000388: Unsuccessful: alter table tempoengine.MACHINEPARAMVALUE add index FK_6vrlqd2v9219bmpn3kp6x3c8p (MACHINEPARAMSETID), add constraint FK_6vrlqd2v9219bmpn3kp6x3c8p foreign key (MACHINEPARAMSETID) references tempoengine.MACHINEPARAM (MACHINEPARAMID)
28-Sep-2015 09:42:59.248 ERROR [http-apr-8080-exec-2] org.hibernate.tool.hbm2ddl.SchemaUpdate.execute Duplicate key name 'FK_6vrlqd2v9219bmpn3kp6x3c8p'
28-Sep-2015 09:42:59.249 ERROR [http-apr-8080-exec-2] org.hibernate.tool.hbm2ddl.SchemaUpdate.execute HHH000388: Unsuccessful: alter table tempoengine.MACHINE_MACHINEGROUP add index FK_2qqwxwdy8venjw9c0fwubdity (MACHINEGROUPID), add constraint FK_2qqwxwdy8venjw9c0fwubdity foreign key (MACHINEGROUPID) references tempoengine.MACHINEGROUP (MACHINEGROUPID)
28-Sep-2015 09:42:59.250 ERROR [http-apr-8080-exec-2] org.hibernate.tool.hbm2ddl.SchemaUpdate.execute Duplicate key name 'FK_2qqwxwdy8venjw9c0fwubdity'
28-Sep-2015 09:42:59.252 ERROR [http-apr-8080-exec-2] org.hibernate.tool.hbm2ddl.SchemaUpdate.execute HHH000388: Unsuccessful: alter table tempoengine.MACHINE_MACHINEGROUP add index FK_ke9rci1jr8d25onfa9w3w8rkk (MACHINEID), add constraint FK_ke9rci1jr8d25onfa9w3w8rkk foreign key (MACHINEID) references tempoengine.MACHINE (MACHINEID)
28-Sep-2015 09:42:59.253 ERROR [http-apr-8080-exec-2] org.hibernate.tool.hbm2ddl.SchemaUpdate.execute Duplicate key name 'FK_ke9rci1jr8d25onfa9w3w8rkk'
28-Sep-2015 09:42:59.254 ERROR [http-apr-8080-exec-2] org.hibernate.tool.hbm2ddl.SchemaUpdate.execute HHH000388: Unsuccessful: alter table tempoengine.NOTIFICATION add index FK_cpu2b7jbc8xh0b693b7l9gjc0 (PROJECTID), add constraint FK_cpu2b7jbc8xh0b693b7l9gjc0 foreign key (PROJECTID) references tempoengine.PROJECT (PROJECTID)
28-Sep-2015 09:42:59.255 ERROR [http-apr-8080-exec-2] org.hibernate.tool.hbm2ddl.SchemaUpdate.execute Duplicate key name 'FK_cpu2b7jbc8xh0b693b7l9gjc0'
28-Sep-2015 09:42:59.256 ERROR [http-apr-8080-exec-2] null.null HHH000388: Unsuccessful: alter table tempoengine.PROJECT add index FK_pdndp4iiroeo1pyxo3a1rp4e4 (LOCKBY), add constraint FK_pdndp4iiroeo1pyxo3a1rp4e4 foreign key (LOCKBY) references tempoengine.USER (USERNAME)
28-Sep-2015 09:42:59.257 ERROR [http-apr-8080-exec-2] org.hibernate.tool.hbm2ddl.SchemaUpdate.execute Duplicate key name 'FK_pdndp4iiroeo1pyxo3a1rp4e4'
28-Sep-2015 09:42:59.259 ERROR [http-apr-8080-exec-2] org.hibernate.tool.hbm2ddl.SchemaUpdate.execute HHH000388: Unsuccessful: alter table tempoengine.PROJECTPARAM add index FK_97gvu5lwrqinukhwu1kdfya6t (PROJECTID), add constraint FK_97gvu5lwrqinukhwu1kdfya6t foreign key (PROJECTID) references tempoengine.PROJECT (PROJECTID)
28-Sep-2015 09:42:59.260 ERROR [http-apr-8080-exec-2] org.hibernate.tool.hbm2ddl.SchemaUpdate.execute Duplicate key name 'FK_97gvu5lwrqinukhwu1kdfya6t'
28-Sep-2015 09:42:59.262 ERROR [http-apr-8080-exec-2] null.null HHH000388: Unsuccessful: alter table tempoengine.TOOL add index FK_bsexvxn4yuixbvne778xnqbe8 (LOCKBY), add constraint FK_bsexvxn4yuixbvne778xnqbe8 foreign key (LOCKBY) references tempoengine.USER (USERNAME)
28-Sep-2015 09:42:59.263 ERROR [http-apr-8080-exec-2] org.hibernate.tool.hbm2ddl.SchemaUpdate.execute Duplicate key name 'FK_bsexvxn4yuixbvne778xnqbe8'
28-Sep-2015 09:42:59.265 ERROR [http-apr-8080-exec-2] org.hibernate.tool.hbm2ddl.SchemaUpdate.execute HHH000388: Unsuccessful: alter table tempoengine.TOOL add index FK_hnqf92l9yskatn9ci073ewaix (PROJECTID), add constraint FK_hnqf92l9yskatn9ci073ewaix foreign key (PROJECTID) references tempoengine.PROJECT (PROJECTID)
28-Sep-2015 09:42:59.266 ERROR [http-apr-8080-exec-2] org.hibernate.tool.hbm2ddl.SchemaUpdate.execute Duplicate key name 'FK_hnqf92l9yskatn9ci073ewaix'
28-Sep-2015 09:42:59.268 ERROR [http-apr-8080-exec-2] null.null HHH000388: Unsuccessful: alter table tempoengine.TOOLPROPERTY add index FK_92ld2kwsdvgp4v94u4lu5x1h3 (TOOLID), add constraint FK_92ld2kwsdvgp4v94u4lu5x1h3 foreign key (TOOLID) references tempoengine.TOOL (TOOLID)
28-Sep-2015 09:42:59.269 ERROR [http-apr-8080-exec-2] org.hibernate.tool.hbm2ddl.SchemaUpdate.execute Duplicate key name 'FK_92ld2kwsdvgp4v94u4lu5x1h3'
28-Sep-2015 09:42:59.270 ERROR [http-apr-8080-exec-2] org.hibernate.tool.hbm2ddl.SchemaUpdate.execute HHH000388: Unsuccessful: alter table tempoengine.USERPERMISSION add index FK_duqvnlburvjok2pn8gq9fye6c (USERNAME), add constraint FK_duqvnlburvjok2pn8gq9fye6c foreign key (USERNAME) references tempoengine.USER (USERNAME)
28-Sep-2015 09:42:59.271 ERROR [http-apr-8080-exec-2] org.hibernate.tool.hbm2ddl.SchemaUpdate.execute Duplicate key name 'FK_duqvnlburvjok2pn8gq9fye6c'
28-Sep-2015 09:42:59.272 ERROR [http-apr-8080-exec-2] org.hibernate.tool.hbm2ddl.SchemaUpdate.execute HHH000388: Unsuccessful: alter table tempoengine.USERPERMISSION add index FK_142txvul1r0hn8gpn9h6e1p4x (PROJECTID), add constraint FK_142txvul1r0hn8gpn9h6e1p4x foreign key (PROJECTID) references tempoengine.PROJECT (PROJECTID)
28-Sep-2015 09:42:59.273 ERROR [http-apr-8080-exec-2] org.hibernate.tool.hbm2ddl.SchemaUpdate.execute Duplicate key name 'FK_142txvul1r0hn8gpn9h6e1p4x'
28-Sep-2015 09:42:59.274 ERROR [http-apr-8080-exec-2] org.hibernate.tool.hbm2ddl.SchemaUpdate.execute HHH000388: Unsuccessful: alter table tempoengine.VERSION add index FK_keu3vvfn86bqiwpsr9xdx3cge (COMPONENTID), add constraint FK_keu3vvfn86bqiwpsr9xdx3cge foreign key (COMPONENTID) references tempoengine.COMPONENT (COMPONENTID)
28-Sep-2015 09:42:59.276 ERROR [http-apr-8080-exec-2] org.hibernate.tool.hbm2ddl.SchemaUpdate.execute Duplicate key name 'FK_keu3vvfn86bqiwpsr9xdx3cge'
28-Sep-2015 09:42:59.278 ERROR [http-apr-8080-exec-2] org.hibernate.tool.hbm2ddl.SchemaUpdate.execute HHH000388: Unsuccessful: alter table tempoengine.VERSIONPARAM add index FK_nblxhjs1682s7rygfau1tc12t (COMPONENTID), add constraint FK_nblxhjs1682s7rygfau1tc12t foreign key (COMPONENTID) references tempoengine.COMPONENT (COMPONENTID)
28-Sep-2015 09:42:59.279 ERROR [http-apr-8080-exec-2] org.hibernate.tool.hbm2ddl.SchemaUpdate.execute Duplicate key name 'FK_nblxhjs1682s7rygfau1tc12t'
28-Sep-2015 09:42:59.281 ERROR [http-apr-8080-exec-2] org.hibernate.tool.hbm2ddl.SchemaUpdate.execute HHH000388: Unsuccessful: alter table tempoengine.VERSIONPARAMVALUE add index FK_368ik3ubh8ilglx2dy16fjmqj (VERSIONID), add constraint FK_368ik3ubh8ilglx2dy16fjmqj foreign key (VERSIONID) references tempoengine.VERSION (VERSIONID)
28-Sep-2015 09:42:59.283 ERROR [http-apr-8080-exec-2] org.hibernate.tool.hbm2ddl.SchemaUpdate.execute Duplicate key name 'FK_368ik3ubh8ilglx2dy16fjmqj'
28-Sep-2015 09:42:59.284 ERROR [http-apr-8080-exec-2] org.hibernate.tool.hbm2ddl.SchemaUpdate.execute HHH000388: Unsuccessful: alter table tempoengine.VERSIONPARAMVALUE add index FK_83a8d99nyf4hr8peuwpxag3f2 (VERSIONPARAMID), add constraint FK_83a8d99nyf4hr8peuwpxag3f2 foreign key (VERSIONPARAMID) references tempoengine.VERSIONPARAM (VERSIONPARAMID)
28-Sep-2015 09:42:59.285 ERROR [http-apr-8080-exec-2] org.hibernate.tool.hbm2ddl.SchemaUpdate.execute Duplicate key name 'FK_83a8d99nyf4hr8peuwpxag3f2'
28-Sep-2015 09:42:59.287 ERROR [http-apr-8080-exec-2] org.hibernate.tool.hbm2ddl.SchemaUpdate.execute HHH000388: Unsuccessful: alter table tempoengine.VERSIONPARAMVALUE add index FK_63swdahfwlsmxjhw2ugb7csxe (VERSIONPARAMIDSET), add constraint FK_63swdahfwlsmxjhw2ugb7csxe foreign key (VERSIONPARAMIDSET) references tempoengine.VERSIONPARAM (VERSIONPARAMID)
28-Sep-2015 09:42:59.290 ERROR [http-apr-8080-exec-2] org.hibernate.tool.hbm2ddl.SchemaUpdate.execute Duplicate key name 'FK_63swdahfwlsmxjhw2ugb7csxe'
28-Sep-2015 09:42:59.292 ERROR [http-apr-8080-exec-2] org.hibernate.tool.hbm2ddl.SchemaUpdate.execute HHH000388: Unsuccessful: alter table tempoengine.WORKFLOW add index FK_9isliua64mgclu99ognymdvi6 (LOCKBY), add constraint FK_9isliua64mgclu99ognymdvi6 foreign key (LOCKBY) references tempoengine.USER (USERNAME)
28-Sep-2015 09:42:59.294 ERROR [http-apr-8080-exec-2] org.hibernate.tool.hbm2ddl.SchemaUpdate.execute Duplicate key name 'FK_9isliua64mgclu99ognymdvi6'
28-Sep-2015 09:42:59.296 ERROR [http-apr-8080-exec-2] org.hibernate.tool.hbm2ddl.SchemaUpdate.execute HHH000388: Unsuccessful: alter table tempoengine.WORKFLOW add index FK_5a0wdmfexocjl97c7u45m1uru (COMPONENTID), add constraint FK_5a0wdmfexocjl97c7u45m1uru foreign key (COMPONENTID) references tempoengine.COMPONENT (COMPONENTID)
28-Sep-2015 09:42:59.298 ERROR [http-apr-8080-exec-2] org.hibernate.tool.hbm2ddl.SchemaUpdate.execute Duplicate key name 'FK_5a0wdmfexocjl97c7u45m1uru'
28-Sep-2015 09:42:59.299 ERROR [http-apr-8080-exec-2] org.hibernate.tool.hbm2ddl.SchemaUpdate.execute HHH000388: Unsuccessful: alter table tempoengine.WORKFLOW add index FK_hg4vcleuhq3xgppjio827f6c0 (PROJECTID), add constraint FK_hg4vcleuhq3xgppjio827f6c0 foreign key (PROJECTID) references tempoengine.PROJECT (PROJECTID)
28-Sep-2015 09:42:59.300 ERROR [http-apr-8080-exec-2] org.hibernate.tool.hbm2ddl.SchemaUpdate.execute Duplicate key name 'FK_hg4vcleuhq3xgppjio827f6c0'
28-Sep-2015 09:42:59.302 ERROR [http-apr-8080-exec-2] org.hibernate.tool.hbm2ddl.SchemaUpdate.execute HHH000388: Unsuccessful: alter table tempoengine.WORKFLOWPARAM add index FK_8dw1nahlmpem6xxq0cvas211o (WORKFLOWID), add constraint FK_8dw1nahlmpem6xxq0cvas211o foreign key (WORKFLOWID) references tempoengine.WORKFLOW (WORKFLOWID)
28-Sep-2015 09:42:59.303 ERROR [http-apr-8080-exec-2] org.hibernate.tool.hbm2ddl.SchemaUpdate.execute Duplicate key name 'FK_8dw1nahlmpem6xxq0cvas211o'
28-Sep-2015 09:42:59.303 INFO [http-apr-8080-exec-2] org.hibernate.tool.hbm2ddl.SchemaUpdate.execute HHH000232: Schema update complete
