23-Dec-2015 09:20:34.398 INFO [localhost-startStop-1] org.apache.catalina.core.ApplicationContext.log ContextListener: contextInitialized()
23-Dec-2015 09:20:34.398 INFO [localhost-startStop-1] org.apache.catalina.core.ApplicationContext.log SessionListener: contextInitialized()
23-Dec-2015 09:22:21.406 INFO [localhost-startStop-2] org.apache.catalina.core.ApplicationContext.log SessionListener: contextDestroyed()
23-Dec-2015 09:22:21.406 INFO [localhost-startStop-2] org.apache.catalina.core.ApplicationContext.log ContextListener: contextDestroyed()
23-Dec-2015 09:23:20.628 INFO [localhost-startStop-1] org.apache.catalina.core.ApplicationContext.log ContextListener: contextInitialized()
23-Dec-2015 09:23:20.628 INFO [localhost-startStop-1] org.apache.catalina.core.ApplicationContext.log SessionListener: contextInitialized()
23-Dec-2015 09:23:21.610 SEVERE [localhost-startStop-1] org.apache.catalina.core.ApplicationContext.log StandardWrapper.Throwable
 java.lang.UnsupportedClassVersionError: com/virtusa/tempo/toolbox/resource/Resource : Unsupported major.minor version 52.0 (unable to load class com.virtusa.tempo.toolbox.resource.Resource)
	at org.apache.catalina.loader.WebappClassLoader.findClassInternal(WebappClassLoader.java:2405)
	at org.apache.catalina.loader.WebappClassLoader.findClass(WebappClassLoader.java:871)
	at org.apache.catalina.loader.WebappClassLoader.loadClass(WebappClassLoader.java:1254)
	at org.apache.catalina.loader.WebappClassLoader.loadClass(WebappClassLoader.java:1132)
	at java.lang.Class.forName0(Native Method)
	at java.lang.Class.forName(Class.java:274)
	at com.sun.jersey.core.reflection.ReflectionHelper.classForNameWithException(ReflectionHelper.java:236)
	at com.sun.jersey.spi.scanning.AnnotationScannerListener$AnnotatedClassVisitor.getClassForName(AnnotationScannerListener.java:214)
	at com.sun.jersey.spi.scanning.AnnotationScannerListener$AnnotatedClassVisitor.visitEnd(AnnotationScannerListener.java:183)
	at org.objectweb.asm.ClassReader.accept(Unknown Source)
	at org.objectweb.asm.ClassReader.accept(Unknown Source)
	at com.sun.jersey.spi.scanning.AnnotationScannerListener.onProcess(AnnotationScannerListener.java:133)
	at com.sun.jersey.core.spi.scanning.uri.FileSchemeScanner$1.f(FileSchemeScanner.java:86)
	at com.sun.jersey.core.util.Closing.f(Closing.java:71)
	at com.sun.jersey.core.spi.scanning.uri.FileSchemeScanner.scanDirectory(FileSchemeScanner.java:83)
	at com.sun.jersey.core.spi.scanning.uri.FileSchemeScanner.scanDirectory(FileSchemeScanner.java:80)
	at com.sun.jersey.core.spi.scanning.uri.FileSchemeScanner.scanDirectory(FileSchemeScanner.java:80)
	at com.sun.jersey.core.spi.scanning.uri.FileSchemeScanner.scan(FileSchemeScanner.java:71)
	at com.sun.jersey.core.spi.scanning.PackageNamesScanner.scan(PackageNamesScanner.java:223)
	at com.sun.jersey.core.spi.scanning.PackageNamesScanner.scan(PackageNamesScanner.java:139)
	at com.sun.jersey.api.core.ScanningResourceConfig.init(ScanningResourceConfig.java:80)
	at com.sun.jersey.api.core.PackagesResourceConfig.init(PackagesResourceConfig.java:104)
	at com.sun.jersey.api.core.PackagesResourceConfig.<init>(PackagesResourceConfig.java:78)
	at com.sun.jersey.api.core.PackagesResourceConfig.<init>(PackagesResourceConfig.java:89)
	at com.sun.jersey.spi.container.servlet.WebComponent.createResourceConfig(WebComponent.java:700)
	at com.sun.jersey.spi.container.servlet.WebComponent.createResourceConfig(WebComponent.java:678)
	at com.sun.jersey.spi.container.servlet.WebComponent.init(WebComponent.java:203)
	at com.sun.jersey.spi.container.servlet.ServletContainer.init(ServletContainer.java:373)
	at com.sun.jersey.spi.container.servlet.ServletContainer.init(ServletContainer.java:556)
	at javax.servlet.GenericServlet.init(GenericServlet.java:158)
	at org.apache.catalina.core.StandardWrapper.initServlet(StandardWrapper.java:1236)
	at org.apache.catalina.core.StandardWrapper.loadServlet(StandardWrapper.java:1149)
	at org.apache.catalina.core.StandardWrapper.load(StandardWrapper.java:1041)
	at org.apache.catalina.core.StandardContext.loadOnStartup(StandardContext.java:4910)
	at org.apache.catalina.core.StandardContext.startInternal(StandardContext.java:5192)
	at org.apache.catalina.util.LifecycleBase.start(LifecycleBase.java:150)
	at org.apache.catalina.core.ContainerBase.addChildInternal(ContainerBase.java:726)
	at org.apache.catalina.core.ContainerBase.addChild(ContainerBase.java:702)
	at org.apache.catalina.core.StandardHost.addChild(StandardHost.java:697)
	at org.apache.catalina.startup.HostConfig.deployDirectory(HostConfig.java:1134)
	at org.apache.catalina.startup.HostConfig$DeployDirectory.run(HostConfig.java:1780)
	at java.util.concurrent.Executors$RunnableAdapter.call(Executors.java:471)
	at java.util.concurrent.FutureTask.run(FutureTask.java:262)
	at java.util.concurrent.ThreadPoolExecutor.runWorker(ThreadPoolExecutor.java:1145)
	at java.util.concurrent.ThreadPoolExecutor$Worker.run(ThreadPoolExecutor.java:615)
	at java.lang.Thread.run(Thread.java:745)

23-Dec-2015 09:23:21.611 SEVERE [localhost-startStop-1] org.apache.catalina.core.StandardContext.loadOnStartup Servlet /TempoEngine threw load() exception
 java.lang.UnsupportedClassVersionError: com/virtusa/tempo/toolbox/resource/Resource : Unsupported major.minor version 52.0 (unable to load class com.virtusa.tempo.toolbox.resource.Resource)
	at org.apache.catalina.loader.WebappClassLoader.findClassInternal(WebappClassLoader.java:2405)
	at org.apache.catalina.loader.WebappClassLoader.findClass(WebappClassLoader.java:871)
	at org.apache.catalina.loader.WebappClassLoader.loadClass(WebappClassLoader.java:1254)
	at org.apache.catalina.loader.WebappClassLoader.loadClass(WebappClassLoader.java:1132)
	at java.lang.Class.forName0(Native Method)
	at java.lang.Class.forName(Class.java:274)
	at com.sun.jersey.core.reflection.ReflectionHelper.classForNameWithException(ReflectionHelper.java:236)
	at com.sun.jersey.spi.scanning.AnnotationScannerListener$AnnotatedClassVisitor.getClassForName(AnnotationScannerListener.java:214)
	at com.sun.jersey.spi.scanning.AnnotationScannerListener$AnnotatedClassVisitor.visitEnd(AnnotationScannerListener.java:183)
	at org.objectweb.asm.ClassReader.accept(Unknown Source)
	at org.objectweb.asm.ClassReader.accept(Unknown Source)
	at com.sun.jersey.spi.scanning.AnnotationScannerListener.onProcess(AnnotationScannerListener.java:133)
	at com.sun.jersey.core.spi.scanning.uri.FileSchemeScanner$1.f(FileSchemeScanner.java:86)
	at com.sun.jersey.core.util.Closing.f(Closing.java:71)
	at com.sun.jersey.core.spi.scanning.uri.FileSchemeScanner.scanDirectory(FileSchemeScanner.java:83)
	at com.sun.jersey.core.spi.scanning.uri.FileSchemeScanner.scanDirectory(FileSchemeScanner.java:80)
	at com.sun.jersey.core.spi.scanning.uri.FileSchemeScanner.scanDirectory(FileSchemeScanner.java:80)
	at com.sun.jersey.core.spi.scanning.uri.FileSchemeScanner.scan(FileSchemeScanner.java:71)
	at com.sun.jersey.core.spi.scanning.PackageNamesScanner.scan(PackageNamesScanner.java:223)
	at com.sun.jersey.core.spi.scanning.PackageNamesScanner.scan(PackageNamesScanner.java:139)
	at com.sun.jersey.api.core.ScanningResourceConfig.init(ScanningResourceConfig.java:80)
	at com.sun.jersey.api.core.PackagesResourceConfig.init(PackagesResourceConfig.java:104)
	at com.sun.jersey.api.core.PackagesResourceConfig.<init>(PackagesResourceConfig.java:78)
	at com.sun.jersey.api.core.PackagesResourceConfig.<init>(PackagesResourceConfig.java:89)
	at com.sun.jersey.spi.container.servlet.WebComponent.createResourceConfig(WebComponent.java:700)
	at com.sun.jersey.spi.container.servlet.WebComponent.createResourceConfig(WebComponent.java:678)
	at com.sun.jersey.spi.container.servlet.WebComponent.init(WebComponent.java:203)
	at com.sun.jersey.spi.container.servlet.ServletContainer.init(ServletContainer.java:373)
	at com.sun.jersey.spi.container.servlet.ServletContainer.init(ServletContainer.java:556)
	at javax.servlet.GenericServlet.init(GenericServlet.java:158)
	at org.apache.catalina.core.StandardWrapper.initServlet(StandardWrapper.java:1236)
	at org.apache.catalina.core.StandardWrapper.loadServlet(StandardWrapper.java:1149)
	at org.apache.catalina.core.StandardWrapper.load(StandardWrapper.java:1041)
	at org.apache.catalina.core.StandardContext.loadOnStartup(StandardContext.java:4910)
	at org.apache.catalina.core.StandardContext.startInternal(StandardContext.java:5192)
	at org.apache.catalina.util.LifecycleBase.start(LifecycleBase.java:150)
	at org.apache.catalina.core.ContainerBase.addChildInternal(ContainerBase.java:726)
	at org.apache.catalina.core.ContainerBase.addChild(ContainerBase.java:702)
	at org.apache.catalina.core.StandardHost.addChild(StandardHost.java:697)
	at org.apache.catalina.startup.HostConfig.deployDirectory(HostConfig.java:1134)
	at org.apache.catalina.startup.HostConfig$DeployDirectory.run(HostConfig.java:1780)
	at java.util.concurrent.Executors$RunnableAdapter.call(Executors.java:471)
	at java.util.concurrent.FutureTask.run(FutureTask.java:262)
	at java.util.concurrent.ThreadPoolExecutor.runWorker(ThreadPoolExecutor.java:1145)
	at java.util.concurrent.ThreadPoolExecutor$Worker.run(ThreadPoolExecutor.java:615)
	at java.lang.Thread.run(Thread.java:745)

23-Dec-2015 09:23:48.104 INFO [localhost-startStop-2] org.apache.catalina.core.ApplicationContext.log SessionListener: contextDestroyed()
23-Dec-2015 09:23:48.104 INFO [localhost-startStop-2] org.apache.catalina.core.ApplicationContext.log ContextListener: contextDestroyed()
23-Dec-2015 09:33:26.829 INFO [localhost-startStop-1] org.apache.catalina.core.ApplicationContext.log ContextListener: contextInitialized()
23-Dec-2015 09:33:26.829 INFO [localhost-startStop-1] org.apache.catalina.core.ApplicationContext.log SessionListener: contextInitialized()
23-Dec-2015 09:36:54.773 INFO [localhost-startStop-1] org.apache.catalina.core.ApplicationContext.log ContextListener: contextInitialized()
23-Dec-2015 09:36:54.773 INFO [localhost-startStop-1] org.apache.catalina.core.ApplicationContext.log SessionListener: contextInitialized()
23-Dec-2015 09:36:57.015 INFO [localhost-startStop-1] org.apache.catalina.core.ApplicationContext.log SessionListener: contextDestroyed()
23-Dec-2015 09:36:57.015 INFO [localhost-startStop-1] org.apache.catalina.core.ApplicationContext.log ContextListener: contextDestroyed()
23-Dec-2015 09:38:20.940 INFO [localhost-startStop-1] org.apache.catalina.core.ApplicationContext.log ContextListener: contextInitialized()
23-Dec-2015 09:38:20.940 INFO [localhost-startStop-1] org.apache.catalina.core.ApplicationContext.log SessionListener: contextInitialized()
23-Dec-2015 09:38:22.223 INFO [localhost-startStop-1] org.apache.catalina.core.ApplicationContext.log SessionListener: contextDestroyed()
23-Dec-2015 09:38:22.223 INFO [localhost-startStop-1] org.apache.catalina.core.ApplicationContext.log ContextListener: contextDestroyed()
23-Dec-2015 09:39:32.235 INFO [localhost-startStop-1] org.apache.catalina.core.ApplicationContext.log ContextListener: contextInitialized()
23-Dec-2015 09:39:32.235 INFO [localhost-startStop-1] org.apache.catalina.core.ApplicationContext.log SessionListener: contextInitialized()
23-Dec-2015 09:39:33.719 INFO [localhost-startStop-1] org.apache.catalina.core.ApplicationContext.log ContextListener: contextInitialized()
23-Dec-2015 09:39:33.719 INFO [localhost-startStop-1] org.apache.catalina.core.ApplicationContext.log SessionListener: contextInitialized()
23-Dec-2015 09:39:34.627 INFO [localhost-startStop-1] org.apache.catalina.core.ApplicationContext.log SessionListener: contextDestroyed()
23-Dec-2015 09:39:34.628 INFO [localhost-startStop-1] org.apache.catalina.core.ApplicationContext.log ContextListener: contextDestroyed()
23-Dec-2015 09:39:35.655 INFO [localhost-startStop-1] org.apache.catalina.core.ApplicationContext.log SessionListener: contextDestroyed()
23-Dec-2015 09:39:35.655 INFO [localhost-startStop-1] org.apache.catalina.core.ApplicationContext.log ContextListener: contextDestroyed()
23-Dec-2015 09:40:01.943 INFO [localhost-startStop-1] org.apache.catalina.core.ApplicationContext.log ContextListener: contextInitialized()
23-Dec-2015 09:40:01.943 INFO [localhost-startStop-1] org.apache.catalina.core.ApplicationContext.log SessionListener: contextInitialized()
23-Dec-2015 09:40:03.244 INFO [localhost-startStop-1] org.apache.catalina.core.ApplicationContext.log SessionListener: contextDestroyed()
23-Dec-2015 09:40:03.244 INFO [localhost-startStop-1] org.apache.catalina.core.ApplicationContext.log ContextListener: contextDestroyed()
23-Dec-2015 09:52:57.547 INFO [localhost-startStop-1] org.apache.catalina.core.ApplicationContext.log ContextListener: contextInitialized()
23-Dec-2015 09:52:57.547 INFO [localhost-startStop-1] org.apache.catalina.core.ApplicationContext.log SessionListener: contextInitialized()
23-Dec-2015 09:52:58.872 INFO [localhost-startStop-1] org.apache.catalina.core.ApplicationContext.log SessionListener: contextDestroyed()
23-Dec-2015 09:52:58.872 INFO [localhost-startStop-1] org.apache.catalina.core.ApplicationContext.log ContextListener: contextDestroyed()
23-Dec-2015 10:12:51.586 INFO [localhost-startStop-2] org.apache.catalina.core.ApplicationContext.log SessionListener: contextDestroyed()
23-Dec-2015 10:12:51.587 INFO [localhost-startStop-2] org.apache.catalina.core.ApplicationContext.log ContextListener: contextDestroyed()
