05-Oct-2015 09:58:31.346 INFO [main] org.apache.catalina.core.AprLifecycleListener.init Loaded APR based Apache Tomcat Native library 1.1.29 using APR version 1.4.8.
05-Oct-2015 09:58:31.361 INFO [main] org.apache.catalina.core.AprLifecycleListener.init APR capabilities: IPv6 [true], sendfile [true], accept filters [false], random [true].
05-Oct-2015 09:58:32.594 INFO [main] org.apache.catalina.core.AprLifecycleListener.initializeSSL OpenSSL successfully initialized (OpenSSL 1.0.1e 11 Feb 2013)
05-Oct-2015 09:58:32.859 INFO [main] org.apache.coyote.AbstractProtocol.init Initializing ProtocolHandler ["http-apr-8080"]
05-Oct-2015 09:58:32.875 INFO [main] org.apache.coyote.AbstractProtocol.init Initializing ProtocolHandler ["ajp-apr-8009"]
05-Oct-2015 09:58:32.890 INFO [main] org.apache.catalina.startup.Catalina.load Initialization processed in 2167 ms
05-Oct-2015 09:58:32.937 INFO [main] org.apache.catalina.core.StandardService.startInternal Starting service Catalina
05-Oct-2015 09:58:32.937 INFO [main] org.apache.catalina.core.StandardEngine.startInternal Starting Servlet Engine: Apache Tomcat/8.0.3
05-Oct-2015 09:58:32.968 INFO [localhost-startStop-1] org.apache.catalina.startup.HostConfig.deployDirectory Deploying web application directory C:\Software\6. apache-tomcat-8.0.3-windows-x64\apache-tomcat-8.0.3\webapps\docs
05-Oct-2015 09:58:33.655 INFO [localhost-startStop-1] org.apache.catalina.startup.HostConfig.deployDirectory Deploying web application directory C:\Software\6. apache-tomcat-8.0.3-windows-x64\apache-tomcat-8.0.3\webapps\examples
05-Oct-2015 09:58:35.022 INFO [localhost-startStop-1] org.apache.catalina.startup.HostConfig.deployDirectory Deploying web application directory C:\Software\6. apache-tomcat-8.0.3-windows-x64\apache-tomcat-8.0.3\webapps\host-manager
05-Oct-2015 09:58:35.084 INFO [localhost-startStop-1] org.apache.catalina.startup.HostConfig.deployDirectory Deploying web application directory C:\Software\6. apache-tomcat-8.0.3-windows-x64\apache-tomcat-8.0.3\webapps\manager
05-Oct-2015 09:58:35.147 INFO [localhost-startStop-1] org.apache.catalina.startup.HostConfig.deployDirectory Deploying web application directory C:\Software\6. apache-tomcat-8.0.3-windows-x64\apache-tomcat-8.0.3\webapps\ROOT
05-Oct-2015 09:58:35.209 INFO [localhost-startStop-1] org.apache.catalina.startup.HostConfig.deployDirectory Deploying web application directory C:\Software\6. apache-tomcat-8.0.3-windows-x64\apache-tomcat-8.0.3\webapps\TempoEngine
05-Oct-2015 09:58:38.735 INFO [localhost-startStop-1] com.sun.jersey.api.core.PackagesResourceConfig.init Scanning for root resource and provider classes in the packages:
  com.virtusa.tempo
05-Oct-2015 09:58:39.000 INFO [localhost-startStop-1] com.sun.jersey.api.core.ScanningResourceConfig.logClasses Root resource classes found:
  class com.virtusa.tempo.hibernate.resource.DBResource
  class com.virtusa.tempo.toolbox.resource.Resource
  class com.virtusa.tempo.hibernate.resource.MachineResource
  class com.virtusa.tempo.hibernate.resource.ComponentResource
  class com.virtusa.tempo.hibernate.resource.MachineParamResource
  class com.virtusa.tempo.hibernate.resource.ProjectsResource
  class com.virtusa.tempo.hibernate.resource.ActionExecuteLogResource
  class com.virtusa.tempo.hibernate.resource.FlowActionExecuteLogResource
  class com.virtusa.tempo.hibernate.resource.WorkFlowResource
  class com.virtusa.tempo.hibernate.resource.DeploymentLogResource
  class com.virtusa.tempo.hibernate.resource.UserResource
  class com.virtusa.tempo.hibernate.resource.MachineGroupResource
  class com.virtusa.tempo.hibernate.resource.ToolResource
  class com.virtusa.tempo.hibernate.resource.EnvParamResource
  class com.virtusa.tempo.hibernate.resource.VersionResourse
  class com.virtusa.tempo.hibernate.resource.EnvironmentResource
05-Oct-2015 09:58:39.000 INFO [localhost-startStop-1] com.sun.jersey.api.core.ScanningResourceConfig.init No provider classes found.
05-Oct-2015 09:58:39.312 INFO [localhost-startStop-1] com.sun.jersey.server.impl.application.WebApplicationImpl._initiate Initiating Jersey application, version 'Jersey: 1.8 06/24/2011 12:17 PM'
05-Oct-2015 09:58:42.229 INFO [main] org.apache.coyote.AbstractProtocol.start Starting ProtocolHandler ["http-apr-8080"]
05-Oct-2015 09:58:42.775 INFO [main] org.apache.coyote.AbstractProtocol.start Starting ProtocolHandler ["ajp-apr-8009"]
05-Oct-2015 09:58:42.775 INFO [main] org.apache.catalina.startup.Catalina.start Server startup in 9887 ms
05-Oct-2015 10:01:08.028 INFO [http-apr-8080-exec-7] <unknown>.<unknown> HCANN000001: Hibernate Commons Annotations {4.0.2.Final}
05-Oct-2015 10:01:08.090 INFO [http-apr-8080-exec-7] null.null HHH000412: Hibernate Core {4.2.7.SP1}
05-Oct-2015 10:01:08.105 INFO [http-apr-8080-exec-7] null.null HHH000206: hibernate.properties not found
05-Oct-2015 10:01:08.115 INFO [http-apr-8080-exec-7] org.hibernate.cfg.Environment.buildBytecodeProvider HHH000021: Bytecode provider name : javassist
05-Oct-2015 10:01:08.398 INFO [http-apr-8080-exec-7] null.null HHH000043: Configuring from resource: /hibernate.cfg.xml
05-Oct-2015 10:01:08.399 INFO [http-apr-8080-exec-7] org.hibernate.cfg.Configuration.getConfigurationInputStream HHH000040: Configuration resource: /hibernate.cfg.xml
05-Oct-2015 10:01:08.667 WARN [http-apr-8080-exec-7] org.hibernate.internal.util.xml.DTDEntityResolver.resolveEntity HHH000223: Recognized obsolete hibernate namespace http://hibernate.sourceforge.net/. Use namespace http://www.hibernate.org/dtd/ instead. Refer to Hibernate 3.6 Migration Guide!
05-Oct-2015 10:01:08.810 INFO [http-apr-8080-exec-7] org.hibernate.cfg.Configuration.addResource HHH000221: Reading mappings from resource: com/virtusa/tempo/hibernate/mapping/Project.hbm.xml
05-Oct-2015 10:01:09.340 WARN [http-apr-8080-exec-7] org.hibernate.internal.util.xml.DTDEntityResolver.resolveEntity HHH000223: Recognized obsolete hibernate namespace http://hibernate.sourceforge.net/. Use namespace http://www.hibernate.org/dtd/ instead. Refer to Hibernate 3.6 Migration Guide!
05-Oct-2015 10:01:09.485 INFO [http-apr-8080-exec-7] org.hibernate.cfg.Configuration.addResource HHH000221: Reading mappings from resource: com/virtusa/tempo/hibernate/mapping/Action.hbm.xml
05-Oct-2015 10:01:09.503 WARN [http-apr-8080-exec-7] org.hibernate.internal.util.xml.DTDEntityResolver.resolveEntity HHH000223: Recognized obsolete hibernate namespace http://hibernate.sourceforge.net/. Use namespace http://www.hibernate.org/dtd/ instead. Refer to Hibernate 3.6 Migration Guide!
05-Oct-2015 10:01:09.542 INFO [http-apr-8080-exec-7] org.hibernate.cfg.Configuration.addResource HHH000221: Reading mappings from resource: com/virtusa/tempo/hibernate/mapping/ActionProperty.hbm.xml
05-Oct-2015 10:01:09.571 WARN [http-apr-8080-exec-7] org.hibernate.internal.util.xml.DTDEntityResolver.resolveEntity HHH000223: Recognized obsolete hibernate namespace http://hibernate.sourceforge.net/. Use namespace http://www.hibernate.org/dtd/ instead. Refer to Hibernate 3.6 Migration Guide!
05-Oct-2015 10:01:09.605 INFO [http-apr-8080-exec-7] org.hibernate.cfg.Configuration.addResource HHH000221: Reading mappings from resource: com/virtusa/tempo/hibernate/mapping/Component.hbm.xml
05-Oct-2015 10:01:09.637 WARN [http-apr-8080-exec-7] org.hibernate.internal.util.xml.DTDEntityResolver.resolveEntity HHH000223: Recognized obsolete hibernate namespace http://hibernate.sourceforge.net/. Use namespace http://www.hibernate.org/dtd/ instead. Refer to Hibernate 3.6 Migration Guide!
05-Oct-2015 10:01:09.717 INFO [http-apr-8080-exec-7] org.hibernate.cfg.Configuration.addResource HHH000221: Reading mappings from resource: com/virtusa/tempo/hibernate/mapping/Environment.hbm.xml
05-Oct-2015 10:01:09.742 WARN [http-apr-8080-exec-7] org.hibernate.internal.util.xml.DTDEntityResolver.resolveEntity HHH000223: Recognized obsolete hibernate namespace http://hibernate.sourceforge.net/. Use namespace http://www.hibernate.org/dtd/ instead. Refer to Hibernate 3.6 Migration Guide!
05-Oct-2015 10:01:09.788 INFO [http-apr-8080-exec-7] org.hibernate.cfg.Configuration.addResource HHH000221: Reading mappings from resource: com/virtusa/tempo/hibernate/mapping/FlowAction.hbm.xml
05-Oct-2015 10:01:09.806 WARN [http-apr-8080-exec-7] null.null HHH000223: Recognized obsolete hibernate namespace http://hibernate.sourceforge.net/. Use namespace http://www.hibernate.org/dtd/ instead. Refer to Hibernate 3.6 Migration Guide!
05-Oct-2015 10:01:09.872 INFO [http-apr-8080-exec-7] org.hibernate.cfg.Configuration.addResource HHH000221: Reading mappings from resource: com/virtusa/tempo/hibernate/mapping/Log.hbm.xml
05-Oct-2015 10:01:09.910 WARN [http-apr-8080-exec-7] null.null HHH000223: Recognized obsolete hibernate namespace http://hibernate.sourceforge.net/. Use namespace http://www.hibernate.org/dtd/ instead. Refer to Hibernate 3.6 Migration Guide!
05-Oct-2015 10:01:09.921 INFO [http-apr-8080-exec-7] org.hibernate.cfg.Configuration.addResource HHH000221: Reading mappings from resource: com/virtusa/tempo/hibernate/mapping/Machine.hbm.xml
05-Oct-2015 10:01:09.937 WARN [http-apr-8080-exec-7] org.hibernate.internal.util.xml.DTDEntityResolver.resolveEntity HHH000223: Recognized obsolete hibernate namespace http://hibernate.sourceforge.net/. Use namespace http://www.hibernate.org/dtd/ instead. Refer to Hibernate 3.6 Migration Guide!
05-Oct-2015 10:01:09.947 INFO [http-apr-8080-exec-7] org.hibernate.cfg.Configuration.addResource HHH000221: Reading mappings from resource: com/virtusa/tempo/hibernate/mapping/MachineGroup.hbm.xml
05-Oct-2015 10:01:09.959 WARN [http-apr-8080-exec-7] org.hibernate.internal.util.xml.DTDEntityResolver.resolveEntity HHH000223: Recognized obsolete hibernate namespace http://hibernate.sourceforge.net/. Use namespace http://www.hibernate.org/dtd/ instead. Refer to Hibernate 3.6 Migration Guide!
05-Oct-2015 10:01:10.025 INFO [http-apr-8080-exec-7] <unknown>.<unknown> HHH000221: Reading mappings from resource: com/virtusa/tempo/hibernate/mapping/Notification.hbm.xml
05-Oct-2015 10:01:10.061 WARN [http-apr-8080-exec-7] org.hibernate.internal.util.xml.DTDEntityResolver.resolveEntity HHH000223: Recognized obsolete hibernate namespace http://hibernate.sourceforge.net/. Use namespace http://www.hibernate.org/dtd/ instead. Refer to Hibernate 3.6 Migration Guide!
05-Oct-2015 10:01:10.222 INFO [http-apr-8080-exec-7] org.hibernate.cfg.Configuration.addResource HHH000221: Reading mappings from resource: com/virtusa/tempo/hibernate/mapping/Tool.hbm.xml
05-Oct-2015 10:01:10.230 WARN [http-apr-8080-exec-7] org.hibernate.internal.util.xml.DTDEntityResolver.resolveEntity HHH000223: Recognized obsolete hibernate namespace http://hibernate.sourceforge.net/. Use namespace http://www.hibernate.org/dtd/ instead. Refer to Hibernate 3.6 Migration Guide!
05-Oct-2015 10:01:10.258 INFO [http-apr-8080-exec-7] org.hibernate.cfg.Configuration.addResource HHH000221: Reading mappings from resource: com/virtusa/tempo/hibernate/mapping/ToolProperty.hbm.xml
05-Oct-2015 10:01:10.270 WARN [http-apr-8080-exec-7] org.hibernate.internal.util.xml.DTDEntityResolver.resolveEntity HHH000223: Recognized obsolete hibernate namespace http://hibernate.sourceforge.net/. Use namespace http://www.hibernate.org/dtd/ instead. Refer to Hibernate 3.6 Migration Guide!
05-Oct-2015 10:01:10.280 INFO [http-apr-8080-exec-7] org.hibernate.cfg.Configuration.addResource HHH000221: Reading mappings from resource: com/virtusa/tempo/hibernate/mapping/User.hbm.xml
05-Oct-2015 10:01:10.289 WARN [http-apr-8080-exec-7] org.hibernate.internal.util.xml.DTDEntityResolver.resolveEntity HHH000223: Recognized obsolete hibernate namespace http://hibernate.sourceforge.net/. Use namespace http://www.hibernate.org/dtd/ instead. Refer to Hibernate 3.6 Migration Guide!
05-Oct-2015 10:01:10.306 INFO [http-apr-8080-exec-7] org.hibernate.cfg.Configuration.addResource HHH000221: Reading mappings from resource: com/virtusa/tempo/hibernate/mapping/Version.hbm.xml
05-Oct-2015 10:01:10.319 WARN [http-apr-8080-exec-7] org.hibernate.internal.util.xml.DTDEntityResolver.resolveEntity HHH000223: Recognized obsolete hibernate namespace http://hibernate.sourceforge.net/. Use namespace http://www.hibernate.org/dtd/ instead. Refer to Hibernate 3.6 Migration Guide!
05-Oct-2015 10:01:10.327 INFO [http-apr-8080-exec-7] org.hibernate.cfg.Configuration.addResource HHH000221: Reading mappings from resource: com/virtusa/tempo/hibernate/mapping/WorkFlow.hbm.xml
05-Oct-2015 10:01:10.347 WARN [http-apr-8080-exec-7] org.hibernate.internal.util.xml.DTDEntityResolver.resolveEntity HHH000223: Recognized obsolete hibernate namespace http://hibernate.sourceforge.net/. Use namespace http://www.hibernate.org/dtd/ instead. Refer to Hibernate 3.6 Migration Guide!
05-Oct-2015 10:01:10.356 INFO [http-apr-8080-exec-7] <unknown>.<unknown> HHH000221: Reading mappings from resource: com/virtusa/tempo/hibernate/mapping/CompParam.hbm.xml
05-Oct-2015 10:01:10.370 WARN [http-apr-8080-exec-7] org.hibernate.internal.util.xml.DTDEntityResolver.resolveEntity HHH000223: Recognized obsolete hibernate namespace http://hibernate.sourceforge.net/. Use namespace http://www.hibernate.org/dtd/ instead. Refer to Hibernate 3.6 Migration Guide!
05-Oct-2015 10:01:10.378 INFO [http-apr-8080-exec-7] org.hibernate.cfg.Configuration.addResource HHH000221: Reading mappings from resource: com/virtusa/tempo/hibernate/mapping/EnvParam.hbm.xml
05-Oct-2015 10:01:10.398 WARN [http-apr-8080-exec-7] org.hibernate.internal.util.xml.DTDEntityResolver.resolveEntity HHH000223: Recognized obsolete hibernate namespace http://hibernate.sourceforge.net/. Use namespace http://www.hibernate.org/dtd/ instead. Refer to Hibernate 3.6 Migration Guide!
05-Oct-2015 10:01:10.406 INFO [http-apr-8080-exec-7] org.hibernate.cfg.Configuration.addResource HHH000221: Reading mappings from resource: com/virtusa/tempo/hibernate/mapping/ProjectParam.hbm.xml
05-Oct-2015 10:01:10.415 WARN [http-apr-8080-exec-7] org.hibernate.internal.util.xml.DTDEntityResolver.resolveEntity HHH000223: Recognized obsolete hibernate namespace http://hibernate.sourceforge.net/. Use namespace http://www.hibernate.org/dtd/ instead. Refer to Hibernate 3.6 Migration Guide!
05-Oct-2015 10:01:10.423 INFO [http-apr-8080-exec-7] org.hibernate.cfg.Configuration.addResource HHH000221: Reading mappings from resource: com/virtusa/tempo/hibernate/mapping/VersionParam.hbm.xml
05-Oct-2015 10:01:10.437 WARN [http-apr-8080-exec-7] org.hibernate.internal.util.xml.DTDEntityResolver.resolveEntity HHH000223: Recognized obsolete hibernate namespace http://hibernate.sourceforge.net/. Use namespace http://www.hibernate.org/dtd/ instead. Refer to Hibernate 3.6 Migration Guide!
05-Oct-2015 10:01:10.447 INFO [http-apr-8080-exec-7] org.hibernate.cfg.Configuration.addResource HHH000221: Reading mappings from resource: com/virtusa/tempo/hibernate/mapping/MachineGroupParam.hbm.xml
05-Oct-2015 10:01:10.466 WARN [http-apr-8080-exec-7] null.null HHH000223: Recognized obsolete hibernate namespace http://hibernate.sourceforge.net/. Use namespace http://www.hibernate.org/dtd/ instead. Refer to Hibernate 3.6 Migration Guide!
05-Oct-2015 10:01:10.476 INFO [http-apr-8080-exec-7] org.hibernate.cfg.Configuration.addResource HHH000221: Reading mappings from resource: com/virtusa/tempo/hibernate/mapping/MachineParam.hbm.xml
05-Oct-2015 10:01:10.483 WARN [http-apr-8080-exec-7] org.hibernate.internal.util.xml.DTDEntityResolver.resolveEntity HHH000223: Recognized obsolete hibernate namespace http://hibernate.sourceforge.net/. Use namespace http://www.hibernate.org/dtd/ instead. Refer to Hibernate 3.6 Migration Guide!
05-Oct-2015 10:01:10.491 INFO [http-apr-8080-exec-7] org.hibernate.cfg.Configuration.addResource HHH000221: Reading mappings from resource: com/virtusa/tempo/hibernate/mapping/WorkFlowParam.hbm.xml
05-Oct-2015 10:01:10.498 WARN [http-apr-8080-exec-7] org.hibernate.internal.util.xml.DTDEntityResolver.resolveEntity HHH000223: Recognized obsolete hibernate namespace http://hibernate.sourceforge.net/. Use namespace http://www.hibernate.org/dtd/ instead. Refer to Hibernate 3.6 Migration Guide!
05-Oct-2015 10:01:10.506 INFO [http-apr-8080-exec-7] <unknown>.<unknown> HHH000221: Reading mappings from resource: com/virtusa/tempo/hibernate/mapping/FlowActionProperty.hbm.xml
05-Oct-2015 10:01:10.525 WARN [http-apr-8080-exec-7] org.hibernate.internal.util.xml.DTDEntityResolver.resolveEntity HHH000223: Recognized obsolete hibernate namespace http://hibernate.sourceforge.net/. Use namespace http://www.hibernate.org/dtd/ instead. Refer to Hibernate 3.6 Migration Guide!
05-Oct-2015 10:01:10.532 INFO [http-apr-8080-exec-7] org.hibernate.cfg.Configuration.addResource HHH000221: Reading mappings from resource: com/virtusa/tempo/hibernate/mapping/LinkFlowAction.hbm.xml
05-Oct-2015 10:01:10.539 WARN [http-apr-8080-exec-7] org.hibernate.internal.util.xml.DTDEntityResolver.resolveEntity HHH000223: Recognized obsolete hibernate namespace http://hibernate.sourceforge.net/. Use namespace http://www.hibernate.org/dtd/ instead. Refer to Hibernate 3.6 Migration Guide!
05-Oct-2015 10:01:10.547 INFO [http-apr-8080-exec-7] org.hibernate.cfg.Configuration.addResource HHH000221: Reading mappings from resource: com/virtusa/tempo/hibernate/mapping/EnvParamValue.hbm.xml
05-Oct-2015 10:01:10.562 WARN [http-apr-8080-exec-7] org.hibernate.internal.util.xml.DTDEntityResolver.resolveEntity HHH000223: Recognized obsolete hibernate namespace http://hibernate.sourceforge.net/. Use namespace http://www.hibernate.org/dtd/ instead. Refer to Hibernate 3.6 Migration Guide!
05-Oct-2015 10:01:10.570 INFO [http-apr-8080-exec-7] org.hibernate.cfg.Configuration.addResource HHH000221: Reading mappings from resource: com/virtusa/tempo/hibernate/mapping/MachineParamValue.hbm.xml
05-Oct-2015 10:01:10.577 WARN [http-apr-8080-exec-7] org.hibernate.internal.util.xml.DTDEntityResolver.resolveEntity HHH000223: Recognized obsolete hibernate namespace http://hibernate.sourceforge.net/. Use namespace http://www.hibernate.org/dtd/ instead. Refer to Hibernate 3.6 Migration Guide!
05-Oct-2015 10:01:10.584 INFO [http-apr-8080-exec-7] org.hibernate.cfg.Configuration.addResource HHH000221: Reading mappings from resource: com/virtusa/tempo/hibernate/mapping/DeploymentLog.hbm.xml
05-Oct-2015 10:01:10.605 WARN [http-apr-8080-exec-7] org.hibernate.internal.util.xml.DTDEntityResolver.resolveEntity HHH000223: Recognized obsolete hibernate namespace http://hibernate.sourceforge.net/. Use namespace http://www.hibernate.org/dtd/ instead. Refer to Hibernate 3.6 Migration Guide!
05-Oct-2015 10:01:10.613 INFO [http-apr-8080-exec-7] <unknown>.<unknown> HHH000221: Reading mappings from resource: com/virtusa/tempo/hibernate/mapping/ActionExecuteLog.hbm.xml
05-Oct-2015 10:01:10.631 WARN [http-apr-8080-exec-7] org.hibernate.internal.util.xml.DTDEntityResolver.resolveEntity HHH000223: Recognized obsolete hibernate namespace http://hibernate.sourceforge.net/. Use namespace http://www.hibernate.org/dtd/ instead. Refer to Hibernate 3.6 Migration Guide!
05-Oct-2015 10:01:10.641 INFO [http-apr-8080-exec-7] org.hibernate.cfg.Configuration.addResource HHH000221: Reading mappings from resource: com/virtusa/tempo/hibernate/mapping/FlowActionExecuteLog.hbm.xml
05-Oct-2015 10:01:10.658 WARN [http-apr-8080-exec-7] org.hibernate.internal.util.xml.DTDEntityResolver.resolveEntity HHH000223: Recognized obsolete hibernate namespace http://hibernate.sourceforge.net/. Use namespace http://www.hibernate.org/dtd/ instead. Refer to Hibernate 3.6 Migration Guide!
05-Oct-2015 10:01:10.666 INFO [http-apr-8080-exec-7] <unknown>.<unknown> HHH000221: Reading mappings from resource: com/virtusa/tempo/hibernate/mapping/VersionParamValue.hbm.xml
05-Oct-2015 10:01:10.679 WARN [http-apr-8080-exec-7] org.hibernate.internal.util.xml.DTDEntityResolver.resolveEntity HHH000223: Recognized obsolete hibernate namespace http://hibernate.sourceforge.net/. Use namespace http://www.hibernate.org/dtd/ instead. Refer to Hibernate 3.6 Migration Guide!
05-Oct-2015 10:01:10.686 INFO [http-apr-8080-exec-7] org.hibernate.cfg.Configuration.addResource HHH000221: Reading mappings from resource: com/virtusa/tempo/hibernate/mapping/UserPermission.hbm.xml
05-Oct-2015 10:01:10.703 WARN [http-apr-8080-exec-7] org.hibernate.internal.util.xml.DTDEntityResolver.resolveEntity HHH000223: Recognized obsolete hibernate namespace http://hibernate.sourceforge.net/. Use namespace http://www.hibernate.org/dtd/ instead. Refer to Hibernate 3.6 Migration Guide!
05-Oct-2015 10:01:10.710 INFO [http-apr-8080-exec-7] org.hibernate.cfg.Configuration.doConfigure HHH000041: Configured SessionFactory: null
05-Oct-2015 10:01:11.197 INFO [http-apr-8080-exec-7] org.hibernate.service.jdbc.connections.internal.DriverManagerConnectionProviderImpl.configure HHH000402: Using Hibernate built-in connection pool (not for production use!)
05-Oct-2015 10:01:11.204 INFO [http-apr-8080-exec-7] org.hibernate.service.jdbc.connections.internal.DriverManagerConnectionProviderImpl.configure HHH000115: Hibernate connection pool size: 20
05-Oct-2015 10:01:11.205 INFO [http-apr-8080-exec-7] org.hibernate.service.jdbc.connections.internal.DriverManagerConnectionProviderImpl.configure HHH000006: Autocommit mode: false
05-Oct-2015 10:01:11.206 INFO [http-apr-8080-exec-7] org.hibernate.service.jdbc.connections.internal.DriverManagerConnectionProviderImpl.configure HHH000401: using driver [com.mysql.jdbc.Driver] at URL [jdbc:mysql://localhost:3306]
05-Oct-2015 10:01:11.206 INFO [http-apr-8080-exec-7] org.hibernate.service.jdbc.connections.internal.DriverManagerConnectionProviderImpl.configure HHH000046: Connection properties: {user=root, password=****}
05-Oct-2015 10:01:12.279 INFO [http-apr-8080-exec-7] org.hibernate.dialect.Dialect.<init> HHH000400: Using dialect: org.hibernate.dialect.MySQLDialect
05-Oct-2015 10:01:12.413 INFO [http-apr-8080-exec-7] <unknown>.<unknown> HHH000423: Disabling contextual LOB creation as JDBC driver reported JDBC version [3] less than 4
05-Oct-2015 10:01:13.267 WARN [http-apr-8080-exec-7] <unknown>.<unknown> HHH000038: Composite-id class does not override equals(): com.virtusa.tempo.hibernate.model.EnvParamValueId
05-Oct-2015 10:01:13.267 WARN [http-apr-8080-exec-7] null.null HHH000039: Composite-id class does not override hashCode(): com.virtusa.tempo.hibernate.model.EnvParamValueId
05-Oct-2015 10:01:13.271 WARN [http-apr-8080-exec-7] org.hibernate.mapping.RootClass.checkCompositeIdentifier HHH000038: Composite-id class does not override equals(): com.virtusa.tempo.hibernate.model.VersionParamValueId
05-Oct-2015 10:01:13.272 WARN [http-apr-8080-exec-7] org.hibernate.mapping.RootClass.checkCompositeIdentifier HHH000039: Composite-id class does not override hashCode(): com.virtusa.tempo.hibernate.model.VersionParamValueId
05-Oct-2015 10:01:13.281 WARN [http-apr-8080-exec-7] org.hibernate.mapping.RootClass.checkCompositeIdentifier HHH000038: Composite-id class does not override equals(): com.virtusa.tempo.hibernate.model.UserPermissionId
05-Oct-2015 10:01:13.281 WARN [http-apr-8080-exec-7] org.hibernate.mapping.RootClass.checkCompositeIdentifier HHH000039: Composite-id class does not override hashCode(): com.virtusa.tempo.hibernate.model.UserPermissionId
05-Oct-2015 10:01:13.288 WARN [http-apr-8080-exec-7] null.null HHH000038: Composite-id class does not override equals(): com.virtusa.tempo.hibernate.model.FlowActionId
05-Oct-2015 10:01:13.290 WARN [http-apr-8080-exec-7] org.hibernate.mapping.RootClass.checkCompositeIdentifier HHH000039: Composite-id class does not override hashCode(): com.virtusa.tempo.hibernate.model.FlowActionId
05-Oct-2015 10:01:13.294 WARN [http-apr-8080-exec-7] <unknown>.<unknown> HHH000038: Composite-id class does not override equals(): com.virtusa.tempo.hibernate.model.MachineParamValueId
05-Oct-2015 10:01:13.294 WARN [http-apr-8080-exec-7] org.hibernate.mapping.RootClass.checkCompositeIdentifier HHH000039: Composite-id class does not override hashCode(): com.virtusa.tempo.hibernate.model.MachineParamValueId
05-Oct-2015 10:01:13.449 INFO [http-apr-8080-exec-7] org.hibernate.engine.transaction.internal.TransactionFactoryInitiator.initiateService HHH000399: Using default transaction strategy (direct JDBC transactions)
05-Oct-2015 10:01:13.510 INFO [http-apr-8080-exec-7] <unknown>.<unknown> HHH000397: Using ASTQueryTranslatorFactory
05-Oct-2015 10:01:15.722 INFO [http-apr-8080-exec-7] org.hibernate.tool.hbm2ddl.SchemaUpdate.execute HHH000228: Running hbm2ddl schema update
05-Oct-2015 10:01:15.723 INFO [http-apr-8080-exec-7] org.hibernate.tool.hbm2ddl.SchemaUpdate.execute HHH000102: Fetching database metadata
05-Oct-2015 10:01:15.730 INFO [http-apr-8080-exec-7] org.hibernate.tool.hbm2ddl.SchemaUpdate.execute HHH000396: Updating schema
05-Oct-2015 10:01:15.764 INFO [http-apr-8080-exec-7] org.hibernate.tool.hbm2ddl.DatabaseMetadata.getTableMetadata HHH000262: Table not found: ACTION
05-Oct-2015 10:01:15.769 INFO [http-apr-8080-exec-7] org.hibernate.tool.hbm2ddl.DatabaseMetadata.getTableMetadata HHH000262: Table not found: ACTIONEXECUTELOG
05-Oct-2015 10:01:15.770 INFO [http-apr-8080-exec-7] org.hibernate.tool.hbm2ddl.DatabaseMetadata.getTableMetadata HHH000262: Table not found: ACTIONPROPERTY
05-Oct-2015 10:01:15.770 INFO [http-apr-8080-exec-7] org.hibernate.tool.hbm2ddl.DatabaseMetadata.getTableMetadata HHH000262: Table not found: COMPONENT
05-Oct-2015 10:01:15.771 INFO [http-apr-8080-exec-7] org.hibernate.tool.hbm2ddl.DatabaseMetadata.getTableMetadata HHH000262: Table not found: COMPPARAM
05-Oct-2015 10:01:15.772 INFO [http-apr-8080-exec-7] org.hibernate.tool.hbm2ddl.DatabaseMetadata.getTableMetadata HHH000262: Table not found: DEPLOYMENTLOG
05-Oct-2015 10:01:15.772 INFO [http-apr-8080-exec-7] org.hibernate.tool.hbm2ddl.DatabaseMetadata.getTableMetadata HHH000262: Table not found: ENVIRONMENT
05-Oct-2015 10:01:15.774 INFO [http-apr-8080-exec-7] org.hibernate.tool.hbm2ddl.DatabaseMetadata.getTableMetadata HHH000262: Table not found: ENVPARAM
05-Oct-2015 10:01:15.775 INFO [http-apr-8080-exec-7] org.hibernate.tool.hbm2ddl.DatabaseMetadata.getTableMetadata HHH000262: Table not found: ENVPARAMVALUE
05-Oct-2015 10:01:15.775 INFO [http-apr-8080-exec-7] org.hibernate.tool.hbm2ddl.DatabaseMetadata.getTableMetadata HHH000262: Table not found: FLOWACTION
05-Oct-2015 10:01:15.776 INFO [http-apr-8080-exec-7] org.hibernate.tool.hbm2ddl.DatabaseMetadata.getTableMetadata HHH000262: Table not found: FLOWACTIONEXECUTELOG
05-Oct-2015 10:01:15.778 INFO [http-apr-8080-exec-7] org.hibernate.tool.hbm2ddl.DatabaseMetadata.getTableMetadata HHH000262: Table not found: FLOWACTIONPROPERTY
05-Oct-2015 10:01:15.779 INFO [http-apr-8080-exec-7] org.hibernate.tool.hbm2ddl.DatabaseMetadata.getTableMetadata HHH000262: Table not found: LINKFLOWACTION
05-Oct-2015 10:01:15.780 INFO [http-apr-8080-exec-7] org.hibernate.tool.hbm2ddl.DatabaseMetadata.getTableMetadata HHH000262: Table not found: LOG
05-Oct-2015 10:01:15.788 INFO [http-apr-8080-exec-7] org.hibernate.tool.hbm2ddl.DatabaseMetadata.getTableMetadata HHH000262: Table not found: MACHINE
05-Oct-2015 10:01:15.789 INFO [http-apr-8080-exec-7] org.hibernate.tool.hbm2ddl.DatabaseMetadata.getTableMetadata HHH000262: Table not found: MACHINEGROUP
05-Oct-2015 10:01:15.789 INFO [http-apr-8080-exec-7] org.hibernate.tool.hbm2ddl.DatabaseMetadata.getTableMetadata HHH000262: Table not found: MACHINEGROUPPARAM
05-Oct-2015 10:01:15.790 INFO [http-apr-8080-exec-7] org.hibernate.tool.hbm2ddl.DatabaseMetadata.getTableMetadata HHH000262: Table not found: MACHINEGROUP_COMPONENT
05-Oct-2015 10:01:15.792 INFO [http-apr-8080-exec-7] org.hibernate.tool.hbm2ddl.DatabaseMetadata.getTableMetadata HHH000262: Table not found: MACHINEGROUP_TOOL
05-Oct-2015 10:01:15.792 INFO [http-apr-8080-exec-7] org.hibernate.tool.hbm2ddl.DatabaseMetadata.getTableMetadata HHH000262: Table not found: MACHINEPARAM
05-Oct-2015 10:01:15.793 INFO [http-apr-8080-exec-7] org.hibernate.tool.hbm2ddl.DatabaseMetadata.getTableMetadata HHH000262: Table not found: MACHINEPARAMVALUE
05-Oct-2015 10:01:15.793 INFO [http-apr-8080-exec-7] org.hibernate.tool.hbm2ddl.DatabaseMetadata.getTableMetadata HHH000262: Table not found: MACHINE_MACHINEGROUP
05-Oct-2015 10:01:15.794 INFO [http-apr-8080-exec-7] org.hibernate.tool.hbm2ddl.DatabaseMetadata.getTableMetadata HHH000262: Table not found: NOTIFICATION
05-Oct-2015 10:01:15.794 INFO [http-apr-8080-exec-7] org.hibernate.tool.hbm2ddl.DatabaseMetadata.getTableMetadata HHH000262: Table not found: PROJECT
05-Oct-2015 10:01:15.795 INFO [http-apr-8080-exec-7] org.hibernate.tool.hbm2ddl.DatabaseMetadata.getTableMetadata HHH000262: Table not found: PROJECTPARAM
05-Oct-2015 10:01:15.795 INFO [http-apr-8080-exec-7] org.hibernate.tool.hbm2ddl.DatabaseMetadata.getTableMetadata HHH000262: Table not found: TOOL
05-Oct-2015 10:01:15.796 INFO [http-apr-8080-exec-7] org.hibernate.tool.hbm2ddl.DatabaseMetadata.getTableMetadata HHH000262: Table not found: TOOLPROPERTY
05-Oct-2015 10:01:15.796 INFO [http-apr-8080-exec-7] org.hibernate.tool.hbm2ddl.DatabaseMetadata.getTableMetadata HHH000262: Table not found: USER
05-Oct-2015 10:01:15.797 INFO [http-apr-8080-exec-7] org.hibernate.tool.hbm2ddl.DatabaseMetadata.getTableMetadata HHH000262: Table not found: USERPERMISSION
05-Oct-2015 10:01:15.798 INFO [http-apr-8080-exec-7] org.hibernate.tool.hbm2ddl.DatabaseMetadata.getTableMetadata HHH000262: Table not found: VERSION
05-Oct-2015 10:01:15.799 INFO [http-apr-8080-exec-7] org.hibernate.tool.hbm2ddl.DatabaseMetadata.getTableMetadata HHH000262: Table not found: VERSIONPARAM
05-Oct-2015 10:01:15.799 INFO [http-apr-8080-exec-7] org.hibernate.tool.hbm2ddl.DatabaseMetadata.getTableMetadata HHH000262: Table not found: VERSIONPARAMVALUE
05-Oct-2015 10:01:15.800 INFO [http-apr-8080-exec-7] org.hibernate.tool.hbm2ddl.DatabaseMetadata.getTableMetadata HHH000262: Table not found: WORKFLOW
05-Oct-2015 10:01:15.800 INFO [http-apr-8080-exec-7] org.hibernate.tool.hbm2ddl.DatabaseMetadata.getTableMetadata HHH000262: Table not found: WORKFLOWPARAM
05-Oct-2015 10:01:15.801 INFO [http-apr-8080-exec-7] org.hibernate.tool.hbm2ddl.DatabaseMetadata.getTableMetadata HHH000262: Table not found: ACTION
05-Oct-2015 10:01:15.801 INFO [http-apr-8080-exec-7] org.hibernate.tool.hbm2ddl.DatabaseMetadata.getTableMetadata HHH000262: Table not found: ACTIONEXECUTELOG
05-Oct-2015 10:01:15.802 INFO [http-apr-8080-exec-7] org.hibernate.tool.hbm2ddl.DatabaseMetadata.getTableMetadata HHH000262: Table not found: ACTIONPROPERTY
05-Oct-2015 10:01:15.803 INFO [http-apr-8080-exec-7] org.hibernate.tool.hbm2ddl.DatabaseMetadata.getTableMetadata HHH000262: Table not found: COMPONENT
05-Oct-2015 10:01:15.804 INFO [http-apr-8080-exec-7] org.hibernate.tool.hbm2ddl.DatabaseMetadata.getTableMetadata HHH000262: Table not found: COMPPARAM
05-Oct-2015 10:01:15.804 INFO [http-apr-8080-exec-7] org.hibernate.tool.hbm2ddl.DatabaseMetadata.getTableMetadata HHH000262: Table not found: DEPLOYMENTLOG
05-Oct-2015 10:01:15.804 INFO [http-apr-8080-exec-7] org.hibernate.tool.hbm2ddl.DatabaseMetadata.getTableMetadata HHH000262: Table not found: ENVIRONMENT
05-Oct-2015 10:01:15.805 INFO [http-apr-8080-exec-7] org.hibernate.tool.hbm2ddl.DatabaseMetadata.getTableMetadata HHH000262: Table not found: ENVPARAM
05-Oct-2015 10:01:15.805 INFO [http-apr-8080-exec-7] org.hibernate.tool.hbm2ddl.DatabaseMetadata.getTableMetadata HHH000262: Table not found: ENVPARAMVALUE
05-Oct-2015 10:01:15.805 INFO [http-apr-8080-exec-7] org.hibernate.tool.hbm2ddl.DatabaseMetadata.getTableMetadata HHH000262: Table not found: FLOWACTION
05-Oct-2015 10:01:15.806 INFO [http-apr-8080-exec-7] org.hibernate.tool.hbm2ddl.DatabaseMetadata.getTableMetadata HHH000262: Table not found: FLOWACTIONEXECUTELOG
05-Oct-2015 10:01:15.830 INFO [http-apr-8080-exec-7] org.hibernate.tool.hbm2ddl.DatabaseMetadata.getTableMetadata HHH000262: Table not found: FLOWACTIONPROPERTY
05-Oct-2015 10:01:15.831 INFO [http-apr-8080-exec-7] org.hibernate.tool.hbm2ddl.DatabaseMetadata.getTableMetadata HHH000262: Table not found: LINKFLOWACTION
05-Oct-2015 10:01:15.832 INFO [http-apr-8080-exec-7] org.hibernate.tool.hbm2ddl.DatabaseMetadata.getTableMetadata HHH000262: Table not found: LOG
05-Oct-2015 10:01:15.832 INFO [http-apr-8080-exec-7] org.hibernate.tool.hbm2ddl.DatabaseMetadata.getTableMetadata HHH000262: Table not found: MACHINE
05-Oct-2015 10:01:15.833 INFO [http-apr-8080-exec-7] org.hibernate.tool.hbm2ddl.DatabaseMetadata.getTableMetadata HHH000262: Table not found: MACHINEGROUP
05-Oct-2015 10:01:15.833 INFO [http-apr-8080-exec-7] org.hibernate.tool.hbm2ddl.DatabaseMetadata.getTableMetadata HHH000262: Table not found: MACHINEGROUPPARAM
05-Oct-2015 10:01:15.834 INFO [http-apr-8080-exec-7] org.hibernate.tool.hbm2ddl.DatabaseMetadata.getTableMetadata HHH000262: Table not found: MACHINEGROUP_COMPONENT
05-Oct-2015 10:01:15.834 INFO [http-apr-8080-exec-7] org.hibernate.tool.hbm2ddl.DatabaseMetadata.getTableMetadata HHH000262: Table not found: MACHINEGROUP_TOOL
05-Oct-2015 10:01:15.836 INFO [http-apr-8080-exec-7] org.hibernate.tool.hbm2ddl.DatabaseMetadata.getTableMetadata HHH000262: Table not found: MACHINEPARAM
05-Oct-2015 10:01:15.836 INFO [http-apr-8080-exec-7] org.hibernate.tool.hbm2ddl.DatabaseMetadata.getTableMetadata HHH000262: Table not found: MACHINEPARAMVALUE
05-Oct-2015 10:01:15.837 INFO [http-apr-8080-exec-7] org.hibernate.tool.hbm2ddl.DatabaseMetadata.getTableMetadata HHH000262: Table not found: MACHINE_MACHINEGROUP
05-Oct-2015 10:01:15.838 INFO [http-apr-8080-exec-7] org.hibernate.tool.hbm2ddl.DatabaseMetadata.getTableMetadata HHH000262: Table not found: NOTIFICATION
05-Oct-2015 10:01:15.839 INFO [http-apr-8080-exec-7] org.hibernate.tool.hbm2ddl.DatabaseMetadata.getTableMetadata HHH000262: Table not found: PROJECT
05-Oct-2015 10:01:15.839 INFO [http-apr-8080-exec-7] org.hibernate.tool.hbm2ddl.DatabaseMetadata.getTableMetadata HHH000262: Table not found: PROJECTPARAM
05-Oct-2015 10:01:15.840 INFO [http-apr-8080-exec-7] org.hibernate.tool.hbm2ddl.DatabaseMetadata.getTableMetadata HHH000262: Table not found: TOOL
05-Oct-2015 10:01:15.840 INFO [http-apr-8080-exec-7] org.hibernate.tool.hbm2ddl.DatabaseMetadata.getTableMetadata HHH000262: Table not found: TOOLPROPERTY
05-Oct-2015 10:01:15.841 INFO [http-apr-8080-exec-7] org.hibernate.tool.hbm2ddl.DatabaseMetadata.getTableMetadata HHH000262: Table not found: USER
05-Oct-2015 10:01:15.841 INFO [http-apr-8080-exec-7] org.hibernate.tool.hbm2ddl.DatabaseMetadata.getTableMetadata HHH000262: Table not found: USERPERMISSION
05-Oct-2015 10:01:15.842 INFO [http-apr-8080-exec-7] org.hibernate.tool.hbm2ddl.DatabaseMetadata.getTableMetadata HHH000262: Table not found: VERSION
05-Oct-2015 10:01:15.842 INFO [http-apr-8080-exec-7] org.hibernate.tool.hbm2ddl.DatabaseMetadata.getTableMetadata HHH000262: Table not found: VERSIONPARAM
05-Oct-2015 10:01:15.843 INFO [http-apr-8080-exec-7] org.hibernate.tool.hbm2ddl.DatabaseMetadata.getTableMetadata HHH000262: Table not found: VERSIONPARAMVALUE
05-Oct-2015 10:01:15.846 INFO [http-apr-8080-exec-7] org.hibernate.tool.hbm2ddl.DatabaseMetadata.getTableMetadata HHH000262: Table not found: WORKFLOW
05-Oct-2015 10:01:15.847 INFO [http-apr-8080-exec-7] org.hibernate.tool.hbm2ddl.DatabaseMetadata.getTableMetadata HHH000262: Table not found: WORKFLOWPARAM
05-Oct-2015 10:01:15.847 INFO [http-apr-8080-exec-7] org.hibernate.tool.hbm2ddl.DatabaseMetadata.getTableMetadata HHH000262: Table not found: ACTION
05-Oct-2015 10:01:15.855 INFO [http-apr-8080-exec-7] org.hibernate.tool.hbm2ddl.DatabaseMetadata.getTableMetadata HHH000262: Table not found: ACTIONEXECUTELOG
05-Oct-2015 10:01:15.856 INFO [http-apr-8080-exec-7] org.hibernate.tool.hbm2ddl.DatabaseMetadata.getTableMetadata HHH000262: Table not found: ACTIONPROPERTY
05-Oct-2015 10:01:15.856 INFO [http-apr-8080-exec-7] org.hibernate.tool.hbm2ddl.DatabaseMetadata.getTableMetadata HHH000262: Table not found: COMPONENT
05-Oct-2015 10:01:15.857 INFO [http-apr-8080-exec-7] org.hibernate.tool.hbm2ddl.DatabaseMetadata.getTableMetadata HHH000262: Table not found: COMPPARAM
05-Oct-2015 10:01:15.857 INFO [http-apr-8080-exec-7] org.hibernate.tool.hbm2ddl.DatabaseMetadata.getTableMetadata HHH000262: Table not found: DEPLOYMENTLOG
05-Oct-2015 10:01:15.858 INFO [http-apr-8080-exec-7] org.hibernate.tool.hbm2ddl.DatabaseMetadata.getTableMetadata HHH000262: Table not found: ENVIRONMENT
05-Oct-2015 10:01:15.859 INFO [http-apr-8080-exec-7] org.hibernate.tool.hbm2ddl.DatabaseMetadata.getTableMetadata HHH000262: Table not found: ENVPARAM
05-Oct-2015 10:01:15.860 INFO [http-apr-8080-exec-7] org.hibernate.tool.hbm2ddl.DatabaseMetadata.getTableMetadata HHH000262: Table not found: ENVPARAMVALUE
05-Oct-2015 10:01:15.863 INFO [http-apr-8080-exec-7] org.hibernate.tool.hbm2ddl.DatabaseMetadata.getTableMetadata HHH000262: Table not found: FLOWACTION
05-Oct-2015 10:01:15.867 INFO [http-apr-8080-exec-7] org.hibernate.tool.hbm2ddl.DatabaseMetadata.getTableMetadata HHH000262: Table not found: FLOWACTIONEXECUTELOG
05-Oct-2015 10:01:15.868 INFO [http-apr-8080-exec-7] org.hibernate.tool.hbm2ddl.DatabaseMetadata.getTableMetadata HHH000262: Table not found: FLOWACTIONPROPERTY
05-Oct-2015 10:01:15.869 INFO [http-apr-8080-exec-7] org.hibernate.tool.hbm2ddl.DatabaseMetadata.getTableMetadata HHH000262: Table not found: LINKFLOWACTION
05-Oct-2015 10:01:15.869 INFO [http-apr-8080-exec-7] org.hibernate.tool.hbm2ddl.DatabaseMetadata.getTableMetadata HHH000262: Table not found: LOG
05-Oct-2015 10:01:15.870 INFO [http-apr-8080-exec-7] org.hibernate.tool.hbm2ddl.DatabaseMetadata.getTableMetadata HHH000262: Table not found: MACHINE
05-Oct-2015 10:01:15.870 INFO [http-apr-8080-exec-7] org.hibernate.tool.hbm2ddl.DatabaseMetadata.getTableMetadata HHH000262: Table not found: MACHINEGROUP
05-Oct-2015 10:01:15.871 INFO [http-apr-8080-exec-7] org.hibernate.tool.hbm2ddl.DatabaseMetadata.getTableMetadata HHH000262: Table not found: MACHINEGROUPPARAM
05-Oct-2015 10:01:15.871 INFO [http-apr-8080-exec-7] org.hibernate.tool.hbm2ddl.DatabaseMetadata.getTableMetadata HHH000262: Table not found: MACHINEGROUP_COMPONENT
05-Oct-2015 10:01:15.872 INFO [http-apr-8080-exec-7] org.hibernate.tool.hbm2ddl.DatabaseMetadata.getTableMetadata HHH000262: Table not found: MACHINEGROUP_TOOL
05-Oct-2015 10:01:15.873 INFO [http-apr-8080-exec-7] org.hibernate.tool.hbm2ddl.DatabaseMetadata.getTableMetadata HHH000262: Table not found: MACHINEPARAM
05-Oct-2015 10:01:15.875 INFO [http-apr-8080-exec-7] org.hibernate.tool.hbm2ddl.DatabaseMetadata.getTableMetadata HHH000262: Table not found: MACHINEPARAMVALUE
05-Oct-2015 10:01:15.876 INFO [http-apr-8080-exec-7] org.hibernate.tool.hbm2ddl.DatabaseMetadata.getTableMetadata HHH000262: Table not found: MACHINE_MACHINEGROUP
05-Oct-2015 10:01:15.876 INFO [http-apr-8080-exec-7] org.hibernate.tool.hbm2ddl.DatabaseMetadata.getTableMetadata HHH000262: Table not found: NOTIFICATION
05-Oct-2015 10:01:15.877 INFO [http-apr-8080-exec-7] org.hibernate.tool.hbm2ddl.DatabaseMetadata.getTableMetadata HHH000262: Table not found: PROJECT
05-Oct-2015 10:01:15.878 INFO [http-apr-8080-exec-7] org.hibernate.tool.hbm2ddl.DatabaseMetadata.getTableMetadata HHH000262: Table not found: PROJECTPARAM
05-Oct-2015 10:01:15.879 INFO [http-apr-8080-exec-7] org.hibernate.tool.hbm2ddl.DatabaseMetadata.getTableMetadata HHH000262: Table not found: TOOL
05-Oct-2015 10:01:15.879 INFO [http-apr-8080-exec-7] org.hibernate.tool.hbm2ddl.DatabaseMetadata.getTableMetadata HHH000262: Table not found: TOOLPROPERTY
05-Oct-2015 10:01:15.880 INFO [http-apr-8080-exec-7] org.hibernate.tool.hbm2ddl.DatabaseMetadata.getTableMetadata HHH000262: Table not found: USER
05-Oct-2015 10:01:15.880 INFO [http-apr-8080-exec-7] org.hibernate.tool.hbm2ddl.DatabaseMetadata.getTableMetadata HHH000262: Table not found: USERPERMISSION
05-Oct-2015 10:01:15.881 INFO [http-apr-8080-exec-7] org.hibernate.tool.hbm2ddl.DatabaseMetadata.getTableMetadata HHH000262: Table not found: VERSION
05-Oct-2015 10:01:15.881 INFO [http-apr-8080-exec-7] org.hibernate.tool.hbm2ddl.DatabaseMetadata.getTableMetadata HHH000262: Table not found: VERSIONPARAM
05-Oct-2015 10:01:15.881 INFO [http-apr-8080-exec-7] org.hibernate.tool.hbm2ddl.DatabaseMetadata.getTableMetadata HHH000262: Table not found: VERSIONPARAMVALUE
05-Oct-2015 10:01:15.882 INFO [http-apr-8080-exec-7] org.hibernate.tool.hbm2ddl.DatabaseMetadata.getTableMetadata HHH000262: Table not found: WORKFLOW
05-Oct-2015 10:01:15.882 INFO [http-apr-8080-exec-7] org.hibernate.tool.hbm2ddl.DatabaseMetadata.getTableMetadata HHH000262: Table not found: WORKFLOWPARAM
05-Oct-2015 10:01:15.947 ERROR [http-apr-8080-exec-7] org.hibernate.tool.hbm2ddl.SchemaUpdate.execute HHH000388: Unsuccessful: create table tempoengine.ACTION (ACTIONID integer not null auto_increment, NAME varchar(255), DESCRIPTION varchar(255), TOOLID integer, primary key (ACTIONID))
05-Oct-2015 10:01:15.947 ERROR [http-apr-8080-exec-7] org.hibernate.tool.hbm2ddl.SchemaUpdate.execute Table 'action' already exists
05-Oct-2015 10:01:15.967 ERROR [http-apr-8080-exec-7] org.hibernate.tool.hbm2ddl.SchemaUpdate.execute HHH000388: Unsuccessful: create table tempoengine.ACTIONEXECUTELOG (ACTIONEXECUTELOGID integer not null, FLOWACTIONEXECUTELOGID integer, STATUS varchar(255), DESCRIPTION LONGTEXT, MACHINENAME varchar(255), primary key (ACTIONEXECUTELOGID))
05-Oct-2015 10:01:15.967 ERROR [http-apr-8080-exec-7] org.hibernate.tool.hbm2ddl.SchemaUpdate.execute Table 'actionexecutelog' already exists
05-Oct-2015 10:01:15.982 ERROR [http-apr-8080-exec-7] org.hibernate.tool.hbm2ddl.SchemaUpdate.execute HHH000388: Unsuccessful: create table tempoengine.ACTIONPROPERTY (ACTIONPROPERTYID integer not null, NAME varchar(255), VALUE varchar(255), TYPE varchar(255), DESCRIPTION varchar(255), ACTIONID integer, primary key (ACTIONPROPERTYID))
05-Oct-2015 10:01:15.982 ERROR [http-apr-8080-exec-7] org.hibernate.tool.hbm2ddl.SchemaUpdate.execute Table 'actionproperty' already exists
05-Oct-2015 10:01:15.997 ERROR [http-apr-8080-exec-7] org.hibernate.tool.hbm2ddl.SchemaUpdate.execute HHH000388: Unsuccessful: create table tempoengine.COMPONENT (COMPONENTID integer not null, NAME varchar(255), ARCHIVED boolean, LOCKBY varchar(255), PROJECTID integer, primary key (COMPONENTID))
05-Oct-2015 10:01:15.997 ERROR [http-apr-8080-exec-7] org.hibernate.tool.hbm2ddl.SchemaUpdate.execute Table 'component' already exists
05-Oct-2015 10:01:16.025 ERROR [http-apr-8080-exec-7] org.hibernate.tool.hbm2ddl.SchemaUpdate.execute HHH000388: Unsuccessful: create table tempoengine.COMPPARAM (COMPPARAMID integer not null, NAME varchar(255), VALUE varchar(255), COMPONENTID integer, primary key (COMPPARAMID))
05-Oct-2015 10:01:16.026 ERROR [http-apr-8080-exec-7] org.hibernate.tool.hbm2ddl.SchemaUpdate.execute Table 'compparam' already exists
05-Oct-2015 10:01:16.047 ERROR [http-apr-8080-exec-7] org.hibernate.tool.hbm2ddl.SchemaUpdate.execute HHH000388: Unsuccessful: create table tempoengine.DEPLOYMENTLOG (DEPLOYMENTLOGID integer not null, WORKFLOWID integer, ENVIRONMENTID varchar(255), STATUS varchar(255), STARTTIME datetime, ENDTIME datetime, VERSION varchar(255), FILETYPE varchar(255), primary key (DEPLOYMENTLOGID))
05-Oct-2015 10:01:16.047 ERROR [http-apr-8080-exec-7] org.hibernate.tool.hbm2ddl.SchemaUpdate.execute Table 'deploymentlog' already exists
05-Oct-2015 10:01:16.061 ERROR [http-apr-8080-exec-7] org.hibernate.tool.hbm2ddl.SchemaUpdate.execute HHH000388: Unsuccessful: create table tempoengine.ENVIRONMENT (ENVIRONMENTID integer not null, NAME varchar(255), ARCHIVED boolean, LOCKBY varchar(255), PROJECTID integer, primary key (ENVIRONMENTID))
05-Oct-2015 10:01:16.062 ERROR [http-apr-8080-exec-7] org.hibernate.tool.hbm2ddl.SchemaUpdate.execute Table 'environment' already exists
05-Oct-2015 10:01:16.073 ERROR [http-apr-8080-exec-7] org.hibernate.tool.hbm2ddl.SchemaUpdate.execute HHH000388: Unsuccessful: create table tempoengine.ENVPARAM (ENVPARAMID integer not null, NAME varchar(255), PROJECTID integer, primary key (ENVPARAMID))
05-Oct-2015 10:01:16.074 ERROR [http-apr-8080-exec-7] org.hibernate.tool.hbm2ddl.SchemaUpdate.execute Table 'envparam' already exists
05-Oct-2015 10:01:16.113 ERROR [http-apr-8080-exec-7] org.hibernate.tool.hbm2ddl.SchemaUpdate.execute HHH000388: Unsuccessful: create table tempoengine.ENVPARAMVALUE (ENVIRONMENTID integer not null, ENVPARAMID integer not null, VALUE varchar(255), ENVPARAMSETID integer, primary key (ENVIRONMENTID, ENVPARAMID))
05-Oct-2015 10:01:16.114 ERROR [http-apr-8080-exec-7] org.hibernate.tool.hbm2ddl.SchemaUpdate.execute Table 'envparamvalue' already exists
05-Oct-2015 10:01:16.162 ERROR [http-apr-8080-exec-7] org.hibernate.tool.hbm2ddl.SchemaUpdate.execute HHH000388: Unsuccessful: create table tempoengine.FLOWACTION (FLOWACTIONID integer not null, WORKFLOWID integer not null, NAME varchar(255), LOCATIONX double precision, LOCATIONY double precision, SKIPPED varchar(255), WIDTH double precision, HEIGHT double precision, ACTIONID integer, WORKFLOWIDSET integer, primary key (FLOWACTIONID, WORKFLOWID))
05-Oct-2015 10:01:16.162 ERROR [http-apr-8080-exec-7] org.hibernate.tool.hbm2ddl.SchemaUpdate.execute Table 'flowaction' already exists
05-Oct-2015 10:01:16.182 ERROR [http-apr-8080-exec-7] org.hibernate.tool.hbm2ddl.SchemaUpdate.execute HHH000388: Unsuccessful: create table tempoengine.FLOWACTIONEXECUTELOG (FLOWACTIONEXECUTELOGID integer not null, DEPLOYMENTLOGID integer, FLOWACTIONID integer, WORKFLOWID integer, STATUS varchar(255), DESCRIPTION LONGTEXT, primary key (FLOWACTIONEXECUTELOGID))
05-Oct-2015 10:01:16.182 ERROR [http-apr-8080-exec-7] org.hibernate.tool.hbm2ddl.SchemaUpdate.execute Table 'flowactionexecutelog' already exists
05-Oct-2015 10:01:16.211 ERROR [http-apr-8080-exec-7] org.hibernate.tool.hbm2ddl.SchemaUpdate.execute HHH000388: Unsuccessful: create table tempoengine.FLOWACTIONPROPERTY (FLOWACTIONPROPERTYID integer not null, ACTIONPROPERTYID integer, NEWVALUE varchar(255), FLOWACTIONID integer, WORKFLOWID integer, primary key (FLOWACTIONPROPERTYID))
05-Oct-2015 10:01:16.211 ERROR [http-apr-8080-exec-7] org.hibernate.tool.hbm2ddl.SchemaUpdate.execute Table 'flowactionproperty' already exists
05-Oct-2015 10:01:16.228 ERROR [http-apr-8080-exec-7] org.hibernate.tool.hbm2ddl.SchemaUpdate.execute HHH000388: Unsuccessful: create table tempoengine.LINKFLOWACTION (LINKFLOWACTIONID integer not null, FROMFLOWACTIONID integer, FROMWORKFLOWID integer, TOFLOWACTIONID integer, TOWORKFLOWID integer, TYPE varchar(255), WORKFLOWID integer, primary key (LINKFLOWACTIONID))
05-Oct-2015 10:01:16.228 ERROR [http-apr-8080-exec-7] org.hibernate.tool.hbm2ddl.SchemaUpdate.execute Table 'linkflowaction' already exists
05-Oct-2015 10:01:16.235 ERROR [http-apr-8080-exec-7] org.hibernate.tool.hbm2ddl.SchemaUpdate.execute HHH000388: Unsuccessful: create table tempoengine.LOG (LOGID integer not null, VERSIONID integer, primary key (LOGID))
05-Oct-2015 10:01:16.236 ERROR [http-apr-8080-exec-7] org.hibernate.tool.hbm2ddl.SchemaUpdate.execute Table 'log' already exists
05-Oct-2015 10:01:16.254 ERROR [http-apr-8080-exec-7] org.hibernate.tool.hbm2ddl.SchemaUpdate.execute HHH000388: Unsuccessful: create table tempoengine.MACHINE (MACHINEID integer not null, NAME varchar(255), ISSERVER boolean, AUTHENTICATION varchar(255), IP varchar(255), STATUS varchar(255), USERNAME varchar(255), PASSWORD varchar(255), PLATFORM varchar(255), HOMEDIR varchar(255), PROJECTID integer, primary key (MACHINEID))
05-Oct-2015 10:01:16.254 ERROR [http-apr-8080-exec-7] org.hibernate.tool.hbm2ddl.SchemaUpdate.execute Table 'machine' already exists
05-Oct-2015 10:01:16.288 ERROR [http-apr-8080-exec-7] org.hibernate.tool.hbm2ddl.SchemaUpdate.execute HHH000388: Unsuccessful: create table tempoengine.MACHINEGROUP (MACHINEGROUPID integer not null, NAME varchar(255), ENVIRONMENTID integer, primary key (MACHINEGROUPID))
05-Oct-2015 10:01:16.289 ERROR [http-apr-8080-exec-7] org.hibernate.tool.hbm2ddl.SchemaUpdate.execute Table 'machinegroup' already exists
05-Oct-2015 10:01:16.296 ERROR [http-apr-8080-exec-7] org.hibernate.tool.hbm2ddl.SchemaUpdate.execute HHH000388: Unsuccessful: create table tempoengine.MACHINEGROUPPARAM (MACHINEGROUPPARAMID integer not null, NAME varchar(255), VALUE varchar(255), MACHINEGROUPID integer, primary key (MACHINEGROUPPARAMID))
05-Oct-2015 10:01:16.296 ERROR [http-apr-8080-exec-7] org.hibernate.tool.hbm2ddl.SchemaUpdate.execute Table 'machinegroupparam' already exists
05-Oct-2015 10:01:16.320 ERROR [http-apr-8080-exec-7] org.hibernate.tool.hbm2ddl.SchemaUpdate.execute HHH000388: Unsuccessful: create table tempoengine.MACHINEGROUP_COMPONENT (COMPONENTID integer not null, MACHINEGROUPID integer not null, primary key (COMPONENTID, MACHINEGROUPID))
05-Oct-2015 10:01:16.320 ERROR [http-apr-8080-exec-7] org.hibernate.tool.hbm2ddl.SchemaUpdate.execute Table 'machinegroup_component' already exists
05-Oct-2015 10:01:16.349 ERROR [http-apr-8080-exec-7] org.hibernate.tool.hbm2ddl.SchemaUpdate.execute HHH000388: Unsuccessful: create table tempoengine.MACHINEGROUP_TOOL (MACHINEGROUPID integer not null, TOOLID integer not null, primary key (TOOLID, MACHINEGROUPID))
05-Oct-2015 10:01:16.349 ERROR [http-apr-8080-exec-7] org.hibernate.tool.hbm2ddl.SchemaUpdate.execute Table 'machinegroup_tool' already exists
05-Oct-2015 10:01:16.363 ERROR [http-apr-8080-exec-7] org.hibernate.tool.hbm2ddl.SchemaUpdate.execute HHH000388: Unsuccessful: create table tempoengine.MACHINEPARAM (MACHINEPARAMID integer not null, NAME varchar(255), PROJECTID integer, primary key (MACHINEPARAMID))
05-Oct-2015 10:01:16.364 ERROR [http-apr-8080-exec-7] org.hibernate.tool.hbm2ddl.SchemaUpdate.execute Table 'machineparam' already exists
05-Oct-2015 10:01:16.390 ERROR [http-apr-8080-exec-7] org.hibernate.tool.hbm2ddl.SchemaUpdate.execute HHH000388: Unsuccessful: create table tempoengine.MACHINEPARAMVALUE (MACHINEID integer not null, MACHINEPARAMID integer not null, VALUE varchar(255), MACHINEPARAMSETID integer, primary key (MACHINEID, MACHINEPARAMID))
05-Oct-2015 10:01:16.392 ERROR [http-apr-8080-exec-7] org.hibernate.tool.hbm2ddl.SchemaUpdate.execute Table 'machineparamvalue' already exists
05-Oct-2015 10:01:16.411 ERROR [http-apr-8080-exec-7] org.hibernate.tool.hbm2ddl.SchemaUpdate.execute HHH000388: Unsuccessful: create table tempoengine.MACHINE_MACHINEGROUP (MACHINEID integer not null, MACHINEGROUPID integer not null, primary key (MACHINEGROUPID, MACHINEID))
05-Oct-2015 10:01:16.412 ERROR [http-apr-8080-exec-7] org.hibernate.tool.hbm2ddl.SchemaUpdate.execute Table 'machine_machinegroup' already exists
05-Oct-2015 10:01:16.426 ERROR [http-apr-8080-exec-7] org.hibernate.tool.hbm2ddl.SchemaUpdate.execute HHH000388: Unsuccessful: create table tempoengine.NOTIFICATION (NOTIFICATIONID integer not null, SUBJECT varchar(255), BODY varchar(255), PROJECTID integer, primary key (NOTIFICATIONID))
05-Oct-2015 10:01:16.428 ERROR [http-apr-8080-exec-7] org.hibernate.tool.hbm2ddl.SchemaUpdate.execute Table 'notification' already exists
05-Oct-2015 10:01:16.442 ERROR [http-apr-8080-exec-7] org.hibernate.tool.hbm2ddl.SchemaUpdate.execute HHH000388: Unsuccessful: create table tempoengine.PROJECT (PROJECTID integer not null, NAME varchar(255), DESCRIPTION LONGTEXT, ARCHIVED boolean, LOCKBY varchar(255), primary key (PROJECTID))
05-Oct-2015 10:01:16.442 ERROR [http-apr-8080-exec-7] org.hibernate.tool.hbm2ddl.SchemaUpdate.execute Table 'project' already exists
05-Oct-2015 10:01:16.473 ERROR [http-apr-8080-exec-7] org.hibernate.tool.hbm2ddl.SchemaUpdate.execute HHH000388: Unsuccessful: create table tempoengine.PROJECTPARAM (PROJECTPARAMID integer not null, NAME varchar(255), VALUE varchar(255), PROJECTID integer, primary key (PROJECTPARAMID))
05-Oct-2015 10:01:16.473 ERROR [http-apr-8080-exec-7] org.hibernate.tool.hbm2ddl.SchemaUpdate.execute Table 'projectparam' already exists
05-Oct-2015 10:01:16.492 ERROR [http-apr-8080-exec-7] org.hibernate.tool.hbm2ddl.SchemaUpdate.execute HHH000388: Unsuccessful: create table tempoengine.TOOL (TOOLID integer not null, NAME varchar(255), TOOLMAPPINGID varchar(255), ARCHIVED boolean, LOCKBY varchar(255), PROJECTID integer, primary key (TOOLID))
05-Oct-2015 10:01:16.492 ERROR [http-apr-8080-exec-7] org.hibernate.tool.hbm2ddl.SchemaUpdate.execute Table 'tool' already exists
05-Oct-2015 10:01:16.506 ERROR [http-apr-8080-exec-7] org.hibernate.tool.hbm2ddl.SchemaUpdate.execute HHH000388: Unsuccessful: create table tempoengine.TOOLPROPERTY (TOOLPROPERTYID integer not null, NAME varchar(255), VALUE varchar(255), TYPE varchar(255), DESCRIPTION varchar(255), TOOLID integer, primary key (TOOLPROPERTYID))
05-Oct-2015 10:01:16.506 ERROR [http-apr-8080-exec-7] org.hibernate.tool.hbm2ddl.SchemaUpdate.execute Table 'toolproperty' already exists
05-Oct-2015 10:01:16.537 ERROR [http-apr-8080-exec-7] org.hibernate.tool.hbm2ddl.SchemaUpdate.execute HHH000388: Unsuccessful: create table tempoengine.USER (USERNAME varchar(255) not null, PASSWORD varchar(255), OTHERACCOUNT varchar(255), EMAIL varchar(255), FIRSTNAME varchar(255), LASTNAME varchar(255), IMAGE LONGBLOB, primary key (USERNAME))
05-Oct-2015 10:01:16.537 ERROR [http-apr-8080-exec-7] org.hibernate.tool.hbm2ddl.SchemaUpdate.execute Table 'user' already exists
05-Oct-2015 10:01:16.568 ERROR [http-apr-8080-exec-7] org.hibernate.tool.hbm2ddl.SchemaUpdate.execute HHH000388: Unsuccessful: create table tempoengine.USERPERMISSION (USERNAME varchar(255) not null, PROJECTID integer not null, PERMISSIONLEVEL varchar(255), primary key (USERNAME, PROJECTID))
05-Oct-2015 10:01:16.568 ERROR [http-apr-8080-exec-7] org.hibernate.tool.hbm2ddl.SchemaUpdate.execute Table 'userpermission' already exists
05-Oct-2015 10:01:16.603 ERROR [http-apr-8080-exec-7] org.hibernate.tool.hbm2ddl.SchemaUpdate.execute HHH000388: Unsuccessful: create table tempoengine.VERSION (VERSIONID integer not null, VERSION varchar(255), DESCRIPTION LONGTEXT, COMPONENTID integer, primary key (VERSIONID))
05-Oct-2015 10:01:16.603 ERROR [http-apr-8080-exec-7] org.hibernate.tool.hbm2ddl.SchemaUpdate.execute Table 'version' already exists
05-Oct-2015 10:01:16.636 ERROR [http-apr-8080-exec-7] org.hibernate.tool.hbm2ddl.SchemaUpdate.execute HHH000388: Unsuccessful: create table tempoengine.VERSIONPARAM (VERSIONPARAMID integer not null, NAME varchar(255), COMPONENTID integer, primary key (VERSIONPARAMID))
05-Oct-2015 10:01:16.637 ERROR [http-apr-8080-exec-7] org.hibernate.tool.hbm2ddl.SchemaUpdate.execute Table 'versionparam' already exists
05-Oct-2015 10:01:16.657 ERROR [http-apr-8080-exec-7] org.hibernate.tool.hbm2ddl.SchemaUpdate.execute HHH000388: Unsuccessful: create table tempoengine.VERSIONPARAMVALUE (VERSIONID integer not null, VERSIONPARAMID integer not null, VALUE varchar(255), VERSIONPARAMIDSET integer, primary key (VERSIONID, VERSIONPARAMID))
05-Oct-2015 10:01:16.658 ERROR [http-apr-8080-exec-7] org.hibernate.tool.hbm2ddl.SchemaUpdate.execute Table 'versionparamvalue' already exists
05-Oct-2015 10:01:16.676 ERROR [http-apr-8080-exec-7] org.hibernate.tool.hbm2ddl.SchemaUpdate.execute HHH000388: Unsuccessful: create table tempoengine.WORKFLOW (WORKFLOWID integer not null, NAME varchar(255), DESCRIPTION varchar(255), ARCHIVED boolean, LOCKBY varchar(255), COMPONENTID integer, PROJECTID integer, primary key (WORKFLOWID))
05-Oct-2015 10:01:16.676 ERROR [http-apr-8080-exec-7] org.hibernate.tool.hbm2ddl.SchemaUpdate.execute Table 'workflow' already exists
05-Oct-2015 10:01:16.682 ERROR [http-apr-8080-exec-7] org.hibernate.tool.hbm2ddl.SchemaUpdate.execute HHH000388: Unsuccessful: create table tempoengine.WORKFLOWPARAM (WORKFLOWPARAMID integer not null, NAME varchar(255), VALUE varchar(255), WORKFLOWID integer, primary key (WORKFLOWPARAMID))
05-Oct-2015 10:01:16.683 ERROR [http-apr-8080-exec-7] org.hibernate.tool.hbm2ddl.SchemaUpdate.execute Table 'workflowparam' already exists
05-Oct-2015 10:01:16.683 ERROR [http-apr-8080-exec-7] org.hibernate.tool.hbm2ddl.SchemaUpdate.execute HHH000388: Unsuccessful: alter table tempoengine.ACTION add index FK_j3fo2p1flwaf8yp7wrt1ws2wt (TOOLID), add constraint FK_j3fo2p1flwaf8yp7wrt1ws2wt foreign key (TOOLID) references tempoengine.TOOL (TOOLID)
05-Oct-2015 10:01:16.684 ERROR [http-apr-8080-exec-7] org.hibernate.tool.hbm2ddl.SchemaUpdate.execute Duplicate key name 'FK_j3fo2p1flwaf8yp7wrt1ws2wt'
05-Oct-2015 10:01:16.684 ERROR [http-apr-8080-exec-7] org.hibernate.tool.hbm2ddl.SchemaUpdate.execute HHH000388: Unsuccessful: alter table tempoengine.ACTIONEXECUTELOG add index FK_3qn23tbbkgvm8glqt5xk68imp (FLOWACTIONEXECUTELOGID), add constraint FK_3qn23tbbkgvm8glqt5xk68imp foreign key (FLOWACTIONEXECUTELOGID) references tempoengine.FLOWACTIONEXECUTELOG (FLOWACTIONEXECUTELOGID)
05-Oct-2015 10:01:16.685 ERROR [http-apr-8080-exec-7] org.hibernate.tool.hbm2ddl.SchemaUpdate.execute Duplicate key name 'FK_3qn23tbbkgvm8glqt5xk68imp'
05-Oct-2015 10:01:16.685 ERROR [http-apr-8080-exec-7] org.hibernate.tool.hbm2ddl.SchemaUpdate.execute HHH000388: Unsuccessful: alter table tempoengine.ACTIONPROPERTY add index FK_4lgjq0jfrqs46glppebtltlpj (ACTIONID), add constraint FK_4lgjq0jfrqs46glppebtltlpj foreign key (ACTIONID) references tempoengine.ACTION (ACTIONID)
05-Oct-2015 10:01:16.686 ERROR [http-apr-8080-exec-7] org.hibernate.tool.hbm2ddl.SchemaUpdate.execute Duplicate key name 'FK_4lgjq0jfrqs46glppebtltlpj'
05-Oct-2015 10:01:16.686 ERROR [http-apr-8080-exec-7] org.hibernate.tool.hbm2ddl.SchemaUpdate.execute HHH000388: Unsuccessful: alter table tempoengine.COMPONENT add index FK_dk59g8ufdieywxp06bkl5aycv (LOCKBY), add constraint FK_dk59g8ufdieywxp06bkl5aycv foreign key (LOCKBY) references tempoengine.USER (USERNAME)
05-Oct-2015 10:01:16.687 ERROR [http-apr-8080-exec-7] org.hibernate.tool.hbm2ddl.SchemaUpdate.execute Duplicate key name 'FK_dk59g8ufdieywxp06bkl5aycv'
05-Oct-2015 10:01:16.687 ERROR [http-apr-8080-exec-7] org.hibernate.tool.hbm2ddl.SchemaUpdate.execute HHH000388: Unsuccessful: alter table tempoengine.COMPONENT add index FK_jwqpnetlespo1m7id821s2d7f (PROJECTID), add constraint FK_jwqpnetlespo1m7id821s2d7f foreign key (PROJECTID) references tempoengine.PROJECT (PROJECTID)
05-Oct-2015 10:01:16.687 ERROR [http-apr-8080-exec-7] org.hibernate.tool.hbm2ddl.SchemaUpdate.execute Duplicate key name 'FK_jwqpnetlespo1m7id821s2d7f'
05-Oct-2015 10:01:16.688 ERROR [http-apr-8080-exec-7] org.hibernate.tool.hbm2ddl.SchemaUpdate.execute HHH000388: Unsuccessful: alter table tempoengine.COMPPARAM add index FK_6qavyoneqibr8010ojuv3ihch (COMPONENTID), add constraint FK_6qavyoneqibr8010ojuv3ihch foreign key (COMPONENTID) references tempoengine.COMPONENT (COMPONENTID)
05-Oct-2015 10:01:16.688 ERROR [http-apr-8080-exec-7] org.hibernate.tool.hbm2ddl.SchemaUpdate.execute Duplicate key name 'FK_6qavyoneqibr8010ojuv3ihch'
05-Oct-2015 10:01:16.689 ERROR [http-apr-8080-exec-7] org.hibernate.tool.hbm2ddl.SchemaUpdate.execute HHH000388: Unsuccessful: alter table tempoengine.DEPLOYMENTLOG add index FK_ppfdnrs8l8wnseig2kdu9nw5k (WORKFLOWID), add constraint FK_ppfdnrs8l8wnseig2kdu9nw5k foreign key (WORKFLOWID) references tempoengine.WORKFLOW (WORKFLOWID)
05-Oct-2015 10:01:16.689 ERROR [http-apr-8080-exec-7] org.hibernate.tool.hbm2ddl.SchemaUpdate.execute Duplicate key name 'FK_ppfdnrs8l8wnseig2kdu9nw5k'
05-Oct-2015 10:01:16.690 ERROR [http-apr-8080-exec-7] org.hibernate.tool.hbm2ddl.SchemaUpdate.execute HHH000388: Unsuccessful: alter table tempoengine.ENVIRONMENT add index FK_955iv6pdm12kua5b08iy5542w (LOCKBY), add constraint FK_955iv6pdm12kua5b08iy5542w foreign key (LOCKBY) references tempoengine.USER (USERNAME)
05-Oct-2015 10:01:16.690 ERROR [http-apr-8080-exec-7] org.hibernate.tool.hbm2ddl.SchemaUpdate.execute Duplicate key name 'FK_955iv6pdm12kua5b08iy5542w'
05-Oct-2015 10:01:16.691 ERROR [http-apr-8080-exec-7] org.hibernate.tool.hbm2ddl.SchemaUpdate.execute HHH000388: Unsuccessful: alter table tempoengine.ENVIRONMENT add index FK_ku3ae2h9sv4f6smhp4aq94xm7 (PROJECTID), add constraint FK_ku3ae2h9sv4f6smhp4aq94xm7 foreign key (PROJECTID) references tempoengine.PROJECT (PROJECTID)
05-Oct-2015 10:01:16.691 ERROR [http-apr-8080-exec-7] org.hibernate.tool.hbm2ddl.SchemaUpdate.execute Duplicate key name 'FK_ku3ae2h9sv4f6smhp4aq94xm7'
05-Oct-2015 10:01:16.692 ERROR [http-apr-8080-exec-7] org.hibernate.tool.hbm2ddl.SchemaUpdate.execute HHH000388: Unsuccessful: alter table tempoengine.ENVPARAM add index FK_1ofeplnx42ti5500eos969j7q (PROJECTID), add constraint FK_1ofeplnx42ti5500eos969j7q foreign key (PROJECTID) references tempoengine.PROJECT (PROJECTID)
05-Oct-2015 10:01:16.692 ERROR [http-apr-8080-exec-7] org.hibernate.tool.hbm2ddl.SchemaUpdate.execute Duplicate key name 'FK_1ofeplnx42ti5500eos969j7q'
05-Oct-2015 10:01:16.693 ERROR [http-apr-8080-exec-7] org.hibernate.tool.hbm2ddl.SchemaUpdate.execute HHH000388: Unsuccessful: alter table tempoengine.ENVPARAMVALUE add index FK_2fg6tfl07wsgtwcpap8cun3sy (ENVIRONMENTID), add constraint FK_2fg6tfl07wsgtwcpap8cun3sy foreign key (ENVIRONMENTID) references tempoengine.ENVIRONMENT (ENVIRONMENTID)
05-Oct-2015 10:01:16.693 ERROR [http-apr-8080-exec-7] org.hibernate.tool.hbm2ddl.SchemaUpdate.execute Duplicate key name 'FK_2fg6tfl07wsgtwcpap8cun3sy'
05-Oct-2015 10:01:16.699 ERROR [http-apr-8080-exec-7] org.hibernate.tool.hbm2ddl.SchemaUpdate.execute HHH000388: Unsuccessful: alter table tempoengine.ENVPARAMVALUE add index FK_5ya5um4gj7301ggl1w2w7oa5p (ENVPARAMID), add constraint FK_5ya5um4gj7301ggl1w2w7oa5p foreign key (ENVPARAMID) references tempoengine.ENVPARAM (ENVPARAMID)
05-Oct-2015 10:01:16.699 ERROR [http-apr-8080-exec-7] org.hibernate.tool.hbm2ddl.SchemaUpdate.execute Duplicate key name 'FK_5ya5um4gj7301ggl1w2w7oa5p'
05-Oct-2015 10:01:16.700 ERROR [http-apr-8080-exec-7] org.hibernate.tool.hbm2ddl.SchemaUpdate.execute HHH000388: Unsuccessful: alter table tempoengine.ENVPARAMVALUE add index FK_imx0aoj2v57l71paa6xycf02f (ENVPARAMSETID), add constraint FK_imx0aoj2v57l71paa6xycf02f foreign key (ENVPARAMSETID) references tempoengine.ENVPARAM (ENVPARAMID)
05-Oct-2015 10:01:16.700 ERROR [http-apr-8080-exec-7] org.hibernate.tool.hbm2ddl.SchemaUpdate.execute Duplicate key name 'FK_imx0aoj2v57l71paa6xycf02f'
05-Oct-2015 10:01:16.700 ERROR [http-apr-8080-exec-7] org.hibernate.tool.hbm2ddl.SchemaUpdate.execute HHH000388: Unsuccessful: alter table tempoengine.FLOWACTION add index FK_jic2qpxjdy3rxjj4aapf0yv9v (WORKFLOWID), add constraint FK_jic2qpxjdy3rxjj4aapf0yv9v foreign key (WORKFLOWID) references tempoengine.WORKFLOW (WORKFLOWID)
05-Oct-2015 10:01:16.701 ERROR [http-apr-8080-exec-7] org.hibernate.tool.hbm2ddl.SchemaUpdate.execute Duplicate key name 'FK_jic2qpxjdy3rxjj4aapf0yv9v'
05-Oct-2015 10:01:16.701 ERROR [http-apr-8080-exec-7] org.hibernate.tool.hbm2ddl.SchemaUpdate.execute HHH000388: Unsuccessful: alter table tempoengine.FLOWACTION add index FK_l3ffccm0yerl1p98nl59m17qu (ACTIONID), add constraint FK_l3ffccm0yerl1p98nl59m17qu foreign key (ACTIONID) references tempoengine.ACTION (ACTIONID)
05-Oct-2015 10:01:16.701 ERROR [http-apr-8080-exec-7] org.hibernate.tool.hbm2ddl.SchemaUpdate.execute Duplicate key name 'FK_l3ffccm0yerl1p98nl59m17qu'
05-Oct-2015 10:01:16.702 ERROR [http-apr-8080-exec-7] org.hibernate.tool.hbm2ddl.SchemaUpdate.execute HHH000388: Unsuccessful: alter table tempoengine.FLOWACTION add index FK_8g729eolnuv8im60cstyyh5pe (WORKFLOWIDSET), add constraint FK_8g729eolnuv8im60cstyyh5pe foreign key (WORKFLOWIDSET) references tempoengine.WORKFLOW (WORKFLOWID)
05-Oct-2015 10:01:16.702 ERROR [http-apr-8080-exec-7] org.hibernate.tool.hbm2ddl.SchemaUpdate.execute Duplicate key name 'FK_8g729eolnuv8im60cstyyh5pe'
05-Oct-2015 10:01:16.703 ERROR [http-apr-8080-exec-7] org.hibernate.tool.hbm2ddl.SchemaUpdate.execute HHH000388: Unsuccessful: alter table tempoengine.FLOWACTIONEXECUTELOG add index FK_1t4o4kx6dcdcycck5jhh8i4rj (DEPLOYMENTLOGID), add constraint FK_1t4o4kx6dcdcycck5jhh8i4rj foreign key (DEPLOYMENTLOGID) references tempoengine.DEPLOYMENTLOG (DEPLOYMENTLOGID)
05-Oct-2015 10:01:16.703 ERROR [http-apr-8080-exec-7] org.hibernate.tool.hbm2ddl.SchemaUpdate.execute Duplicate key name 'FK_1t4o4kx6dcdcycck5jhh8i4rj'
05-Oct-2015 10:01:16.704 ERROR [http-apr-8080-exec-7] org.hibernate.tool.hbm2ddl.SchemaUpdate.execute HHH000388: Unsuccessful: alter table tempoengine.FLOWACTIONEXECUTELOG add index FK_7xn95qygfnibbjxfr7eunyp37 (FLOWACTIONID, WORKFLOWID), add constraint FK_7xn95qygfnibbjxfr7eunyp37 foreign key (FLOWACTIONID, WORKFLOWID) references tempoengine.FLOWACTION (FLOWACTIONID, WORKFLOWID)
05-Oct-2015 10:01:16.704 ERROR [http-apr-8080-exec-7] org.hibernate.tool.hbm2ddl.SchemaUpdate.execute Duplicate key name 'FK_7xn95qygfnibbjxfr7eunyp37'
05-Oct-2015 10:01:16.704 ERROR [http-apr-8080-exec-7] org.hibernate.tool.hbm2ddl.SchemaUpdate.execute HHH000388: Unsuccessful: alter table tempoengine.FLOWACTIONPROPERTY add index FK_jblndkymm4obi4usr0niy0n9m (ACTIONPROPERTYID), add constraint FK_jblndkymm4obi4usr0niy0n9m foreign key (ACTIONPROPERTYID) references tempoengine.ACTIONPROPERTY (ACTIONPROPERTYID)
05-Oct-2015 10:01:16.705 ERROR [http-apr-8080-exec-7] null.execute Duplicate key name 'FK_jblndkymm4obi4usr0niy0n9m'
05-Oct-2015 10:01:16.707 ERROR [http-apr-8080-exec-7] org.hibernate.tool.hbm2ddl.SchemaUpdate.execute HHH000388: Unsuccessful: alter table tempoengine.FLOWACTIONPROPERTY add index FK_eosp7fex8014ghc658acwlscb (FLOWACTIONID, WORKFLOWID), add constraint FK_eosp7fex8014ghc658acwlscb foreign key (FLOWACTIONID, WORKFLOWID) references tempoengine.FLOWACTION (FLOWACTIONID, WORKFLOWID)
05-Oct-2015 10:01:16.707 ERROR [http-apr-8080-exec-7] org.hibernate.tool.hbm2ddl.SchemaUpdate.execute Duplicate key name 'FK_eosp7fex8014ghc658acwlscb'
05-Oct-2015 10:01:16.708 ERROR [http-apr-8080-exec-7] org.hibernate.tool.hbm2ddl.SchemaUpdate.execute HHH000388: Unsuccessful: alter table tempoengine.LINKFLOWACTION add index FK_julr5790n29q8whg4vt11f1ll (FROMFLOWACTIONID, FROMWORKFLOWID), add constraint FK_julr5790n29q8whg4vt11f1ll foreign key (FROMFLOWACTIONID, FROMWORKFLOWID) references tempoengine.FLOWACTION (FLOWACTIONID, WORKFLOWID)
05-Oct-2015 10:01:16.708 ERROR [http-apr-8080-exec-7] org.hibernate.tool.hbm2ddl.SchemaUpdate.execute Duplicate key name 'FK_julr5790n29q8whg4vt11f1ll'
05-Oct-2015 10:01:16.710 ERROR [http-apr-8080-exec-7] org.hibernate.tool.hbm2ddl.SchemaUpdate.execute HHH000388: Unsuccessful: alter table tempoengine.LINKFLOWACTION add index FK_iskk5ytoxs8oxdt6y8v9wmvkv (TOFLOWACTIONID, TOWORKFLOWID), add constraint FK_iskk5ytoxs8oxdt6y8v9wmvkv foreign key (TOFLOWACTIONID, TOWORKFLOWID) references tempoengine.FLOWACTION (FLOWACTIONID, WORKFLOWID)
05-Oct-2015 10:01:16.710 ERROR [http-apr-8080-exec-7] org.hibernate.tool.hbm2ddl.SchemaUpdate.execute Duplicate key name 'FK_iskk5ytoxs8oxdt6y8v9wmvkv'
05-Oct-2015 10:01:16.710 ERROR [http-apr-8080-exec-7] org.hibernate.tool.hbm2ddl.SchemaUpdate.execute HHH000388: Unsuccessful: alter table tempoengine.LINKFLOWACTION add index FK_lns0kgk0ae43ktw4ni4xbmgj5 (WORKFLOWID), add constraint FK_lns0kgk0ae43ktw4ni4xbmgj5 foreign key (WORKFLOWID) references tempoengine.WORKFLOW (WORKFLOWID)
05-Oct-2015 10:01:16.711 ERROR [http-apr-8080-exec-7] org.hibernate.tool.hbm2ddl.SchemaUpdate.execute Duplicate key name 'FK_lns0kgk0ae43ktw4ni4xbmgj5'
05-Oct-2015 10:01:16.711 ERROR [http-apr-8080-exec-7] org.hibernate.tool.hbm2ddl.SchemaUpdate.execute HHH000388: Unsuccessful: alter table tempoengine.LOG add index FK_e86uppndut5n78invt3b4x5od (VERSIONID), add constraint FK_e86uppndut5n78invt3b4x5od foreign key (VERSIONID) references tempoengine.VERSION (VERSIONID)
05-Oct-2015 10:01:16.711 ERROR [http-apr-8080-exec-7] org.hibernate.tool.hbm2ddl.SchemaUpdate.execute Duplicate key name 'FK_e86uppndut5n78invt3b4x5od'
05-Oct-2015 10:01:16.712 ERROR [http-apr-8080-exec-7] org.hibernate.tool.hbm2ddl.SchemaUpdate.execute HHH000388: Unsuccessful: alter table tempoengine.MACHINE add index FK_s1pu3fi3yjdf1vkoa2prnkug1 (PROJECTID), add constraint FK_s1pu3fi3yjdf1vkoa2prnkug1 foreign key (PROJECTID) references tempoengine.PROJECT (PROJECTID)
05-Oct-2015 10:01:16.712 ERROR [http-apr-8080-exec-7] org.hibernate.tool.hbm2ddl.SchemaUpdate.execute Duplicate key name 'FK_s1pu3fi3yjdf1vkoa2prnkug1'
05-Oct-2015 10:01:16.713 ERROR [http-apr-8080-exec-7] org.hibernate.tool.hbm2ddl.SchemaUpdate.execute HHH000388: Unsuccessful: alter table tempoengine.MACHINEGROUP add index FK_hys68ohft4gonbrbpollf1p1l (ENVIRONMENTID), add constraint FK_hys68ohft4gonbrbpollf1p1l foreign key (ENVIRONMENTID) references tempoengine.ENVIRONMENT (ENVIRONMENTID)
05-Oct-2015 10:01:16.713 ERROR [http-apr-8080-exec-7] org.hibernate.tool.hbm2ddl.SchemaUpdate.execute Duplicate key name 'FK_hys68ohft4gonbrbpollf1p1l'
05-Oct-2015 10:01:16.714 ERROR [http-apr-8080-exec-7] org.hibernate.tool.hbm2ddl.SchemaUpdate.execute HHH000388: Unsuccessful: alter table tempoengine.MACHINEGROUPPARAM add index FK_pbv5e4gk0d69tj1thtbtkj66n (MACHINEGROUPID), add constraint FK_pbv5e4gk0d69tj1thtbtkj66n foreign key (MACHINEGROUPID) references tempoengine.MACHINEGROUP (MACHINEGROUPID)
05-Oct-2015 10:01:16.716 ERROR [http-apr-8080-exec-7] org.hibernate.tool.hbm2ddl.SchemaUpdate.execute Duplicate key name 'FK_pbv5e4gk0d69tj1thtbtkj66n'
05-Oct-2015 10:01:16.717 ERROR [http-apr-8080-exec-7] org.hibernate.tool.hbm2ddl.SchemaUpdate.execute HHH000388: Unsuccessful: alter table tempoengine.MACHINEGROUP_COMPONENT add index FK_hq5ca7komumm60720dskj03xs (MACHINEGROUPID), add constraint FK_hq5ca7komumm60720dskj03xs foreign key (MACHINEGROUPID) references tempoengine.MACHINEGROUP (MACHINEGROUPID)
05-Oct-2015 10:01:16.718 ERROR [http-apr-8080-exec-7] org.hibernate.tool.hbm2ddl.SchemaUpdate.execute Duplicate key name 'FK_hq5ca7komumm60720dskj03xs'
05-Oct-2015 10:01:16.721 ERROR [http-apr-8080-exec-7] org.hibernate.tool.hbm2ddl.SchemaUpdate.execute HHH000388: Unsuccessful: alter table tempoengine.MACHINEGROUP_COMPONENT add index FK_e6tgelv9u4vli7l4u4nw7tp7y (COMPONENTID), add constraint FK_e6tgelv9u4vli7l4u4nw7tp7y foreign key (COMPONENTID) references tempoengine.COMPONENT (COMPONENTID)
05-Oct-2015 10:01:16.721 ERROR [http-apr-8080-exec-7] org.hibernate.tool.hbm2ddl.SchemaUpdate.execute Duplicate key name 'FK_e6tgelv9u4vli7l4u4nw7tp7y'
05-Oct-2015 10:01:16.728 ERROR [http-apr-8080-exec-7] org.hibernate.tool.hbm2ddl.SchemaUpdate.execute HHH000388: Unsuccessful: alter table tempoengine.MACHINEGROUP_TOOL add index FK_pvv1xky0ytx21x7t6htw7069m (TOOLID), add constraint FK_pvv1xky0ytx21x7t6htw7069m foreign key (TOOLID) references tempoengine.TOOL (TOOLID)
05-Oct-2015 10:01:16.729 ERROR [http-apr-8080-exec-7] org.hibernate.tool.hbm2ddl.SchemaUpdate.execute Duplicate key name 'FK_pvv1xky0ytx21x7t6htw7069m'
05-Oct-2015 10:01:16.729 ERROR [http-apr-8080-exec-7] org.hibernate.tool.hbm2ddl.SchemaUpdate.execute HHH000388: Unsuccessful: alter table tempoengine.MACHINEGROUP_TOOL add index FK_2mugkw8u219mbooah206srut4 (MACHINEGROUPID), add constraint FK_2mugkw8u219mbooah206srut4 foreign key (MACHINEGROUPID) references tempoengine.MACHINEGROUP (MACHINEGROUPID)
05-Oct-2015 10:01:16.730 ERROR [http-apr-8080-exec-7] null.null Duplicate key name 'FK_2mugkw8u219mbooah206srut4'
05-Oct-2015 10:01:16.731 ERROR [http-apr-8080-exec-7] org.hibernate.tool.hbm2ddl.SchemaUpdate.execute HHH000388: Unsuccessful: alter table tempoengine.MACHINEPARAM add index FK_98ue7o8cufld6k4diuk9lqmvb (PROJECTID), add constraint FK_98ue7o8cufld6k4diuk9lqmvb foreign key (PROJECTID) references tempoengine.PROJECT (PROJECTID)
05-Oct-2015 10:01:16.731 ERROR [http-apr-8080-exec-7] org.hibernate.tool.hbm2ddl.SchemaUpdate.execute Duplicate key name 'FK_98ue7o8cufld6k4diuk9lqmvb'
05-Oct-2015 10:01:16.732 ERROR [http-apr-8080-exec-7] org.hibernate.tool.hbm2ddl.SchemaUpdate.execute HHH000388: Unsuccessful: alter table tempoengine.MACHINEPARAMVALUE add index FK_r7v8egsdci6qb9vddtikkrdhu (MACHINEID), add constraint FK_r7v8egsdci6qb9vddtikkrdhu foreign key (MACHINEID) references tempoengine.MACHINE (MACHINEID)
05-Oct-2015 10:01:16.732 ERROR [http-apr-8080-exec-7] org.hibernate.tool.hbm2ddl.SchemaUpdate.execute Duplicate key name 'FK_r7v8egsdci6qb9vddtikkrdhu'
05-Oct-2015 10:01:16.733 ERROR [http-apr-8080-exec-7] org.hibernate.tool.hbm2ddl.SchemaUpdate.execute HHH000388: Unsuccessful: alter table tempoengine.MACHINEPARAMVALUE add index FK_cieransin6vuy14cu7fpetanq (MACHINEPARAMID), add constraint FK_cieransin6vuy14cu7fpetanq foreign key (MACHINEPARAMID) references tempoengine.MACHINEPARAM (MACHINEPARAMID)
05-Oct-2015 10:01:16.733 ERROR [http-apr-8080-exec-7] org.hibernate.tool.hbm2ddl.SchemaUpdate.execute Duplicate key name 'FK_cieransin6vuy14cu7fpetanq'
05-Oct-2015 10:01:16.733 ERROR [http-apr-8080-exec-7] org.hibernate.tool.hbm2ddl.SchemaUpdate.execute HHH000388: Unsuccessful: alter table tempoengine.MACHINEPARAMVALUE add index FK_6vrlqd2v9219bmpn3kp6x3c8p (MACHINEPARAMSETID), add constraint FK_6vrlqd2v9219bmpn3kp6x3c8p foreign key (MACHINEPARAMSETID) references tempoengine.MACHINEPARAM (MACHINEPARAMID)
05-Oct-2015 10:01:16.734 ERROR [http-apr-8080-exec-7] org.hibernate.tool.hbm2ddl.SchemaUpdate.execute Duplicate key name 'FK_6vrlqd2v9219bmpn3kp6x3c8p'
05-Oct-2015 10:01:16.734 ERROR [http-apr-8080-exec-7] org.hibernate.tool.hbm2ddl.SchemaUpdate.execute HHH000388: Unsuccessful: alter table tempoengine.MACHINE_MACHINEGROUP add index FK_2qqwxwdy8venjw9c0fwubdity (MACHINEGROUPID), add constraint FK_2qqwxwdy8venjw9c0fwubdity foreign key (MACHINEGROUPID) references tempoengine.MACHINEGROUP (MACHINEGROUPID)
05-Oct-2015 10:01:16.734 ERROR [http-apr-8080-exec-7] org.hibernate.tool.hbm2ddl.SchemaUpdate.execute Duplicate key name 'FK_2qqwxwdy8venjw9c0fwubdity'
05-Oct-2015 10:01:16.735 ERROR [http-apr-8080-exec-7] org.hibernate.tool.hbm2ddl.SchemaUpdate.execute HHH000388: Unsuccessful: alter table tempoengine.MACHINE_MACHINEGROUP add index FK_ke9rci1jr8d25onfa9w3w8rkk (MACHINEID), add constraint FK_ke9rci1jr8d25onfa9w3w8rkk foreign key (MACHINEID) references tempoengine.MACHINE (MACHINEID)
05-Oct-2015 10:01:16.735 ERROR [http-apr-8080-exec-7] org.hibernate.tool.hbm2ddl.SchemaUpdate.execute Duplicate key name 'FK_ke9rci1jr8d25onfa9w3w8rkk'
05-Oct-2015 10:01:16.736 ERROR [http-apr-8080-exec-7] org.hibernate.tool.hbm2ddl.SchemaUpdate.execute HHH000388: Unsuccessful: alter table tempoengine.NOTIFICATION add index FK_cpu2b7jbc8xh0b693b7l9gjc0 (PROJECTID), add constraint FK_cpu2b7jbc8xh0b693b7l9gjc0 foreign key (PROJECTID) references tempoengine.PROJECT (PROJECTID)
05-Oct-2015 10:01:16.736 ERROR [http-apr-8080-exec-7] org.hibernate.tool.hbm2ddl.SchemaUpdate.execute Duplicate key name 'FK_cpu2b7jbc8xh0b693b7l9gjc0'
05-Oct-2015 10:01:16.736 ERROR [http-apr-8080-exec-7] org.hibernate.tool.hbm2ddl.SchemaUpdate.execute HHH000388: Unsuccessful: alter table tempoengine.PROJECT add index FK_pdndp4iiroeo1pyxo3a1rp4e4 (LOCKBY), add constraint FK_pdndp4iiroeo1pyxo3a1rp4e4 foreign key (LOCKBY) references tempoengine.USER (USERNAME)
05-Oct-2015 10:01:16.737 ERROR [http-apr-8080-exec-7] org.hibernate.tool.hbm2ddl.SchemaUpdate.execute Duplicate key name 'FK_pdndp4iiroeo1pyxo3a1rp4e4'
05-Oct-2015 10:01:16.737 ERROR [http-apr-8080-exec-7] org.hibernate.tool.hbm2ddl.SchemaUpdate.execute HHH000388: Unsuccessful: alter table tempoengine.PROJECTPARAM add index FK_97gvu5lwrqinukhwu1kdfya6t (PROJECTID), add constraint FK_97gvu5lwrqinukhwu1kdfya6t foreign key (PROJECTID) references tempoengine.PROJECT (PROJECTID)
05-Oct-2015 10:01:16.737 ERROR [http-apr-8080-exec-7] org.hibernate.tool.hbm2ddl.SchemaUpdate.execute Duplicate key name 'FK_97gvu5lwrqinukhwu1kdfya6t'
05-Oct-2015 10:01:16.738 ERROR [http-apr-8080-exec-7] org.hibernate.tool.hbm2ddl.SchemaUpdate.execute HHH000388: Unsuccessful: alter table tempoengine.TOOL add index FK_bsexvxn4yuixbvne778xnqbe8 (LOCKBY), add constraint FK_bsexvxn4yuixbvne778xnqbe8 foreign key (LOCKBY) references tempoengine.USER (USERNAME)
05-Oct-2015 10:01:16.738 ERROR [http-apr-8080-exec-7] org.hibernate.tool.hbm2ddl.SchemaUpdate.execute Duplicate key name 'FK_bsexvxn4yuixbvne778xnqbe8'
05-Oct-2015 10:01:16.764 ERROR [http-apr-8080-exec-7] org.hibernate.tool.hbm2ddl.SchemaUpdate.execute HHH000388: Unsuccessful: alter table tempoengine.TOOL add index FK_hnqf92l9yskatn9ci073ewaix (PROJECTID), add constraint FK_hnqf92l9yskatn9ci073ewaix foreign key (PROJECTID) references tempoengine.PROJECT (PROJECTID)
05-Oct-2015 10:01:16.764 ERROR [http-apr-8080-exec-7] org.hibernate.tool.hbm2ddl.SchemaUpdate.execute Duplicate key name 'FK_hnqf92l9yskatn9ci073ewaix'
05-Oct-2015 10:01:16.774 ERROR [http-apr-8080-exec-7] org.hibernate.tool.hbm2ddl.SchemaUpdate.execute HHH000388: Unsuccessful: alter table tempoengine.TOOLPROPERTY add index FK_92ld2kwsdvgp4v94u4lu5x1h3 (TOOLID), add constraint FK_92ld2kwsdvgp4v94u4lu5x1h3 foreign key (TOOLID) references tempoengine.TOOL (TOOLID)
05-Oct-2015 10:01:16.775 ERROR [http-apr-8080-exec-7] org.hibernate.tool.hbm2ddl.SchemaUpdate.execute Duplicate key name 'FK_92ld2kwsdvgp4v94u4lu5x1h3'
05-Oct-2015 10:01:16.776 ERROR [http-apr-8080-exec-7] org.hibernate.tool.hbm2ddl.SchemaUpdate.execute HHH000388: Unsuccessful: alter table tempoengine.USERPERMISSION add index FK_duqvnlburvjok2pn8gq9fye6c (USERNAME), add constraint FK_duqvnlburvjok2pn8gq9fye6c foreign key (USERNAME) references tempoengine.USER (USERNAME)
05-Oct-2015 10:01:16.776 ERROR [http-apr-8080-exec-7] org.hibernate.tool.hbm2ddl.SchemaUpdate.execute Duplicate key name 'FK_duqvnlburvjok2pn8gq9fye6c'
05-Oct-2015 10:01:16.776 ERROR [http-apr-8080-exec-7] org.hibernate.tool.hbm2ddl.SchemaUpdate.execute HHH000388: Unsuccessful: alter table tempoengine.USERPERMISSION add index FK_142txvul1r0hn8gpn9h6e1p4x (PROJECTID), add constraint FK_142txvul1r0hn8gpn9h6e1p4x foreign key (PROJECTID) references tempoengine.PROJECT (PROJECTID)
05-Oct-2015 10:01:16.777 ERROR [http-apr-8080-exec-7] org.hibernate.tool.hbm2ddl.SchemaUpdate.execute Duplicate key name 'FK_142txvul1r0hn8gpn9h6e1p4x'
05-Oct-2015 10:01:16.777 ERROR [http-apr-8080-exec-7] org.hibernate.tool.hbm2ddl.SchemaUpdate.execute HHH000388: Unsuccessful: alter table tempoengine.VERSION add index FK_keu3vvfn86bqiwpsr9xdx3cge (COMPONENTID), add constraint FK_keu3vvfn86bqiwpsr9xdx3cge foreign key (COMPONENTID) references tempoengine.COMPONENT (COMPONENTID)
05-Oct-2015 10:01:16.777 ERROR [http-apr-8080-exec-7] org.hibernate.tool.hbm2ddl.SchemaUpdate.execute Duplicate key name 'FK_keu3vvfn86bqiwpsr9xdx3cge'
05-Oct-2015 10:01:16.778 ERROR [http-apr-8080-exec-7] org.hibernate.tool.hbm2ddl.SchemaUpdate.execute HHH000388: Unsuccessful: alter table tempoengine.VERSIONPARAM add index FK_nblxhjs1682s7rygfau1tc12t (COMPONENTID), add constraint FK_nblxhjs1682s7rygfau1tc12t foreign key (COMPONENTID) references tempoengine.COMPONENT (COMPONENTID)
05-Oct-2015 10:01:16.778 ERROR [http-apr-8080-exec-7] org.hibernate.tool.hbm2ddl.SchemaUpdate.execute Duplicate key name 'FK_nblxhjs1682s7rygfau1tc12t'
05-Oct-2015 10:01:16.779 ERROR [http-apr-8080-exec-7] org.hibernate.tool.hbm2ddl.SchemaUpdate.execute HHH000388: Unsuccessful: alter table tempoengine.VERSIONPARAMVALUE add index FK_368ik3ubh8ilglx2dy16fjmqj (VERSIONID), add constraint FK_368ik3ubh8ilglx2dy16fjmqj foreign key (VERSIONID) references tempoengine.VERSION (VERSIONID)
05-Oct-2015 10:01:16.779 ERROR [http-apr-8080-exec-7] org.hibernate.tool.hbm2ddl.SchemaUpdate.execute Duplicate key name 'FK_368ik3ubh8ilglx2dy16fjmqj'
05-Oct-2015 10:01:16.780 ERROR [http-apr-8080-exec-7] org.hibernate.tool.hbm2ddl.SchemaUpdate.execute HHH000388: Unsuccessful: alter table tempoengine.VERSIONPARAMVALUE add index FK_83a8d99nyf4hr8peuwpxag3f2 (VERSIONPARAMID), add constraint FK_83a8d99nyf4hr8peuwpxag3f2 foreign key (VERSIONPARAMID) references tempoengine.VERSIONPARAM (VERSIONPARAMID)
05-Oct-2015 10:01:16.780 ERROR [http-apr-8080-exec-7] org.hibernate.tool.hbm2ddl.SchemaUpdate.execute Duplicate key name 'FK_83a8d99nyf4hr8peuwpxag3f2'
05-Oct-2015 10:01:16.781 ERROR [http-apr-8080-exec-7] org.hibernate.tool.hbm2ddl.SchemaUpdate.execute HHH000388: Unsuccessful: alter table tempoengine.VERSIONPARAMVALUE add index FK_63swdahfwlsmxjhw2ugb7csxe (VERSIONPARAMIDSET), add constraint FK_63swdahfwlsmxjhw2ugb7csxe foreign key (VERSIONPARAMIDSET) references tempoengine.VERSIONPARAM (VERSIONPARAMID)
05-Oct-2015 10:01:16.781 ERROR [http-apr-8080-exec-7] org.hibernate.tool.hbm2ddl.SchemaUpdate.execute Duplicate key name 'FK_63swdahfwlsmxjhw2ugb7csxe'
05-Oct-2015 10:01:16.784 ERROR [http-apr-8080-exec-7] org.hibernate.tool.hbm2ddl.SchemaUpdate.execute HHH000388: Unsuccessful: alter table tempoengine.WORKFLOW add index FK_9isliua64mgclu99ognymdvi6 (LOCKBY), add constraint FK_9isliua64mgclu99ognymdvi6 foreign key (LOCKBY) references tempoengine.USER (USERNAME)
05-Oct-2015 10:01:16.785 ERROR [http-apr-8080-exec-7] null.null Duplicate key name 'FK_9isliua64mgclu99ognymdvi6'
05-Oct-2015 10:01:16.786 ERROR [http-apr-8080-exec-7] org.hibernate.tool.hbm2ddl.SchemaUpdate.execute HHH000388: Unsuccessful: alter table tempoengine.WORKFLOW add index FK_5a0wdmfexocjl97c7u45m1uru (COMPONENTID), add constraint FK_5a0wdmfexocjl97c7u45m1uru foreign key (COMPONENTID) references tempoengine.COMPONENT (COMPONENTID)
05-Oct-2015 10:01:16.786 ERROR [http-apr-8080-exec-7] org.hibernate.tool.hbm2ddl.SchemaUpdate.execute Duplicate key name 'FK_5a0wdmfexocjl97c7u45m1uru'
05-Oct-2015 10:01:16.787 ERROR [http-apr-8080-exec-7] org.hibernate.tool.hbm2ddl.SchemaUpdate.execute HHH000388: Unsuccessful: alter table tempoengine.WORKFLOW add index FK_hg4vcleuhq3xgppjio827f6c0 (PROJECTID), add constraint FK_hg4vcleuhq3xgppjio827f6c0 foreign key (PROJECTID) references tempoengine.PROJECT (PROJECTID)
05-Oct-2015 10:01:16.787 ERROR [http-apr-8080-exec-7] org.hibernate.tool.hbm2ddl.SchemaUpdate.execute Duplicate key name 'FK_hg4vcleuhq3xgppjio827f6c0'
05-Oct-2015 10:01:16.788 ERROR [http-apr-8080-exec-7] org.hibernate.tool.hbm2ddl.SchemaUpdate.execute HHH000388: Unsuccessful: alter table tempoengine.WORKFLOWPARAM add index FK_8dw1nahlmpem6xxq0cvas211o (WORKFLOWID), add constraint FK_8dw1nahlmpem6xxq0cvas211o foreign key (WORKFLOWID) references tempoengine.WORKFLOW (WORKFLOWID)
05-Oct-2015 10:01:16.788 ERROR [http-apr-8080-exec-7] org.hibernate.tool.hbm2ddl.SchemaUpdate.execute Duplicate key name 'FK_8dw1nahlmpem6xxq0cvas211o'
05-Oct-2015 10:01:16.789 INFO [http-apr-8080-exec-7] org.hibernate.tool.hbm2ddl.SchemaUpdate.execute HHH000232: Schema update complete
