29-Oct-2015 10:39:29.663 INFO [main] org.apache.catalina.core.AprLifecycleListener.init Loaded APR based Apache Tomcat Native library 1.1.29 using APR version 1.4.8.
29-Oct-2015 10:39:29.663 INFO [main] org.apache.catalina.core.AprLifecycleListener.init APR capabilities: IPv6 [true], sendfile [true], accept filters [false], random [true].
29-Oct-2015 10:39:38.575 INFO [main] org.apache.catalina.core.AprLifecycleListener.initializeSSL OpenSSL successfully initialized (OpenSSL 1.0.1e 11 Feb 2013)
29-Oct-2015 10:39:38.918 INFO [main] org.apache.coyote.AbstractProtocol.init Initializing ProtocolHandler ["http-apr-8080"]
29-Oct-2015 10:39:38.934 INFO [main] org.apache.coyote.AbstractProtocol.init Initializing ProtocolHandler ["ajp-apr-8009"]
29-Oct-2015 10:39:38.949 INFO [main] org.apache.catalina.startup.Catalina.load Initialization processed in 10329 ms
29-Oct-2015 10:39:39.090 INFO [main] org.apache.catalina.core.StandardService.startInternal Starting service Catalina
29-Oct-2015 10:39:39.090 INFO [main] org.apache.catalina.core.StandardEngine.startInternal Starting Servlet Engine: Apache Tomcat/8.0.3
29-Oct-2015 10:39:39.199 INFO [localhost-startStop-1] org.apache.catalina.startup.HostConfig.deployDirectory Deploying web application directory C:\Software\6. apache-tomcat-8.0.3-windows-x64\apache-tomcat-8.0.3\webapps\docs
29-Oct-2015 10:39:40.603 INFO [localhost-startStop-1] org.apache.catalina.util.SessionIdGenerator.createSecureRandom Creation of SecureRandom instance for session ID generation using [SHA1PRNG] took [219] milliseconds.
29-Oct-2015 10:39:40.634 INFO [localhost-startStop-1] org.apache.catalina.startup.HostConfig.deployDirectory Deploying web application directory C:\Software\6. apache-tomcat-8.0.3-windows-x64\apache-tomcat-8.0.3\webapps\examples
29-Oct-2015 10:39:43.021 INFO [localhost-startStop-1] org.apache.catalina.startup.HostConfig.deployDirectory Deploying web application directory C:\Software\6. apache-tomcat-8.0.3-windows-x64\apache-tomcat-8.0.3\webapps\host-manager
29-Oct-2015 10:39:43.754 INFO [localhost-startStop-1] org.apache.catalina.startup.HostConfig.deployDirectory Deploying web application directory C:\Software\6. apache-tomcat-8.0.3-windows-x64\apache-tomcat-8.0.3\webapps\manager
29-Oct-2015 10:39:44.191 INFO [localhost-startStop-1] org.apache.catalina.startup.HostConfig.deployDirectory Deploying web application directory C:\Software\6. apache-tomcat-8.0.3-windows-x64\apache-tomcat-8.0.3\webapps\ROOT
29-Oct-2015 10:39:44.410 INFO [localhost-startStop-1] org.apache.catalina.startup.HostConfig.deployDirectory Deploying web application directory C:\Software\6. apache-tomcat-8.0.3-windows-x64\apache-tomcat-8.0.3\webapps\TempoEngine
29-Oct-2015 10:39:59.792 INFO [localhost-startStop-1] com.sun.jersey.api.core.PackagesResourceConfig.init Scanning for root resource and provider classes in the packages:
  com.virtusa.tempo
29-Oct-2015 10:40:00.026 INFO [localhost-startStop-1] null.null Root resource classes found:
  class com.virtusa.tempo.hibernate.resource.ToolResource
  class com.virtusa.tempo.hibernate.resource.EnvironmentResource
  class com.virtusa.tempo.hibernate.resource.MachineGroupResource
  class com.virtusa.tempo.hibernate.resource.FlowActionExecuteLogResource
  class com.virtusa.tempo.hibernate.resource.MachineParamResource
  class com.virtusa.tempo.hibernate.resource.MachineResource
  class com.virtusa.tempo.hibernate.resource.FlowWorkFlowExecuteLogResource
  class com.virtusa.tempo.hibernate.resource.EnvParamResource
  class com.virtusa.tempo.hibernate.resource.UserResource
  class com.virtusa.tempo.hibernate.resource.DBResource
  class com.virtusa.tempo.hibernate.resource.ProjectsResource
  class com.virtusa.tempo.hibernate.resource.ComponentResource
  class com.virtusa.tempo.hibernate.resource.WorkFlowResource
  class com.virtusa.tempo.hibernate.resource.CascadedWorkFlowResource
  class com.virtusa.tempo.hibernate.resource.VersionResourse
  class com.virtusa.tempo.hibernate.resource.CascadedDeploymentLogResource
  class com.virtusa.tempo.hibernate.resource.ActionExecuteLogResource
  class com.virtusa.tempo.hibernate.resource.ScheduleResource
  class com.virtusa.tempo.toolbox.resource.Resource
  class com.virtusa.tempo.hibernate.resource.DeploymentLogResource
29-Oct-2015 10:40:00.042 INFO [localhost-startStop-1] com.sun.jersey.api.core.ScanningResourceConfig.init No provider classes found.
29-Oct-2015 10:40:00.323 INFO [localhost-startStop-1] com.sun.jersey.server.impl.application.WebApplicationImpl._initiate Initiating Jersey application, version 'Jersey: 1.8 06/24/2011 12:17 PM'
29-Oct-2015 10:40:04.722 INFO [main] org.apache.coyote.AbstractProtocol.start Starting ProtocolHandler ["http-apr-8080"]
29-Oct-2015 10:40:04.738 INFO [main] org.apache.coyote.AbstractProtocol.start Starting ProtocolHandler ["ajp-apr-8009"]
29-Oct-2015 10:40:04.738 INFO [main] org.apache.catalina.startup.Catalina.start Server startup in 25797 ms
29-Oct-2015 11:39:14.737 INFO [http-apr-8080-exec-2] null.null HCANN000001: Hibernate Commons Annotations {4.0.2.Final}
29-Oct-2015 11:39:14.804 INFO [http-apr-8080-exec-2] null.null HHH000412: Hibernate Core {4.2.7.SP1}
29-Oct-2015 11:39:14.821 INFO [http-apr-8080-exec-2] org.hibernate.cfg.Environment.<clinit> HHH000206: hibernate.properties not found
29-Oct-2015 11:39:14.836 INFO [http-apr-8080-exec-2] org.hibernate.cfg.Environment.buildBytecodeProvider HHH000021: Bytecode provider name : javassist
29-Oct-2015 11:39:15.124 INFO [http-apr-8080-exec-2] org.hibernate.cfg.Configuration.configure HHH000043: Configuring from resource: /hibernate.cfg.xml
29-Oct-2015 11:39:15.125 INFO [http-apr-8080-exec-2] org.hibernate.cfg.Configuration.getConfigurationInputStream HHH000040: Configuration resource: /hibernate.cfg.xml
29-Oct-2015 11:39:15.399 WARN [http-apr-8080-exec-2] org.hibernate.internal.util.xml.DTDEntityResolver.resolveEntity HHH000223: Recognized obsolete hibernate namespace http://hibernate.sourceforge.net/. Use namespace http://www.hibernate.org/dtd/ instead. Refer to Hibernate 3.6 Migration Guide!
29-Oct-2015 11:39:15.520 INFO [http-apr-8080-exec-2] org.hibernate.cfg.Configuration.addResource HHH000221: Reading mappings from resource: com/virtusa/tempo/hibernate/mapping/Project.hbm.xml
29-Oct-2015 11:39:15.783 WARN [http-apr-8080-exec-2] null.null HHH000223: Recognized obsolete hibernate namespace http://hibernate.sourceforge.net/. Use namespace http://www.hibernate.org/dtd/ instead. Refer to Hibernate 3.6 Migration Guide!
29-Oct-2015 11:39:15.900 INFO [http-apr-8080-exec-2] null.null HHH000221: Reading mappings from resource: com/virtusa/tempo/hibernate/mapping/Action.hbm.xml
29-Oct-2015 11:39:15.947 WARN [http-apr-8080-exec-2] <unknown>.<unknown> HHH000223: Recognized obsolete hibernate namespace http://hibernate.sourceforge.net/. Use namespace http://www.hibernate.org/dtd/ instead. Refer to Hibernate 3.6 Migration Guide!
29-Oct-2015 11:39:15.961 INFO [http-apr-8080-exec-2] org.hibernate.cfg.Configuration.addResource HHH000221: Reading mappings from resource: com/virtusa/tempo/hibernate/mapping/ActionProperty.hbm.xml
29-Oct-2015 11:39:15.986 WARN [http-apr-8080-exec-2] org.hibernate.internal.util.xml.DTDEntityResolver.resolveEntity HHH000223: Recognized obsolete hibernate namespace http://hibernate.sourceforge.net/. Use namespace http://www.hibernate.org/dtd/ instead. Refer to Hibernate 3.6 Migration Guide!
29-Oct-2015 11:39:15.997 INFO [http-apr-8080-exec-2] <unknown>.<unknown> HHH000221: Reading mappings from resource: com/virtusa/tempo/hibernate/mapping/Component.hbm.xml
29-Oct-2015 11:39:16.035 WARN [http-apr-8080-exec-2] null.null HHH000223: Recognized obsolete hibernate namespace http://hibernate.sourceforge.net/. Use namespace http://www.hibernate.org/dtd/ instead. Refer to Hibernate 3.6 Migration Guide!
29-Oct-2015 11:39:16.058 INFO [http-apr-8080-exec-2] org.hibernate.cfg.Configuration.addResource HHH000221: Reading mappings from resource: com/virtusa/tempo/hibernate/mapping/Environment.hbm.xml
29-Oct-2015 11:39:16.098 WARN [http-apr-8080-exec-2] <unknown>.<unknown> HHH000223: Recognized obsolete hibernate namespace http://hibernate.sourceforge.net/. Use namespace http://www.hibernate.org/dtd/ instead. Refer to Hibernate 3.6 Migration Guide!
29-Oct-2015 11:39:16.111 INFO [http-apr-8080-exec-2] org.hibernate.cfg.Configuration.addResource HHH000221: Reading mappings from resource: com/virtusa/tempo/hibernate/mapping/FlowAction.hbm.xml
29-Oct-2015 11:39:16.153 WARN [http-apr-8080-exec-2] <unknown>.<unknown> HHH000223: Recognized obsolete hibernate namespace http://hibernate.sourceforge.net/. Use namespace http://www.hibernate.org/dtd/ instead. Refer to Hibernate 3.6 Migration Guide!
29-Oct-2015 11:39:16.162 INFO [http-apr-8080-exec-2] org.hibernate.cfg.Configuration.addResource HHH000221: Reading mappings from resource: com/virtusa/tempo/hibernate/mapping/Log.hbm.xml
29-Oct-2015 11:39:16.192 WARN [http-apr-8080-exec-2] org.hibernate.internal.util.xml.DTDEntityResolver.resolveEntity HHH000223: Recognized obsolete hibernate namespace http://hibernate.sourceforge.net/. Use namespace http://www.hibernate.org/dtd/ instead. Refer to Hibernate 3.6 Migration Guide!
29-Oct-2015 11:39:16.201 INFO [http-apr-8080-exec-2] org.hibernate.cfg.Configuration.addResource HHH000221: Reading mappings from resource: com/virtusa/tempo/hibernate/mapping/Machine.hbm.xml
29-Oct-2015 11:39:16.225 WARN [http-apr-8080-exec-2] org.hibernate.internal.util.xml.DTDEntityResolver.resolveEntity HHH000223: Recognized obsolete hibernate namespace http://hibernate.sourceforge.net/. Use namespace http://www.hibernate.org/dtd/ instead. Refer to Hibernate 3.6 Migration Guide!
29-Oct-2015 11:39:16.244 INFO [http-apr-8080-exec-2] org.hibernate.cfg.Configuration.addResource HHH000221: Reading mappings from resource: com/virtusa/tempo/hibernate/mapping/MachineGroup.hbm.xml
29-Oct-2015 11:39:16.281 WARN [http-apr-8080-exec-2] <unknown>.<unknown> HHH000223: Recognized obsolete hibernate namespace http://hibernate.sourceforge.net/. Use namespace http://www.hibernate.org/dtd/ instead. Refer to Hibernate 3.6 Migration Guide!
29-Oct-2015 11:39:16.304 INFO [http-apr-8080-exec-2] org.hibernate.cfg.Configuration.addResource HHH000221: Reading mappings from resource: com/virtusa/tempo/hibernate/mapping/Notification.hbm.xml
29-Oct-2015 11:39:16.346 WARN [http-apr-8080-exec-2] <unknown>.<unknown> HHH000223: Recognized obsolete hibernate namespace http://hibernate.sourceforge.net/. Use namespace http://www.hibernate.org/dtd/ instead. Refer to Hibernate 3.6 Migration Guide!
29-Oct-2015 11:39:16.356 INFO [http-apr-8080-exec-2] org.hibernate.cfg.Configuration.addResource HHH000221: Reading mappings from resource: com/virtusa/tempo/hibernate/mapping/Tool.hbm.xml
29-Oct-2015 11:39:16.377 WARN [http-apr-8080-exec-2] org.hibernate.internal.util.xml.DTDEntityResolver.resolveEntity HHH000223: Recognized obsolete hibernate namespace http://hibernate.sourceforge.net/. Use namespace http://www.hibernate.org/dtd/ instead. Refer to Hibernate 3.6 Migration Guide!
29-Oct-2015 11:39:16.406 INFO [http-apr-8080-exec-2] org.hibernate.cfg.Configuration.addResource HHH000221: Reading mappings from resource: com/virtusa/tempo/hibernate/mapping/ToolProperty.hbm.xml
29-Oct-2015 11:39:16.440 WARN [http-apr-8080-exec-2] <unknown>.<unknown> HHH000223: Recognized obsolete hibernate namespace http://hibernate.sourceforge.net/. Use namespace http://www.hibernate.org/dtd/ instead. Refer to Hibernate 3.6 Migration Guide!
29-Oct-2015 11:39:16.448 INFO [http-apr-8080-exec-2] org.hibernate.cfg.Configuration.addResource HHH000221: Reading mappings from resource: com/virtusa/tempo/hibernate/mapping/User.hbm.xml
29-Oct-2015 11:39:16.476 WARN [http-apr-8080-exec-2] org.hibernate.internal.util.xml.DTDEntityResolver.resolveEntity HHH000223: Recognized obsolete hibernate namespace http://hibernate.sourceforge.net/. Use namespace http://www.hibernate.org/dtd/ instead. Refer to Hibernate 3.6 Migration Guide!
29-Oct-2015 11:39:16.486 INFO [http-apr-8080-exec-2] org.hibernate.cfg.Configuration.addResource HHH000221: Reading mappings from resource: com/virtusa/tempo/hibernate/mapping/Version.hbm.xml
29-Oct-2015 11:39:16.510 WARN [http-apr-8080-exec-2] org.hibernate.internal.util.xml.DTDEntityResolver.resolveEntity HHH000223: Recognized obsolete hibernate namespace http://hibernate.sourceforge.net/. Use namespace http://www.hibernate.org/dtd/ instead. Refer to Hibernate 3.6 Migration Guide!
29-Oct-2015 11:39:16.520 INFO [http-apr-8080-exec-2] org.hibernate.cfg.Configuration.addResource HHH000221: Reading mappings from resource: com/virtusa/tempo/hibernate/mapping/WorkFlow.hbm.xml
29-Oct-2015 11:39:16.540 WARN [http-apr-8080-exec-2] org.hibernate.internal.util.xml.DTDEntityResolver.resolveEntity HHH000223: Recognized obsolete hibernate namespace http://hibernate.sourceforge.net/. Use namespace http://www.hibernate.org/dtd/ instead. Refer to Hibernate 3.6 Migration Guide!
29-Oct-2015 11:39:16.550 INFO [http-apr-8080-exec-2] org.hibernate.cfg.Configuration.addResource HHH000221: Reading mappings from resource: com/virtusa/tempo/hibernate/mapping/CompParam.hbm.xml
29-Oct-2015 11:39:16.591 WARN [http-apr-8080-exec-2] org.hibernate.internal.util.xml.DTDEntityResolver.resolveEntity HHH000223: Recognized obsolete hibernate namespace http://hibernate.sourceforge.net/. Use namespace http://www.hibernate.org/dtd/ instead. Refer to Hibernate 3.6 Migration Guide!
29-Oct-2015 11:39:16.599 INFO [http-apr-8080-exec-2] org.hibernate.cfg.Configuration.addResource HHH000221: Reading mappings from resource: com/virtusa/tempo/hibernate/mapping/EnvParam.hbm.xml
29-Oct-2015 11:39:16.645 WARN [http-apr-8080-exec-2] org.hibernate.internal.util.xml.DTDEntityResolver.resolveEntity HHH000223: Recognized obsolete hibernate namespace http://hibernate.sourceforge.net/. Use namespace http://www.hibernate.org/dtd/ instead. Refer to Hibernate 3.6 Migration Guide!
29-Oct-2015 11:39:16.653 INFO [http-apr-8080-exec-2] org.hibernate.cfg.Configuration.addResource HHH000221: Reading mappings from resource: com/virtusa/tempo/hibernate/mapping/ProjectParam.hbm.xml
29-Oct-2015 11:39:16.673 WARN [http-apr-8080-exec-2] org.hibernate.internal.util.xml.DTDEntityResolver.resolveEntity HHH000223: Recognized obsolete hibernate namespace http://hibernate.sourceforge.net/. Use namespace http://www.hibernate.org/dtd/ instead. Refer to Hibernate 3.6 Migration Guide!
29-Oct-2015 11:39:16.688 INFO [http-apr-8080-exec-2] org.hibernate.cfg.Configuration.addResource HHH000221: Reading mappings from resource: com/virtusa/tempo/hibernate/mapping/VersionParam.hbm.xml
29-Oct-2015 11:39:16.729 WARN [http-apr-8080-exec-2] org.hibernate.internal.util.xml.DTDEntityResolver.resolveEntity HHH000223: Recognized obsolete hibernate namespace http://hibernate.sourceforge.net/. Use namespace http://www.hibernate.org/dtd/ instead. Refer to Hibernate 3.6 Migration Guide!
29-Oct-2015 11:39:16.738 INFO [http-apr-8080-exec-2] org.hibernate.cfg.Configuration.addResource HHH000221: Reading mappings from resource: com/virtusa/tempo/hibernate/mapping/MachineGroupParam.hbm.xml
29-Oct-2015 11:39:16.818 WARN [http-apr-8080-exec-2] <unknown>.<unknown> HHH000223: Recognized obsolete hibernate namespace http://hibernate.sourceforge.net/. Use namespace http://www.hibernate.org/dtd/ instead. Refer to Hibernate 3.6 Migration Guide!
29-Oct-2015 11:39:16.825 INFO [http-apr-8080-exec-2] org.hibernate.cfg.Configuration.addResource HHH000221: Reading mappings from resource: com/virtusa/tempo/hibernate/mapping/MachineParam.hbm.xml
29-Oct-2015 11:39:16.876 WARN [http-apr-8080-exec-2] <unknown>.<unknown> HHH000223: Recognized obsolete hibernate namespace http://hibernate.sourceforge.net/. Use namespace http://www.hibernate.org/dtd/ instead. Refer to Hibernate 3.6 Migration Guide!
29-Oct-2015 11:39:16.884 INFO [http-apr-8080-exec-2] org.hibernate.cfg.Configuration.addResource HHH000221: Reading mappings from resource: com/virtusa/tempo/hibernate/mapping/WorkFlowParam.hbm.xml
29-Oct-2015 11:39:16.931 WARN [http-apr-8080-exec-2] null.null HHH000223: Recognized obsolete hibernate namespace http://hibernate.sourceforge.net/. Use namespace http://www.hibernate.org/dtd/ instead. Refer to Hibernate 3.6 Migration Guide!
29-Oct-2015 11:39:16.939 INFO [http-apr-8080-exec-2] org.hibernate.cfg.Configuration.addResource HHH000221: Reading mappings from resource: com/virtusa/tempo/hibernate/mapping/FlowActionProperty.hbm.xml
29-Oct-2015 11:39:16.961 WARN [http-apr-8080-exec-2] org.hibernate.internal.util.xml.DTDEntityResolver.resolveEntity HHH000223: Recognized obsolete hibernate namespace http://hibernate.sourceforge.net/. Use namespace http://www.hibernate.org/dtd/ instead. Refer to Hibernate 3.6 Migration Guide!
29-Oct-2015 11:39:16.969 INFO [http-apr-8080-exec-2] org.hibernate.cfg.Configuration.addResource HHH000221: Reading mappings from resource: com/virtusa/tempo/hibernate/mapping/LinkFlowAction.hbm.xml
29-Oct-2015 11:39:17.007 WARN [http-apr-8080-exec-2] org.hibernate.internal.util.xml.DTDEntityResolver.resolveEntity HHH000223: Recognized obsolete hibernate namespace http://hibernate.sourceforge.net/. Use namespace http://www.hibernate.org/dtd/ instead. Refer to Hibernate 3.6 Migration Guide!
29-Oct-2015 11:39:17.015 INFO [http-apr-8080-exec-2] org.hibernate.cfg.Configuration.addResource HHH000221: Reading mappings from resource: com/virtusa/tempo/hibernate/mapping/EnvParamValue.hbm.xml
29-Oct-2015 11:39:17.072 WARN [http-apr-8080-exec-2] org.hibernate.internal.util.xml.DTDEntityResolver.resolveEntity HHH000223: Recognized obsolete hibernate namespace http://hibernate.sourceforge.net/. Use namespace http://www.hibernate.org/dtd/ instead. Refer to Hibernate 3.6 Migration Guide!
29-Oct-2015 11:39:17.080 INFO [http-apr-8080-exec-2] org.hibernate.cfg.Configuration.addResource HHH000221: Reading mappings from resource: com/virtusa/tempo/hibernate/mapping/MachineParamValue.hbm.xml
29-Oct-2015 11:39:17.120 WARN [http-apr-8080-exec-2] org.hibernate.internal.util.xml.DTDEntityResolver.resolveEntity HHH000223: Recognized obsolete hibernate namespace http://hibernate.sourceforge.net/. Use namespace http://www.hibernate.org/dtd/ instead. Refer to Hibernate 3.6 Migration Guide!
29-Oct-2015 11:39:17.127 INFO [http-apr-8080-exec-2] org.hibernate.cfg.Configuration.addResource HHH000221: Reading mappings from resource: com/virtusa/tempo/hibernate/mapping/DeploymentLog.hbm.xml
29-Oct-2015 11:39:17.176 WARN [http-apr-8080-exec-2] org.hibernate.internal.util.xml.DTDEntityResolver.resolveEntity HHH000223: Recognized obsolete hibernate namespace http://hibernate.sourceforge.net/. Use namespace http://www.hibernate.org/dtd/ instead. Refer to Hibernate 3.6 Migration Guide!
29-Oct-2015 11:39:17.184 INFO [http-apr-8080-exec-2] org.hibernate.cfg.Configuration.addResource HHH000221: Reading mappings from resource: com/virtusa/tempo/hibernate/mapping/ActionExecuteLog.hbm.xml
29-Oct-2015 11:39:17.232 WARN [http-apr-8080-exec-2] org.hibernate.internal.util.xml.DTDEntityResolver.resolveEntity HHH000223: Recognized obsolete hibernate namespace http://hibernate.sourceforge.net/. Use namespace http://www.hibernate.org/dtd/ instead. Refer to Hibernate 3.6 Migration Guide!
29-Oct-2015 11:39:17.241 INFO [http-apr-8080-exec-2] org.hibernate.cfg.Configuration.addResource HHH000221: Reading mappings from resource: com/virtusa/tempo/hibernate/mapping/FlowActionExecuteLog.hbm.xml
29-Oct-2015 11:39:17.283 WARN [http-apr-8080-exec-2] org.hibernate.internal.util.xml.DTDEntityResolver.resolveEntity HHH000223: Recognized obsolete hibernate namespace http://hibernate.sourceforge.net/. Use namespace http://www.hibernate.org/dtd/ instead. Refer to Hibernate 3.6 Migration Guide!
29-Oct-2015 11:39:17.291 INFO [http-apr-8080-exec-2] org.hibernate.cfg.Configuration.addResource HHH000221: Reading mappings from resource: com/virtusa/tempo/hibernate/mapping/VersionParamValue.hbm.xml
29-Oct-2015 11:39:17.331 WARN [http-apr-8080-exec-2] <unknown>.<unknown> HHH000223: Recognized obsolete hibernate namespace http://hibernate.sourceforge.net/. Use namespace http://www.hibernate.org/dtd/ instead. Refer to Hibernate 3.6 Migration Guide!
29-Oct-2015 11:39:17.338 INFO [http-apr-8080-exec-2] org.hibernate.cfg.Configuration.addResource HHH000221: Reading mappings from resource: com/virtusa/tempo/hibernate/mapping/UserPermission.hbm.xml
29-Oct-2015 11:39:17.364 WARN [http-apr-8080-exec-2] org.hibernate.internal.util.xml.DTDEntityResolver.resolveEntity HHH000223: Recognized obsolete hibernate namespace http://hibernate.sourceforge.net/. Use namespace http://www.hibernate.org/dtd/ instead. Refer to Hibernate 3.6 Migration Guide!
29-Oct-2015 11:39:17.371 INFO [http-apr-8080-exec-2] org.hibernate.cfg.Configuration.addResource HHH000221: Reading mappings from resource: com/virtusa/tempo/hibernate/mapping/CascadedWorkFlow.hbm.xml
29-Oct-2015 11:39:17.395 WARN [http-apr-8080-exec-2] org.hibernate.internal.util.xml.DTDEntityResolver.resolveEntity HHH000223: Recognized obsolete hibernate namespace http://hibernate.sourceforge.net/. Use namespace http://www.hibernate.org/dtd/ instead. Refer to Hibernate 3.6 Migration Guide!
29-Oct-2015 11:39:17.406 INFO [http-apr-8080-exec-2] <unknown>.<unknown> HHH000221: Reading mappings from resource: com/virtusa/tempo/hibernate/mapping/CascadedDeploymentLog.hbm.xml
29-Oct-2015 11:39:17.423 WARN [http-apr-8080-exec-2] org.hibernate.internal.util.xml.DTDEntityResolver.resolveEntity HHH000223: Recognized obsolete hibernate namespace http://hibernate.sourceforge.net/. Use namespace http://www.hibernate.org/dtd/ instead. Refer to Hibernate 3.6 Migration Guide!
29-Oct-2015 11:39:17.431 INFO [http-apr-8080-exec-2] org.hibernate.cfg.Configuration.addResource HHH000221: Reading mappings from resource: com/virtusa/tempo/hibernate/mapping/FlowWorkFlow.hbm.xml
29-Oct-2015 11:39:17.476 WARN [http-apr-8080-exec-2] <unknown>.<unknown> HHH000223: Recognized obsolete hibernate namespace http://hibernate.sourceforge.net/. Use namespace http://www.hibernate.org/dtd/ instead. Refer to Hibernate 3.6 Migration Guide!
29-Oct-2015 11:39:17.483 INFO [http-apr-8080-exec-2] org.hibernate.cfg.Configuration.addResource HHH000221: Reading mappings from resource: com/virtusa/tempo/hibernate/mapping/FlowWorkFlowExecuteLog.hbm.xml
29-Oct-2015 11:39:17.516 WARN [http-apr-8080-exec-2] <unknown>.<unknown> HHH000223: Recognized obsolete hibernate namespace http://hibernate.sourceforge.net/. Use namespace http://www.hibernate.org/dtd/ instead. Refer to Hibernate 3.6 Migration Guide!
29-Oct-2015 11:39:17.523 INFO [http-apr-8080-exec-2] org.hibernate.cfg.Configuration.addResource HHH000221: Reading mappings from resource: com/virtusa/tempo/hibernate/mapping/FlowWorkFlowProperty.hbm.xml
29-Oct-2015 11:39:17.560 WARN [http-apr-8080-exec-2] org.hibernate.internal.util.xml.DTDEntityResolver.resolveEntity HHH000223: Recognized obsolete hibernate namespace http://hibernate.sourceforge.net/. Use namespace http://www.hibernate.org/dtd/ instead. Refer to Hibernate 3.6 Migration Guide!
29-Oct-2015 11:39:17.567 INFO [http-apr-8080-exec-2] org.hibernate.cfg.Configuration.addResource HHH000221: Reading mappings from resource: com/virtusa/tempo/hibernate/mapping/LinkFlowWorkFlow.hbm.xml
29-Oct-2015 11:39:17.600 WARN [http-apr-8080-exec-2] org.hibernate.internal.util.xml.DTDEntityResolver.resolveEntity HHH000223: Recognized obsolete hibernate namespace http://hibernate.sourceforge.net/. Use namespace http://www.hibernate.org/dtd/ instead. Refer to Hibernate 3.6 Migration Guide!
29-Oct-2015 11:39:17.607 INFO [http-apr-8080-exec-2] org.hibernate.cfg.Configuration.addResource HHH000221: Reading mappings from resource: com/virtusa/tempo/hibernate/mapping/TriggerFlowAction.hbm.xml
29-Oct-2015 11:39:17.634 WARN [http-apr-8080-exec-2] <unknown>.<unknown> HHH000223: Recognized obsolete hibernate namespace http://hibernate.sourceforge.net/. Use namespace http://www.hibernate.org/dtd/ instead. Refer to Hibernate 3.6 Migration Guide!
29-Oct-2015 11:39:17.641 INFO [http-apr-8080-exec-2] org.hibernate.cfg.Configuration.addResource HHH000221: Reading mappings from resource: com/virtusa/tempo/hibernate/mapping/TriggerLinkFlowAction.hbm.xml
29-Oct-2015 11:39:17.659 WARN [http-apr-8080-exec-2] org.hibernate.internal.util.xml.DTDEntityResolver.resolveEntity HHH000223: Recognized obsolete hibernate namespace http://hibernate.sourceforge.net/. Use namespace http://www.hibernate.org/dtd/ instead. Refer to Hibernate 3.6 Migration Guide!
29-Oct-2015 11:39:17.666 INFO [http-apr-8080-exec-2] org.hibernate.cfg.Configuration.addResource HHH000221: Reading mappings from resource: com/virtusa/tempo/hibernate/mapping/TriggerFlowActionProperty.hbm.xml
29-Oct-2015 11:39:17.689 WARN [http-apr-8080-exec-2] org.hibernate.internal.util.xml.DTDEntityResolver.resolveEntity HHH000223: Recognized obsolete hibernate namespace http://hibernate.sourceforge.net/. Use namespace http://www.hibernate.org/dtd/ instead. Refer to Hibernate 3.6 Migration Guide!
29-Oct-2015 11:39:17.697 INFO [http-apr-8080-exec-2] org.hibernate.cfg.Configuration.addResource HHH000221: Reading mappings from resource: com/virtusa/tempo/hibernate/mapping/Schedule.hbm.xml
29-Oct-2015 11:39:17.716 WARN [http-apr-8080-exec-2] org.hibernate.internal.util.xml.DTDEntityResolver.resolveEntity HHH000223: Recognized obsolete hibernate namespace http://hibernate.sourceforge.net/. Use namespace http://www.hibernate.org/dtd/ instead. Refer to Hibernate 3.6 Migration Guide!
29-Oct-2015 11:39:17.723 INFO [http-apr-8080-exec-2] org.hibernate.cfg.Configuration.addResource HHH000221: Reading mappings from resource: com/virtusa/tempo/hibernate/mapping/ScheduleUpdateTracker.hbm.xml
29-Oct-2015 11:39:17.737 WARN [http-apr-8080-exec-2] org.hibernate.internal.util.xml.DTDEntityResolver.resolveEntity HHH000223: Recognized obsolete hibernate namespace http://hibernate.sourceforge.net/. Use namespace http://www.hibernate.org/dtd/ instead. Refer to Hibernate 3.6 Migration Guide!
29-Oct-2015 11:39:17.746 INFO [http-apr-8080-exec-2] org.hibernate.cfg.Configuration.doConfigure HHH000041: Configured SessionFactory: null
29-Oct-2015 11:39:18.265 INFO [http-apr-8080-exec-2] null.null HHH000402: Using Hibernate built-in connection pool (not for production use!)
29-Oct-2015 11:39:18.279 INFO [http-apr-8080-exec-2] org.hibernate.service.jdbc.connections.internal.DriverManagerConnectionProviderImpl.configure HHH000115: Hibernate connection pool size: 20
29-Oct-2015 11:39:18.279 INFO [http-apr-8080-exec-2] org.hibernate.service.jdbc.connections.internal.DriverManagerConnectionProviderImpl.configure HHH000006: Autocommit mode: false
29-Oct-2015 11:39:18.280 INFO [http-apr-8080-exec-2] org.hibernate.service.jdbc.connections.internal.DriverManagerConnectionProviderImpl.configure HHH000401: using driver [com.mysql.jdbc.Driver] at URL [jdbc:mysql://localhost:3306]
29-Oct-2015 11:39:18.280 INFO [http-apr-8080-exec-2] org.hibernate.service.jdbc.connections.internal.DriverManagerConnectionProviderImpl.configure HHH000046: Connection properties: {user=root, password=****}
29-Oct-2015 11:39:20.802 WARN [http-apr-8080-exec-2] null.null HHH000342: Could not obtain connection to query metadata : Communications link failure due to underlying exception: 

** BEGIN NESTED EXCEPTION ** 

java.net.ConnectException
MESSAGE: Connection refused: connect

STACKTRACE:

java.net.ConnectException: Connection refused: connect
	at java.net.DualStackPlainSocketImpl.connect0(Native Method)
	at java.net.DualStackPlainSocketImpl.socketConnect(DualStackPlainSocketImpl.java:79)
	at java.net.AbstractPlainSocketImpl.doConnect(AbstractPlainSocketImpl.java:350)
	at java.net.AbstractPlainSocketImpl.connectToAddress(AbstractPlainSocketImpl.java:206)
	at java.net.AbstractPlainSocketImpl.connect(AbstractPlainSocketImpl.java:188)
	at java.net.PlainSocketImpl.connect(PlainSocketImpl.java:172)
	at java.net.SocksSocketImpl.connect(SocksSocketImpl.java:392)
	at java.net.Socket.connect(Socket.java:589)
	at java.net.Socket.connect(Socket.java:538)
	at java.net.Socket.<init>(Socket.java:434)
	at java.net.Socket.<init>(Socket.java:244)
	at com.mysql.jdbc.StandardSocketFactory.connect(StandardSocketFactory.java:256)
	at com.mysql.jdbc.MysqlIO.<init>(MysqlIO.java:271)
	at com.mysql.jdbc.Connection.createNewIO(Connection.java:2771)
	at com.mysql.jdbc.Connection.<init>(Connection.java:1555)
	at com.mysql.jdbc.NonRegisteringDriver.connect(NonRegisteringDriver.java:285)
	at org.hibernate.service.jdbc.connections.internal.DriverManagerConnectionProviderImpl.getConnection(DriverManagerConnectionProviderImpl.java:204)
	at org.hibernate.engine.jdbc.internal.JdbcServicesImpl$ConnectionProviderJdbcConnectionAccess.obtainConnection(JdbcServicesImpl.java:242)
	at org.hibernate.engine.jdbc.internal.JdbcServicesImpl.configure(JdbcServicesImpl.java:117)
	at org.hibernate.service.internal.StandardServiceRegistryImpl.configureService(StandardServiceRegistryImpl.java:76)
	at org.hibernate.service.internal.AbstractServiceRegistryImpl.initializeService(AbstractServiceRegistryImpl.java:160)
	at org.hibernate.service.internal.AbstractServiceRegistryImpl.getService(AbstractServiceRegistryImpl.java:132)
	at org.hibernate.cfg.Configuration.buildTypeRegistrations(Configuration.java:1822)
	at org.hibernate.cfg.Configuration.buildSessionFactory(Configuration.java:1780)
	at com.virtusa.tempo.hibernate.utility.HibernateUtilities.<clinit>(HibernateUtilities.java:19)
	at com.virtusa.tempo.hibernate.service.UserService.get(UserService.java:187)
	at com.virtusa.tempo.hibernate.resource.UserResource.getUserByUserId(UserResource.java:172)
	at sun.reflect.NativeMethodAccessorImpl.invoke0(Native Method)
	at sun.reflect.NativeMethodAccessorImpl.invoke(NativeMethodAccessorImpl.java:62)
	at sun.reflect.DelegatingMethodAccessorImpl.invoke(DelegatingMethodAccessorImpl.java:43)
	at java.lang.reflect.Method.invoke(Method.java:497)
	at com.sun.jersey.spi.container.JavaMethodInvokerFactory$1.invoke(JavaMethodInvokerFactory.java:60)
	at com.sun.jersey.server.impl.model.method.dispatch.AbstractResourceMethodDispatchProvider$TypeOutInvoker._dispatch(AbstractResourceMethodDispatchProvider.java:185)
	at com.sun.jersey.server.impl.model.method.dispatch.ResourceJavaMethodDispatcher.dispatch(ResourceJavaMethodDispatcher.java:75)
	at com.sun.jersey.server.impl.uri.rules.HttpMethodRule.accept(HttpMethodRule.java:288)
	at com.sun.jersey.server.impl.uri.rules.RightHandPathRule.accept(RightHandPathRule.java:147)
	at com.sun.jersey.server.impl.uri.rules.ResourceClassRule.accept(ResourceClassRule.java:108)
	at com.sun.jersey.server.impl.uri.rules.RightHandPathRule.accept(RightHandPathRule.java:147)
	at com.sun.jersey.server.impl.uri.rules.RootResourceClassesRule.accept(RootResourceClassesRule.java:84)
	at com.sun.jersey.server.impl.application.WebApplicationImpl._handleRequest(WebApplicationImpl.java:1469)
	at com.sun.jersey.server.impl.application.WebApplicationImpl._handleRequest(WebApplicationImpl.java:1400)
	at com.sun.jersey.server.impl.application.WebApplicationImpl.handleRequest(WebApplicationImpl.java:1349)
	at com.sun.jersey.server.impl.application.WebApplicationImpl.handleRequest(WebApplicationImpl.java:1339)
	at com.sun.jersey.spi.container.servlet.WebComponent.service(WebComponent.java:416)
	at com.sun.jersey.spi.container.servlet.ServletContainer.service(ServletContainer.java:537)
	at com.sun.jersey.spi.container.servlet.ServletContainer.service(ServletContainer.java:699)
	at javax.servlet.http.HttpServlet.service(HttpServlet.java:725)
	at org.apache.catalina.core.ApplicationFilterChain.internalDoFilter(ApplicationFilterChain.java:301)
	at org.apache.catalina.core.ApplicationFilterChain.doFilter(ApplicationFilterChain.java:206)
	at org.apache.tomcat.websocket.server.WsFilter.doFilter(WsFilter.java:52)
	at org.apache.catalina.core.ApplicationFilterChain.internalDoFilter(ApplicationFilterChain.java:239)
	at org.apache.catalina.core.ApplicationFilterChain.doFilter(ApplicationFilterChain.java:206)
	at org.apache.catalina.core.StandardWrapperValve.invoke(StandardWrapperValve.java:219)
	at org.apache.catalina.core.StandardContextValve.invoke(StandardContextValve.java:106)
	at org.apache.catalina.authenticator.AuthenticatorBase.invoke(AuthenticatorBase.java:503)
	at org.apache.catalina.core.StandardHostValve.invoke(StandardHostValve.java:136)
	at org.apache.catalina.valves.ErrorReportValve.invoke(ErrorReportValve.java:74)
	at org.apache.catalina.valves.AbstractAccessLogValve.invoke(AbstractAccessLogValve.java:610)
	at org.apache.catalina.core.StandardEngineValve.invoke(StandardEngineValve.java:88)
	at org.apache.catalina.connector.CoyoteAdapter.service(CoyoteAdapter.java:516)
	at org.apache.coyote.http11.AbstractHttp11Processor.process(AbstractHttp11Processor.java:1015)
	at org.apache.coyote.AbstractProtocol$AbstractConnectionHandler.process(AbstractProtocol.java:652)
	at org.apache.coyote.http11.Http11AprProtocol$Http11ConnectionHandler.process(Http11AprProtocol.java:277)
	at org.apache.tomcat.util.net.AprEndpoint$SocketProcessor.doRun(AprEndpoint.java:2451)
	at org.apache.tomcat.util.net.AprEndpoint$SocketProcessor.run(AprEndpoint.java:2440)
	at java.util.concurrent.ThreadPoolExecutor.runWorker(ThreadPoolExecutor.java:1142)
	at java.util.concurrent.ThreadPoolExecutor$Worker.run(ThreadPoolExecutor.java:617)
	at java.lang.Thread.run(Thread.java:745)


** END NESTED EXCEPTION **



Last packet sent to the server was 11 ms ago.
29-Oct-2015 11:39:20.891 INFO [http-apr-8080-exec-2] org.hibernate.dialect.Dialect.<init> HHH000400: Using dialect: org.hibernate.dialect.MySQLDialect
29-Oct-2015 11:39:20.975 INFO [http-apr-8080-exec-2] org.hibernate.engine.jdbc.internal.LobCreatorBuilder.useContextualLobCreation HHH000422: Disabling contextual LOB creation as connection was null
29-Oct-2015 11:39:21.888 WARN [http-apr-8080-exec-2] org.hibernate.mapping.RootClass.checkCompositeIdentifier HHH000038: Composite-id class does not override equals(): com.virtusa.tempo.hibernate.model.EnvParamValueId
29-Oct-2015 11:39:21.889 WARN [http-apr-8080-exec-2] null.null HHH000039: Composite-id class does not override hashCode(): com.virtusa.tempo.hibernate.model.EnvParamValueId
29-Oct-2015 11:39:21.901 WARN [http-apr-8080-exec-2] org.hibernate.mapping.RootClass.checkCompositeIdentifier HHH000038: Composite-id class does not override equals(): com.virtusa.tempo.hibernate.model.VersionParamValueId
29-Oct-2015 11:39:21.901 WARN [http-apr-8080-exec-2] org.hibernate.mapping.RootClass.checkCompositeIdentifier HHH000039: Composite-id class does not override hashCode(): com.virtusa.tempo.hibernate.model.VersionParamValueId
29-Oct-2015 11:39:21.910 WARN [http-apr-8080-exec-2] org.hibernate.mapping.RootClass.checkCompositeIdentifier HHH000038: Composite-id class does not override equals(): com.virtusa.tempo.hibernate.model.UserPermissionId
29-Oct-2015 11:39:21.911 WARN [http-apr-8080-exec-2] org.hibernate.mapping.RootClass.checkCompositeIdentifier HHH000039: Composite-id class does not override hashCode(): com.virtusa.tempo.hibernate.model.UserPermissionId
29-Oct-2015 11:39:21.912 WARN [http-apr-8080-exec-2] org.hibernate.mapping.RootClass.checkCompositeIdentifier HHH000038: Composite-id class does not override equals(): com.virtusa.tempo.hibernate.model.FlowWorkFlowId
29-Oct-2015 11:39:21.912 WARN [http-apr-8080-exec-2] org.hibernate.mapping.RootClass.checkCompositeIdentifier HHH000039: Composite-id class does not override hashCode(): com.virtusa.tempo.hibernate.model.FlowWorkFlowId
29-Oct-2015 11:39:21.913 WARN [http-apr-8080-exec-2] org.hibernate.mapping.RootClass.checkCompositeIdentifier HHH000038: Composite-id class does not override equals(): com.virtusa.tempo.hibernate.model.TriggerFlowActionId
29-Oct-2015 11:39:21.913 WARN [http-apr-8080-exec-2] null.null HHH000039: Composite-id class does not override hashCode(): com.virtusa.tempo.hibernate.model.TriggerFlowActionId
29-Oct-2015 11:39:21.915 WARN [http-apr-8080-exec-2] org.hibernate.mapping.RootClass.checkCompositeIdentifier HHH000038: Composite-id class does not override equals(): com.virtusa.tempo.hibernate.model.FlowActionId
29-Oct-2015 11:39:21.916 WARN [http-apr-8080-exec-2] org.hibernate.mapping.RootClass.checkCompositeIdentifier HHH000039: Composite-id class does not override hashCode(): com.virtusa.tempo.hibernate.model.FlowActionId
29-Oct-2015 11:39:21.925 WARN [http-apr-8080-exec-2] org.hibernate.mapping.RootClass.checkCompositeIdentifier HHH000038: Composite-id class does not override equals(): com.virtusa.tempo.hibernate.model.MachineParamValueId
29-Oct-2015 11:39:21.925 WARN [http-apr-8080-exec-2] org.hibernate.mapping.RootClass.checkCompositeIdentifier HHH000039: Composite-id class does not override hashCode(): com.virtusa.tempo.hibernate.model.MachineParamValueId
29-Oct-2015 11:39:21.998 INFO [http-apr-8080-exec-2] null.null HHH000399: Using default transaction strategy (direct JDBC transactions)
29-Oct-2015 11:39:22.060 INFO [http-apr-8080-exec-2] null.null HHH000397: Using ASTQueryTranslatorFactory
29-Oct-2015 11:39:24.457 INFO [http-apr-8080-exec-2] org.hibernate.tool.hbm2ddl.SchemaUpdate.execute HHH000228: Running hbm2ddl schema update
29-Oct-2015 11:39:24.462 INFO [http-apr-8080-exec-2] org.hibernate.tool.hbm2ddl.SchemaUpdate.execute HHH000102: Fetching database metadata
29-Oct-2015 11:39:26.458 ERROR [http-apr-8080-exec-2] org.hibernate.tool.hbm2ddl.SchemaUpdate.execute HHH000319: Could not get database metadata
 com.mysql.jdbc.CommunicationsException: Communications link failure due to underlying exception: 

** BEGIN NESTED EXCEPTION ** 

java.net.ConnectException
MESSAGE: Connection refused: connect

STACKTRACE:

java.net.ConnectException: Connection refused: connect
	at java.net.DualStackPlainSocketImpl.connect0(Native Method)
	at java.net.DualStackPlainSocketImpl.socketConnect(DualStackPlainSocketImpl.java:79)
	at java.net.AbstractPlainSocketImpl.doConnect(AbstractPlainSocketImpl.java:350)
	at java.net.AbstractPlainSocketImpl.connectToAddress(AbstractPlainSocketImpl.java:206)
	at java.net.AbstractPlainSocketImpl.connect(AbstractPlainSocketImpl.java:188)
	at java.net.PlainSocketImpl.connect(PlainSocketImpl.java:172)
	at java.net.SocksSocketImpl.connect(SocksSocketImpl.java:392)
	at java.net.Socket.connect(Socket.java:589)
	at java.net.Socket.connect(Socket.java:538)
	at java.net.Socket.<init>(Socket.java:434)
	at java.net.Socket.<init>(Socket.java:244)
	at com.mysql.jdbc.StandardSocketFactory.connect(StandardSocketFactory.java:256)
	at com.mysql.jdbc.MysqlIO.<init>(MysqlIO.java:271)
	at com.mysql.jdbc.Connection.createNewIO(Connection.java:2771)
	at com.mysql.jdbc.Connection.<init>(Connection.java:1555)
	at com.mysql.jdbc.NonRegisteringDriver.connect(NonRegisteringDriver.java:285)
	at org.hibernate.service.jdbc.connections.internal.DriverManagerConnectionProviderImpl.getConnection(DriverManagerConnectionProviderImpl.java:204)
	at org.hibernate.tool.hbm2ddl.SuppliedConnectionProviderConnectionHelper.prepare(SuppliedConnectionProviderConnectionHelper.java:51)
	at org.hibernate.tool.hbm2ddl.SchemaUpdate.execute(SchemaUpdate.java:194)
	at org.hibernate.tool.hbm2ddl.SchemaUpdate.execute(SchemaUpdate.java:178)
	at org.hibernate.internal.SessionFactoryImpl.<init>(SessionFactoryImpl.java:506)
	at org.hibernate.cfg.Configuration.buildSessionFactory(Configuration.java:1794)
	at com.virtusa.tempo.hibernate.utility.HibernateUtilities.<clinit>(HibernateUtilities.java:19)
	at com.virtusa.tempo.hibernate.service.UserService.get(UserService.java:187)
	at com.virtusa.tempo.hibernate.resource.UserResource.getUserByUserId(UserResource.java:172)
	at sun.reflect.NativeMethodAccessorImpl.invoke0(Native Method)
	at sun.reflect.NativeMethodAccessorImpl.invoke(NativeMethodAccessorImpl.java:62)
	at sun.reflect.DelegatingMethodAccessorImpl.invoke(DelegatingMethodAccessorImpl.java:43)
	at java.lang.reflect.Method.invoke(Method.java:497)
	at com.sun.jersey.spi.container.JavaMethodInvokerFactory$1.invoke(JavaMethodInvokerFactory.java:60)
	at com.sun.jersey.server.impl.model.method.dispatch.AbstractResourceMethodDispatchProvider$TypeOutInvoker._dispatch(AbstractResourceMethodDispatchProvider.java:185)
	at com.sun.jersey.server.impl.model.method.dispatch.ResourceJavaMethodDispatcher.dispatch(ResourceJavaMethodDispatcher.java:75)
	at com.sun.jersey.server.impl.uri.rules.HttpMethodRule.accept(HttpMethodRule.java:288)
	at com.sun.jersey.server.impl.uri.rules.RightHandPathRule.accept(RightHandPathRule.java:147)
	at com.sun.jersey.server.impl.uri.rules.ResourceClassRule.accept(ResourceClassRule.java:108)
	at com.sun.jersey.server.impl.uri.rules.RightHandPathRule.accept(RightHandPathRule.java:147)
	at com.sun.jersey.server.impl.uri.rules.RootResourceClassesRule.accept(RootResourceClassesRule.java:84)
	at com.sun.jersey.server.impl.application.WebApplicationImpl._handleRequest(WebApplicationImpl.java:1469)
	at com.sun.jersey.server.impl.application.WebApplicationImpl._handleRequest(WebApplicationImpl.java:1400)
	at com.sun.jersey.server.impl.application.WebApplicationImpl.handleRequest(WebApplicationImpl.java:1349)
	at com.sun.jersey.server.impl.application.WebApplicationImpl.handleRequest(WebApplicationImpl.java:1339)
	at com.sun.jersey.spi.container.servlet.WebComponent.service(WebComponent.java:416)
	at com.sun.jersey.spi.container.servlet.ServletContainer.service(ServletContainer.java:537)
	at com.sun.jersey.spi.container.servlet.ServletContainer.service(ServletContainer.java:699)
	at javax.servlet.http.HttpServlet.service(HttpServlet.java:725)
	at org.apache.catalina.core.ApplicationFilterChain.internalDoFilter(ApplicationFilterChain.java:301)
	at org.apache.catalina.core.ApplicationFilterChain.doFilter(ApplicationFilterChain.java:206)
	at org.apache.tomcat.websocket.server.WsFilter.doFilter(WsFilter.java:52)
	at org.apache.catalina.core.ApplicationFilterChain.internalDoFilter(ApplicationFilterChain.java:239)
	at org.apache.catalina.core.ApplicationFilterChain.doFilter(ApplicationFilterChain.java:206)
	at org.apache.catalina.core.StandardWrapperValve.invoke(StandardWrapperValve.java:219)
	at org.apache.catalina.core.StandardContextValve.invoke(StandardContextValve.java:106)
	at org.apache.catalina.authenticator.AuthenticatorBase.invoke(AuthenticatorBase.java:503)
	at org.apache.catalina.core.StandardHostValve.invoke(StandardHostValve.java:136)
	at org.apache.catalina.valves.ErrorReportValve.invoke(ErrorReportValve.java:74)
	at org.apache.catalina.valves.AbstractAccessLogValve.invoke(AbstractAccessLogValve.java:610)
	at org.apache.catalina.core.StandardEngineValve.invoke(StandardEngineValve.java:88)
	at org.apache.catalina.connector.CoyoteAdapter.service(CoyoteAdapter.java:516)
	at org.apache.coyote.http11.AbstractHttp11Processor.process(AbstractHttp11Processor.java:1015)
	at org.apache.coyote.AbstractProtocol$AbstractConnectionHandler.process(AbstractProtocol.java:652)
	at org.apache.coyote.http11.Http11AprProtocol$Http11ConnectionHandler.process(Http11AprProtocol.java:277)
	at org.apache.tomcat.util.net.AprEndpoint$SocketProcessor.doRun(AprEndpoint.java:2451)
	at org.apache.tomcat.util.net.AprEndpoint$SocketProcessor.run(AprEndpoint.java:2440)
	at java.util.concurrent.ThreadPoolExecutor.runWorker(ThreadPoolExecutor.java:1142)
	at java.util.concurrent.ThreadPoolExecutor$Worker.run(ThreadPoolExecutor.java:617)
	at java.lang.Thread.run(Thread.java:745)


** END NESTED EXCEPTION **



Last packet sent to the server was 1 ms ago.
	at com.mysql.jdbc.Connection.createNewIO(Connection.java:2847)
	at com.mysql.jdbc.Connection.<init>(Connection.java:1555)
	at com.mysql.jdbc.NonRegisteringDriver.connect(NonRegisteringDriver.java:285)
	at org.hibernate.service.jdbc.connections.internal.DriverManagerConnectionProviderImpl.getConnection(DriverManagerConnectionProviderImpl.java:204)
	at org.hibernate.tool.hbm2ddl.SuppliedConnectionProviderConnectionHelper.prepare(SuppliedConnectionProviderConnectionHelper.java:51)
	at org.hibernate.tool.hbm2ddl.SchemaUpdate.execute(SchemaUpdate.java:194)
	at org.hibernate.tool.hbm2ddl.SchemaUpdate.execute(SchemaUpdate.java:178)
	at org.hibernate.internal.SessionFactoryImpl.<init>(SessionFactoryImpl.java:506)
	at org.hibernate.cfg.Configuration.buildSessionFactory(Configuration.java:1794)
	at com.virtusa.tempo.hibernate.utility.HibernateUtilities.<clinit>(HibernateUtilities.java:19)
	at com.virtusa.tempo.hibernate.service.UserService.get(UserService.java:187)
	at com.virtusa.tempo.hibernate.resource.UserResource.getUserByUserId(UserResource.java:172)
	at sun.reflect.NativeMethodAccessorImpl.invoke0(Native Method)
	at sun.reflect.NativeMethodAccessorImpl.invoke(NativeMethodAccessorImpl.java:62)
	at sun.reflect.DelegatingMethodAccessorImpl.invoke(DelegatingMethodAccessorImpl.java:43)
	at java.lang.reflect.Method.invoke(Method.java:497)
	at com.sun.jersey.spi.container.JavaMethodInvokerFactory$1.invoke(JavaMethodInvokerFactory.java:60)
	at com.sun.jersey.server.impl.model.method.dispatch.AbstractResourceMethodDispatchProvider$TypeOutInvoker._dispatch(AbstractResourceMethodDispatchProvider.java:185)
	at com.sun.jersey.server.impl.model.method.dispatch.ResourceJavaMethodDispatcher.dispatch(ResourceJavaMethodDispatcher.java:75)
	at com.sun.jersey.server.impl.uri.rules.HttpMethodRule.accept(HttpMethodRule.java:288)
	at com.sun.jersey.server.impl.uri.rules.RightHandPathRule.accept(RightHandPathRule.java:147)
	at com.sun.jersey.server.impl.uri.rules.ResourceClassRule.accept(ResourceClassRule.java:108)
	at com.sun.jersey.server.impl.uri.rules.RightHandPathRule.accept(RightHandPathRule.java:147)
	at com.sun.jersey.server.impl.uri.rules.RootResourceClassesRule.accept(RootResourceClassesRule.java:84)
	at com.sun.jersey.server.impl.application.WebApplicationImpl._handleRequest(WebApplicationImpl.java:1469)
	at com.sun.jersey.server.impl.application.WebApplicationImpl._handleRequest(WebApplicationImpl.java:1400)
	at com.sun.jersey.server.impl.application.WebApplicationImpl.handleRequest(WebApplicationImpl.java:1349)
	at com.sun.jersey.server.impl.application.WebApplicationImpl.handleRequest(WebApplicationImpl.java:1339)
	at com.sun.jersey.spi.container.servlet.WebComponent.service(WebComponent.java:416)
	at com.sun.jersey.spi.container.servlet.ServletContainer.service(ServletContainer.java:537)
	at com.sun.jersey.spi.container.servlet.ServletContainer.service(ServletContainer.java:699)
	at javax.servlet.http.HttpServlet.service(HttpServlet.java:725)
	at org.apache.catalina.core.ApplicationFilterChain.internalDoFilter(ApplicationFilterChain.java:301)
	at org.apache.catalina.core.ApplicationFilterChain.doFilter(ApplicationFilterChain.java:206)
	at org.apache.tomcat.websocket.server.WsFilter.doFilter(WsFilter.java:52)
	at org.apache.catalina.core.ApplicationFilterChain.internalDoFilter(ApplicationFilterChain.java:239)
	at org.apache.catalina.core.ApplicationFilterChain.doFilter(ApplicationFilterChain.java:206)
	at org.apache.catalina.core.StandardWrapperValve.invoke(StandardWrapperValve.java:219)
	at org.apache.catalina.core.StandardContextValve.invoke(StandardContextValve.java:106)
	at org.apache.catalina.authenticator.AuthenticatorBase.invoke(AuthenticatorBase.java:503)
	at org.apache.catalina.core.StandardHostValve.invoke(StandardHostValve.java:136)
	at org.apache.catalina.valves.ErrorReportValve.invoke(ErrorReportValve.java:74)
	at org.apache.catalina.valves.AbstractAccessLogValve.invoke(AbstractAccessLogValve.java:610)
	at org.apache.catalina.core.StandardEngineValve.invoke(StandardEngineValve.java:88)
	at org.apache.catalina.connector.CoyoteAdapter.service(CoyoteAdapter.java:516)
	at org.apache.coyote.http11.AbstractHttp11Processor.process(AbstractHttp11Processor.java:1015)
	at org.apache.coyote.AbstractProtocol$AbstractConnectionHandler.process(AbstractProtocol.java:652)
	at org.apache.coyote.http11.Http11AprProtocol$Http11ConnectionHandler.process(Http11AprProtocol.java:277)
	at org.apache.tomcat.util.net.AprEndpoint$SocketProcessor.doRun(AprEndpoint.java:2451)
	at org.apache.tomcat.util.net.AprEndpoint$SocketProcessor.run(AprEndpoint.java:2440)
	at java.util.concurrent.ThreadPoolExecutor.runWorker(ThreadPoolExecutor.java:1142)
	at java.util.concurrent.ThreadPoolExecutor$Worker.run(ThreadPoolExecutor.java:617)
	at java.lang.Thread.run(Thread.java:745)

29-Oct-2015 11:39:26.460 ERROR [http-apr-8080-exec-2] org.hibernate.tool.hbm2ddl.SchemaUpdate.execute HHH000299: Could not complete schema update
 com.mysql.jdbc.CommunicationsException: Communications link failure due to underlying exception: 

** BEGIN NESTED EXCEPTION ** 

java.net.ConnectException
MESSAGE: Connection refused: connect

STACKTRACE:

java.net.ConnectException: Connection refused: connect
	at java.net.DualStackPlainSocketImpl.connect0(Native Method)
	at java.net.DualStackPlainSocketImpl.socketConnect(DualStackPlainSocketImpl.java:79)
	at java.net.AbstractPlainSocketImpl.doConnect(AbstractPlainSocketImpl.java:350)
	at java.net.AbstractPlainSocketImpl.connectToAddress(AbstractPlainSocketImpl.java:206)
	at java.net.AbstractPlainSocketImpl.connect(AbstractPlainSocketImpl.java:188)
	at java.net.PlainSocketImpl.connect(PlainSocketImpl.java:172)
	at java.net.SocksSocketImpl.connect(SocksSocketImpl.java:392)
	at java.net.Socket.connect(Socket.java:589)
	at java.net.Socket.connect(Socket.java:538)
	at java.net.Socket.<init>(Socket.java:434)
	at java.net.Socket.<init>(Socket.java:244)
	at com.mysql.jdbc.StandardSocketFactory.connect(StandardSocketFactory.java:256)
	at com.mysql.jdbc.MysqlIO.<init>(MysqlIO.java:271)
	at com.mysql.jdbc.Connection.createNewIO(Connection.java:2771)
	at com.mysql.jdbc.Connection.<init>(Connection.java:1555)
	at com.mysql.jdbc.NonRegisteringDriver.connect(NonRegisteringDriver.java:285)
	at org.hibernate.service.jdbc.connections.internal.DriverManagerConnectionProviderImpl.getConnection(DriverManagerConnectionProviderImpl.java:204)
	at org.hibernate.tool.hbm2ddl.SuppliedConnectionProviderConnectionHelper.prepare(SuppliedConnectionProviderConnectionHelper.java:51)
	at org.hibernate.tool.hbm2ddl.SchemaUpdate.execute(SchemaUpdate.java:194)
	at org.hibernate.tool.hbm2ddl.SchemaUpdate.execute(SchemaUpdate.java:178)
	at org.hibernate.internal.SessionFactoryImpl.<init>(SessionFactoryImpl.java:506)
	at org.hibernate.cfg.Configuration.buildSessionFactory(Configuration.java:1794)
	at com.virtusa.tempo.hibernate.utility.HibernateUtilities.<clinit>(HibernateUtilities.java:19)
	at com.virtusa.tempo.hibernate.service.UserService.get(UserService.java:187)
	at com.virtusa.tempo.hibernate.resource.UserResource.getUserByUserId(UserResource.java:172)
	at sun.reflect.NativeMethodAccessorImpl.invoke0(Native Method)
	at sun.reflect.NativeMethodAccessorImpl.invoke(NativeMethodAccessorImpl.java:62)
	at sun.reflect.DelegatingMethodAccessorImpl.invoke(DelegatingMethodAccessorImpl.java:43)
	at java.lang.reflect.Method.invoke(Method.java:497)
	at com.sun.jersey.spi.container.JavaMethodInvokerFactory$1.invoke(JavaMethodInvokerFactory.java:60)
	at com.sun.jersey.server.impl.model.method.dispatch.AbstractResourceMethodDispatchProvider$TypeOutInvoker._dispatch(AbstractResourceMethodDispatchProvider.java:185)
	at com.sun.jersey.server.impl.model.method.dispatch.ResourceJavaMethodDispatcher.dispatch(ResourceJavaMethodDispatcher.java:75)
	at com.sun.jersey.server.impl.uri.rules.HttpMethodRule.accept(HttpMethodRule.java:288)
	at com.sun.jersey.server.impl.uri.rules.RightHandPathRule.accept(RightHandPathRule.java:147)
	at com.sun.jersey.server.impl.uri.rules.ResourceClassRule.accept(ResourceClassRule.java:108)
	at com.sun.jersey.server.impl.uri.rules.RightHandPathRule.accept(RightHandPathRule.java:147)
	at com.sun.jersey.server.impl.uri.rules.RootResourceClassesRule.accept(RootResourceClassesRule.java:84)
	at com.sun.jersey.server.impl.application.WebApplicationImpl._handleRequest(WebApplicationImpl.java:1469)
	at com.sun.jersey.server.impl.application.WebApplicationImpl._handleRequest(WebApplicationImpl.java:1400)
	at com.sun.jersey.server.impl.application.WebApplicationImpl.handleRequest(WebApplicationImpl.java:1349)
	at com.sun.jersey.server.impl.application.WebApplicationImpl.handleRequest(WebApplicationImpl.java:1339)
	at com.sun.jersey.spi.container.servlet.WebComponent.service(WebComponent.java:416)
	at com.sun.jersey.spi.container.servlet.ServletContainer.service(ServletContainer.java:537)
	at com.sun.jersey.spi.container.servlet.ServletContainer.service(ServletContainer.java:699)
	at javax.servlet.http.HttpServlet.service(HttpServlet.java:725)
	at org.apache.catalina.core.ApplicationFilterChain.internalDoFilter(ApplicationFilterChain.java:301)
	at org.apache.catalina.core.ApplicationFilterChain.doFilter(ApplicationFilterChain.java:206)
	at org.apache.tomcat.websocket.server.WsFilter.doFilter(WsFilter.java:52)
	at org.apache.catalina.core.ApplicationFilterChain.internalDoFilter(ApplicationFilterChain.java:239)
	at org.apache.catalina.core.ApplicationFilterChain.doFilter(ApplicationFilterChain.java:206)
	at org.apache.catalina.core.StandardWrapperValve.invoke(StandardWrapperValve.java:219)
	at org.apache.catalina.core.StandardContextValve.invoke(StandardContextValve.java:106)
	at org.apache.catalina.authenticator.AuthenticatorBase.invoke(AuthenticatorBase.java:503)
	at org.apache.catalina.core.StandardHostValve.invoke(StandardHostValve.java:136)
	at org.apache.catalina.valves.ErrorReportValve.invoke(ErrorReportValve.java:74)
	at org.apache.catalina.valves.AbstractAccessLogValve.invoke(AbstractAccessLogValve.java:610)
	at org.apache.catalina.core.StandardEngineValve.invoke(StandardEngineValve.java:88)
	at org.apache.catalina.connector.CoyoteAdapter.service(CoyoteAdapter.java:516)
	at org.apache.coyote.http11.AbstractHttp11Processor.process(AbstractHttp11Processor.java:1015)
	at org.apache.coyote.AbstractProtocol$AbstractConnectionHandler.process(AbstractProtocol.java:652)
	at org.apache.coyote.http11.Http11AprProtocol$Http11ConnectionHandler.process(Http11AprProtocol.java:277)
	at org.apache.tomcat.util.net.AprEndpoint$SocketProcessor.doRun(AprEndpoint.java:2451)
	at org.apache.tomcat.util.net.AprEndpoint$SocketProcessor.run(AprEndpoint.java:2440)
	at java.util.concurrent.ThreadPoolExecutor.runWorker(ThreadPoolExecutor.java:1142)
	at java.util.concurrent.ThreadPoolExecutor$Worker.run(ThreadPoolExecutor.java:617)
	at java.lang.Thread.run(Thread.java:745)


** END NESTED EXCEPTION **



Last packet sent to the server was 1 ms ago.
	at com.mysql.jdbc.Connection.createNewIO(Connection.java:2847)
	at com.mysql.jdbc.Connection.<init>(Connection.java:1555)
	at com.mysql.jdbc.NonRegisteringDriver.connect(NonRegisteringDriver.java:285)
	at org.hibernate.service.jdbc.connections.internal.DriverManagerConnectionProviderImpl.getConnection(DriverManagerConnectionProviderImpl.java:204)
	at org.hibernate.tool.hbm2ddl.SuppliedConnectionProviderConnectionHelper.prepare(SuppliedConnectionProviderConnectionHelper.java:51)
	at org.hibernate.tool.hbm2ddl.SchemaUpdate.execute(SchemaUpdate.java:194)
	at org.hibernate.tool.hbm2ddl.SchemaUpdate.execute(SchemaUpdate.java:178)
	at org.hibernate.internal.SessionFactoryImpl.<init>(SessionFactoryImpl.java:506)
	at org.hibernate.cfg.Configuration.buildSessionFactory(Configuration.java:1794)
	at com.virtusa.tempo.hibernate.utility.HibernateUtilities.<clinit>(HibernateUtilities.java:19)
	at com.virtusa.tempo.hibernate.service.UserService.get(UserService.java:187)
	at com.virtusa.tempo.hibernate.resource.UserResource.getUserByUserId(UserResource.java:172)
	at sun.reflect.NativeMethodAccessorImpl.invoke0(Native Method)
	at sun.reflect.NativeMethodAccessorImpl.invoke(NativeMethodAccessorImpl.java:62)
	at sun.reflect.DelegatingMethodAccessorImpl.invoke(DelegatingMethodAccessorImpl.java:43)
	at java.lang.reflect.Method.invoke(Method.java:497)
	at com.sun.jersey.spi.container.JavaMethodInvokerFactory$1.invoke(JavaMethodInvokerFactory.java:60)
	at com.sun.jersey.server.impl.model.method.dispatch.AbstractResourceMethodDispatchProvider$TypeOutInvoker._dispatch(AbstractResourceMethodDispatchProvider.java:185)
	at com.sun.jersey.server.impl.model.method.dispatch.ResourceJavaMethodDispatcher.dispatch(ResourceJavaMethodDispatcher.java:75)
	at com.sun.jersey.server.impl.uri.rules.HttpMethodRule.accept(HttpMethodRule.java:288)
	at com.sun.jersey.server.impl.uri.rules.RightHandPathRule.accept(RightHandPathRule.java:147)
	at com.sun.jersey.server.impl.uri.rules.ResourceClassRule.accept(ResourceClassRule.java:108)
	at com.sun.jersey.server.impl.uri.rules.RightHandPathRule.accept(RightHandPathRule.java:147)
	at com.sun.jersey.server.impl.uri.rules.RootResourceClassesRule.accept(RootResourceClassesRule.java:84)
	at com.sun.jersey.server.impl.application.WebApplicationImpl._handleRequest(WebApplicationImpl.java:1469)
	at com.sun.jersey.server.impl.application.WebApplicationImpl._handleRequest(WebApplicationImpl.java:1400)
	at com.sun.jersey.server.impl.application.WebApplicationImpl.handleRequest(WebApplicationImpl.java:1349)
	at com.sun.jersey.server.impl.application.WebApplicationImpl.handleRequest(WebApplicationImpl.java:1339)
	at com.sun.jersey.spi.container.servlet.WebComponent.service(WebComponent.java:416)
	at com.sun.jersey.spi.container.servlet.ServletContainer.service(ServletContainer.java:537)
	at com.sun.jersey.spi.container.servlet.ServletContainer.service(ServletContainer.java:699)
	at javax.servlet.http.HttpServlet.service(HttpServlet.java:725)
	at org.apache.catalina.core.ApplicationFilterChain.internalDoFilter(ApplicationFilterChain.java:301)
	at org.apache.catalina.core.ApplicationFilterChain.doFilter(ApplicationFilterChain.java:206)
	at org.apache.tomcat.websocket.server.WsFilter.doFilter(WsFilter.java:52)
	at org.apache.catalina.core.ApplicationFilterChain.internalDoFilter(ApplicationFilterChain.java:239)
	at org.apache.catalina.core.ApplicationFilterChain.doFilter(ApplicationFilterChain.java:206)
	at org.apache.catalina.core.StandardWrapperValve.invoke(StandardWrapperValve.java:219)
	at org.apache.catalina.core.StandardContextValve.invoke(StandardContextValve.java:106)
	at org.apache.catalina.authenticator.AuthenticatorBase.invoke(AuthenticatorBase.java:503)
	at org.apache.catalina.core.StandardHostValve.invoke(StandardHostValve.java:136)
	at org.apache.catalina.valves.ErrorReportValve.invoke(ErrorReportValve.java:74)
	at org.apache.catalina.valves.AbstractAccessLogValve.invoke(AbstractAccessLogValve.java:610)
	at org.apache.catalina.core.StandardEngineValve.invoke(StandardEngineValve.java:88)
	at org.apache.catalina.connector.CoyoteAdapter.service(CoyoteAdapter.java:516)
	at org.apache.coyote.http11.AbstractHttp11Processor.process(AbstractHttp11Processor.java:1015)
	at org.apache.coyote.AbstractProtocol$AbstractConnectionHandler.process(AbstractProtocol.java:652)
	at org.apache.coyote.http11.Http11AprProtocol$Http11ConnectionHandler.process(Http11AprProtocol.java:277)
	at org.apache.tomcat.util.net.AprEndpoint$SocketProcessor.doRun(AprEndpoint.java:2451)
	at org.apache.tomcat.util.net.AprEndpoint$SocketProcessor.run(AprEndpoint.java:2440)
	at java.util.concurrent.ThreadPoolExecutor.runWorker(ThreadPoolExecutor.java:1142)
	at java.util.concurrent.ThreadPoolExecutor$Worker.run(ThreadPoolExecutor.java:617)
	at java.lang.Thread.run(Thread.java:745)

29-Oct-2015 11:39:30.070 WARN [http-apr-8080-exec-2] null.null SQL Error: 0, SQLState: 08S01
29-Oct-2015 11:39:30.070 ERROR [http-apr-8080-exec-2] null.null Communications link failure due to underlying exception: 

** BEGIN NESTED EXCEPTION ** 

java.net.ConnectException
MESSAGE: Connection refused: connect

STACKTRACE:

java.net.ConnectException: Connection refused: connect
	at java.net.DualStackPlainSocketImpl.connect0(Native Method)
	at java.net.DualStackPlainSocketImpl.socketConnect(DualStackPlainSocketImpl.java:79)
	at java.net.AbstractPlainSocketImpl.doConnect(AbstractPlainSocketImpl.java:350)
	at java.net.AbstractPlainSocketImpl.connectToAddress(AbstractPlainSocketImpl.java:206)
	at java.net.AbstractPlainSocketImpl.connect(AbstractPlainSocketImpl.java:188)
	at java.net.PlainSocketImpl.connect(PlainSocketImpl.java:172)
	at java.net.SocksSocketImpl.connect(SocksSocketImpl.java:392)
	at java.net.Socket.connect(Socket.java:589)
	at java.net.Socket.connect(Socket.java:538)
	at java.net.Socket.<init>(Socket.java:434)
	at java.net.Socket.<init>(Socket.java:244)
	at com.mysql.jdbc.StandardSocketFactory.connect(StandardSocketFactory.java:256)
	at com.mysql.jdbc.MysqlIO.<init>(MysqlIO.java:271)
	at com.mysql.jdbc.Connection.createNewIO(Connection.java:2771)
	at com.mysql.jdbc.Connection.<init>(Connection.java:1555)
	at com.mysql.jdbc.NonRegisteringDriver.connect(NonRegisteringDriver.java:285)
	at org.hibernate.service.jdbc.connections.internal.DriverManagerConnectionProviderImpl.getConnection(DriverManagerConnectionProviderImpl.java:204)
	at org.hibernate.internal.AbstractSessionImpl$NonContextualJdbcConnectionAccess.obtainConnection(AbstractSessionImpl.java:292)
	at org.hibernate.engine.jdbc.internal.LogicalConnectionImpl.obtainConnection(LogicalConnectionImpl.java:214)
	at org.hibernate.engine.jdbc.internal.LogicalConnectionImpl.getConnection(LogicalConnectionImpl.java:157)
	at org.hibernate.engine.transaction.internal.jdbc.JdbcTransaction.doBegin(JdbcTransaction.java:67)
	at org.hibernate.engine.transaction.spi.AbstractTransactionImpl.begin(AbstractTransactionImpl.java:160)
	at org.hibernate.internal.SessionImpl.beginTransaction(SessionImpl.java:1432)
	at com.virtusa.tempo.hibernate.service.UserService.get(UserService.java:188)
	at com.virtusa.tempo.hibernate.resource.UserResource.getUserByUserId(UserResource.java:172)
	at sun.reflect.NativeMethodAccessorImpl.invoke0(Native Method)
	at sun.reflect.NativeMethodAccessorImpl.invoke(NativeMethodAccessorImpl.java:62)
	at sun.reflect.DelegatingMethodAccessorImpl.invoke(DelegatingMethodAccessorImpl.java:43)
	at java.lang.reflect.Method.invoke(Method.java:497)
	at com.sun.jersey.spi.container.JavaMethodInvokerFactory$1.invoke(JavaMethodInvokerFactory.java:60)
	at com.sun.jersey.server.impl.model.method.dispatch.AbstractResourceMethodDispatchProvider$TypeOutInvoker._dispatch(AbstractResourceMethodDispatchProvider.java:185)
	at com.sun.jersey.server.impl.model.method.dispatch.ResourceJavaMethodDispatcher.dispatch(ResourceJavaMethodDispatcher.java:75)
	at com.sun.jersey.server.impl.uri.rules.HttpMethodRule.accept(HttpMethodRule.java:288)
	at com.sun.jersey.server.impl.uri.rules.RightHandPathRule.accept(RightHandPathRule.java:147)
	at com.sun.jersey.server.impl.uri.rules.ResourceClassRule.accept(ResourceClassRule.java:108)
	at com.sun.jersey.server.impl.uri.rules.RightHandPathRule.accept(RightHandPathRule.java:147)
	at com.sun.jersey.server.impl.uri.rules.RootResourceClassesRule.accept(RootResourceClassesRule.java:84)
	at com.sun.jersey.server.impl.application.WebApplicationImpl._handleRequest(WebApplicationImpl.java:1469)
	at com.sun.jersey.server.impl.application.WebApplicationImpl._handleRequest(WebApplicationImpl.java:1400)
	at com.sun.jersey.server.impl.application.WebApplicationImpl.handleRequest(WebApplicationImpl.java:1349)
	at com.sun.jersey.server.impl.application.WebApplicationImpl.handleRequest(WebApplicationImpl.java:1339)
	at com.sun.jersey.spi.container.servlet.WebComponent.service(WebComponent.java:416)
	at com.sun.jersey.spi.container.servlet.ServletContainer.service(ServletContainer.java:537)
	at com.sun.jersey.spi.container.servlet.ServletContainer.service(ServletContainer.java:699)
	at javax.servlet.http.HttpServlet.service(HttpServlet.java:725)
	at org.apache.catalina.core.ApplicationFilterChain.internalDoFilter(ApplicationFilterChain.java:301)
	at org.apache.catalina.core.ApplicationFilterChain.doFilter(ApplicationFilterChain.java:206)
	at org.apache.tomcat.websocket.server.WsFilter.doFilter(WsFilter.java:52)
	at org.apache.catalina.core.ApplicationFilterChain.internalDoFilter(ApplicationFilterChain.java:239)
	at org.apache.catalina.core.ApplicationFilterChain.doFilter(ApplicationFilterChain.java:206)
	at org.apache.catalina.core.StandardWrapperValve.invoke(StandardWrapperValve.java:219)
	at org.apache.catalina.core.StandardContextValve.invoke(StandardContextValve.java:106)
	at org.apache.catalina.authenticator.AuthenticatorBase.invoke(AuthenticatorBase.java:503)
	at org.apache.catalina.core.StandardHostValve.invoke(StandardHostValve.java:136)
	at org.apache.catalina.valves.ErrorReportValve.invoke(ErrorReportValve.java:74)
	at org.apache.catalina.valves.AbstractAccessLogValve.invoke(AbstractAccessLogValve.java:610)
	at org.apache.catalina.core.StandardEngineValve.invoke(StandardEngineValve.java:88)
	at org.apache.catalina.connector.CoyoteAdapter.service(CoyoteAdapter.java:516)
	at org.apache.coyote.http11.AbstractHttp11Processor.process(AbstractHttp11Processor.java:1015)
	at org.apache.coyote.AbstractProtocol$AbstractConnectionHandler.process(AbstractProtocol.java:652)
	at org.apache.coyote.http11.Http11AprProtocol$Http11ConnectionHandler.process(Http11AprProtocol.java:277)
	at org.apache.tomcat.util.net.AprEndpoint$SocketProcessor.doRun(AprEndpoint.java:2451)
	at org.apache.tomcat.util.net.AprEndpoint$SocketProcessor.run(AprEndpoint.java:2440)
	at java.util.concurrent.ThreadPoolExecutor.runWorker(ThreadPoolExecutor.java:1142)
	at java.util.concurrent.ThreadPoolExecutor$Worker.run(ThreadPoolExecutor.java:617)
	at java.lang.Thread.run(Thread.java:745)


** END NESTED EXCEPTION **



Last packet sent to the server was 0 ms ago.
29-Oct-2015 11:40:02.617 WARN [http-apr-8080-exec-4] <unknown>.<unknown> SQL Error: 0, SQLState: 08S01
29-Oct-2015 11:40:02.618 ERROR [http-apr-8080-exec-4] null.null Communications link failure due to underlying exception: 

** BEGIN NESTED EXCEPTION ** 

java.net.ConnectException
MESSAGE: Connection refused: connect

STACKTRACE:

java.net.ConnectException: Connection refused: connect
	at java.net.DualStackPlainSocketImpl.connect0(Native Method)
	at java.net.DualStackPlainSocketImpl.socketConnect(DualStackPlainSocketImpl.java:79)
	at java.net.AbstractPlainSocketImpl.doConnect(AbstractPlainSocketImpl.java:350)
	at java.net.AbstractPlainSocketImpl.connectToAddress(AbstractPlainSocketImpl.java:206)
	at java.net.AbstractPlainSocketImpl.connect(AbstractPlainSocketImpl.java:188)
	at java.net.PlainSocketImpl.connect(PlainSocketImpl.java:172)
	at java.net.SocksSocketImpl.connect(SocksSocketImpl.java:392)
	at java.net.Socket.connect(Socket.java:589)
	at java.net.Socket.connect(Socket.java:538)
	at java.net.Socket.<init>(Socket.java:434)
	at java.net.Socket.<init>(Socket.java:244)
	at com.mysql.jdbc.StandardSocketFactory.connect(StandardSocketFactory.java:256)
	at com.mysql.jdbc.MysqlIO.<init>(MysqlIO.java:271)
	at com.mysql.jdbc.Connection.createNewIO(Connection.java:2771)
	at com.mysql.jdbc.Connection.<init>(Connection.java:1555)
	at com.mysql.jdbc.NonRegisteringDriver.connect(NonRegisteringDriver.java:285)
	at org.hibernate.service.jdbc.connections.internal.DriverManagerConnectionProviderImpl.getConnection(DriverManagerConnectionProviderImpl.java:204)
	at org.hibernate.internal.AbstractSessionImpl$NonContextualJdbcConnectionAccess.obtainConnection(AbstractSessionImpl.java:292)
	at org.hibernate.engine.jdbc.internal.LogicalConnectionImpl.obtainConnection(LogicalConnectionImpl.java:214)
	at org.hibernate.engine.jdbc.internal.LogicalConnectionImpl.getConnection(LogicalConnectionImpl.java:157)
	at org.hibernate.engine.transaction.internal.jdbc.JdbcTransaction.doBegin(JdbcTransaction.java:67)
	at org.hibernate.engine.transaction.spi.AbstractTransactionImpl.begin(AbstractTransactionImpl.java:160)
	at org.hibernate.internal.SessionImpl.beginTransaction(SessionImpl.java:1432)
	at com.virtusa.tempo.hibernate.service.UserService.getAll(UserService.java:256)
	at com.virtusa.tempo.hibernate.resource.UserResource.getUser(UserResource.java:145)
	at sun.reflect.NativeMethodAccessorImpl.invoke0(Native Method)
	at sun.reflect.NativeMethodAccessorImpl.invoke(NativeMethodAccessorImpl.java:62)
	at sun.reflect.DelegatingMethodAccessorImpl.invoke(DelegatingMethodAccessorImpl.java:43)
	at java.lang.reflect.Method.invoke(Method.java:497)
	at com.sun.jersey.spi.container.JavaMethodInvokerFactory$1.invoke(JavaMethodInvokerFactory.java:60)
	at com.sun.jersey.server.impl.model.method.dispatch.AbstractResourceMethodDispatchProvider$TypeOutInvoker._dispatch(AbstractResourceMethodDispatchProvider.java:185)
	at com.sun.jersey.server.impl.model.method.dispatch.ResourceJavaMethodDispatcher.dispatch(ResourceJavaMethodDispatcher.java:75)
	at com.sun.jersey.server.impl.uri.rules.HttpMethodRule.accept(HttpMethodRule.java:288)
	at com.sun.jersey.server.impl.uri.rules.RightHandPathRule.accept(RightHandPathRule.java:147)
	at com.sun.jersey.server.impl.uri.rules.ResourceClassRule.accept(ResourceClassRule.java:108)
	at com.sun.jersey.server.impl.uri.rules.RightHandPathRule.accept(RightHandPathRule.java:147)
	at com.sun.jersey.server.impl.uri.rules.RootResourceClassesRule.accept(RootResourceClassesRule.java:84)
	at com.sun.jersey.server.impl.application.WebApplicationImpl._handleRequest(WebApplicationImpl.java:1469)
	at com.sun.jersey.server.impl.application.WebApplicationImpl._handleRequest(WebApplicationImpl.java:1400)
	at com.sun.jersey.server.impl.application.WebApplicationImpl.handleRequest(WebApplicationImpl.java:1349)
	at com.sun.jersey.server.impl.application.WebApplicationImpl.handleRequest(WebApplicationImpl.java:1339)
	at com.sun.jersey.spi.container.servlet.WebComponent.service(WebComponent.java:416)
	at com.sun.jersey.spi.container.servlet.ServletContainer.service(ServletContainer.java:537)
	at com.sun.jersey.spi.container.servlet.ServletContainer.service(ServletContainer.java:699)
	at javax.servlet.http.HttpServlet.service(HttpServlet.java:725)
	at org.apache.catalina.core.ApplicationFilterChain.internalDoFilter(ApplicationFilterChain.java:301)
	at org.apache.catalina.core.ApplicationFilterChain.doFilter(ApplicationFilterChain.java:206)
	at org.apache.tomcat.websocket.server.WsFilter.doFilter(WsFilter.java:52)
	at org.apache.catalina.core.ApplicationFilterChain.internalDoFilter(ApplicationFilterChain.java:239)
	at org.apache.catalina.core.ApplicationFilterChain.doFilter(ApplicationFilterChain.java:206)
	at org.apache.catalina.core.StandardWrapperValve.invoke(StandardWrapperValve.java:219)
	at org.apache.catalina.core.StandardContextValve.invoke(StandardContextValve.java:106)
	at org.apache.catalina.authenticator.AuthenticatorBase.invoke(AuthenticatorBase.java:503)
	at org.apache.catalina.core.StandardHostValve.invoke(StandardHostValve.java:136)
	at org.apache.catalina.valves.ErrorReportValve.invoke(ErrorReportValve.java:74)
	at org.apache.catalina.valves.AbstractAccessLogValve.invoke(AbstractAccessLogValve.java:610)
	at org.apache.catalina.core.StandardEngineValve.invoke(StandardEngineValve.java:88)
	at org.apache.catalina.connector.CoyoteAdapter.service(CoyoteAdapter.java:516)
	at org.apache.coyote.http11.AbstractHttp11Processor.process(AbstractHttp11Processor.java:1015)
	at org.apache.coyote.AbstractProtocol$AbstractConnectionHandler.process(AbstractProtocol.java:652)
	at org.apache.coyote.http11.Http11AprProtocol$Http11ConnectionHandler.process(Http11AprProtocol.java:277)
	at org.apache.tomcat.util.net.AprEndpoint$SocketProcessor.doRun(AprEndpoint.java:2451)
	at org.apache.tomcat.util.net.AprEndpoint$SocketProcessor.run(AprEndpoint.java:2440)
	at java.util.concurrent.ThreadPoolExecutor.runWorker(ThreadPoolExecutor.java:1142)
	at java.util.concurrent.ThreadPoolExecutor$Worker.run(ThreadPoolExecutor.java:617)
	at java.lang.Thread.run(Thread.java:745)


** END NESTED EXCEPTION **



Last packet sent to the server was 0 ms ago.
29-Oct-2015 11:40:06.131 WARN [http-apr-8080-exec-5] <unknown>.<unknown> SQL Error: 0, SQLState: 08S01
29-Oct-2015 11:40:06.131 ERROR [http-apr-8080-exec-5] org.hibernate.engine.jdbc.spi.SqlExceptionHelper.logExceptions Communications link failure due to underlying exception: 

** BEGIN NESTED EXCEPTION ** 

java.net.ConnectException
MESSAGE: Connection refused: connect

STACKTRACE:

java.net.ConnectException: Connection refused: connect
	at java.net.DualStackPlainSocketImpl.connect0(Native Method)
	at java.net.DualStackPlainSocketImpl.socketConnect(DualStackPlainSocketImpl.java:79)
	at java.net.AbstractPlainSocketImpl.doConnect(AbstractPlainSocketImpl.java:350)
	at java.net.AbstractPlainSocketImpl.connectToAddress(AbstractPlainSocketImpl.java:206)
	at java.net.AbstractPlainSocketImpl.connect(AbstractPlainSocketImpl.java:188)
	at java.net.PlainSocketImpl.connect(PlainSocketImpl.java:172)
	at java.net.SocksSocketImpl.connect(SocksSocketImpl.java:392)
	at java.net.Socket.connect(Socket.java:589)
	at java.net.Socket.connect(Socket.java:538)
	at java.net.Socket.<init>(Socket.java:434)
	at java.net.Socket.<init>(Socket.java:244)
	at com.mysql.jdbc.StandardSocketFactory.connect(StandardSocketFactory.java:256)
	at com.mysql.jdbc.MysqlIO.<init>(MysqlIO.java:271)
	at com.mysql.jdbc.Connection.createNewIO(Connection.java:2771)
	at com.mysql.jdbc.Connection.<init>(Connection.java:1555)
	at com.mysql.jdbc.NonRegisteringDriver.connect(NonRegisteringDriver.java:285)
	at org.hibernate.service.jdbc.connections.internal.DriverManagerConnectionProviderImpl.getConnection(DriverManagerConnectionProviderImpl.java:204)
	at org.hibernate.internal.AbstractSessionImpl$NonContextualJdbcConnectionAccess.obtainConnection(AbstractSessionImpl.java:292)
	at org.hibernate.engine.jdbc.internal.LogicalConnectionImpl.obtainConnection(LogicalConnectionImpl.java:214)
	at org.hibernate.engine.jdbc.internal.LogicalConnectionImpl.getConnection(LogicalConnectionImpl.java:157)
	at org.hibernate.engine.transaction.internal.jdbc.JdbcTransaction.doBegin(JdbcTransaction.java:67)
	at org.hibernate.engine.transaction.spi.AbstractTransactionImpl.begin(AbstractTransactionImpl.java:160)
	at org.hibernate.internal.SessionImpl.beginTransaction(SessionImpl.java:1432)
	at com.virtusa.tempo.hibernate.service.ScheduleService.getAllSchedules(ScheduleService.java:37)
	at com.virtusa.tempo.hibernate.resource.ScheduleResource.getScheduleProjects(ScheduleResource.java:43)
	at sun.reflect.NativeMethodAccessorImpl.invoke0(Native Method)
	at sun.reflect.NativeMethodAccessorImpl.invoke(NativeMethodAccessorImpl.java:62)
	at sun.reflect.DelegatingMethodAccessorImpl.invoke(DelegatingMethodAccessorImpl.java:43)
	at java.lang.reflect.Method.invoke(Method.java:497)
	at com.sun.jersey.spi.container.JavaMethodInvokerFactory$1.invoke(JavaMethodInvokerFactory.java:60)
	at com.sun.jersey.server.impl.model.method.dispatch.AbstractResourceMethodDispatchProvider$TypeOutInvoker._dispatch(AbstractResourceMethodDispatchProvider.java:185)
	at com.sun.jersey.server.impl.model.method.dispatch.ResourceJavaMethodDispatcher.dispatch(ResourceJavaMethodDispatcher.java:75)
	at com.sun.jersey.server.impl.uri.rules.HttpMethodRule.accept(HttpMethodRule.java:288)
	at com.sun.jersey.server.impl.uri.rules.RightHandPathRule.accept(RightHandPathRule.java:147)
	at com.sun.jersey.server.impl.uri.rules.ResourceClassRule.accept(ResourceClassRule.java:108)
	at com.sun.jersey.server.impl.uri.rules.RightHandPathRule.accept(RightHandPathRule.java:147)
	at com.sun.jersey.server.impl.uri.rules.RootResourceClassesRule.accept(RootResourceClassesRule.java:84)
	at com.sun.jersey.server.impl.application.WebApplicationImpl._handleRequest(WebApplicationImpl.java:1469)
	at com.sun.jersey.server.impl.application.WebApplicationImpl._handleRequest(WebApplicationImpl.java:1400)
	at com.sun.jersey.server.impl.application.WebApplicationImpl.handleRequest(WebApplicationImpl.java:1349)
	at com.sun.jersey.server.impl.application.WebApplicationImpl.handleRequest(WebApplicationImpl.java:1339)
	at com.sun.jersey.spi.container.servlet.WebComponent.service(WebComponent.java:416)
	at com.sun.jersey.spi.container.servlet.ServletContainer.service(ServletContainer.java:537)
	at com.sun.jersey.spi.container.servlet.ServletContainer.service(ServletContainer.java:699)
	at javax.servlet.http.HttpServlet.service(HttpServlet.java:725)
	at org.apache.catalina.core.ApplicationFilterChain.internalDoFilter(ApplicationFilterChain.java:301)
	at org.apache.catalina.core.ApplicationFilterChain.doFilter(ApplicationFilterChain.java:206)
	at org.apache.tomcat.websocket.server.WsFilter.doFilter(WsFilter.java:52)
	at org.apache.catalina.core.ApplicationFilterChain.internalDoFilter(ApplicationFilterChain.java:239)
	at org.apache.catalina.core.ApplicationFilterChain.doFilter(ApplicationFilterChain.java:206)
	at org.apache.catalina.core.StandardWrapperValve.invoke(StandardWrapperValve.java:219)
	at org.apache.catalina.core.StandardContextValve.invoke(StandardContextValve.java:106)
	at org.apache.catalina.authenticator.AuthenticatorBase.invoke(AuthenticatorBase.java:503)
	at org.apache.catalina.core.StandardHostValve.invoke(StandardHostValve.java:136)
	at org.apache.catalina.valves.ErrorReportValve.invoke(ErrorReportValve.java:74)
	at org.apache.catalina.valves.AbstractAccessLogValve.invoke(AbstractAccessLogValve.java:610)
	at org.apache.catalina.core.StandardEngineValve.invoke(StandardEngineValve.java:88)
	at org.apache.catalina.connector.CoyoteAdapter.service(CoyoteAdapter.java:516)
	at org.apache.coyote.http11.AbstractHttp11Processor.process(AbstractHttp11Processor.java:1015)
	at org.apache.coyote.AbstractProtocol$AbstractConnectionHandler.process(AbstractProtocol.java:652)
	at org.apache.coyote.http11.Http11AprProtocol$Http11ConnectionHandler.process(Http11AprProtocol.java:277)
	at org.apache.tomcat.util.net.AprEndpoint$SocketProcessor.doRun(AprEndpoint.java:2451)
	at org.apache.tomcat.util.net.AprEndpoint$SocketProcessor.run(AprEndpoint.java:2440)
	at java.util.concurrent.ThreadPoolExecutor.runWorker(ThreadPoolExecutor.java:1142)
	at java.util.concurrent.ThreadPoolExecutor$Worker.run(ThreadPoolExecutor.java:617)
	at java.lang.Thread.run(Thread.java:745)


** END NESTED EXCEPTION **



Last packet sent to the server was 0 ms ago.
