08-Oct-2015 08:49:25.017 INFO [main] org.apache.catalina.core.AprLifecycleListener.init Loaded APR based Apache Tomcat Native library 1.1.29 using APR version 1.4.8.
08-Oct-2015 08:49:25.017 INFO [main] org.apache.catalina.core.AprLifecycleListener.init APR capabilities: IPv6 [true], sendfile [true], accept filters [false], random [true].
08-Oct-2015 08:49:26.125 INFO [main] org.apache.catalina.core.AprLifecycleListener.initializeSSL OpenSSL successfully initialized (OpenSSL 1.0.1e 11 Feb 2013)
08-Oct-2015 08:49:26.343 INFO [main] org.apache.coyote.AbstractProtocol.init Initializing ProtocolHandler ["http-apr-8080"]
08-Oct-2015 08:49:26.359 INFO [main] org.apache.coyote.AbstractProtocol.init Initializing ProtocolHandler ["ajp-apr-8009"]
08-Oct-2015 08:49:26.359 INFO [main] org.apache.catalina.startup.Catalina.load Initialization processed in 1922 ms
08-Oct-2015 08:49:26.390 INFO [main] org.apache.catalina.core.StandardService.startInternal Starting service Catalina
08-Oct-2015 08:49:26.390 INFO [main] org.apache.catalina.core.StandardEngine.startInternal Starting Servlet Engine: Apache Tomcat/8.0.3
08-Oct-2015 08:49:26.437 INFO [localhost-startStop-1] org.apache.catalina.startup.HostConfig.deployWAR Deploying web application archive C:\Software\6. apache-tomcat-8.0.3-windows-x64\apache-tomcat-8.0.3\webapps\TempoEngine.war
08-Oct-2015 08:49:32.101 INFO [localhost-startStop-1] org.apache.catalina.util.SessionIdGenerator.createSecureRandom Creation of SecureRandom instance for session ID generation using [SHA1PRNG] took [202] milliseconds.
08-Oct-2015 08:49:32.164 INFO [localhost-startStop-1] com.sun.jersey.api.core.PackagesResourceConfig.init Scanning for root resource and provider classes in the packages:
  com.virtusa.tempo
08-Oct-2015 08:49:32.367 INFO [localhost-startStop-1] com.sun.jersey.api.core.ScanningResourceConfig.logClasses Root resource classes found:
  class com.virtusa.tempo.hibernate.resource.EnvironmentResource
  class com.virtusa.tempo.hibernate.resource.FlowActionExecuteLogResource
  class com.virtusa.tempo.hibernate.resource.ActionExecuteLogResource
  class com.virtusa.tempo.hibernate.resource.ComponentResource
  class com.virtusa.tempo.hibernate.resource.MachineGroupResource
  class com.virtusa.tempo.hibernate.resource.DeploymentLogResource
  class com.virtusa.tempo.hibernate.resource.EnvParamResource
  class com.virtusa.tempo.hibernate.resource.VersionResourse
  class com.virtusa.tempo.hibernate.resource.ProjectsResource
  class com.virtusa.tempo.hibernate.resource.WorkFlowResource
  class com.virtusa.tempo.hibernate.resource.CascadedWorkFlowResource
  class com.virtusa.tempo.hibernate.resource.ToolResource
  class com.virtusa.tempo.hibernate.resource.DBResource
  class com.virtusa.tempo.hibernate.resource.MachineParamResource
  class com.virtusa.tempo.hibernate.resource.MachineResource
  class com.virtusa.tempo.toolbox.resource.Resource
  class com.virtusa.tempo.hibernate.resource.CascadedDeploymentLogResource
  class com.virtusa.tempo.hibernate.resource.UserResource
  class com.virtusa.tempo.hibernate.resource.FlowWorkFlowExecuteLogResource
08-Oct-2015 08:49:32.367 INFO [localhost-startStop-1] com.sun.jersey.api.core.ScanningResourceConfig.init No provider classes found.
08-Oct-2015 08:49:32.632 INFO [localhost-startStop-1] com.sun.jersey.server.impl.application.WebApplicationImpl._initiate Initiating Jersey application, version 'Jersey: 1.8 06/24/2011 12:17 PM'
08-Oct-2015 08:49:35.799 INFO [localhost-startStop-1] org.apache.catalina.startup.HostConfig.deployDirectory Deploying web application directory C:\Software\6. apache-tomcat-8.0.3-windows-x64\apache-tomcat-8.0.3\webapps\docs
08-Oct-2015 08:49:35.861 INFO [localhost-startStop-1] org.apache.catalina.startup.HostConfig.deployDirectory Deploying web application directory C:\Software\6. apache-tomcat-8.0.3-windows-x64\apache-tomcat-8.0.3\webapps\examples
08-Oct-2015 08:49:36.813 INFO [localhost-startStop-1] org.apache.catalina.startup.HostConfig.deployDirectory Deploying web application directory C:\Software\6. apache-tomcat-8.0.3-windows-x64\apache-tomcat-8.0.3\webapps\host-manager
08-Oct-2015 08:49:37.390 INFO [localhost-startStop-1] org.apache.catalina.startup.HostConfig.deployDirectory Deploying web application directory C:\Software\6. apache-tomcat-8.0.3-windows-x64\apache-tomcat-8.0.3\webapps\manager
08-Oct-2015 08:49:37.483 INFO [localhost-startStop-1] org.apache.catalina.startup.HostConfig.deployDirectory Deploying web application directory C:\Software\6. apache-tomcat-8.0.3-windows-x64\apache-tomcat-8.0.3\webapps\ROOT
08-Oct-2015 08:49:37.624 INFO [main] org.apache.coyote.AbstractProtocol.start Starting ProtocolHandler ["http-apr-8080"]
08-Oct-2015 08:49:37.686 INFO [main] org.apache.coyote.AbstractProtocol.start Starting ProtocolHandler ["ajp-apr-8009"]
08-Oct-2015 08:49:37.686 INFO [main] org.apache.catalina.startup.Catalina.start Server startup in 11334 ms
08-Oct-2015 08:50:04.821 INFO [Thread-4] org.apache.coyote.AbstractProtocol.pause Pausing ProtocolHandler ["http-apr-8080"]
08-Oct-2015 08:50:04.992 INFO [Thread-4] org.apache.coyote.AbstractProtocol.pause Pausing ProtocolHandler ["ajp-apr-8009"]
08-Oct-2015 08:50:05.101 INFO [Thread-4] org.apache.catalina.core.StandardService.stopInternal Stopping service Catalina
08-Oct-2015 08:50:05.585 INFO [Thread-4] org.apache.coyote.AbstractProtocol.stop Stopping ProtocolHandler ["http-apr-8080"]
08-Oct-2015 08:50:05.663 INFO [Thread-4] org.apache.coyote.AbstractProtocol.stop Stopping ProtocolHandler ["ajp-apr-8009"]
08-Oct-2015 08:50:05.741 INFO [Thread-4] org.apache.coyote.AbstractProtocol.destroy Destroying ProtocolHandler ["http-apr-8080"]
08-Oct-2015 08:50:05.741 INFO [Thread-4] org.apache.coyote.AbstractProtocol.destroy Destroying ProtocolHandler ["ajp-apr-8009"]
08-Oct-2015 08:58:02.575 INFO [main] org.apache.catalina.core.AprLifecycleListener.init Loaded APR based Apache Tomcat Native library 1.1.29 using APR version 1.4.8.
08-Oct-2015 08:58:02.590 INFO [main] org.apache.catalina.core.AprLifecycleListener.init APR capabilities: IPv6 [true], sendfile [true], accept filters [false], random [true].
08-Oct-2015 08:58:03.760 INFO [main] org.apache.catalina.core.AprLifecycleListener.initializeSSL OpenSSL successfully initialized (OpenSSL 1.0.1e 11 Feb 2013)
08-Oct-2015 08:58:04.026 INFO [main] org.apache.coyote.AbstractProtocol.init Initializing ProtocolHandler ["http-apr-8080"]
08-Oct-2015 08:58:04.057 INFO [main] org.apache.coyote.AbstractProtocol.init Initializing ProtocolHandler ["ajp-apr-8009"]
08-Oct-2015 08:58:04.057 INFO [main] org.apache.catalina.startup.Catalina.load Initialization processed in 2004 ms
08-Oct-2015 08:58:04.119 INFO [main] org.apache.catalina.core.StandardService.startInternal Starting service Catalina
08-Oct-2015 08:58:04.119 INFO [main] org.apache.catalina.core.StandardEngine.startInternal Starting Servlet Engine: Apache Tomcat/8.0.3
08-Oct-2015 08:58:04.150 INFO [localhost-startStop-1] org.apache.catalina.startup.HostConfig.deployDirectory Deploying web application directory C:\Software\6. apache-tomcat-8.0.3-windows-x64\apache-tomcat-8.0.3\webapps\docs
08-Oct-2015 08:58:04.837 INFO [localhost-startStop-1] org.apache.catalina.startup.HostConfig.deployDirectory Deploying web application directory C:\Software\6. apache-tomcat-8.0.3-windows-x64\apache-tomcat-8.0.3\webapps\examples
08-Oct-2015 08:58:05.991 INFO [localhost-startStop-1] org.apache.catalina.startup.HostConfig.deployDirectory Deploying web application directory C:\Software\6. apache-tomcat-8.0.3-windows-x64\apache-tomcat-8.0.3\webapps\host-manager
08-Oct-2015 08:58:06.054 INFO [localhost-startStop-1] org.apache.catalina.startup.HostConfig.deployDirectory Deploying web application directory C:\Software\6. apache-tomcat-8.0.3-windows-x64\apache-tomcat-8.0.3\webapps\manager
08-Oct-2015 08:58:06.147 INFO [localhost-startStop-1] org.apache.catalina.startup.HostConfig.deployDirectory Deploying web application directory C:\Software\6. apache-tomcat-8.0.3-windows-x64\apache-tomcat-8.0.3\webapps\ROOT
08-Oct-2015 08:58:06.210 INFO [localhost-startStop-1] org.apache.catalina.startup.HostConfig.deployDirectory Deploying web application directory C:\Software\6. apache-tomcat-8.0.3-windows-x64\apache-tomcat-8.0.3\webapps\TempoEngine
08-Oct-2015 08:58:09.361 INFO [localhost-startStop-1] com.sun.jersey.api.core.PackagesResourceConfig.init Scanning for root resource and provider classes in the packages:
  com.virtusa.tempo
08-Oct-2015 08:58:09.564 INFO [localhost-startStop-1] com.sun.jersey.api.core.ScanningResourceConfig.logClasses Root resource classes found:
  class com.virtusa.tempo.hibernate.resource.WorkFlowResource
  class com.virtusa.tempo.hibernate.resource.ToolResource
  class com.virtusa.tempo.hibernate.resource.FlowActionExecuteLogResource
  class com.virtusa.tempo.hibernate.resource.CascadedWorkFlowResource
  class com.virtusa.tempo.hibernate.resource.CascadedDeploymentLogResource
  class com.virtusa.tempo.toolbox.resource.Resource
  class com.virtusa.tempo.hibernate.resource.VersionResourse
  class com.virtusa.tempo.hibernate.resource.FlowWorkFlowExecuteLogResource
  class com.virtusa.tempo.hibernate.resource.MachineResource
  class com.virtusa.tempo.hibernate.resource.DBResource
  class com.virtusa.tempo.hibernate.resource.DeploymentLogResource
  class com.virtusa.tempo.hibernate.resource.MachineParamResource
  class com.virtusa.tempo.hibernate.resource.ComponentResource
  class com.virtusa.tempo.hibernate.resource.ProjectsResource
  class com.virtusa.tempo.hibernate.resource.EnvironmentResource
  class com.virtusa.tempo.hibernate.resource.MachineGroupResource
  class com.virtusa.tempo.hibernate.resource.ActionExecuteLogResource
  class com.virtusa.tempo.hibernate.resource.EnvParamResource
  class com.virtusa.tempo.hibernate.resource.UserResource
08-Oct-2015 08:58:09.564 INFO [localhost-startStop-1] com.sun.jersey.api.core.ScanningResourceConfig.init No provider classes found.
08-Oct-2015 08:58:09.891 INFO [localhost-startStop-1] com.sun.jersey.server.impl.application.WebApplicationImpl._initiate Initiating Jersey application, version 'Jersey: 1.8 06/24/2011 12:17 PM'
08-Oct-2015 08:58:12.998 INFO [main] org.apache.coyote.AbstractProtocol.start Starting ProtocolHandler ["http-apr-8080"]
08-Oct-2015 08:58:13.030 INFO [main] org.apache.coyote.AbstractProtocol.start Starting ProtocolHandler ["ajp-apr-8009"]
08-Oct-2015 08:58:13.045 INFO [main] org.apache.catalina.startup.Catalina.start Server startup in 8972 ms
08-Oct-2015 09:05:55.934 INFO [http-apr-8080-exec-7] <unknown>.<unknown> HCANN000001: Hibernate Commons Annotations {4.0.2.Final}
08-Oct-2015 09:05:55.983 INFO [http-apr-8080-exec-7] org.hibernate.Version.logVersion HHH000412: Hibernate Core {4.2.7.SP1}
08-Oct-2015 09:05:56.000 INFO [http-apr-8080-exec-7] org.hibernate.cfg.Environment.<clinit> HHH000206: hibernate.properties not found
08-Oct-2015 09:05:56.011 INFO [http-apr-8080-exec-7] org.hibernate.cfg.Environment.buildBytecodeProvider HHH000021: Bytecode provider name : javassist
08-Oct-2015 09:05:56.217 INFO [http-apr-8080-exec-7] null.null HHH000043: Configuring from resource: /hibernate.cfg.xml
08-Oct-2015 09:05:56.217 INFO [http-apr-8080-exec-7] <unknown>.<unknown> HHH000040: Configuration resource: /hibernate.cfg.xml
08-Oct-2015 09:05:56.384 WARN [http-apr-8080-exec-7] null.null HHH000223: Recognized obsolete hibernate namespace http://hibernate.sourceforge.net/. Use namespace http://www.hibernate.org/dtd/ instead. Refer to Hibernate 3.6 Migration Guide!
08-Oct-2015 09:05:56.483 INFO [http-apr-8080-exec-7] <unknown>.<unknown> HHH000221: Reading mappings from resource: com/virtusa/tempo/hibernate/mapping/Project.hbm.xml
08-Oct-2015 09:05:56.626 WARN [http-apr-8080-exec-7] null.null HHH000223: Recognized obsolete hibernate namespace http://hibernate.sourceforge.net/. Use namespace http://www.hibernate.org/dtd/ instead. Refer to Hibernate 3.6 Migration Guide!
08-Oct-2015 09:05:56.727 INFO [http-apr-8080-exec-7] null.null HHH000221: Reading mappings from resource: com/virtusa/tempo/hibernate/mapping/Action.hbm.xml
08-Oct-2015 09:05:56.733 WARN [http-apr-8080-exec-7] <unknown>.<unknown> HHH000223: Recognized obsolete hibernate namespace http://hibernate.sourceforge.net/. Use namespace http://www.hibernate.org/dtd/ instead. Refer to Hibernate 3.6 Migration Guide!
08-Oct-2015 09:05:56.758 INFO [http-apr-8080-exec-7] org.hibernate.cfg.Configuration.addResource HHH000221: Reading mappings from resource: com/virtusa/tempo/hibernate/mapping/ActionProperty.hbm.xml
08-Oct-2015 09:05:56.774 WARN [http-apr-8080-exec-7] org.hibernate.internal.util.xml.DTDEntityResolver.resolveEntity HHH000223: Recognized obsolete hibernate namespace http://hibernate.sourceforge.net/. Use namespace http://www.hibernate.org/dtd/ instead. Refer to Hibernate 3.6 Migration Guide!
08-Oct-2015 09:05:56.790 INFO [http-apr-8080-exec-7] org.hibernate.cfg.Configuration.addResource HHH000221: Reading mappings from resource: com/virtusa/tempo/hibernate/mapping/Component.hbm.xml
08-Oct-2015 09:05:56.802 WARN [http-apr-8080-exec-7] org.hibernate.internal.util.xml.DTDEntityResolver.resolveEntity HHH000223: Recognized obsolete hibernate namespace http://hibernate.sourceforge.net/. Use namespace http://www.hibernate.org/dtd/ instead. Refer to Hibernate 3.6 Migration Guide!
08-Oct-2015 09:05:56.820 INFO [http-apr-8080-exec-7] <unknown>.<unknown> HHH000221: Reading mappings from resource: com/virtusa/tempo/hibernate/mapping/Environment.hbm.xml
08-Oct-2015 09:05:56.826 WARN [http-apr-8080-exec-7] <unknown>.<unknown> HHH000223: Recognized obsolete hibernate namespace http://hibernate.sourceforge.net/. Use namespace http://www.hibernate.org/dtd/ instead. Refer to Hibernate 3.6 Migration Guide!
08-Oct-2015 09:05:56.842 INFO [http-apr-8080-exec-7] org.hibernate.cfg.Configuration.addResource HHH000221: Reading mappings from resource: com/virtusa/tempo/hibernate/mapping/FlowAction.hbm.xml
08-Oct-2015 09:05:56.855 WARN [http-apr-8080-exec-7] org.hibernate.internal.util.xml.DTDEntityResolver.resolveEntity HHH000223: Recognized obsolete hibernate namespace http://hibernate.sourceforge.net/. Use namespace http://www.hibernate.org/dtd/ instead. Refer to Hibernate 3.6 Migration Guide!
08-Oct-2015 09:05:56.866 INFO [http-apr-8080-exec-7] <unknown>.<unknown> HHH000221: Reading mappings from resource: com/virtusa/tempo/hibernate/mapping/Log.hbm.xml
08-Oct-2015 09:05:56.878 WARN [http-apr-8080-exec-7] org.hibernate.internal.util.xml.DTDEntityResolver.resolveEntity HHH000223: Recognized obsolete hibernate namespace http://hibernate.sourceforge.net/. Use namespace http://www.hibernate.org/dtd/ instead. Refer to Hibernate 3.6 Migration Guide!
08-Oct-2015 09:05:56.899 INFO [http-apr-8080-exec-7] org.hibernate.cfg.Configuration.addResource HHH000221: Reading mappings from resource: com/virtusa/tempo/hibernate/mapping/Machine.hbm.xml
08-Oct-2015 09:05:56.910 WARN [http-apr-8080-exec-7] org.hibernate.internal.util.xml.DTDEntityResolver.resolveEntity HHH000223: Recognized obsolete hibernate namespace http://hibernate.sourceforge.net/. Use namespace http://www.hibernate.org/dtd/ instead. Refer to Hibernate 3.6 Migration Guide!
08-Oct-2015 09:05:56.928 INFO [http-apr-8080-exec-7] org.hibernate.cfg.Configuration.addResource HHH000221: Reading mappings from resource: com/virtusa/tempo/hibernate/mapping/MachineGroup.hbm.xml
08-Oct-2015 09:05:56.939 WARN [http-apr-8080-exec-7] org.hibernate.internal.util.xml.DTDEntityResolver.resolveEntity HHH000223: Recognized obsolete hibernate namespace http://hibernate.sourceforge.net/. Use namespace http://www.hibernate.org/dtd/ instead. Refer to Hibernate 3.6 Migration Guide!
08-Oct-2015 09:05:56.960 INFO [http-apr-8080-exec-7] org.hibernate.cfg.Configuration.addResource HHH000221: Reading mappings from resource: com/virtusa/tempo/hibernate/mapping/Notification.hbm.xml
08-Oct-2015 09:05:56.975 WARN [http-apr-8080-exec-7] org.hibernate.internal.util.xml.DTDEntityResolver.resolveEntity HHH000223: Recognized obsolete hibernate namespace http://hibernate.sourceforge.net/. Use namespace http://www.hibernate.org/dtd/ instead. Refer to Hibernate 3.6 Migration Guide!
08-Oct-2015 09:05:56.991 INFO [http-apr-8080-exec-7] org.hibernate.cfg.Configuration.addResource HHH000221: Reading mappings from resource: com/virtusa/tempo/hibernate/mapping/Tool.hbm.xml
08-Oct-2015 09:05:57.010 WARN [http-apr-8080-exec-7] org.hibernate.internal.util.xml.DTDEntityResolver.resolveEntity HHH000223: Recognized obsolete hibernate namespace http://hibernate.sourceforge.net/. Use namespace http://www.hibernate.org/dtd/ instead. Refer to Hibernate 3.6 Migration Guide!
08-Oct-2015 09:05:57.035 INFO [http-apr-8080-exec-7] org.hibernate.cfg.Configuration.addResource HHH000221: Reading mappings from resource: com/virtusa/tempo/hibernate/mapping/ToolProperty.hbm.xml
08-Oct-2015 09:05:57.041 WARN [http-apr-8080-exec-7] org.hibernate.internal.util.xml.DTDEntityResolver.resolveEntity HHH000223: Recognized obsolete hibernate namespace http://hibernate.sourceforge.net/. Use namespace http://www.hibernate.org/dtd/ instead. Refer to Hibernate 3.6 Migration Guide!
08-Oct-2015 09:05:57.053 INFO [http-apr-8080-exec-7] org.hibernate.cfg.Configuration.addResource HHH000221: Reading mappings from resource: com/virtusa/tempo/hibernate/mapping/User.hbm.xml
08-Oct-2015 09:05:57.060 WARN [http-apr-8080-exec-7] org.hibernate.internal.util.xml.DTDEntityResolver.resolveEntity HHH000223: Recognized obsolete hibernate namespace http://hibernate.sourceforge.net/. Use namespace http://www.hibernate.org/dtd/ instead. Refer to Hibernate 3.6 Migration Guide!
08-Oct-2015 09:05:57.073 INFO [http-apr-8080-exec-7] org.hibernate.cfg.Configuration.addResource HHH000221: Reading mappings from resource: com/virtusa/tempo/hibernate/mapping/Version.hbm.xml
08-Oct-2015 09:05:57.084 WARN [http-apr-8080-exec-7] org.hibernate.internal.util.xml.DTDEntityResolver.resolveEntity HHH000223: Recognized obsolete hibernate namespace http://hibernate.sourceforge.net/. Use namespace http://www.hibernate.org/dtd/ instead. Refer to Hibernate 3.6 Migration Guide!
08-Oct-2015 09:05:57.092 INFO [http-apr-8080-exec-7] org.hibernate.cfg.Configuration.addResource HHH000221: Reading mappings from resource: com/virtusa/tempo/hibernate/mapping/WorkFlow.hbm.xml
08-Oct-2015 09:05:57.101 WARN [http-apr-8080-exec-7] org.hibernate.internal.util.xml.DTDEntityResolver.resolveEntity HHH000223: Recognized obsolete hibernate namespace http://hibernate.sourceforge.net/. Use namespace http://www.hibernate.org/dtd/ instead. Refer to Hibernate 3.6 Migration Guide!
08-Oct-2015 09:05:57.119 INFO [http-apr-8080-exec-7] org.hibernate.cfg.Configuration.addResource HHH000221: Reading mappings from resource: com/virtusa/tempo/hibernate/mapping/CompParam.hbm.xml
08-Oct-2015 09:05:57.125 WARN [http-apr-8080-exec-7] org.hibernate.internal.util.xml.DTDEntityResolver.resolveEntity HHH000223: Recognized obsolete hibernate namespace http://hibernate.sourceforge.net/. Use namespace http://www.hibernate.org/dtd/ instead. Refer to Hibernate 3.6 Migration Guide!
08-Oct-2015 09:05:57.139 INFO [http-apr-8080-exec-7] org.hibernate.cfg.Configuration.addResource HHH000221: Reading mappings from resource: com/virtusa/tempo/hibernate/mapping/EnvParam.hbm.xml
08-Oct-2015 09:05:57.145 WARN [http-apr-8080-exec-7] org.hibernate.internal.util.xml.DTDEntityResolver.resolveEntity HHH000223: Recognized obsolete hibernate namespace http://hibernate.sourceforge.net/. Use namespace http://www.hibernate.org/dtd/ instead. Refer to Hibernate 3.6 Migration Guide!
08-Oct-2015 09:05:57.157 INFO [http-apr-8080-exec-7] org.hibernate.cfg.Configuration.addResource HHH000221: Reading mappings from resource: com/virtusa/tempo/hibernate/mapping/ProjectParam.hbm.xml
08-Oct-2015 09:05:57.171 WARN [http-apr-8080-exec-7] org.hibernate.internal.util.xml.DTDEntityResolver.resolveEntity HHH000223: Recognized obsolete hibernate namespace http://hibernate.sourceforge.net/. Use namespace http://www.hibernate.org/dtd/ instead. Refer to Hibernate 3.6 Migration Guide!
08-Oct-2015 09:05:57.180 INFO [http-apr-8080-exec-7] org.hibernate.cfg.Configuration.addResource HHH000221: Reading mappings from resource: com/virtusa/tempo/hibernate/mapping/VersionParam.hbm.xml
08-Oct-2015 09:05:57.193 WARN [http-apr-8080-exec-7] org.hibernate.internal.util.xml.DTDEntityResolver.resolveEntity HHH000223: Recognized obsolete hibernate namespace http://hibernate.sourceforge.net/. Use namespace http://www.hibernate.org/dtd/ instead. Refer to Hibernate 3.6 Migration Guide!
08-Oct-2015 09:05:57.203 INFO [http-apr-8080-exec-7] org.hibernate.cfg.Configuration.addResource HHH000221: Reading mappings from resource: com/virtusa/tempo/hibernate/mapping/MachineGroupParam.hbm.xml
08-Oct-2015 09:05:57.211 WARN [http-apr-8080-exec-7] org.hibernate.internal.util.xml.DTDEntityResolver.resolveEntity HHH000223: Recognized obsolete hibernate namespace http://hibernate.sourceforge.net/. Use namespace http://www.hibernate.org/dtd/ instead. Refer to Hibernate 3.6 Migration Guide!
08-Oct-2015 09:05:57.222 INFO [http-apr-8080-exec-7] org.hibernate.cfg.Configuration.addResource HHH000221: Reading mappings from resource: com/virtusa/tempo/hibernate/mapping/MachineParam.hbm.xml
08-Oct-2015 09:05:57.228 WARN [http-apr-8080-exec-7] org.hibernate.internal.util.xml.DTDEntityResolver.resolveEntity HHH000223: Recognized obsolete hibernate namespace http://hibernate.sourceforge.net/. Use namespace http://www.hibernate.org/dtd/ instead. Refer to Hibernate 3.6 Migration Guide!
08-Oct-2015 09:05:57.240 INFO [http-apr-8080-exec-7] org.hibernate.cfg.Configuration.addResource HHH000221: Reading mappings from resource: com/virtusa/tempo/hibernate/mapping/WorkFlowParam.hbm.xml
08-Oct-2015 09:05:57.246 WARN [http-apr-8080-exec-7] org.hibernate.internal.util.xml.DTDEntityResolver.resolveEntity HHH000223: Recognized obsolete hibernate namespace http://hibernate.sourceforge.net/. Use namespace http://www.hibernate.org/dtd/ instead. Refer to Hibernate 3.6 Migration Guide!
08-Oct-2015 09:05:57.257 INFO [http-apr-8080-exec-7] org.hibernate.cfg.Configuration.addResource HHH000221: Reading mappings from resource: com/virtusa/tempo/hibernate/mapping/FlowActionProperty.hbm.xml
08-Oct-2015 09:05:57.267 WARN [http-apr-8080-exec-7] org.hibernate.internal.util.xml.DTDEntityResolver.resolveEntity HHH000223: Recognized obsolete hibernate namespace http://hibernate.sourceforge.net/. Use namespace http://www.hibernate.org/dtd/ instead. Refer to Hibernate 3.6 Migration Guide!
08-Oct-2015 09:05:57.275 INFO [http-apr-8080-exec-7] org.hibernate.cfg.Configuration.addResource HHH000221: Reading mappings from resource: com/virtusa/tempo/hibernate/mapping/LinkFlowAction.hbm.xml
08-Oct-2015 09:05:57.288 WARN [http-apr-8080-exec-7] org.hibernate.internal.util.xml.DTDEntityResolver.resolveEntity HHH000223: Recognized obsolete hibernate namespace http://hibernate.sourceforge.net/. Use namespace http://www.hibernate.org/dtd/ instead. Refer to Hibernate 3.6 Migration Guide!
08-Oct-2015 09:05:57.296 INFO [http-apr-8080-exec-7] org.hibernate.cfg.Configuration.addResource HHH000221: Reading mappings from resource: com/virtusa/tempo/hibernate/mapping/EnvParamValue.hbm.xml
08-Oct-2015 09:05:57.307 WARN [http-apr-8080-exec-7] org.hibernate.internal.util.xml.DTDEntityResolver.resolveEntity HHH000223: Recognized obsolete hibernate namespace http://hibernate.sourceforge.net/. Use namespace http://www.hibernate.org/dtd/ instead. Refer to Hibernate 3.6 Migration Guide!
08-Oct-2015 09:05:57.314 INFO [http-apr-8080-exec-7] org.hibernate.cfg.Configuration.addResource HHH000221: Reading mappings from resource: com/virtusa/tempo/hibernate/mapping/MachineParamValue.hbm.xml
08-Oct-2015 09:05:57.325 WARN [http-apr-8080-exec-7] org.hibernate.internal.util.xml.DTDEntityResolver.resolveEntity HHH000223: Recognized obsolete hibernate namespace http://hibernate.sourceforge.net/. Use namespace http://www.hibernate.org/dtd/ instead. Refer to Hibernate 3.6 Migration Guide!
08-Oct-2015 09:05:57.339 INFO [http-apr-8080-exec-7] org.hibernate.cfg.Configuration.addResource HHH000221: Reading mappings from resource: com/virtusa/tempo/hibernate/mapping/DeploymentLog.hbm.xml
08-Oct-2015 09:05:57.346 WARN [http-apr-8080-exec-7] org.hibernate.internal.util.xml.DTDEntityResolver.resolveEntity HHH000223: Recognized obsolete hibernate namespace http://hibernate.sourceforge.net/. Use namespace http://www.hibernate.org/dtd/ instead. Refer to Hibernate 3.6 Migration Guide!
08-Oct-2015 09:05:57.353 INFO [http-apr-8080-exec-7] org.hibernate.cfg.Configuration.addResource HHH000221: Reading mappings from resource: com/virtusa/tempo/hibernate/mapping/ActionExecuteLog.hbm.xml
08-Oct-2015 09:05:57.363 WARN [http-apr-8080-exec-7] org.hibernate.internal.util.xml.DTDEntityResolver.resolveEntity HHH000223: Recognized obsolete hibernate namespace http://hibernate.sourceforge.net/. Use namespace http://www.hibernate.org/dtd/ instead. Refer to Hibernate 3.6 Migration Guide!
08-Oct-2015 09:05:57.375 INFO [http-apr-8080-exec-7] org.hibernate.cfg.Configuration.addResource HHH000221: Reading mappings from resource: com/virtusa/tempo/hibernate/mapping/FlowActionExecuteLog.hbm.xml
08-Oct-2015 09:05:57.389 WARN [http-apr-8080-exec-7] org.hibernate.internal.util.xml.DTDEntityResolver.resolveEntity HHH000223: Recognized obsolete hibernate namespace http://hibernate.sourceforge.net/. Use namespace http://www.hibernate.org/dtd/ instead. Refer to Hibernate 3.6 Migration Guide!
08-Oct-2015 09:05:57.397 INFO [http-apr-8080-exec-7] org.hibernate.cfg.Configuration.addResource HHH000221: Reading mappings from resource: com/virtusa/tempo/hibernate/mapping/VersionParamValue.hbm.xml
08-Oct-2015 09:05:57.406 WARN [http-apr-8080-exec-7] org.hibernate.internal.util.xml.DTDEntityResolver.resolveEntity HHH000223: Recognized obsolete hibernate namespace http://hibernate.sourceforge.net/. Use namespace http://www.hibernate.org/dtd/ instead. Refer to Hibernate 3.6 Migration Guide!
08-Oct-2015 09:05:57.414 INFO [http-apr-8080-exec-7] org.hibernate.cfg.Configuration.addResource HHH000221: Reading mappings from resource: com/virtusa/tempo/hibernate/mapping/UserPermission.hbm.xml
08-Oct-2015 09:05:57.424 WARN [http-apr-8080-exec-7] org.hibernate.internal.util.xml.DTDEntityResolver.resolveEntity HHH000223: Recognized obsolete hibernate namespace http://hibernate.sourceforge.net/. Use namespace http://www.hibernate.org/dtd/ instead. Refer to Hibernate 3.6 Migration Guide!
08-Oct-2015 09:05:57.435 INFO [http-apr-8080-exec-7] org.hibernate.cfg.Configuration.addResource HHH000221: Reading mappings from resource: com/virtusa/tempo/hibernate/mapping/CascadedWorkFlow.hbm.xml
08-Oct-2015 09:05:57.445 WARN [http-apr-8080-exec-7] org.hibernate.internal.util.xml.DTDEntityResolver.resolveEntity HHH000223: Recognized obsolete hibernate namespace http://hibernate.sourceforge.net/. Use namespace http://www.hibernate.org/dtd/ instead. Refer to Hibernate 3.6 Migration Guide!
08-Oct-2015 09:05:57.458 INFO [http-apr-8080-exec-7] org.hibernate.cfg.Configuration.addResource HHH000221: Reading mappings from resource: com/virtusa/tempo/hibernate/mapping/CascadedDeploymentLog.hbm.xml
08-Oct-2015 09:05:57.465 WARN [http-apr-8080-exec-7] org.hibernate.internal.util.xml.DTDEntityResolver.resolveEntity HHH000223: Recognized obsolete hibernate namespace http://hibernate.sourceforge.net/. Use namespace http://www.hibernate.org/dtd/ instead. Refer to Hibernate 3.6 Migration Guide!
08-Oct-2015 09:05:57.476 INFO [http-apr-8080-exec-7] org.hibernate.cfg.Configuration.addResource HHH000221: Reading mappings from resource: com/virtusa/tempo/hibernate/mapping/FlowWorkFlow.hbm.xml
08-Oct-2015 09:05:57.487 WARN [http-apr-8080-exec-7] org.hibernate.internal.util.xml.DTDEntityResolver.resolveEntity HHH000223: Recognized obsolete hibernate namespace http://hibernate.sourceforge.net/. Use namespace http://www.hibernate.org/dtd/ instead. Refer to Hibernate 3.6 Migration Guide!
08-Oct-2015 09:05:57.497 INFO [http-apr-8080-exec-7] org.hibernate.cfg.Configuration.addResource HHH000221: Reading mappings from resource: com/virtusa/tempo/hibernate/mapping/FlowWorkFlowExecuteLog.hbm.xml
08-Oct-2015 09:05:57.504 WARN [http-apr-8080-exec-7] org.hibernate.internal.util.xml.DTDEntityResolver.resolveEntity HHH000223: Recognized obsolete hibernate namespace http://hibernate.sourceforge.net/. Use namespace http://www.hibernate.org/dtd/ instead. Refer to Hibernate 3.6 Migration Guide!
08-Oct-2015 09:05:57.512 INFO [http-apr-8080-exec-7] org.hibernate.cfg.Configuration.addResource HHH000221: Reading mappings from resource: com/virtusa/tempo/hibernate/mapping/FlowWorkFlowProperty.hbm.xml
08-Oct-2015 09:05:57.529 WARN [http-apr-8080-exec-7] org.hibernate.internal.util.xml.DTDEntityResolver.resolveEntity HHH000223: Recognized obsolete hibernate namespace http://hibernate.sourceforge.net/. Use namespace http://www.hibernate.org/dtd/ instead. Refer to Hibernate 3.6 Migration Guide!
08-Oct-2015 09:05:57.539 INFO [http-apr-8080-exec-7] org.hibernate.cfg.Configuration.addResource HHH000221: Reading mappings from resource: com/virtusa/tempo/hibernate/mapping/LinkFlowWorkFlow.hbm.xml
08-Oct-2015 09:05:57.546 WARN [http-apr-8080-exec-7] org.hibernate.internal.util.xml.DTDEntityResolver.resolveEntity HHH000223: Recognized obsolete hibernate namespace http://hibernate.sourceforge.net/. Use namespace http://www.hibernate.org/dtd/ instead. Refer to Hibernate 3.6 Migration Guide!
08-Oct-2015 09:05:57.559 INFO [http-apr-8080-exec-7] org.hibernate.cfg.Configuration.addResource HHH000221: Reading mappings from resource: com/virtusa/tempo/hibernate/mapping/TriggerFlowAction.hbm.xml
08-Oct-2015 09:05:57.566 WARN [http-apr-8080-exec-7] org.hibernate.internal.util.xml.DTDEntityResolver.resolveEntity HHH000223: Recognized obsolete hibernate namespace http://hibernate.sourceforge.net/. Use namespace http://www.hibernate.org/dtd/ instead. Refer to Hibernate 3.6 Migration Guide!
08-Oct-2015 09:05:57.575 INFO [http-apr-8080-exec-7] org.hibernate.cfg.Configuration.addResource HHH000221: Reading mappings from resource: com/virtusa/tempo/hibernate/mapping/TriggerLinkFlowAction.hbm.xml
08-Oct-2015 09:05:57.590 WARN [http-apr-8080-exec-7] org.hibernate.internal.util.xml.DTDEntityResolver.resolveEntity HHH000223: Recognized obsolete hibernate namespace http://hibernate.sourceforge.net/. Use namespace http://www.hibernate.org/dtd/ instead. Refer to Hibernate 3.6 Migration Guide!
08-Oct-2015 09:05:57.598 INFO [http-apr-8080-exec-7] org.hibernate.cfg.Configuration.addResource HHH000221: Reading mappings from resource: com/virtusa/tempo/hibernate/mapping/TriggerFlowActionProperty.hbm.xml
08-Oct-2015 09:05:57.607 WARN [http-apr-8080-exec-7] org.hibernate.internal.util.xml.DTDEntityResolver.resolveEntity HHH000223: Recognized obsolete hibernate namespace http://hibernate.sourceforge.net/. Use namespace http://www.hibernate.org/dtd/ instead. Refer to Hibernate 3.6 Migration Guide!
08-Oct-2015 09:05:57.618 INFO [http-apr-8080-exec-7] org.hibernate.cfg.Configuration.doConfigure HHH000041: Configured SessionFactory: null
08-Oct-2015 09:05:58.106 INFO [http-apr-8080-exec-7] <unknown>.<unknown> HHH000402: Using Hibernate built-in connection pool (not for production use!)
08-Oct-2015 09:05:58.107 INFO [http-apr-8080-exec-7] <unknown>.<unknown> HHH000115: Hibernate connection pool size: 20
08-Oct-2015 09:05:58.108 INFO [http-apr-8080-exec-7] <unknown>.<unknown> HHH000006: Autocommit mode: false
08-Oct-2015 09:05:58.108 INFO [http-apr-8080-exec-7] <unknown>.<unknown> HHH000401: using driver [com.mysql.jdbc.Driver] at URL [jdbc:mysql://localhost:3306]
08-Oct-2015 09:05:58.109 INFO [http-apr-8080-exec-7] <unknown>.<unknown> HHH000046: Connection properties: {user=root, password=****}
08-Oct-2015 09:05:58.375 INFO [http-apr-8080-exec-7] <unknown>.<unknown> HHH000400: Using dialect: org.hibernate.dialect.MySQLDialect
08-Oct-2015 09:05:58.458 INFO [http-apr-8080-exec-7] null.null HHH000423: Disabling contextual LOB creation as JDBC driver reported JDBC version [3] less than 4
08-Oct-2015 09:05:59.275 WARN [http-apr-8080-exec-7] org.hibernate.mapping.RootClass.checkCompositeIdentifier HHH000038: Composite-id class does not override equals(): com.virtusa.tempo.hibernate.model.EnvParamValueId
08-Oct-2015 09:05:59.276 WARN [http-apr-8080-exec-7] org.hibernate.mapping.RootClass.checkCompositeIdentifier HHH000039: Composite-id class does not override hashCode(): com.virtusa.tempo.hibernate.model.EnvParamValueId
08-Oct-2015 09:05:59.281 WARN [http-apr-8080-exec-7] org.hibernate.mapping.RootClass.checkCompositeIdentifier HHH000038: Composite-id class does not override equals(): com.virtusa.tempo.hibernate.model.VersionParamValueId
08-Oct-2015 09:05:59.281 WARN [http-apr-8080-exec-7] org.hibernate.mapping.RootClass.checkCompositeIdentifier HHH000039: Composite-id class does not override hashCode(): com.virtusa.tempo.hibernate.model.VersionParamValueId
08-Oct-2015 09:05:59.292 WARN [http-apr-8080-exec-7] org.hibernate.mapping.RootClass.checkCompositeIdentifier HHH000038: Composite-id class does not override equals(): com.virtusa.tempo.hibernate.model.UserPermissionId
08-Oct-2015 09:05:59.292 WARN [http-apr-8080-exec-7] org.hibernate.mapping.RootClass.checkCompositeIdentifier HHH000039: Composite-id class does not override hashCode(): com.virtusa.tempo.hibernate.model.UserPermissionId
08-Oct-2015 09:05:59.293 WARN [http-apr-8080-exec-7] org.hibernate.mapping.RootClass.checkCompositeIdentifier HHH000038: Composite-id class does not override equals(): com.virtusa.tempo.hibernate.model.FlowWorkFlowId
08-Oct-2015 09:05:59.295 WARN [http-apr-8080-exec-7] org.hibernate.mapping.RootClass.checkCompositeIdentifier HHH000039: Composite-id class does not override hashCode(): com.virtusa.tempo.hibernate.model.FlowWorkFlowId
08-Oct-2015 09:05:59.297 WARN [http-apr-8080-exec-7] org.hibernate.mapping.RootClass.checkCompositeIdentifier HHH000038: Composite-id class does not override equals(): com.virtusa.tempo.hibernate.model.TriggerFlowActionId
08-Oct-2015 09:05:59.297 WARN [http-apr-8080-exec-7] org.hibernate.mapping.RootClass.checkCompositeIdentifier HHH000039: Composite-id class does not override hashCode(): com.virtusa.tempo.hibernate.model.TriggerFlowActionId
08-Oct-2015 09:05:59.306 WARN [http-apr-8080-exec-7] org.hibernate.mapping.RootClass.checkCompositeIdentifier HHH000038: Composite-id class does not override equals(): com.virtusa.tempo.hibernate.model.FlowActionId
08-Oct-2015 09:05:59.306 WARN [http-apr-8080-exec-7] org.hibernate.mapping.RootClass.checkCompositeIdentifier HHH000039: Composite-id class does not override hashCode(): com.virtusa.tempo.hibernate.model.FlowActionId
08-Oct-2015 09:05:59.311 WARN [http-apr-8080-exec-7] org.hibernate.mapping.RootClass.checkCompositeIdentifier HHH000038: Composite-id class does not override equals(): com.virtusa.tempo.hibernate.model.MachineParamValueId
08-Oct-2015 09:05:59.313 WARN [http-apr-8080-exec-7] org.hibernate.mapping.RootClass.checkCompositeIdentifier HHH000039: Composite-id class does not override hashCode(): com.virtusa.tempo.hibernate.model.MachineParamValueId
08-Oct-2015 09:05:59.392 INFO [http-apr-8080-exec-7] org.hibernate.engine.transaction.internal.TransactionFactoryInitiator.initiateService HHH000399: Using default transaction strategy (direct JDBC transactions)
08-Oct-2015 09:05:59.460 INFO [http-apr-8080-exec-7] org.hibernate.hql.internal.ast.ASTQueryTranslatorFactory.<init> HHH000397: Using ASTQueryTranslatorFactory
08-Oct-2015 09:06:01.875 INFO [http-apr-8080-exec-7] org.hibernate.tool.hbm2ddl.SchemaUpdate.execute HHH000228: Running hbm2ddl schema update
08-Oct-2015 09:06:01.877 INFO [http-apr-8080-exec-7] org.hibernate.tool.hbm2ddl.SchemaUpdate.execute HHH000102: Fetching database metadata
08-Oct-2015 09:06:01.887 INFO [http-apr-8080-exec-7] org.hibernate.tool.hbm2ddl.SchemaUpdate.execute HHH000396: Updating schema
08-Oct-2015 09:06:01.932 INFO [http-apr-8080-exec-7] null.null HHH000262: Table not found: ACTION
08-Oct-2015 09:06:01.937 INFO [http-apr-8080-exec-7] null.null HHH000262: Table not found: ACTIONEXECUTELOG
08-Oct-2015 09:06:01.938 INFO [http-apr-8080-exec-7] null.null HHH000262: Table not found: ACTIONPROPERTY
08-Oct-2015 09:06:01.938 INFO [http-apr-8080-exec-7] null.null HHH000262: Table not found: CASCADEDDEPLOYMENTLOG
08-Oct-2015 09:06:01.939 INFO [http-apr-8080-exec-7] null.null HHH000262: Table not found: CASCADEDWORKFLOW
08-Oct-2015 09:06:01.939 INFO [http-apr-8080-exec-7] null.null HHH000262: Table not found: COMPONENT
08-Oct-2015 09:06:01.940 INFO [http-apr-8080-exec-7] org.hibernate.tool.hbm2ddl.DatabaseMetadata.getTableMetadata HHH000262: Table not found: COMPPARAM
08-Oct-2015 09:06:01.941 INFO [http-apr-8080-exec-7] org.hibernate.tool.hbm2ddl.DatabaseMetadata.getTableMetadata HHH000262: Table not found: DEPLOYMENTLOG
08-Oct-2015 09:06:01.946 INFO [http-apr-8080-exec-7] org.hibernate.tool.hbm2ddl.DatabaseMetadata.getTableMetadata HHH000262: Table not found: ENVIRONMENT
08-Oct-2015 09:06:01.947 INFO [http-apr-8080-exec-7] org.hibernate.tool.hbm2ddl.DatabaseMetadata.getTableMetadata HHH000262: Table not found: ENVPARAM
08-Oct-2015 09:06:01.948 INFO [http-apr-8080-exec-7] org.hibernate.tool.hbm2ddl.DatabaseMetadata.getTableMetadata HHH000262: Table not found: ENVPARAMVALUE
08-Oct-2015 09:06:01.949 INFO [http-apr-8080-exec-7] org.hibernate.tool.hbm2ddl.DatabaseMetadata.getTableMetadata HHH000262: Table not found: FLOWACTION
08-Oct-2015 09:06:01.949 INFO [http-apr-8080-exec-7] org.hibernate.tool.hbm2ddl.DatabaseMetadata.getTableMetadata HHH000262: Table not found: FLOWACTIONEXECUTELOG
08-Oct-2015 09:06:01.950 INFO [http-apr-8080-exec-7] org.hibernate.tool.hbm2ddl.DatabaseMetadata.getTableMetadata HHH000262: Table not found: FLOWACTIONPROPERTY
08-Oct-2015 09:06:01.953 INFO [http-apr-8080-exec-7] org.hibernate.tool.hbm2ddl.DatabaseMetadata.getTableMetadata HHH000262: Table not found: FLOWWORKFLOW
08-Oct-2015 09:06:01.954 INFO [http-apr-8080-exec-7] org.hibernate.tool.hbm2ddl.DatabaseMetadata.getTableMetadata HHH000262: Table not found: FLOWWORKFLOWEXECUTELOG
08-Oct-2015 09:06:01.955 INFO [http-apr-8080-exec-7] org.hibernate.tool.hbm2ddl.DatabaseMetadata.getTableMetadata HHH000262: Table not found: FLOWWORKFLOWPROPERTY
08-Oct-2015 09:06:01.957 INFO [http-apr-8080-exec-7] org.hibernate.tool.hbm2ddl.DatabaseMetadata.getTableMetadata HHH000262: Table not found: LINKFLOWACTION
08-Oct-2015 09:06:01.964 INFO [http-apr-8080-exec-7] org.hibernate.tool.hbm2ddl.DatabaseMetadata.getTableMetadata HHH000262: Table not found: LINKFLOWWORKFLOW
08-Oct-2015 09:06:01.967 INFO [http-apr-8080-exec-7] org.hibernate.tool.hbm2ddl.DatabaseMetadata.getTableMetadata HHH000262: Table not found: LOG
08-Oct-2015 09:06:01.968 INFO [http-apr-8080-exec-7] org.hibernate.tool.hbm2ddl.DatabaseMetadata.getTableMetadata HHH000262: Table not found: MACHINE
08-Oct-2015 09:06:01.971 INFO [http-apr-8080-exec-7] org.hibernate.tool.hbm2ddl.DatabaseMetadata.getTableMetadata HHH000262: Table not found: MACHINEGROUP
08-Oct-2015 09:06:01.972 INFO [http-apr-8080-exec-7] org.hibernate.tool.hbm2ddl.DatabaseMetadata.getTableMetadata HHH000262: Table not found: MACHINEGROUPPARAM
08-Oct-2015 09:06:01.973 INFO [http-apr-8080-exec-7] org.hibernate.tool.hbm2ddl.DatabaseMetadata.getTableMetadata HHH000262: Table not found: MACHINEGROUP_COMPONENT
08-Oct-2015 09:06:01.974 INFO [http-apr-8080-exec-7] org.hibernate.tool.hbm2ddl.DatabaseMetadata.getTableMetadata HHH000262: Table not found: MACHINEGROUP_TOOL
08-Oct-2015 09:06:01.974 INFO [http-apr-8080-exec-7] org.hibernate.tool.hbm2ddl.DatabaseMetadata.getTableMetadata HHH000262: Table not found: MACHINEPARAM
08-Oct-2015 09:06:01.978 INFO [http-apr-8080-exec-7] org.hibernate.tool.hbm2ddl.DatabaseMetadata.getTableMetadata HHH000262: Table not found: MACHINEPARAMVALUE
08-Oct-2015 09:06:01.980 INFO [http-apr-8080-exec-7] org.hibernate.tool.hbm2ddl.DatabaseMetadata.getTableMetadata HHH000262: Table not found: MACHINE_MACHINEGROUP
08-Oct-2015 09:06:01.981 INFO [http-apr-8080-exec-7] org.hibernate.tool.hbm2ddl.DatabaseMetadata.getTableMetadata HHH000262: Table not found: NOTIFICATION
08-Oct-2015 09:06:01.981 INFO [http-apr-8080-exec-7] org.hibernate.tool.hbm2ddl.DatabaseMetadata.getTableMetadata HHH000262: Table not found: PROJECT
08-Oct-2015 09:06:01.982 INFO [http-apr-8080-exec-7] org.hibernate.tool.hbm2ddl.DatabaseMetadata.getTableMetadata HHH000262: Table not found: PROJECTPARAM
08-Oct-2015 09:06:01.983 INFO [http-apr-8080-exec-7] org.hibernate.tool.hbm2ddl.DatabaseMetadata.getTableMetadata HHH000262: Table not found: TOOL
08-Oct-2015 09:06:01.984 INFO [http-apr-8080-exec-7] org.hibernate.tool.hbm2ddl.DatabaseMetadata.getTableMetadata HHH000262: Table not found: TOOLPROPERTY
08-Oct-2015 09:06:01.984 INFO [http-apr-8080-exec-7] org.hibernate.tool.hbm2ddl.DatabaseMetadata.getTableMetadata HHH000262: Table not found: TRIGGERFLOWACTION
08-Oct-2015 09:06:01.986 INFO [http-apr-8080-exec-7] org.hibernate.tool.hbm2ddl.DatabaseMetadata.getTableMetadata HHH000262: Table not found: TRIGGERFLOWACTIONPROPERTY
08-Oct-2015 09:06:01.987 INFO [http-apr-8080-exec-7] org.hibernate.tool.hbm2ddl.DatabaseMetadata.getTableMetadata HHH000262: Table not found: TRIGGERLINKFLOWACTION
08-Oct-2015 09:06:01.988 INFO [http-apr-8080-exec-7] org.hibernate.tool.hbm2ddl.DatabaseMetadata.getTableMetadata HHH000262: Table not found: USER
08-Oct-2015 09:06:01.989 INFO [http-apr-8080-exec-7] org.hibernate.tool.hbm2ddl.DatabaseMetadata.getTableMetadata HHH000262: Table not found: USERPERMISSION
08-Oct-2015 09:06:01.995 INFO [http-apr-8080-exec-7] org.hibernate.tool.hbm2ddl.DatabaseMetadata.getTableMetadata HHH000262: Table not found: VERSION
08-Oct-2015 09:06:01.998 INFO [http-apr-8080-exec-7] org.hibernate.tool.hbm2ddl.DatabaseMetadata.getTableMetadata HHH000262: Table not found: VERSIONPARAM
08-Oct-2015 09:06:02.000 INFO [http-apr-8080-exec-7] org.hibernate.tool.hbm2ddl.DatabaseMetadata.getTableMetadata HHH000262: Table not found: VERSIONPARAMVALUE
08-Oct-2015 09:06:02.002 INFO [http-apr-8080-exec-7] org.hibernate.tool.hbm2ddl.DatabaseMetadata.getTableMetadata HHH000262: Table not found: WORKFLOW
08-Oct-2015 09:06:02.003 INFO [http-apr-8080-exec-7] org.hibernate.tool.hbm2ddl.DatabaseMetadata.getTableMetadata HHH000262: Table not found: WORKFLOWPARAM
08-Oct-2015 09:06:02.004 INFO [http-apr-8080-exec-7] null.null HHH000262: Table not found: ACTION
08-Oct-2015 09:06:02.004 INFO [http-apr-8080-exec-7] null.null HHH000262: Table not found: ACTIONEXECUTELOG
08-Oct-2015 09:06:02.005 INFO [http-apr-8080-exec-7] org.hibernate.tool.hbm2ddl.DatabaseMetadata.getTableMetadata HHH000262: Table not found: ACTIONPROPERTY
08-Oct-2015 09:06:02.005 INFO [http-apr-8080-exec-7] org.hibernate.tool.hbm2ddl.DatabaseMetadata.getTableMetadata HHH000262: Table not found: CASCADEDDEPLOYMENTLOG
08-Oct-2015 09:06:02.006 INFO [http-apr-8080-exec-7] org.hibernate.tool.hbm2ddl.DatabaseMetadata.getTableMetadata HHH000262: Table not found: CASCADEDWORKFLOW
08-Oct-2015 09:06:02.007 INFO [http-apr-8080-exec-7] null.null HHH000262: Table not found: COMPONENT
08-Oct-2015 09:06:02.007 INFO [http-apr-8080-exec-7] null.null HHH000262: Table not found: COMPPARAM
08-Oct-2015 09:06:02.007 INFO [http-apr-8080-exec-7] null.null HHH000262: Table not found: DEPLOYMENTLOG
08-Oct-2015 09:06:02.008 INFO [http-apr-8080-exec-7] null.null HHH000262: Table not found: ENVIRONMENT
08-Oct-2015 09:06:02.008 INFO [http-apr-8080-exec-7] org.hibernate.tool.hbm2ddl.DatabaseMetadata.getTableMetadata HHH000262: Table not found: ENVPARAM
08-Oct-2015 09:06:02.010 INFO [http-apr-8080-exec-7] org.hibernate.tool.hbm2ddl.DatabaseMetadata.getTableMetadata HHH000262: Table not found: ENVPARAMVALUE
08-Oct-2015 09:06:02.011 INFO [http-apr-8080-exec-7] org.hibernate.tool.hbm2ddl.DatabaseMetadata.getTableMetadata HHH000262: Table not found: FLOWACTION
08-Oct-2015 09:06:02.012 INFO [http-apr-8080-exec-7] org.hibernate.tool.hbm2ddl.DatabaseMetadata.getTableMetadata HHH000262: Table not found: FLOWACTIONEXECUTELOG
08-Oct-2015 09:06:02.013 INFO [http-apr-8080-exec-7] org.hibernate.tool.hbm2ddl.DatabaseMetadata.getTableMetadata HHH000262: Table not found: FLOWACTIONPROPERTY
08-Oct-2015 09:06:02.014 INFO [http-apr-8080-exec-7] org.hibernate.tool.hbm2ddl.DatabaseMetadata.getTableMetadata HHH000262: Table not found: FLOWWORKFLOW
08-Oct-2015 09:06:02.014 INFO [http-apr-8080-exec-7] org.hibernate.tool.hbm2ddl.DatabaseMetadata.getTableMetadata HHH000262: Table not found: FLOWWORKFLOWEXECUTELOG
08-Oct-2015 09:06:02.019 INFO [http-apr-8080-exec-7] org.hibernate.tool.hbm2ddl.DatabaseMetadata.getTableMetadata HHH000262: Table not found: FLOWWORKFLOWPROPERTY
08-Oct-2015 09:06:02.020 INFO [http-apr-8080-exec-7] org.hibernate.tool.hbm2ddl.DatabaseMetadata.getTableMetadata HHH000262: Table not found: LINKFLOWACTION
08-Oct-2015 09:06:02.021 INFO [http-apr-8080-exec-7] org.hibernate.tool.hbm2ddl.DatabaseMetadata.getTableMetadata HHH000262: Table not found: LINKFLOWWORKFLOW
08-Oct-2015 09:06:02.021 INFO [http-apr-8080-exec-7] org.hibernate.tool.hbm2ddl.DatabaseMetadata.getTableMetadata HHH000262: Table not found: LOG
08-Oct-2015 09:06:02.022 INFO [http-apr-8080-exec-7] org.hibernate.tool.hbm2ddl.DatabaseMetadata.getTableMetadata HHH000262: Table not found: MACHINE
08-Oct-2015 09:06:02.023 INFO [http-apr-8080-exec-7] org.hibernate.tool.hbm2ddl.DatabaseMetadata.getTableMetadata HHH000262: Table not found: MACHINEGROUP
08-Oct-2015 09:06:02.023 INFO [http-apr-8080-exec-7] org.hibernate.tool.hbm2ddl.DatabaseMetadata.getTableMetadata HHH000262: Table not found: MACHINEGROUPPARAM
08-Oct-2015 09:06:02.024 INFO [http-apr-8080-exec-7] org.hibernate.tool.hbm2ddl.DatabaseMetadata.getTableMetadata HHH000262: Table not found: MACHINEGROUP_COMPONENT
08-Oct-2015 09:06:02.025 INFO [http-apr-8080-exec-7] org.hibernate.tool.hbm2ddl.DatabaseMetadata.getTableMetadata HHH000262: Table not found: MACHINEGROUP_TOOL
08-Oct-2015 09:06:02.025 INFO [http-apr-8080-exec-7] org.hibernate.tool.hbm2ddl.DatabaseMetadata.getTableMetadata HHH000262: Table not found: MACHINEPARAM
08-Oct-2015 09:06:02.029 INFO [http-apr-8080-exec-7] org.hibernate.tool.hbm2ddl.DatabaseMetadata.getTableMetadata HHH000262: Table not found: MACHINEPARAMVALUE
08-Oct-2015 09:06:02.030 INFO [http-apr-8080-exec-7] null.null HHH000262: Table not found: MACHINE_MACHINEGROUP
08-Oct-2015 09:06:02.031 INFO [http-apr-8080-exec-7] null.null HHH000262: Table not found: NOTIFICATION
08-Oct-2015 09:06:02.031 INFO [http-apr-8080-exec-7] org.hibernate.tool.hbm2ddl.DatabaseMetadata.getTableMetadata HHH000262: Table not found: PROJECT
08-Oct-2015 09:06:02.034 INFO [http-apr-8080-exec-7] null.null HHH000262: Table not found: PROJECTPARAM
08-Oct-2015 09:06:02.035 INFO [http-apr-8080-exec-7] null.null HHH000262: Table not found: TOOL
08-Oct-2015 09:06:02.035 INFO [http-apr-8080-exec-7] null.null HHH000262: Table not found: TOOLPROPERTY
08-Oct-2015 09:06:02.035 INFO [http-apr-8080-exec-7] org.hibernate.tool.hbm2ddl.DatabaseMetadata.getTableMetadata HHH000262: Table not found: TRIGGERFLOWACTION
08-Oct-2015 09:06:02.036 INFO [http-apr-8080-exec-7] org.hibernate.tool.hbm2ddl.DatabaseMetadata.getTableMetadata HHH000262: Table not found: TRIGGERFLOWACTIONPROPERTY
08-Oct-2015 09:06:02.037 INFO [http-apr-8080-exec-7] null.null HHH000262: Table not found: TRIGGERLINKFLOWACTION
08-Oct-2015 09:06:02.038 INFO [http-apr-8080-exec-7] null.null HHH000262: Table not found: USER
08-Oct-2015 09:06:02.038 INFO [http-apr-8080-exec-7] null.null HHH000262: Table not found: USERPERMISSION
08-Oct-2015 09:06:02.038 INFO [http-apr-8080-exec-7] null.null HHH000262: Table not found: VERSION
08-Oct-2015 09:06:02.039 INFO [http-apr-8080-exec-7] null.null HHH000262: Table not found: VERSIONPARAM
08-Oct-2015 09:06:02.039 INFO [http-apr-8080-exec-7] org.hibernate.tool.hbm2ddl.DatabaseMetadata.getTableMetadata HHH000262: Table not found: VERSIONPARAMVALUE
08-Oct-2015 09:06:02.040 INFO [http-apr-8080-exec-7] null.null HHH000262: Table not found: WORKFLOW
08-Oct-2015 09:06:02.040 INFO [http-apr-8080-exec-7] null.null HHH000262: Table not found: WORKFLOWPARAM
08-Oct-2015 09:06:02.041 INFO [http-apr-8080-exec-7] null.null HHH000262: Table not found: ACTION
08-Oct-2015 09:06:02.041 INFO [http-apr-8080-exec-7] null.null HHH000262: Table not found: ACTIONEXECUTELOG
08-Oct-2015 09:06:02.042 INFO [http-apr-8080-exec-7] null.null HHH000262: Table not found: ACTIONPROPERTY
08-Oct-2015 09:06:02.042 INFO [http-apr-8080-exec-7] null.null HHH000262: Table not found: CASCADEDDEPLOYMENTLOG
08-Oct-2015 09:06:02.042 INFO [http-apr-8080-exec-7] org.hibernate.tool.hbm2ddl.DatabaseMetadata.getTableMetadata HHH000262: Table not found: CASCADEDWORKFLOW
08-Oct-2015 09:06:02.043 INFO [http-apr-8080-exec-7] org.hibernate.tool.hbm2ddl.DatabaseMetadata.getTableMetadata HHH000262: Table not found: COMPONENT
08-Oct-2015 09:06:02.044 INFO [http-apr-8080-exec-7] org.hibernate.tool.hbm2ddl.DatabaseMetadata.getTableMetadata HHH000262: Table not found: COMPPARAM
08-Oct-2015 09:06:02.045 INFO [http-apr-8080-exec-7] org.hibernate.tool.hbm2ddl.DatabaseMetadata.getTableMetadata HHH000262: Table not found: DEPLOYMENTLOG
08-Oct-2015 09:06:02.045 INFO [http-apr-8080-exec-7] null.null HHH000262: Table not found: ENVIRONMENT
08-Oct-2015 09:06:02.046 INFO [http-apr-8080-exec-7] null.null HHH000262: Table not found: ENVPARAM
08-Oct-2015 09:06:02.047 INFO [http-apr-8080-exec-7] org.hibernate.tool.hbm2ddl.DatabaseMetadata.getTableMetadata HHH000262: Table not found: ENVPARAMVALUE
08-Oct-2015 09:06:02.047 INFO [http-apr-8080-exec-7] null.null HHH000262: Table not found: FLOWACTION
08-Oct-2015 09:06:02.047 INFO [http-apr-8080-exec-7] null.null HHH000262: Table not found: FLOWACTIONEXECUTELOG
08-Oct-2015 09:06:02.048 INFO [http-apr-8080-exec-7] null.null HHH000262: Table not found: FLOWACTIONPROPERTY
08-Oct-2015 09:06:02.048 INFO [http-apr-8080-exec-7] null.null HHH000262: Table not found: FLOWWORKFLOW
08-Oct-2015 09:06:02.049 INFO [http-apr-8080-exec-7] org.hibernate.tool.hbm2ddl.DatabaseMetadata.getTableMetadata HHH000262: Table not found: FLOWWORKFLOWEXECUTELOG
08-Oct-2015 09:06:02.049 INFO [http-apr-8080-exec-7] org.hibernate.tool.hbm2ddl.DatabaseMetadata.getTableMetadata HHH000262: Table not found: FLOWWORKFLOWPROPERTY
08-Oct-2015 09:06:02.050 INFO [http-apr-8080-exec-7] org.hibernate.tool.hbm2ddl.DatabaseMetadata.getTableMetadata HHH000262: Table not found: LINKFLOWACTION
08-Oct-2015 09:06:02.051 INFO [http-apr-8080-exec-7] org.hibernate.tool.hbm2ddl.DatabaseMetadata.getTableMetadata HHH000262: Table not found: LINKFLOWWORKFLOW
08-Oct-2015 09:06:02.051 INFO [http-apr-8080-exec-7] org.hibernate.tool.hbm2ddl.DatabaseMetadata.getTableMetadata HHH000262: Table not found: LOG
08-Oct-2015 09:06:02.052 INFO [http-apr-8080-exec-7] org.hibernate.tool.hbm2ddl.DatabaseMetadata.getTableMetadata HHH000262: Table not found: MACHINE
08-Oct-2015 09:06:02.052 INFO [http-apr-8080-exec-7] org.hibernate.tool.hbm2ddl.DatabaseMetadata.getTableMetadata HHH000262: Table not found: MACHINEGROUP
08-Oct-2015 09:06:02.053 INFO [http-apr-8080-exec-7] org.hibernate.tool.hbm2ddl.DatabaseMetadata.getTableMetadata HHH000262: Table not found: MACHINEGROUPPARAM
08-Oct-2015 09:06:02.053 INFO [http-apr-8080-exec-7] org.hibernate.tool.hbm2ddl.DatabaseMetadata.getTableMetadata HHH000262: Table not found: MACHINEGROUP_COMPONENT
08-Oct-2015 09:06:02.054 INFO [http-apr-8080-exec-7] null.null HHH000262: Table not found: MACHINEGROUP_TOOL
08-Oct-2015 09:06:02.054 INFO [http-apr-8080-exec-7] null.null HHH000262: Table not found: MACHINEPARAM
08-Oct-2015 09:06:02.055 INFO [http-apr-8080-exec-7] org.hibernate.tool.hbm2ddl.DatabaseMetadata.getTableMetadata HHH000262: Table not found: MACHINEPARAMVALUE
08-Oct-2015 09:06:02.056 INFO [http-apr-8080-exec-7] org.hibernate.tool.hbm2ddl.DatabaseMetadata.getTableMetadata HHH000262: Table not found: MACHINE_MACHINEGROUP
08-Oct-2015 09:06:02.057 INFO [http-apr-8080-exec-7] org.hibernate.tool.hbm2ddl.DatabaseMetadata.getTableMetadata HHH000262: Table not found: NOTIFICATION
08-Oct-2015 09:06:02.058 INFO [http-apr-8080-exec-7] org.hibernate.tool.hbm2ddl.DatabaseMetadata.getTableMetadata HHH000262: Table not found: PROJECT
08-Oct-2015 09:06:02.062 INFO [http-apr-8080-exec-7] org.hibernate.tool.hbm2ddl.DatabaseMetadata.getTableMetadata HHH000262: Table not found: PROJECTPARAM
08-Oct-2015 09:06:02.063 INFO [http-apr-8080-exec-7] org.hibernate.tool.hbm2ddl.DatabaseMetadata.getTableMetadata HHH000262: Table not found: TOOL
08-Oct-2015 09:06:02.063 INFO [http-apr-8080-exec-7] org.hibernate.tool.hbm2ddl.DatabaseMetadata.getTableMetadata HHH000262: Table not found: TOOLPROPERTY
08-Oct-2015 09:06:02.064 INFO [http-apr-8080-exec-7] org.hibernate.tool.hbm2ddl.DatabaseMetadata.getTableMetadata HHH000262: Table not found: TRIGGERFLOWACTION
08-Oct-2015 09:06:02.065 INFO [http-apr-8080-exec-7] org.hibernate.tool.hbm2ddl.DatabaseMetadata.getTableMetadata HHH000262: Table not found: TRIGGERFLOWACTIONPROPERTY
08-Oct-2015 09:06:02.066 INFO [http-apr-8080-exec-7] org.hibernate.tool.hbm2ddl.DatabaseMetadata.getTableMetadata HHH000262: Table not found: TRIGGERLINKFLOWACTION
08-Oct-2015 09:06:02.066 INFO [http-apr-8080-exec-7] org.hibernate.tool.hbm2ddl.DatabaseMetadata.getTableMetadata HHH000262: Table not found: USER
08-Oct-2015 09:06:02.067 INFO [http-apr-8080-exec-7] org.hibernate.tool.hbm2ddl.DatabaseMetadata.getTableMetadata HHH000262: Table not found: USERPERMISSION
08-Oct-2015 09:06:02.068 INFO [http-apr-8080-exec-7] org.hibernate.tool.hbm2ddl.DatabaseMetadata.getTableMetadata HHH000262: Table not found: VERSION
08-Oct-2015 09:06:02.068 INFO [http-apr-8080-exec-7] org.hibernate.tool.hbm2ddl.DatabaseMetadata.getTableMetadata HHH000262: Table not found: VERSIONPARAM
08-Oct-2015 09:06:02.069 INFO [http-apr-8080-exec-7] org.hibernate.tool.hbm2ddl.DatabaseMetadata.getTableMetadata HHH000262: Table not found: VERSIONPARAMVALUE
08-Oct-2015 09:06:02.069 INFO [http-apr-8080-exec-7] org.hibernate.tool.hbm2ddl.DatabaseMetadata.getTableMetadata HHH000262: Table not found: WORKFLOW
08-Oct-2015 09:06:02.070 INFO [http-apr-8080-exec-7] org.hibernate.tool.hbm2ddl.DatabaseMetadata.getTableMetadata HHH000262: Table not found: WORKFLOWPARAM
08-Oct-2015 09:06:11.312 INFO [http-apr-8080-exec-7] null.null HHH000232: Schema update complete
