02-Oct-2015 09:26:40.251 INFO [main] org.apache.catalina.core.AprLifecycleListener.init Loaded APR based Apache Tomcat Native library 1.1.29 using APR version 1.4.8.
02-Oct-2015 09:26:40.267 INFO [main] org.apache.catalina.core.AprLifecycleListener.init APR capabilities: IPv6 [true], sendfile [true], accept filters [false], random [true].
02-Oct-2015 09:26:41.530 INFO [main] org.apache.catalina.core.AprLifecycleListener.initializeSSL OpenSSL successfully initialized (OpenSSL 1.0.1e 11 Feb 2013)
02-Oct-2015 09:26:41.795 INFO [main] org.apache.coyote.AbstractProtocol.init Initializing ProtocolHandler ["http-apr-8080"]
02-Oct-2015 09:26:41.811 INFO [main] org.apache.coyote.AbstractProtocol.init Initializing ProtocolHandler ["ajp-apr-8009"]
02-Oct-2015 09:26:41.827 INFO [main] org.apache.catalina.startup.Catalina.load Initialization processed in 2182 ms
02-Oct-2015 09:26:41.858 INFO [main] org.apache.catalina.core.StandardService.startInternal Starting service Catalina
02-Oct-2015 09:26:41.858 INFO [main] org.apache.catalina.core.StandardEngine.startInternal Starting Servlet Engine: Apache Tomcat/8.0.3
02-Oct-2015 09:26:41.873 INFO [localhost-startStop-1] org.apache.catalina.startup.HostConfig.deployDirectory Deploying web application directory C:\Software\6. apache-tomcat-8.0.3-windows-x64\apache-tomcat-8.0.3\webapps\docs
02-Oct-2015 09:26:42.685 INFO [localhost-startStop-1] org.apache.catalina.startup.HostConfig.deployDirectory Deploying web application directory C:\Software\6. apache-tomcat-8.0.3-windows-x64\apache-tomcat-8.0.3\webapps\examples
02-Oct-2015 09:26:44.354 INFO [localhost-startStop-1] org.apache.catalina.startup.HostConfig.deployDirectory Deploying web application directory C:\Software\6. apache-tomcat-8.0.3-windows-x64\apache-tomcat-8.0.3\webapps\host-manager
02-Oct-2015 09:26:44.479 INFO [localhost-startStop-1] org.apache.catalina.startup.HostConfig.deployDirectory Deploying web application directory C:\Software\6. apache-tomcat-8.0.3-windows-x64\apache-tomcat-8.0.3\webapps\manager
02-Oct-2015 09:26:44.603 INFO [localhost-startStop-1] org.apache.catalina.startup.HostConfig.deployDirectory Deploying web application directory C:\Software\6. apache-tomcat-8.0.3-windows-x64\apache-tomcat-8.0.3\webapps\ROOT
02-Oct-2015 09:26:44.650 INFO [localhost-startStop-1] org.apache.catalina.startup.HostConfig.deployDirectory Deploying web application directory C:\Software\6. apache-tomcat-8.0.3-windows-x64\apache-tomcat-8.0.3\webapps\TempoEngine
02-Oct-2015 09:26:50.645 INFO [localhost-startStop-1] com.sun.jersey.api.core.PackagesResourceConfig.init Scanning for root resource and provider classes in the packages:
  com.virtusa.tempo
02-Oct-2015 09:26:51.237 INFO [localhost-startStop-1] com.sun.jersey.api.core.ScanningResourceConfig.logClasses Root resource classes found:
  class com.virtusa.tempo.hibernate.resource.DBResource
  class com.virtusa.tempo.toolbox.resource.Resource
  class com.virtusa.tempo.hibernate.resource.MachineResource
  class com.virtusa.tempo.hibernate.resource.ComponentResource
  class com.virtusa.tempo.hibernate.resource.MachineParamResource
  class com.virtusa.tempo.hibernate.resource.ProjectsResource
  class com.virtusa.tempo.hibernate.resource.ActionExecuteLogResource
  class com.virtusa.tempo.hibernate.resource.FlowActionExecuteLogResource
  class com.virtusa.tempo.hibernate.resource.WorkFlowResource
  class com.virtusa.tempo.hibernate.resource.DeploymentLogResource
  class com.virtusa.tempo.hibernate.resource.UserResource
  class com.virtusa.tempo.hibernate.resource.MachineGroupResource
  class com.virtusa.tempo.hibernate.resource.ToolResource
  class com.virtusa.tempo.hibernate.resource.EnvParamResource
  class com.virtusa.tempo.hibernate.resource.VersionResourse
  class com.virtusa.tempo.hibernate.resource.EnvironmentResource
02-Oct-2015 09:26:51.237 INFO [localhost-startStop-1] com.sun.jersey.api.core.ScanningResourceConfig.init No provider classes found.
02-Oct-2015 09:26:51.596 INFO [localhost-startStop-1] null.null Initiating Jersey application, version 'Jersey: 1.8 06/24/2011 12:17 PM'
02-Oct-2015 09:26:55.003 INFO [main] org.apache.coyote.AbstractProtocol.start Starting ProtocolHandler ["http-apr-8080"]
02-Oct-2015 09:26:55.023 INFO [main] org.apache.coyote.AbstractProtocol.start Starting ProtocolHandler ["ajp-apr-8009"]
02-Oct-2015 09:26:55.033 INFO [main] org.apache.catalina.startup.Catalina.start Server startup in 13219 ms
02-Oct-2015 09:28:29.436 INFO [http-apr-8080-exec-5] org.hibernate.annotations.common.Version.<clinit> HCANN000001: Hibernate Commons Annotations {4.0.2.Final}
02-Oct-2015 09:28:29.486 INFO [http-apr-8080-exec-5] null.null HHH000412: Hibernate Core {4.2.7.SP1}
02-Oct-2015 09:28:29.499 INFO [http-apr-8080-exec-5] null.null HHH000206: hibernate.properties not found
02-Oct-2015 09:28:29.511 INFO [http-apr-8080-exec-5] org.hibernate.cfg.Environment.buildBytecodeProvider HHH000021: Bytecode provider name : javassist
02-Oct-2015 09:28:29.735 INFO [http-apr-8080-exec-5] null.null HHH000043: Configuring from resource: /hibernate.cfg.xml
02-Oct-2015 09:28:29.736 INFO [http-apr-8080-exec-5] org.hibernate.cfg.Configuration.getConfigurationInputStream HHH000040: Configuration resource: /hibernate.cfg.xml
02-Oct-2015 09:28:29.922 WARN [http-apr-8080-exec-5] null.null HHH000223: Recognized obsolete hibernate namespace http://hibernate.sourceforge.net/. Use namespace http://www.hibernate.org/dtd/ instead. Refer to Hibernate 3.6 Migration Guide!
02-Oct-2015 09:28:30.025 INFO [http-apr-8080-exec-5] null.null HHH000221: Reading mappings from resource: com/virtusa/tempo/hibernate/mapping/Project.hbm.xml
02-Oct-2015 09:28:30.186 WARN [http-apr-8080-exec-5] null.null HHH000223: Recognized obsolete hibernate namespace http://hibernate.sourceforge.net/. Use namespace http://www.hibernate.org/dtd/ instead. Refer to Hibernate 3.6 Migration Guide!
02-Oct-2015 09:28:30.298 INFO [http-apr-8080-exec-5] null.null HHH000221: Reading mappings from resource: com/virtusa/tempo/hibernate/mapping/Action.hbm.xml
02-Oct-2015 09:28:30.315 WARN [http-apr-8080-exec-5] org.hibernate.internal.util.xml.DTDEntityResolver.resolveEntity HHH000223: Recognized obsolete hibernate namespace http://hibernate.sourceforge.net/. Use namespace http://www.hibernate.org/dtd/ instead. Refer to Hibernate 3.6 Migration Guide!
02-Oct-2015 09:28:30.339 INFO [http-apr-8080-exec-5] org.hibernate.cfg.Configuration.addResource HHH000221: Reading mappings from resource: com/virtusa/tempo/hibernate/mapping/ActionProperty.hbm.xml
02-Oct-2015 09:28:30.360 WARN [http-apr-8080-exec-5] org.hibernate.internal.util.xml.DTDEntityResolver.resolveEntity HHH000223: Recognized obsolete hibernate namespace http://hibernate.sourceforge.net/. Use namespace http://www.hibernate.org/dtd/ instead. Refer to Hibernate 3.6 Migration Guide!
02-Oct-2015 09:28:30.379 INFO [http-apr-8080-exec-5] <unknown>.<unknown> HHH000221: Reading mappings from resource: com/virtusa/tempo/hibernate/mapping/Component.hbm.xml
02-Oct-2015 09:28:30.392 WARN [http-apr-8080-exec-5] org.hibernate.internal.util.xml.DTDEntityResolver.resolveEntity HHH000223: Recognized obsolete hibernate namespace http://hibernate.sourceforge.net/. Use namespace http://www.hibernate.org/dtd/ instead. Refer to Hibernate 3.6 Migration Guide!
02-Oct-2015 09:28:30.414 INFO [http-apr-8080-exec-5] null.null HHH000221: Reading mappings from resource: com/virtusa/tempo/hibernate/mapping/Environment.hbm.xml
02-Oct-2015 09:28:30.430 WARN [http-apr-8080-exec-5] org.hibernate.internal.util.xml.DTDEntityResolver.resolveEntity HHH000223: Recognized obsolete hibernate namespace http://hibernate.sourceforge.net/. Use namespace http://www.hibernate.org/dtd/ instead. Refer to Hibernate 3.6 Migration Guide!
02-Oct-2015 09:28:30.446 INFO [http-apr-8080-exec-5] org.hibernate.cfg.Configuration.addResource HHH000221: Reading mappings from resource: com/virtusa/tempo/hibernate/mapping/FlowAction.hbm.xml
02-Oct-2015 09:28:30.460 WARN [http-apr-8080-exec-5] null.null HHH000223: Recognized obsolete hibernate namespace http://hibernate.sourceforge.net/. Use namespace http://www.hibernate.org/dtd/ instead. Refer to Hibernate 3.6 Migration Guide!
02-Oct-2015 09:28:30.476 INFO [http-apr-8080-exec-5] org.hibernate.cfg.Configuration.addResource HHH000221: Reading mappings from resource: com/virtusa/tempo/hibernate/mapping/Log.hbm.xml
02-Oct-2015 09:28:30.498 WARN [http-apr-8080-exec-5] org.hibernate.internal.util.xml.DTDEntityResolver.resolveEntity HHH000223: Recognized obsolete hibernate namespace http://hibernate.sourceforge.net/. Use namespace http://www.hibernate.org/dtd/ instead. Refer to Hibernate 3.6 Migration Guide!
02-Oct-2015 09:28:30.515 INFO [http-apr-8080-exec-5] org.hibernate.cfg.Configuration.addResource HHH000221: Reading mappings from resource: com/virtusa/tempo/hibernate/mapping/Machine.hbm.xml
02-Oct-2015 09:28:30.534 WARN [http-apr-8080-exec-5] org.hibernate.internal.util.xml.DTDEntityResolver.resolveEntity HHH000223: Recognized obsolete hibernate namespace http://hibernate.sourceforge.net/. Use namespace http://www.hibernate.org/dtd/ instead. Refer to Hibernate 3.6 Migration Guide!
02-Oct-2015 09:28:30.551 INFO [http-apr-8080-exec-5] org.hibernate.cfg.Configuration.addResource HHH000221: Reading mappings from resource: com/virtusa/tempo/hibernate/mapping/MachineGroup.hbm.xml
02-Oct-2015 09:28:30.565 WARN [http-apr-8080-exec-5] org.hibernate.internal.util.xml.DTDEntityResolver.resolveEntity HHH000223: Recognized obsolete hibernate namespace http://hibernate.sourceforge.net/. Use namespace http://www.hibernate.org/dtd/ instead. Refer to Hibernate 3.6 Migration Guide!
02-Oct-2015 09:28:30.583 INFO [http-apr-8080-exec-5] org.hibernate.cfg.Configuration.addResource HHH000221: Reading mappings from resource: com/virtusa/tempo/hibernate/mapping/Notification.hbm.xml
02-Oct-2015 09:28:30.608 WARN [http-apr-8080-exec-5] org.hibernate.internal.util.xml.DTDEntityResolver.resolveEntity HHH000223: Recognized obsolete hibernate namespace http://hibernate.sourceforge.net/. Use namespace http://www.hibernate.org/dtd/ instead. Refer to Hibernate 3.6 Migration Guide!
02-Oct-2015 09:28:30.618 INFO [http-apr-8080-exec-5] org.hibernate.cfg.Configuration.addResource HHH000221: Reading mappings from resource: com/virtusa/tempo/hibernate/mapping/Tool.hbm.xml
02-Oct-2015 09:28:30.640 WARN [http-apr-8080-exec-5] org.hibernate.internal.util.xml.DTDEntityResolver.resolveEntity HHH000223: Recognized obsolete hibernate namespace http://hibernate.sourceforge.net/. Use namespace http://www.hibernate.org/dtd/ instead. Refer to Hibernate 3.6 Migration Guide!
02-Oct-2015 09:28:30.655 INFO [http-apr-8080-exec-5] org.hibernate.cfg.Configuration.addResource HHH000221: Reading mappings from resource: com/virtusa/tempo/hibernate/mapping/ToolProperty.hbm.xml
02-Oct-2015 09:28:30.670 WARN [http-apr-8080-exec-5] org.hibernate.internal.util.xml.DTDEntityResolver.resolveEntity HHH000223: Recognized obsolete hibernate namespace http://hibernate.sourceforge.net/. Use namespace http://www.hibernate.org/dtd/ instead. Refer to Hibernate 3.6 Migration Guide!
02-Oct-2015 09:28:30.686 INFO [http-apr-8080-exec-5] org.hibernate.cfg.Configuration.addResource HHH000221: Reading mappings from resource: com/virtusa/tempo/hibernate/mapping/User.hbm.xml
02-Oct-2015 09:28:30.698 WARN [http-apr-8080-exec-5] org.hibernate.internal.util.xml.DTDEntityResolver.resolveEntity HHH000223: Recognized obsolete hibernate namespace http://hibernate.sourceforge.net/. Use namespace http://www.hibernate.org/dtd/ instead. Refer to Hibernate 3.6 Migration Guide!
02-Oct-2015 09:28:30.713 INFO [http-apr-8080-exec-5] org.hibernate.cfg.Configuration.addResource HHH000221: Reading mappings from resource: com/virtusa/tempo/hibernate/mapping/Version.hbm.xml
02-Oct-2015 09:28:30.733 WARN [http-apr-8080-exec-5] org.hibernate.internal.util.xml.DTDEntityResolver.resolveEntity HHH000223: Recognized obsolete hibernate namespace http://hibernate.sourceforge.net/. Use namespace http://www.hibernate.org/dtd/ instead. Refer to Hibernate 3.6 Migration Guide!
02-Oct-2015 09:28:30.743 INFO [http-apr-8080-exec-5] org.hibernate.cfg.Configuration.addResource HHH000221: Reading mappings from resource: com/virtusa/tempo/hibernate/mapping/WorkFlow.hbm.xml
02-Oct-2015 09:28:30.768 WARN [http-apr-8080-exec-5] null.null HHH000223: Recognized obsolete hibernate namespace http://hibernate.sourceforge.net/. Use namespace http://www.hibernate.org/dtd/ instead. Refer to Hibernate 3.6 Migration Guide!
02-Oct-2015 09:28:30.781 INFO [http-apr-8080-exec-5] org.hibernate.cfg.Configuration.addResource HHH000221: Reading mappings from resource: com/virtusa/tempo/hibernate/mapping/CompParam.hbm.xml
02-Oct-2015 09:28:30.808 WARN [http-apr-8080-exec-5] org.hibernate.internal.util.xml.DTDEntityResolver.resolveEntity HHH000223: Recognized obsolete hibernate namespace http://hibernate.sourceforge.net/. Use namespace http://www.hibernate.org/dtd/ instead. Refer to Hibernate 3.6 Migration Guide!
02-Oct-2015 09:28:30.817 INFO [http-apr-8080-exec-5] org.hibernate.cfg.Configuration.addResource HHH000221: Reading mappings from resource: com/virtusa/tempo/hibernate/mapping/EnvParam.hbm.xml
02-Oct-2015 09:28:30.844 WARN [http-apr-8080-exec-5] org.hibernate.internal.util.xml.DTDEntityResolver.resolveEntity HHH000223: Recognized obsolete hibernate namespace http://hibernate.sourceforge.net/. Use namespace http://www.hibernate.org/dtd/ instead. Refer to Hibernate 3.6 Migration Guide!
02-Oct-2015 09:28:30.860 INFO [http-apr-8080-exec-5] org.hibernate.cfg.Configuration.addResource HHH000221: Reading mappings from resource: com/virtusa/tempo/hibernate/mapping/ProjectParam.hbm.xml
02-Oct-2015 09:28:30.896 WARN [http-apr-8080-exec-5] org.hibernate.internal.util.xml.DTDEntityResolver.resolveEntity HHH000223: Recognized obsolete hibernate namespace http://hibernate.sourceforge.net/. Use namespace http://www.hibernate.org/dtd/ instead. Refer to Hibernate 3.6 Migration Guide!
02-Oct-2015 09:28:30.906 INFO [http-apr-8080-exec-5] org.hibernate.cfg.Configuration.addResource HHH000221: Reading mappings from resource: com/virtusa/tempo/hibernate/mapping/VersionParam.hbm.xml
02-Oct-2015 09:28:30.934 WARN [http-apr-8080-exec-5] org.hibernate.internal.util.xml.DTDEntityResolver.resolveEntity HHH000223: Recognized obsolete hibernate namespace http://hibernate.sourceforge.net/. Use namespace http://www.hibernate.org/dtd/ instead. Refer to Hibernate 3.6 Migration Guide!
02-Oct-2015 09:28:30.950 INFO [http-apr-8080-exec-5] org.hibernate.cfg.Configuration.addResource HHH000221: Reading mappings from resource: com/virtusa/tempo/hibernate/mapping/MachineGroupParam.hbm.xml
02-Oct-2015 09:28:30.973 WARN [http-apr-8080-exec-5] org.hibernate.internal.util.xml.DTDEntityResolver.resolveEntity HHH000223: Recognized obsolete hibernate namespace http://hibernate.sourceforge.net/. Use namespace http://www.hibernate.org/dtd/ instead. Refer to Hibernate 3.6 Migration Guide!
02-Oct-2015 09:28:30.983 INFO [http-apr-8080-exec-5] org.hibernate.cfg.Configuration.addResource HHH000221: Reading mappings from resource: com/virtusa/tempo/hibernate/mapping/MachineParam.hbm.xml
02-Oct-2015 09:28:30.995 WARN [http-apr-8080-exec-5] org.hibernate.internal.util.xml.DTDEntityResolver.resolveEntity HHH000223: Recognized obsolete hibernate namespace http://hibernate.sourceforge.net/. Use namespace http://www.hibernate.org/dtd/ instead. Refer to Hibernate 3.6 Migration Guide!
02-Oct-2015 09:28:31.005 INFO [http-apr-8080-exec-5] org.hibernate.cfg.Configuration.addResource HHH000221: Reading mappings from resource: com/virtusa/tempo/hibernate/mapping/WorkFlowParam.hbm.xml
02-Oct-2015 09:28:31.028 WARN [http-apr-8080-exec-5] <unknown>.<unknown> HHH000223: Recognized obsolete hibernate namespace http://hibernate.sourceforge.net/. Use namespace http://www.hibernate.org/dtd/ instead. Refer to Hibernate 3.6 Migration Guide!
02-Oct-2015 09:28:31.038 INFO [http-apr-8080-exec-5] org.hibernate.cfg.Configuration.addResource HHH000221: Reading mappings from resource: com/virtusa/tempo/hibernate/mapping/FlowActionProperty.hbm.xml
02-Oct-2015 09:28:31.055 WARN [http-apr-8080-exec-5] org.hibernate.internal.util.xml.DTDEntityResolver.resolveEntity HHH000223: Recognized obsolete hibernate namespace http://hibernate.sourceforge.net/. Use namespace http://www.hibernate.org/dtd/ instead. Refer to Hibernate 3.6 Migration Guide!
02-Oct-2015 09:28:31.069 INFO [http-apr-8080-exec-5] org.hibernate.cfg.Configuration.addResource HHH000221: Reading mappings from resource: com/virtusa/tempo/hibernate/mapping/LinkFlowAction.hbm.xml
02-Oct-2015 09:28:31.086 WARN [http-apr-8080-exec-5] org.hibernate.internal.util.xml.DTDEntityResolver.resolveEntity HHH000223: Recognized obsolete hibernate namespace http://hibernate.sourceforge.net/. Use namespace http://www.hibernate.org/dtd/ instead. Refer to Hibernate 3.6 Migration Guide!
02-Oct-2015 09:28:31.100 INFO [http-apr-8080-exec-5] org.hibernate.cfg.Configuration.addResource HHH000221: Reading mappings from resource: com/virtusa/tempo/hibernate/mapping/EnvParamValue.hbm.xml
02-Oct-2015 09:28:31.117 WARN [http-apr-8080-exec-5] org.hibernate.internal.util.xml.DTDEntityResolver.resolveEntity HHH000223: Recognized obsolete hibernate namespace http://hibernate.sourceforge.net/. Use namespace http://www.hibernate.org/dtd/ instead. Refer to Hibernate 3.6 Migration Guide!
02-Oct-2015 09:28:31.131 INFO [http-apr-8080-exec-5] org.hibernate.cfg.Configuration.addResource HHH000221: Reading mappings from resource: com/virtusa/tempo/hibernate/mapping/MachineParamValue.hbm.xml
02-Oct-2015 09:28:31.140 WARN [http-apr-8080-exec-5] org.hibernate.internal.util.xml.DTDEntityResolver.resolveEntity HHH000223: Recognized obsolete hibernate namespace http://hibernate.sourceforge.net/. Use namespace http://www.hibernate.org/dtd/ instead. Refer to Hibernate 3.6 Migration Guide!
02-Oct-2015 09:28:31.155 INFO [http-apr-8080-exec-5] <unknown>.<unknown> HHH000221: Reading mappings from resource: com/virtusa/tempo/hibernate/mapping/DeploymentLog.hbm.xml
02-Oct-2015 09:28:31.179 WARN [http-apr-8080-exec-5] org.hibernate.internal.util.xml.DTDEntityResolver.resolveEntity HHH000223: Recognized obsolete hibernate namespace http://hibernate.sourceforge.net/. Use namespace http://www.hibernate.org/dtd/ instead. Refer to Hibernate 3.6 Migration Guide!
02-Oct-2015 09:28:31.190 INFO [http-apr-8080-exec-5] org.hibernate.cfg.Configuration.addResource HHH000221: Reading mappings from resource: com/virtusa/tempo/hibernate/mapping/ActionExecuteLog.hbm.xml
02-Oct-2015 09:28:31.221 WARN [http-apr-8080-exec-5] org.hibernate.internal.util.xml.DTDEntityResolver.resolveEntity HHH000223: Recognized obsolete hibernate namespace http://hibernate.sourceforge.net/. Use namespace http://www.hibernate.org/dtd/ instead. Refer to Hibernate 3.6 Migration Guide!
02-Oct-2015 09:28:31.238 INFO [http-apr-8080-exec-5] org.hibernate.cfg.Configuration.addResource HHH000221: Reading mappings from resource: com/virtusa/tempo/hibernate/mapping/FlowActionExecuteLog.hbm.xml
02-Oct-2015 09:28:31.265 WARN [http-apr-8080-exec-5] org.hibernate.internal.util.xml.DTDEntityResolver.resolveEntity HHH000223: Recognized obsolete hibernate namespace http://hibernate.sourceforge.net/. Use namespace http://www.hibernate.org/dtd/ instead. Refer to Hibernate 3.6 Migration Guide!
02-Oct-2015 09:28:31.279 INFO [http-apr-8080-exec-5] org.hibernate.cfg.Configuration.addResource HHH000221: Reading mappings from resource: com/virtusa/tempo/hibernate/mapping/VersionParamValue.hbm.xml
02-Oct-2015 09:28:31.301 WARN [http-apr-8080-exec-5] org.hibernate.internal.util.xml.DTDEntityResolver.resolveEntity HHH000223: Recognized obsolete hibernate namespace http://hibernate.sourceforge.net/. Use namespace http://www.hibernate.org/dtd/ instead. Refer to Hibernate 3.6 Migration Guide!
02-Oct-2015 09:28:31.314 INFO [http-apr-8080-exec-5] org.hibernate.cfg.Configuration.addResource HHH000221: Reading mappings from resource: com/virtusa/tempo/hibernate/mapping/UserPermission.hbm.xml
02-Oct-2015 09:28:31.334 WARN [http-apr-8080-exec-5] org.hibernate.internal.util.xml.DTDEntityResolver.resolveEntity HHH000223: Recognized obsolete hibernate namespace http://hibernate.sourceforge.net/. Use namespace http://www.hibernate.org/dtd/ instead. Refer to Hibernate 3.6 Migration Guide!
02-Oct-2015 09:28:31.345 INFO [http-apr-8080-exec-5] org.hibernate.cfg.Configuration.doConfigure HHH000041: Configured SessionFactory: null
02-Oct-2015 09:28:31.828 INFO [http-apr-8080-exec-5] org.hibernate.service.jdbc.connections.internal.DriverManagerConnectionProviderImpl.configure HHH000402: Using Hibernate built-in connection pool (not for production use!)
02-Oct-2015 09:28:31.836 INFO [http-apr-8080-exec-5] null.null HHH000115: Hibernate connection pool size: 20
02-Oct-2015 09:28:31.837 INFO [http-apr-8080-exec-5] null.null HHH000006: Autocommit mode: false
02-Oct-2015 09:28:31.838 INFO [http-apr-8080-exec-5] null.null HHH000401: using driver [com.mysql.jdbc.Driver] at URL [jdbc:mysql://localhost:3306]
02-Oct-2015 09:28:31.839 INFO [http-apr-8080-exec-5] null.null HHH000046: Connection properties: {user=root, password=****}
02-Oct-2015 09:28:32.706 INFO [http-apr-8080-exec-5] org.hibernate.dialect.Dialect.<init> HHH000400: Using dialect: org.hibernate.dialect.MySQLDialect
02-Oct-2015 09:28:32.793 INFO [http-apr-8080-exec-5] null.null HHH000423: Disabling contextual LOB creation as JDBC driver reported JDBC version [3] less than 4
02-Oct-2015 09:28:33.560 WARN [http-apr-8080-exec-5] <unknown>.<unknown> HHH000038: Composite-id class does not override equals(): com.virtusa.tempo.hibernate.model.EnvParamValueId
02-Oct-2015 09:28:33.562 WARN [http-apr-8080-exec-5] null.null HHH000039: Composite-id class does not override hashCode(): com.virtusa.tempo.hibernate.model.EnvParamValueId
02-Oct-2015 09:28:33.567 WARN [http-apr-8080-exec-5] null.null HHH000038: Composite-id class does not override equals(): com.virtusa.tempo.hibernate.model.VersionParamValueId
02-Oct-2015 09:28:33.568 WARN [http-apr-8080-exec-5] org.hibernate.mapping.RootClass.checkCompositeIdentifier HHH000039: Composite-id class does not override hashCode(): com.virtusa.tempo.hibernate.model.VersionParamValueId
02-Oct-2015 09:28:33.578 WARN [http-apr-8080-exec-5] <unknown>.<unknown> HHH000038: Composite-id class does not override equals(): com.virtusa.tempo.hibernate.model.UserPermissionId
02-Oct-2015 09:28:33.584 WARN [http-apr-8080-exec-5] org.hibernate.mapping.RootClass.checkCompositeIdentifier HHH000039: Composite-id class does not override hashCode(): com.virtusa.tempo.hibernate.model.UserPermissionId
02-Oct-2015 09:28:33.594 WARN [http-apr-8080-exec-5] org.hibernate.mapping.RootClass.checkCompositeIdentifier HHH000038: Composite-id class does not override equals(): com.virtusa.tempo.hibernate.model.FlowActionId
02-Oct-2015 09:28:33.595 WARN [http-apr-8080-exec-5] org.hibernate.mapping.RootClass.checkCompositeIdentifier HHH000039: Composite-id class does not override hashCode(): com.virtusa.tempo.hibernate.model.FlowActionId
02-Oct-2015 09:28:33.602 WARN [http-apr-8080-exec-5] <unknown>.<unknown> HHH000038: Composite-id class does not override equals(): com.virtusa.tempo.hibernate.model.MachineParamValueId
02-Oct-2015 09:28:33.603 WARN [http-apr-8080-exec-5] null.null HHH000039: Composite-id class does not override hashCode(): com.virtusa.tempo.hibernate.model.MachineParamValueId
02-Oct-2015 09:28:33.670 INFO [http-apr-8080-exec-5] org.hibernate.engine.transaction.internal.TransactionFactoryInitiator.initiateService HHH000399: Using default transaction strategy (direct JDBC transactions)
02-Oct-2015 09:28:33.728 INFO [http-apr-8080-exec-5] null.null HHH000397: Using ASTQueryTranslatorFactory
02-Oct-2015 09:28:35.470 INFO [http-apr-8080-exec-5] null.null HHH000228: Running hbm2ddl schema update
02-Oct-2015 09:28:35.471 INFO [http-apr-8080-exec-5] null.null HHH000102: Fetching database metadata
02-Oct-2015 09:28:35.478 INFO [http-apr-8080-exec-5] null.null HHH000396: Updating schema
02-Oct-2015 09:28:35.514 INFO [http-apr-8080-exec-5] <unknown>.<unknown> HHH000262: Table not found: ACTION
02-Oct-2015 09:28:35.522 INFO [http-apr-8080-exec-5] null.null HHH000262: Table not found: ACTIONEXECUTELOG
02-Oct-2015 09:28:35.523 INFO [http-apr-8080-exec-5] null.null HHH000262: Table not found: ACTIONPROPERTY
02-Oct-2015 09:28:35.524 INFO [http-apr-8080-exec-5] org.hibernate.tool.hbm2ddl.DatabaseMetadata.getTableMetadata HHH000262: Table not found: COMPONENT
02-Oct-2015 09:28:35.525 INFO [http-apr-8080-exec-5] null.null HHH000262: Table not found: COMPPARAM
02-Oct-2015 09:28:35.526 INFO [http-apr-8080-exec-5] org.hibernate.tool.hbm2ddl.DatabaseMetadata.getTableMetadata HHH000262: Table not found: DEPLOYMENTLOG
02-Oct-2015 09:28:35.528 INFO [http-apr-8080-exec-5] null.null HHH000262: Table not found: ENVIRONMENT
02-Oct-2015 09:28:35.529 INFO [http-apr-8080-exec-5] org.hibernate.tool.hbm2ddl.DatabaseMetadata.getTableMetadata HHH000262: Table not found: ENVPARAM
02-Oct-2015 09:28:35.530 INFO [http-apr-8080-exec-5] org.hibernate.tool.hbm2ddl.DatabaseMetadata.getTableMetadata HHH000262: Table not found: ENVPARAMVALUE
02-Oct-2015 09:28:35.531 INFO [http-apr-8080-exec-5] org.hibernate.tool.hbm2ddl.DatabaseMetadata.getTableMetadata HHH000262: Table not found: FLOWACTION
02-Oct-2015 09:28:35.533 INFO [http-apr-8080-exec-5] org.hibernate.tool.hbm2ddl.DatabaseMetadata.getTableMetadata HHH000262: Table not found: FLOWACTIONEXECUTELOG
02-Oct-2015 09:28:35.535 INFO [http-apr-8080-exec-5] org.hibernate.tool.hbm2ddl.DatabaseMetadata.getTableMetadata HHH000262: Table not found: FLOWACTIONPROPERTY
02-Oct-2015 09:28:35.538 INFO [http-apr-8080-exec-5] null.null HHH000262: Table not found: LINKFLOWACTION
02-Oct-2015 09:28:35.540 INFO [http-apr-8080-exec-5] org.hibernate.tool.hbm2ddl.DatabaseMetadata.getTableMetadata HHH000262: Table not found: LOG
02-Oct-2015 09:28:35.541 INFO [http-apr-8080-exec-5] org.hibernate.tool.hbm2ddl.DatabaseMetadata.getTableMetadata HHH000262: Table not found: MACHINE
02-Oct-2015 09:28:35.543 INFO [http-apr-8080-exec-5] org.hibernate.tool.hbm2ddl.DatabaseMetadata.getTableMetadata HHH000262: Table not found: MACHINEGROUP
02-Oct-2015 09:28:35.545 INFO [http-apr-8080-exec-5] org.hibernate.tool.hbm2ddl.DatabaseMetadata.getTableMetadata HHH000262: Table not found: MACHINEGROUPPARAM
02-Oct-2015 09:28:35.546 INFO [http-apr-8080-exec-5] null.getTableMetadata HHH000262: Table not found: MACHINEGROUP_COMPONENT
02-Oct-2015 09:28:35.547 INFO [http-apr-8080-exec-5] null.null HHH000262: Table not found: MACHINEGROUP_TOOL
02-Oct-2015 09:28:35.548 INFO [http-apr-8080-exec-5] null.null HHH000262: Table not found: MACHINEPARAM
02-Oct-2015 09:28:35.549 INFO [http-apr-8080-exec-5] null.null HHH000262: Table not found: MACHINEPARAMVALUE
02-Oct-2015 09:28:35.550 INFO [http-apr-8080-exec-5] null.null HHH000262: Table not found: MACHINE_MACHINEGROUP
02-Oct-2015 09:28:35.552 INFO [http-apr-8080-exec-5] null.null HHH000262: Table not found: NOTIFICATION
02-Oct-2015 09:28:35.553 INFO [http-apr-8080-exec-5] null.null HHH000262: Table not found: PROJECT
02-Oct-2015 09:28:35.554 INFO [http-apr-8080-exec-5] null.null HHH000262: Table not found: PROJECTPARAM
02-Oct-2015 09:28:35.555 INFO [http-apr-8080-exec-5] org.hibernate.tool.hbm2ddl.DatabaseMetadata.getTableMetadata HHH000262: Table not found: TOOL
02-Oct-2015 09:28:35.557 INFO [http-apr-8080-exec-5] null.null HHH000262: Table not found: TOOLPROPERTY
02-Oct-2015 09:28:35.558 INFO [http-apr-8080-exec-5] null.null HHH000262: Table not found: USER
02-Oct-2015 09:28:35.559 INFO [http-apr-8080-exec-5] null.null HHH000262: Table not found: USERPERMISSION
02-Oct-2015 09:28:35.560 INFO [http-apr-8080-exec-5] org.hibernate.tool.hbm2ddl.DatabaseMetadata.getTableMetadata HHH000262: Table not found: VERSION
02-Oct-2015 09:28:35.561 INFO [http-apr-8080-exec-5] null.null HHH000262: Table not found: VERSIONPARAM
02-Oct-2015 09:28:35.562 INFO [http-apr-8080-exec-5] null.null HHH000262: Table not found: VERSIONPARAMVALUE
02-Oct-2015 09:28:35.563 INFO [http-apr-8080-exec-5] null.null HHH000262: Table not found: WORKFLOW
02-Oct-2015 09:28:35.564 INFO [http-apr-8080-exec-5] null.null HHH000262: Table not found: WORKFLOWPARAM
02-Oct-2015 09:28:35.565 INFO [http-apr-8080-exec-5] org.hibernate.tool.hbm2ddl.DatabaseMetadata.getTableMetadata HHH000262: Table not found: ACTION
02-Oct-2015 09:28:35.566 INFO [http-apr-8080-exec-5] org.hibernate.tool.hbm2ddl.DatabaseMetadata.getTableMetadata HHH000262: Table not found: ACTIONEXECUTELOG
02-Oct-2015 09:28:35.567 INFO [http-apr-8080-exec-5] org.hibernate.tool.hbm2ddl.DatabaseMetadata.getTableMetadata HHH000262: Table not found: ACTIONPROPERTY
02-Oct-2015 09:28:35.569 INFO [http-apr-8080-exec-5] null.null HHH000262: Table not found: COMPONENT
02-Oct-2015 09:28:35.571 INFO [http-apr-8080-exec-5] org.hibernate.tool.hbm2ddl.DatabaseMetadata.getTableMetadata HHH000262: Table not found: COMPPARAM
02-Oct-2015 09:28:35.572 INFO [http-apr-8080-exec-5] org.hibernate.tool.hbm2ddl.DatabaseMetadata.getTableMetadata HHH000262: Table not found: DEPLOYMENTLOG
02-Oct-2015 09:28:35.574 INFO [http-apr-8080-exec-5] null.null HHH000262: Table not found: ENVIRONMENT
02-Oct-2015 09:28:35.575 INFO [http-apr-8080-exec-5] null.null HHH000262: Table not found: ENVPARAM
02-Oct-2015 09:28:35.575 INFO [http-apr-8080-exec-5] null.null HHH000262: Table not found: ENVPARAMVALUE
02-Oct-2015 09:28:35.576 INFO [http-apr-8080-exec-5] null.null HHH000262: Table not found: FLOWACTION
02-Oct-2015 09:28:35.577 INFO [http-apr-8080-exec-5] null.null HHH000262: Table not found: FLOWACTIONEXECUTELOG
02-Oct-2015 09:28:35.578 INFO [http-apr-8080-exec-5] null.null HHH000262: Table not found: FLOWACTIONPROPERTY
02-Oct-2015 09:28:35.579 INFO [http-apr-8080-exec-5] org.hibernate.tool.hbm2ddl.DatabaseMetadata.getTableMetadata HHH000262: Table not found: LINKFLOWACTION
02-Oct-2015 09:28:35.581 INFO [http-apr-8080-exec-5] org.hibernate.tool.hbm2ddl.DatabaseMetadata.getTableMetadata HHH000262: Table not found: LOG
02-Oct-2015 09:28:35.583 INFO [http-apr-8080-exec-5] org.hibernate.tool.hbm2ddl.DatabaseMetadata.getTableMetadata HHH000262: Table not found: MACHINE
02-Oct-2015 09:28:35.584 INFO [http-apr-8080-exec-5] org.hibernate.tool.hbm2ddl.DatabaseMetadata.getTableMetadata HHH000262: Table not found: MACHINEGROUP
02-Oct-2015 09:28:35.587 INFO [http-apr-8080-exec-5] org.hibernate.tool.hbm2ddl.DatabaseMetadata.getTableMetadata HHH000262: Table not found: MACHINEGROUPPARAM
02-Oct-2015 09:28:35.589 INFO [http-apr-8080-exec-5] org.hibernate.tool.hbm2ddl.DatabaseMetadata.getTableMetadata HHH000262: Table not found: MACHINEGROUP_COMPONENT
02-Oct-2015 09:28:35.590 INFO [http-apr-8080-exec-5] org.hibernate.tool.hbm2ddl.DatabaseMetadata.getTableMetadata HHH000262: Table not found: MACHINEGROUP_TOOL
02-Oct-2015 09:28:35.591 INFO [http-apr-8080-exec-5] org.hibernate.tool.hbm2ddl.DatabaseMetadata.getTableMetadata HHH000262: Table not found: MACHINEPARAM
02-Oct-2015 09:28:35.594 INFO [http-apr-8080-exec-5] org.hibernate.tool.hbm2ddl.DatabaseMetadata.getTableMetadata HHH000262: Table not found: MACHINEPARAMVALUE
02-Oct-2015 09:28:35.595 INFO [http-apr-8080-exec-5] null.null HHH000262: Table not found: MACHINE_MACHINEGROUP
02-Oct-2015 09:28:35.596 INFO [http-apr-8080-exec-5] null.null HHH000262: Table not found: NOTIFICATION
02-Oct-2015 09:28:35.597 INFO [http-apr-8080-exec-5] org.hibernate.tool.hbm2ddl.DatabaseMetadata.getTableMetadata HHH000262: Table not found: PROJECT
02-Oct-2015 09:28:35.598 INFO [http-apr-8080-exec-5] null.null HHH000262: Table not found: PROJECTPARAM
02-Oct-2015 09:28:35.599 INFO [http-apr-8080-exec-5] org.hibernate.tool.hbm2ddl.DatabaseMetadata.getTableMetadata HHH000262: Table not found: TOOL
02-Oct-2015 09:28:35.600 INFO [http-apr-8080-exec-5] org.hibernate.tool.hbm2ddl.DatabaseMetadata.getTableMetadata HHH000262: Table not found: TOOLPROPERTY
02-Oct-2015 09:28:35.603 INFO [http-apr-8080-exec-5] org.hibernate.tool.hbm2ddl.DatabaseMetadata.getTableMetadata HHH000262: Table not found: USER
02-Oct-2015 09:28:35.604 INFO [http-apr-8080-exec-5] null.null HHH000262: Table not found: USERPERMISSION
02-Oct-2015 09:28:35.605 INFO [http-apr-8080-exec-5] org.hibernate.tool.hbm2ddl.DatabaseMetadata.getTableMetadata HHH000262: Table not found: VERSION
02-Oct-2015 09:28:35.607 INFO [http-apr-8080-exec-5] org.hibernate.tool.hbm2ddl.DatabaseMetadata.getTableMetadata HHH000262: Table not found: VERSIONPARAM
02-Oct-2015 09:28:35.610 INFO [http-apr-8080-exec-5] org.hibernate.tool.hbm2ddl.DatabaseMetadata.getTableMetadata HHH000262: Table not found: VERSIONPARAMVALUE
02-Oct-2015 09:28:35.612 INFO [http-apr-8080-exec-5] org.hibernate.tool.hbm2ddl.DatabaseMetadata.getTableMetadata HHH000262: Table not found: WORKFLOW
02-Oct-2015 09:28:35.614 INFO [http-apr-8080-exec-5] org.hibernate.tool.hbm2ddl.DatabaseMetadata.getTableMetadata HHH000262: Table not found: WORKFLOWPARAM
02-Oct-2015 09:28:35.615 INFO [http-apr-8080-exec-5] org.hibernate.tool.hbm2ddl.DatabaseMetadata.getTableMetadata HHH000262: Table not found: ACTION
02-Oct-2015 09:28:35.616 INFO [http-apr-8080-exec-5] org.hibernate.tool.hbm2ddl.DatabaseMetadata.getTableMetadata HHH000262: Table not found: ACTIONEXECUTELOG
02-Oct-2015 09:28:35.618 INFO [http-apr-8080-exec-5] org.hibernate.tool.hbm2ddl.DatabaseMetadata.getTableMetadata HHH000262: Table not found: ACTIONPROPERTY
02-Oct-2015 09:28:35.620 INFO [http-apr-8080-exec-5] null.getTableMetadata HHH000262: Table not found: COMPONENT
02-Oct-2015 09:28:35.621 INFO [http-apr-8080-exec-5] null.null HHH000262: Table not found: COMPPARAM
02-Oct-2015 09:28:35.623 INFO [http-apr-8080-exec-5] org.hibernate.tool.hbm2ddl.DatabaseMetadata.getTableMetadata HHH000262: Table not found: DEPLOYMENTLOG
02-Oct-2015 09:28:35.624 INFO [http-apr-8080-exec-5] org.hibernate.tool.hbm2ddl.DatabaseMetadata.getTableMetadata HHH000262: Table not found: ENVIRONMENT
02-Oct-2015 09:28:35.625 INFO [http-apr-8080-exec-5] org.hibernate.tool.hbm2ddl.DatabaseMetadata.getTableMetadata HHH000262: Table not found: ENVPARAM
02-Oct-2015 09:28:35.627 INFO [http-apr-8080-exec-5] org.hibernate.tool.hbm2ddl.DatabaseMetadata.getTableMetadata HHH000262: Table not found: ENVPARAMVALUE
02-Oct-2015 09:28:35.629 INFO [http-apr-8080-exec-5] org.hibernate.tool.hbm2ddl.DatabaseMetadata.getTableMetadata HHH000262: Table not found: FLOWACTION
02-Oct-2015 09:28:35.632 INFO [http-apr-8080-exec-5] org.hibernate.tool.hbm2ddl.DatabaseMetadata.getTableMetadata HHH000262: Table not found: FLOWACTIONEXECUTELOG
02-Oct-2015 09:28:35.634 INFO [http-apr-8080-exec-5] org.hibernate.tool.hbm2ddl.DatabaseMetadata.getTableMetadata HHH000262: Table not found: FLOWACTIONPROPERTY
02-Oct-2015 09:28:35.638 INFO [http-apr-8080-exec-5] org.hibernate.tool.hbm2ddl.DatabaseMetadata.getTableMetadata HHH000262: Table not found: LINKFLOWACTION
02-Oct-2015 09:28:35.640 INFO [http-apr-8080-exec-5] org.hibernate.tool.hbm2ddl.DatabaseMetadata.getTableMetadata HHH000262: Table not found: LOG
02-Oct-2015 09:28:35.641 INFO [http-apr-8080-exec-5] org.hibernate.tool.hbm2ddl.DatabaseMetadata.getTableMetadata HHH000262: Table not found: MACHINE
02-Oct-2015 09:28:35.642 INFO [http-apr-8080-exec-5] org.hibernate.tool.hbm2ddl.DatabaseMetadata.getTableMetadata HHH000262: Table not found: MACHINEGROUP
02-Oct-2015 09:28:35.643 INFO [http-apr-8080-exec-5] null.null HHH000262: Table not found: MACHINEGROUPPARAM
02-Oct-2015 09:28:35.644 INFO [http-apr-8080-exec-5] org.hibernate.tool.hbm2ddl.DatabaseMetadata.getTableMetadata HHH000262: Table not found: MACHINEGROUP_COMPONENT
02-Oct-2015 09:28:35.648 INFO [http-apr-8080-exec-5] org.hibernate.tool.hbm2ddl.DatabaseMetadata.getTableMetadata HHH000262: Table not found: MACHINEGROUP_TOOL
02-Oct-2015 09:28:35.649 INFO [http-apr-8080-exec-5] org.hibernate.tool.hbm2ddl.DatabaseMetadata.getTableMetadata HHH000262: Table not found: MACHINEPARAM
02-Oct-2015 09:28:35.650 INFO [http-apr-8080-exec-5] null.null HHH000262: Table not found: MACHINEPARAMVALUE
02-Oct-2015 09:28:35.651 INFO [http-apr-8080-exec-5] org.hibernate.tool.hbm2ddl.DatabaseMetadata.getTableMetadata HHH000262: Table not found: MACHINE_MACHINEGROUP
02-Oct-2015 09:28:35.653 INFO [http-apr-8080-exec-5] null.null HHH000262: Table not found: NOTIFICATION
02-Oct-2015 09:28:35.654 INFO [http-apr-8080-exec-5] org.hibernate.tool.hbm2ddl.DatabaseMetadata.getTableMetadata HHH000262: Table not found: PROJECT
02-Oct-2015 09:28:35.655 INFO [http-apr-8080-exec-5] null.null HHH000262: Table not found: PROJECTPARAM
02-Oct-2015 09:28:35.656 INFO [http-apr-8080-exec-5] null.null HHH000262: Table not found: TOOL
02-Oct-2015 09:28:35.657 INFO [http-apr-8080-exec-5] org.hibernate.tool.hbm2ddl.DatabaseMetadata.getTableMetadata HHH000262: Table not found: TOOLPROPERTY
02-Oct-2015 09:28:35.658 INFO [http-apr-8080-exec-5] null.null HHH000262: Table not found: USER
02-Oct-2015 09:28:35.659 INFO [http-apr-8080-exec-5] null.null HHH000262: Table not found: USERPERMISSION
02-Oct-2015 09:28:35.660 INFO [http-apr-8080-exec-5] null.null HHH000262: Table not found: VERSION
02-Oct-2015 09:28:35.660 INFO [http-apr-8080-exec-5] null.null HHH000262: Table not found: VERSIONPARAM
02-Oct-2015 09:28:35.661 INFO [http-apr-8080-exec-5] null.null HHH000262: Table not found: VERSIONPARAMVALUE
02-Oct-2015 09:28:35.662 INFO [http-apr-8080-exec-5] null.null HHH000262: Table not found: WORKFLOW
02-Oct-2015 09:28:35.663 INFO [http-apr-8080-exec-5] org.hibernate.tool.hbm2ddl.DatabaseMetadata.getTableMetadata HHH000262: Table not found: WORKFLOWPARAM
02-Oct-2015 09:28:35.716 ERROR [http-apr-8080-exec-5] null.null HHH000388: Unsuccessful: create table tempoengine.ACTION (ACTIONID integer not null auto_increment, NAME varchar(255), DESCRIPTION varchar(255), TOOLID integer, primary key (ACTIONID))
02-Oct-2015 09:28:35.717 ERROR [http-apr-8080-exec-5] org.hibernate.tool.hbm2ddl.SchemaUpdate.execute Table 'action' already exists
02-Oct-2015 09:28:35.736 ERROR [http-apr-8080-exec-5] null.null HHH000388: Unsuccessful: create table tempoengine.ACTIONEXECUTELOG (ACTIONEXECUTELOGID integer not null, FLOWACTIONEXECUTELOGID integer, STATUS varchar(255), DESCRIPTION LONGTEXT, MACHINENAME varchar(255), primary key (ACTIONEXECUTELOGID))
02-Oct-2015 09:28:35.738 ERROR [http-apr-8080-exec-5] null.null Table 'actionexecutelog' already exists
02-Oct-2015 09:28:35.751 ERROR [http-apr-8080-exec-5] org.hibernate.tool.hbm2ddl.SchemaUpdate.execute HHH000388: Unsuccessful: create table tempoengine.ACTIONPROPERTY (ACTIONPROPERTYID integer not null, NAME varchar(255), VALUE varchar(255), TYPE varchar(255), DESCRIPTION varchar(255), ACTIONID integer, primary key (ACTIONPROPERTYID))
02-Oct-2015 09:28:35.753 ERROR [http-apr-8080-exec-5] org.hibernate.tool.hbm2ddl.SchemaUpdate.execute Table 'actionproperty' already exists
02-Oct-2015 09:28:35.766 ERROR [http-apr-8080-exec-5] null.null HHH000388: Unsuccessful: create table tempoengine.COMPONENT (COMPONENTID integer not null, NAME varchar(255), ARCHIVED boolean, LOCKBY varchar(255), PROJECTID integer, primary key (COMPONENTID))
02-Oct-2015 09:28:35.768 ERROR [http-apr-8080-exec-5] org.hibernate.tool.hbm2ddl.SchemaUpdate.execute Table 'component' already exists
02-Oct-2015 09:28:35.801 ERROR [http-apr-8080-exec-5] null.null HHH000388: Unsuccessful: create table tempoengine.COMPPARAM (COMPPARAMID integer not null, NAME varchar(255), VALUE varchar(255), COMPONENTID integer, primary key (COMPPARAMID))
02-Oct-2015 09:28:35.802 ERROR [http-apr-8080-exec-5] null.null Table 'compparam' already exists
02-Oct-2015 09:28:35.816 ERROR [http-apr-8080-exec-5] null.null HHH000388: Unsuccessful: create table tempoengine.DEPLOYMENTLOG (DEPLOYMENTLOGID integer not null, WORKFLOWID integer, ENVIRONMENTID varchar(255), STATUS varchar(255), STARTTIME datetime, ENDTIME datetime, VERSION varchar(255), FILETYPE varchar(255), primary key (DEPLOYMENTLOGID))
02-Oct-2015 09:28:35.817 ERROR [http-apr-8080-exec-5] null.null Table 'deploymentlog' already exists
02-Oct-2015 09:28:35.839 ERROR [http-apr-8080-exec-5] null.null HHH000388: Unsuccessful: create table tempoengine.ENVIRONMENT (ENVIRONMENTID integer not null, NAME varchar(255), ARCHIVED boolean, LOCKBY varchar(255), PROJECTID integer, primary key (ENVIRONMENTID))
02-Oct-2015 09:28:35.840 ERROR [http-apr-8080-exec-5] null.null Table 'environment' already exists
02-Oct-2015 09:28:35.861 ERROR [http-apr-8080-exec-5] null.null HHH000388: Unsuccessful: create table tempoengine.ENVPARAM (ENVPARAMID integer not null, NAME varchar(255), PROJECTID integer, primary key (ENVPARAMID))
02-Oct-2015 09:28:35.862 ERROR [http-apr-8080-exec-5] null.null Table 'envparam' already exists
02-Oct-2015 09:28:35.899 ERROR [http-apr-8080-exec-5] null.null HHH000388: Unsuccessful: create table tempoengine.ENVPARAMVALUE (ENVIRONMENTID integer not null, ENVPARAMID integer not null, VALUE varchar(255), ENVPARAMSETID integer, primary key (ENVIRONMENTID, ENVPARAMID))
02-Oct-2015 09:28:35.900 ERROR [http-apr-8080-exec-5] null.null Table 'envparamvalue' already exists
02-Oct-2015 09:28:35.948 ERROR [http-apr-8080-exec-5] null.null HHH000388: Unsuccessful: create table tempoengine.FLOWACTION (FLOWACTIONID integer not null, WORKFLOWID integer not null, NAME varchar(255), LOCATIONX double precision, LOCATIONY double precision, SKIPPED varchar(255), WIDTH double precision, HEIGHT double precision, ACTIONID integer, WORKFLOWIDSET integer, primary key (FLOWACTIONID, WORKFLOWID))
02-Oct-2015 09:28:35.949 ERROR [http-apr-8080-exec-5] null.null Table 'flowaction' already exists
02-Oct-2015 09:28:35.968 ERROR [http-apr-8080-exec-5] null.null HHH000388: Unsuccessful: create table tempoengine.FLOWACTIONEXECUTELOG (FLOWACTIONEXECUTELOGID integer not null, DEPLOYMENTLOGID integer, FLOWACTIONID integer, WORKFLOWID integer, STATUS varchar(255), DESCRIPTION LONGTEXT, primary key (FLOWACTIONEXECUTELOGID))
02-Oct-2015 09:28:35.970 ERROR [http-apr-8080-exec-5] null.null Table 'flowactionexecutelog' already exists
02-Oct-2015 09:28:35.996 ERROR [http-apr-8080-exec-5] null.null HHH000388: Unsuccessful: create table tempoengine.FLOWACTIONPROPERTY (FLOWACTIONPROPERTYID integer not null, ACTIONPROPERTYID integer, NEWVALUE varchar(255), FLOWACTIONID integer, WORKFLOWID integer, primary key (FLOWACTIONPROPERTYID))
02-Oct-2015 09:28:35.998 ERROR [http-apr-8080-exec-5] null.null Table 'flowactionproperty' already exists
02-Oct-2015 09:28:36.022 ERROR [http-apr-8080-exec-5] null.null HHH000388: Unsuccessful: create table tempoengine.LINKFLOWACTION (LINKFLOWACTIONID integer not null, FROMFLOWACTIONID integer, FROMWORKFLOWID integer, TOFLOWACTIONID integer, TOWORKFLOWID integer, TYPE varchar(255), WORKFLOWID integer, primary key (LINKFLOWACTIONID))
02-Oct-2015 09:28:36.024 ERROR [http-apr-8080-exec-5] null.null Table 'linkflowaction' already exists
02-Oct-2015 09:28:36.032 ERROR [http-apr-8080-exec-5] null.null HHH000388: Unsuccessful: create table tempoengine.LOG (LOGID integer not null, VERSIONID integer, primary key (LOGID))
02-Oct-2015 09:28:36.033 ERROR [http-apr-8080-exec-5] null.null Table 'log' already exists
02-Oct-2015 09:28:36.050 ERROR [http-apr-8080-exec-5] null.null HHH000388: Unsuccessful: create table tempoengine.MACHINE (MACHINEID integer not null, NAME varchar(255), ISSERVER boolean, AUTHENTICATION varchar(255), IP varchar(255), STATUS varchar(255), USERNAME varchar(255), PASSWORD varchar(255), PLATFORM varchar(255), HOMEDIR varchar(255), PROJECTID integer, primary key (MACHINEID))
02-Oct-2015 09:28:36.051 ERROR [http-apr-8080-exec-5] org.hibernate.tool.hbm2ddl.SchemaUpdate.execute Table 'machine' already exists
02-Oct-2015 09:28:36.065 ERROR [http-apr-8080-exec-5] org.hibernate.tool.hbm2ddl.SchemaUpdate.execute HHH000388: Unsuccessful: create table tempoengine.MACHINEGROUP (MACHINEGROUPID integer not null, NAME varchar(255), ENVIRONMENTID integer, primary key (MACHINEGROUPID))
02-Oct-2015 09:28:36.067 ERROR [http-apr-8080-exec-5] org.hibernate.tool.hbm2ddl.SchemaUpdate.execute Table 'machinegroup' already exists
02-Oct-2015 09:28:36.076 ERROR [http-apr-8080-exec-5] null.null HHH000388: Unsuccessful: create table tempoengine.MACHINEGROUPPARAM (MACHINEGROUPPARAMID integer not null, NAME varchar(255), VALUE varchar(255), MACHINEGROUPID integer, primary key (MACHINEGROUPPARAMID))
02-Oct-2015 09:28:36.077 ERROR [http-apr-8080-exec-5] org.hibernate.tool.hbm2ddl.SchemaUpdate.execute Table 'machinegroupparam' already exists
02-Oct-2015 09:28:36.098 ERROR [http-apr-8080-exec-5] org.hibernate.tool.hbm2ddl.SchemaUpdate.execute HHH000388: Unsuccessful: create table tempoengine.MACHINEGROUP_COMPONENT (COMPONENTID integer not null, MACHINEGROUPID integer not null, primary key (COMPONENTID, MACHINEGROUPID))
02-Oct-2015 09:28:36.099 ERROR [http-apr-8080-exec-5] org.hibernate.tool.hbm2ddl.SchemaUpdate.execute Table 'machinegroup_component' already exists
02-Oct-2015 09:28:36.127 ERROR [http-apr-8080-exec-5] org.hibernate.tool.hbm2ddl.SchemaUpdate.execute HHH000388: Unsuccessful: create table tempoengine.MACHINEGROUP_TOOL (MACHINEGROUPID integer not null, TOOLID integer not null, primary key (TOOLID, MACHINEGROUPID))
02-Oct-2015 09:28:36.128 ERROR [http-apr-8080-exec-5] null.null Table 'machinegroup_tool' already exists
02-Oct-2015 09:28:36.167 ERROR [http-apr-8080-exec-5] org.hibernate.tool.hbm2ddl.SchemaUpdate.execute HHH000388: Unsuccessful: create table tempoengine.MACHINEPARAM (MACHINEPARAMID integer not null, NAME varchar(255), PROJECTID integer, primary key (MACHINEPARAMID))
02-Oct-2015 09:28:36.169 ERROR [http-apr-8080-exec-5] org.hibernate.tool.hbm2ddl.SchemaUpdate.execute Table 'machineparam' already exists
02-Oct-2015 09:28:36.201 ERROR [http-apr-8080-exec-5] org.hibernate.tool.hbm2ddl.SchemaUpdate.execute HHH000388: Unsuccessful: create table tempoengine.MACHINEPARAMVALUE (MACHINEID integer not null, MACHINEPARAMID integer not null, VALUE varchar(255), MACHINEPARAMSETID integer, primary key (MACHINEID, MACHINEPARAMID))
02-Oct-2015 09:28:36.204 ERROR [http-apr-8080-exec-5] org.hibernate.tool.hbm2ddl.SchemaUpdate.execute Table 'machineparamvalue' already exists
02-Oct-2015 09:28:36.223 ERROR [http-apr-8080-exec-5] org.hibernate.tool.hbm2ddl.SchemaUpdate.execute HHH000388: Unsuccessful: create table tempoengine.MACHINE_MACHINEGROUP (MACHINEID integer not null, MACHINEGROUPID integer not null, primary key (MACHINEGROUPID, MACHINEID))
02-Oct-2015 09:28:36.225 ERROR [http-apr-8080-exec-5] null.null Table 'machine_machinegroup' already exists
02-Oct-2015 09:28:36.239 ERROR [http-apr-8080-exec-5] org.hibernate.tool.hbm2ddl.SchemaUpdate.execute HHH000388: Unsuccessful: create table tempoengine.NOTIFICATION (NOTIFICATIONID integer not null, SUBJECT varchar(255), BODY varchar(255), PROJECTID integer, primary key (NOTIFICATIONID))
02-Oct-2015 09:28:36.240 ERROR [http-apr-8080-exec-5] null.null Table 'notification' already exists
02-Oct-2015 09:28:36.253 ERROR [http-apr-8080-exec-5] org.hibernate.tool.hbm2ddl.SchemaUpdate.execute HHH000388: Unsuccessful: create table tempoengine.PROJECT (PROJECTID integer not null, NAME varchar(255), DESCRIPTION LONGTEXT, ARCHIVED boolean, LOCKBY varchar(255), primary key (PROJECTID))
02-Oct-2015 09:28:36.255 ERROR [http-apr-8080-exec-5] null.null Table 'project' already exists
02-Oct-2015 09:28:36.276 ERROR [http-apr-8080-exec-5] null.null HHH000388: Unsuccessful: create table tempoengine.PROJECTPARAM (PROJECTPARAMID integer not null, NAME varchar(255), VALUE varchar(255), PROJECTID integer, primary key (PROJECTPARAMID))
02-Oct-2015 09:28:36.277 ERROR [http-apr-8080-exec-5] null.null Table 'projectparam' already exists
02-Oct-2015 09:28:36.295 ERROR [http-apr-8080-exec-5] org.hibernate.tool.hbm2ddl.SchemaUpdate.execute HHH000388: Unsuccessful: create table tempoengine.TOOL (TOOLID integer not null, NAME varchar(255), TOOLMAPPINGID varchar(255), ARCHIVED boolean, LOCKBY varchar(255), PROJECTID integer, primary key (TOOLID))
02-Oct-2015 09:28:36.297 ERROR [http-apr-8080-exec-5] null.null Table 'tool' already exists
02-Oct-2015 09:28:36.316 ERROR [http-apr-8080-exec-5] org.hibernate.tool.hbm2ddl.SchemaUpdate.execute HHH000388: Unsuccessful: create table tempoengine.TOOLPROPERTY (TOOLPROPERTYID integer not null, NAME varchar(255), VALUE varchar(255), TYPE varchar(255), DESCRIPTION varchar(255), TOOLID integer, primary key (TOOLPROPERTYID))
02-Oct-2015 09:28:36.318 ERROR [http-apr-8080-exec-5] org.hibernate.tool.hbm2ddl.SchemaUpdate.execute Table 'toolproperty' already exists
02-Oct-2015 09:28:36.336 ERROR [http-apr-8080-exec-5] org.hibernate.tool.hbm2ddl.SchemaUpdate.execute HHH000388: Unsuccessful: create table tempoengine.USER (USERNAME varchar(255) not null, PASSWORD varchar(255), OTHERACCOUNT varchar(255), EMAIL varchar(255), FIRSTNAME varchar(255), LASTNAME varchar(255), IMAGE LONGBLOB, primary key (USERNAME))
02-Oct-2015 09:28:36.338 ERROR [http-apr-8080-exec-5] null.null Table 'user' already exists
02-Oct-2015 09:28:36.366 ERROR [http-apr-8080-exec-5] <unknown>.<unknown> HHH000388: Unsuccessful: create table tempoengine.USERPERMISSION (USERNAME varchar(255) not null, PROJECTID integer not null, PERMISSIONLEVEL varchar(255), primary key (USERNAME, PROJECTID))
02-Oct-2015 09:28:36.368 ERROR [http-apr-8080-exec-5] null.null Table 'userpermission' already exists
02-Oct-2015 09:28:36.405 ERROR [http-apr-8080-exec-5] null.null HHH000388: Unsuccessful: create table tempoengine.VERSION (VERSIONID integer not null, VERSION varchar(255), DESCRIPTION LONGTEXT, COMPONENTID integer, primary key (VERSIONID))
02-Oct-2015 09:28:36.407 ERROR [http-apr-8080-exec-5] null.null Table 'version' already exists
02-Oct-2015 09:28:36.431 ERROR [http-apr-8080-exec-5] null.null HHH000388: Unsuccessful: create table tempoengine.VERSIONPARAM (VERSIONPARAMID integer not null, NAME varchar(255), COMPONENTID integer, primary key (VERSIONPARAMID))
02-Oct-2015 09:28:36.432 ERROR [http-apr-8080-exec-5] org.hibernate.tool.hbm2ddl.SchemaUpdate.execute Table 'versionparam' already exists
02-Oct-2015 09:28:36.461 ERROR [http-apr-8080-exec-5] null.null HHH000388: Unsuccessful: create table tempoengine.VERSIONPARAMVALUE (VERSIONID integer not null, VERSIONPARAMID integer not null, VALUE varchar(255), VERSIONPARAMIDSET integer, primary key (VERSIONID, VERSIONPARAMID))
02-Oct-2015 09:28:36.463 ERROR [http-apr-8080-exec-5] null.null Table 'versionparamvalue' already exists
02-Oct-2015 09:28:36.479 ERROR [http-apr-8080-exec-5] null.null HHH000388: Unsuccessful: create table tempoengine.WORKFLOW (WORKFLOWID integer not null, NAME varchar(255), DESCRIPTION varchar(255), ARCHIVED boolean, LOCKBY varchar(255), COMPONENTID integer, PROJECTID integer, primary key (WORKFLOWID))
02-Oct-2015 09:28:36.481 ERROR [http-apr-8080-exec-5] <unknown>.<unknown> Table 'workflow' already exists
02-Oct-2015 09:28:36.491 ERROR [http-apr-8080-exec-5] null.null HHH000388: Unsuccessful: create table tempoengine.WORKFLOWPARAM (WORKFLOWPARAMID integer not null, NAME varchar(255), VALUE varchar(255), WORKFLOWID integer, primary key (WORKFLOWPARAMID))
02-Oct-2015 09:28:36.492 ERROR [http-apr-8080-exec-5] null.null Table 'workflowparam' already exists
02-Oct-2015 09:28:36.493 ERROR [http-apr-8080-exec-5] null.null HHH000388: Unsuccessful: alter table tempoengine.ACTION add index FK_j3fo2p1flwaf8yp7wrt1ws2wt (TOOLID), add constraint FK_j3fo2p1flwaf8yp7wrt1ws2wt foreign key (TOOLID) references tempoengine.TOOL (TOOLID)
02-Oct-2015 09:28:36.494 ERROR [http-apr-8080-exec-5] null.null Duplicate key name 'FK_j3fo2p1flwaf8yp7wrt1ws2wt'
02-Oct-2015 09:28:36.495 ERROR [http-apr-8080-exec-5] org.hibernate.tool.hbm2ddl.SchemaUpdate.execute HHH000388: Unsuccessful: alter table tempoengine.ACTIONEXECUTELOG add index FK_3qn23tbbkgvm8glqt5xk68imp (FLOWACTIONEXECUTELOGID), add constraint FK_3qn23tbbkgvm8glqt5xk68imp foreign key (FLOWACTIONEXECUTELOGID) references tempoengine.FLOWACTIONEXECUTELOG (FLOWACTIONEXECUTELOGID)
02-Oct-2015 09:28:36.497 ERROR [http-apr-8080-exec-5] org.hibernate.tool.hbm2ddl.SchemaUpdate.execute Duplicate key name 'FK_3qn23tbbkgvm8glqt5xk68imp'
02-Oct-2015 09:28:36.499 ERROR [http-apr-8080-exec-5] org.hibernate.tool.hbm2ddl.SchemaUpdate.execute HHH000388: Unsuccessful: alter table tempoengine.ACTIONPROPERTY add index FK_4lgjq0jfrqs46glppebtltlpj (ACTIONID), add constraint FK_4lgjq0jfrqs46glppebtltlpj foreign key (ACTIONID) references tempoengine.ACTION (ACTIONID)
02-Oct-2015 09:28:36.500 ERROR [http-apr-8080-exec-5] null.null Duplicate key name 'FK_4lgjq0jfrqs46glppebtltlpj'
02-Oct-2015 09:28:36.501 ERROR [http-apr-8080-exec-5] null.null HHH000388: Unsuccessful: alter table tempoengine.COMPONENT add index FK_dk59g8ufdieywxp06bkl5aycv (LOCKBY), add constraint FK_dk59g8ufdieywxp06bkl5aycv foreign key (LOCKBY) references tempoengine.USER (USERNAME)
02-Oct-2015 09:28:36.502 ERROR [http-apr-8080-exec-5] null.null Duplicate key name 'FK_dk59g8ufdieywxp06bkl5aycv'
02-Oct-2015 09:28:36.505 ERROR [http-apr-8080-exec-5] null.null HHH000388: Unsuccessful: alter table tempoengine.COMPONENT add index FK_jwqpnetlespo1m7id821s2d7f (PROJECTID), add constraint FK_jwqpnetlespo1m7id821s2d7f foreign key (PROJECTID) references tempoengine.PROJECT (PROJECTID)
02-Oct-2015 09:28:36.506 ERROR [http-apr-8080-exec-5] null.null Duplicate key name 'FK_jwqpnetlespo1m7id821s2d7f'
02-Oct-2015 09:28:36.507 ERROR [http-apr-8080-exec-5] null.null HHH000388: Unsuccessful: alter table tempoengine.COMPPARAM add index FK_6qavyoneqibr8010ojuv3ihch (COMPONENTID), add constraint FK_6qavyoneqibr8010ojuv3ihch foreign key (COMPONENTID) references tempoengine.COMPONENT (COMPONENTID)
02-Oct-2015 09:28:36.509 ERROR [http-apr-8080-exec-5] null.null Duplicate key name 'FK_6qavyoneqibr8010ojuv3ihch'
02-Oct-2015 09:28:36.510 ERROR [http-apr-8080-exec-5] null.null HHH000388: Unsuccessful: alter table tempoengine.DEPLOYMENTLOG add index FK_ppfdnrs8l8wnseig2kdu9nw5k (WORKFLOWID), add constraint FK_ppfdnrs8l8wnseig2kdu9nw5k foreign key (WORKFLOWID) references tempoengine.WORKFLOW (WORKFLOWID)
02-Oct-2015 09:28:36.511 ERROR [http-apr-8080-exec-5] null.null Duplicate key name 'FK_ppfdnrs8l8wnseig2kdu9nw5k'
02-Oct-2015 09:28:36.513 ERROR [http-apr-8080-exec-5] null.null HHH000388: Unsuccessful: alter table tempoengine.ENVIRONMENT add index FK_955iv6pdm12kua5b08iy5542w (LOCKBY), add constraint FK_955iv6pdm12kua5b08iy5542w foreign key (LOCKBY) references tempoengine.USER (USERNAME)
02-Oct-2015 09:28:36.513 ERROR [http-apr-8080-exec-5] null.null Duplicate key name 'FK_955iv6pdm12kua5b08iy5542w'
02-Oct-2015 09:28:36.515 ERROR [http-apr-8080-exec-5] null.null HHH000388: Unsuccessful: alter table tempoengine.ENVIRONMENT add index FK_ku3ae2h9sv4f6smhp4aq94xm7 (PROJECTID), add constraint FK_ku3ae2h9sv4f6smhp4aq94xm7 foreign key (PROJECTID) references tempoengine.PROJECT (PROJECTID)
02-Oct-2015 09:28:36.516 ERROR [http-apr-8080-exec-5] null.null Duplicate key name 'FK_ku3ae2h9sv4f6smhp4aq94xm7'
02-Oct-2015 09:28:36.517 ERROR [http-apr-8080-exec-5] null.null HHH000388: Unsuccessful: alter table tempoengine.ENVPARAM add index FK_1ofeplnx42ti5500eos969j7q (PROJECTID), add constraint FK_1ofeplnx42ti5500eos969j7q foreign key (PROJECTID) references tempoengine.PROJECT (PROJECTID)
02-Oct-2015 09:28:36.518 ERROR [http-apr-8080-exec-5] null.null Duplicate key name 'FK_1ofeplnx42ti5500eos969j7q'
02-Oct-2015 09:28:36.519 ERROR [http-apr-8080-exec-5] null.null HHH000388: Unsuccessful: alter table tempoengine.ENVPARAMVALUE add index FK_2fg6tfl07wsgtwcpap8cun3sy (ENVIRONMENTID), add constraint FK_2fg6tfl07wsgtwcpap8cun3sy foreign key (ENVIRONMENTID) references tempoengine.ENVIRONMENT (ENVIRONMENTID)
02-Oct-2015 09:28:36.520 ERROR [http-apr-8080-exec-5] org.hibernate.tool.hbm2ddl.SchemaUpdate.execute Duplicate key name 'FK_2fg6tfl07wsgtwcpap8cun3sy'
02-Oct-2015 09:28:36.522 ERROR [http-apr-8080-exec-5] null.null HHH000388: Unsuccessful: alter table tempoengine.ENVPARAMVALUE add index FK_5ya5um4gj7301ggl1w2w7oa5p (ENVPARAMID), add constraint FK_5ya5um4gj7301ggl1w2w7oa5p foreign key (ENVPARAMID) references tempoengine.ENVPARAM (ENVPARAMID)
02-Oct-2015 09:28:36.524 ERROR [http-apr-8080-exec-5] null.null Duplicate key name 'FK_5ya5um4gj7301ggl1w2w7oa5p'
02-Oct-2015 09:28:36.525 ERROR [http-apr-8080-exec-5] null.null HHH000388: Unsuccessful: alter table tempoengine.ENVPARAMVALUE add index FK_imx0aoj2v57l71paa6xycf02f (ENVPARAMSETID), add constraint FK_imx0aoj2v57l71paa6xycf02f foreign key (ENVPARAMSETID) references tempoengine.ENVPARAM (ENVPARAMID)
02-Oct-2015 09:28:36.526 ERROR [http-apr-8080-exec-5] null.null Duplicate key name 'FK_imx0aoj2v57l71paa6xycf02f'
02-Oct-2015 09:28:36.527 ERROR [http-apr-8080-exec-5] org.hibernate.tool.hbm2ddl.SchemaUpdate.execute HHH000388: Unsuccessful: alter table tempoengine.FLOWACTION add index FK_jic2qpxjdy3rxjj4aapf0yv9v (WORKFLOWID), add constraint FK_jic2qpxjdy3rxjj4aapf0yv9v foreign key (WORKFLOWID) references tempoengine.WORKFLOW (WORKFLOWID)
02-Oct-2015 09:28:36.528 ERROR [http-apr-8080-exec-5] org.hibernate.tool.hbm2ddl.SchemaUpdate.execute Duplicate key name 'FK_jic2qpxjdy3rxjj4aapf0yv9v'
02-Oct-2015 09:28:36.530 ERROR [http-apr-8080-exec-5] org.hibernate.tool.hbm2ddl.SchemaUpdate.execute HHH000388: Unsuccessful: alter table tempoengine.FLOWACTION add index FK_l3ffccm0yerl1p98nl59m17qu (ACTIONID), add constraint FK_l3ffccm0yerl1p98nl59m17qu foreign key (ACTIONID) references tempoengine.ACTION (ACTIONID)
02-Oct-2015 09:28:36.531 ERROR [http-apr-8080-exec-5] org.hibernate.tool.hbm2ddl.SchemaUpdate.execute Duplicate key name 'FK_l3ffccm0yerl1p98nl59m17qu'
02-Oct-2015 09:28:36.532 ERROR [http-apr-8080-exec-5] null.null HHH000388: Unsuccessful: alter table tempoengine.FLOWACTION add index FK_8g729eolnuv8im60cstyyh5pe (WORKFLOWIDSET), add constraint FK_8g729eolnuv8im60cstyyh5pe foreign key (WORKFLOWIDSET) references tempoengine.WORKFLOW (WORKFLOWID)
02-Oct-2015 09:28:36.534 ERROR [http-apr-8080-exec-5] null.null Duplicate key name 'FK_8g729eolnuv8im60cstyyh5pe'
02-Oct-2015 09:28:36.535 ERROR [http-apr-8080-exec-5] null.null HHH000388: Unsuccessful: alter table tempoengine.FLOWACTIONEXECUTELOG add index FK_1t4o4kx6dcdcycck5jhh8i4rj (DEPLOYMENTLOGID), add constraint FK_1t4o4kx6dcdcycck5jhh8i4rj foreign key (DEPLOYMENTLOGID) references tempoengine.DEPLOYMENTLOG (DEPLOYMENTLOGID)
02-Oct-2015 09:28:36.536 ERROR [http-apr-8080-exec-5] null.null Duplicate key name 'FK_1t4o4kx6dcdcycck5jhh8i4rj'
02-Oct-2015 09:28:36.537 ERROR [http-apr-8080-exec-5] org.hibernate.tool.hbm2ddl.SchemaUpdate.execute HHH000388: Unsuccessful: alter table tempoengine.FLOWACTIONEXECUTELOG add index FK_7xn95qygfnibbjxfr7eunyp37 (FLOWACTIONID, WORKFLOWID), add constraint FK_7xn95qygfnibbjxfr7eunyp37 foreign key (FLOWACTIONID, WORKFLOWID) references tempoengine.FLOWACTION (FLOWACTIONID, WORKFLOWID)
02-Oct-2015 09:28:36.539 ERROR [http-apr-8080-exec-5] null.null Duplicate key name 'FK_7xn95qygfnibbjxfr7eunyp37'
02-Oct-2015 09:28:36.540 ERROR [http-apr-8080-exec-5] null.null HHH000388: Unsuccessful: alter table tempoengine.FLOWACTIONPROPERTY add index FK_jblndkymm4obi4usr0niy0n9m (ACTIONPROPERTYID), add constraint FK_jblndkymm4obi4usr0niy0n9m foreign key (ACTIONPROPERTYID) references tempoengine.ACTIONPROPERTY (ACTIONPROPERTYID)
02-Oct-2015 09:28:36.541 ERROR [http-apr-8080-exec-5] null.null Duplicate key name 'FK_jblndkymm4obi4usr0niy0n9m'
02-Oct-2015 09:28:36.542 ERROR [http-apr-8080-exec-5] org.hibernate.tool.hbm2ddl.SchemaUpdate.execute HHH000388: Unsuccessful: alter table tempoengine.FLOWACTIONPROPERTY add index FK_eosp7fex8014ghc658acwlscb (FLOWACTIONID, WORKFLOWID), add constraint FK_eosp7fex8014ghc658acwlscb foreign key (FLOWACTIONID, WORKFLOWID) references tempoengine.FLOWACTION (FLOWACTIONID, WORKFLOWID)
02-Oct-2015 09:28:36.544 ERROR [http-apr-8080-exec-5] null.null Duplicate key name 'FK_eosp7fex8014ghc658acwlscb'
02-Oct-2015 09:28:36.545 ERROR [http-apr-8080-exec-5] null.null HHH000388: Unsuccessful: alter table tempoengine.LINKFLOWACTION add index FK_julr5790n29q8whg4vt11f1ll (FROMFLOWACTIONID, FROMWORKFLOWID), add constraint FK_julr5790n29q8whg4vt11f1ll foreign key (FROMFLOWACTIONID, FROMWORKFLOWID) references tempoengine.FLOWACTION (FLOWACTIONID, WORKFLOWID)
02-Oct-2015 09:28:36.546 ERROR [http-apr-8080-exec-5] org.hibernate.tool.hbm2ddl.SchemaUpdate.execute Duplicate key name 'FK_julr5790n29q8whg4vt11f1ll'
02-Oct-2015 09:28:36.547 ERROR [http-apr-8080-exec-5] null.null HHH000388: Unsuccessful: alter table tempoengine.LINKFLOWACTION add index FK_iskk5ytoxs8oxdt6y8v9wmvkv (TOFLOWACTIONID, TOWORKFLOWID), add constraint FK_iskk5ytoxs8oxdt6y8v9wmvkv foreign key (TOFLOWACTIONID, TOWORKFLOWID) references tempoengine.FLOWACTION (FLOWACTIONID, WORKFLOWID)
02-Oct-2015 09:28:36.548 ERROR [http-apr-8080-exec-5] null.null Duplicate key name 'FK_iskk5ytoxs8oxdt6y8v9wmvkv'
02-Oct-2015 09:28:36.549 ERROR [http-apr-8080-exec-5] null.null HHH000388: Unsuccessful: alter table tempoengine.LINKFLOWACTION add index FK_lns0kgk0ae43ktw4ni4xbmgj5 (WORKFLOWID), add constraint FK_lns0kgk0ae43ktw4ni4xbmgj5 foreign key (WORKFLOWID) references tempoengine.WORKFLOW (WORKFLOWID)
02-Oct-2015 09:28:36.550 ERROR [http-apr-8080-exec-5] null.null Duplicate key name 'FK_lns0kgk0ae43ktw4ni4xbmgj5'
02-Oct-2015 09:28:36.551 ERROR [http-apr-8080-exec-5] null.null HHH000388: Unsuccessful: alter table tempoengine.LOG add index FK_e86uppndut5n78invt3b4x5od (VERSIONID), add constraint FK_e86uppndut5n78invt3b4x5od foreign key (VERSIONID) references tempoengine.VERSION (VERSIONID)
02-Oct-2015 09:28:36.552 ERROR [http-apr-8080-exec-5] null.null Duplicate key name 'FK_e86uppndut5n78invt3b4x5od'
02-Oct-2015 09:28:36.553 ERROR [http-apr-8080-exec-5] org.hibernate.tool.hbm2ddl.SchemaUpdate.execute HHH000388: Unsuccessful: alter table tempoengine.MACHINE add index FK_s1pu3fi3yjdf1vkoa2prnkug1 (PROJECTID), add constraint FK_s1pu3fi3yjdf1vkoa2prnkug1 foreign key (PROJECTID) references tempoengine.PROJECT (PROJECTID)
02-Oct-2015 09:28:36.554 ERROR [http-apr-8080-exec-5] null.null Duplicate key name 'FK_s1pu3fi3yjdf1vkoa2prnkug1'
02-Oct-2015 09:28:36.556 ERROR [http-apr-8080-exec-5] null.null HHH000388: Unsuccessful: alter table tempoengine.MACHINEGROUP add index FK_hys68ohft4gonbrbpollf1p1l (ENVIRONMENTID), add constraint FK_hys68ohft4gonbrbpollf1p1l foreign key (ENVIRONMENTID) references tempoengine.ENVIRONMENT (ENVIRONMENTID)
02-Oct-2015 09:28:36.557 ERROR [http-apr-8080-exec-5] null.null Duplicate key name 'FK_hys68ohft4gonbrbpollf1p1l'
02-Oct-2015 09:28:36.558 ERROR [http-apr-8080-exec-5] org.hibernate.tool.hbm2ddl.SchemaUpdate.execute HHH000388: Unsuccessful: alter table tempoengine.MACHINEGROUPPARAM add index FK_pbv5e4gk0d69tj1thtbtkj66n (MACHINEGROUPID), add constraint FK_pbv5e4gk0d69tj1thtbtkj66n foreign key (MACHINEGROUPID) references tempoengine.MACHINEGROUP (MACHINEGROUPID)
02-Oct-2015 09:28:36.559 ERROR [http-apr-8080-exec-5] org.hibernate.tool.hbm2ddl.SchemaUpdate.execute Duplicate key name 'FK_pbv5e4gk0d69tj1thtbtkj66n'
02-Oct-2015 09:28:36.565 ERROR [http-apr-8080-exec-5] org.hibernate.tool.hbm2ddl.SchemaUpdate.execute HHH000388: Unsuccessful: alter table tempoengine.MACHINEGROUP_COMPONENT add index FK_hq5ca7komumm60720dskj03xs (MACHINEGROUPID), add constraint FK_hq5ca7komumm60720dskj03xs foreign key (MACHINEGROUPID) references tempoengine.MACHINEGROUP (MACHINEGROUPID)
02-Oct-2015 09:28:36.566 ERROR [http-apr-8080-exec-5] org.hibernate.tool.hbm2ddl.SchemaUpdate.execute Duplicate key name 'FK_hq5ca7komumm60720dskj03xs'
02-Oct-2015 09:28:36.568 ERROR [http-apr-8080-exec-5] org.hibernate.tool.hbm2ddl.SchemaUpdate.execute HHH000388: Unsuccessful: alter table tempoengine.MACHINEGROUP_COMPONENT add index FK_e6tgelv9u4vli7l4u4nw7tp7y (COMPONENTID), add constraint FK_e6tgelv9u4vli7l4u4nw7tp7y foreign key (COMPONENTID) references tempoengine.COMPONENT (COMPONENTID)
02-Oct-2015 09:28:36.569 ERROR [http-apr-8080-exec-5] null.null Duplicate key name 'FK_e6tgelv9u4vli7l4u4nw7tp7y'
02-Oct-2015 09:28:36.571 ERROR [http-apr-8080-exec-5] org.hibernate.tool.hbm2ddl.SchemaUpdate.execute HHH000388: Unsuccessful: alter table tempoengine.MACHINEGROUP_TOOL add index FK_pvv1xky0ytx21x7t6htw7069m (TOOLID), add constraint FK_pvv1xky0ytx21x7t6htw7069m foreign key (TOOLID) references tempoengine.TOOL (TOOLID)
02-Oct-2015 09:28:36.572 ERROR [http-apr-8080-exec-5] null.null Duplicate key name 'FK_pvv1xky0ytx21x7t6htw7069m'
02-Oct-2015 09:28:36.573 ERROR [http-apr-8080-exec-5] null.null HHH000388: Unsuccessful: alter table tempoengine.MACHINEGROUP_TOOL add index FK_2mugkw8u219mbooah206srut4 (MACHINEGROUPID), add constraint FK_2mugkw8u219mbooah206srut4 foreign key (MACHINEGROUPID) references tempoengine.MACHINEGROUP (MACHINEGROUPID)
02-Oct-2015 09:28:36.575 ERROR [http-apr-8080-exec-5] null.null Duplicate key name 'FK_2mugkw8u219mbooah206srut4'
02-Oct-2015 09:28:36.575 ERROR [http-apr-8080-exec-5] null.null HHH000388: Unsuccessful: alter table tempoengine.MACHINEPARAM add index FK_98ue7o8cufld6k4diuk9lqmvb (PROJECTID), add constraint FK_98ue7o8cufld6k4diuk9lqmvb foreign key (PROJECTID) references tempoengine.PROJECT (PROJECTID)
02-Oct-2015 09:28:36.576 ERROR [http-apr-8080-exec-5] null.null Duplicate key name 'FK_98ue7o8cufld6k4diuk9lqmvb'
02-Oct-2015 09:28:36.577 ERROR [http-apr-8080-exec-5] null.null HHH000388: Unsuccessful: alter table tempoengine.MACHINEPARAMVALUE add index FK_r7v8egsdci6qb9vddtikkrdhu (MACHINEID), add constraint FK_r7v8egsdci6qb9vddtikkrdhu foreign key (MACHINEID) references tempoengine.MACHINE (MACHINEID)
02-Oct-2015 09:28:36.579 ERROR [http-apr-8080-exec-5] null.null Duplicate key name 'FK_r7v8egsdci6qb9vddtikkrdhu'
02-Oct-2015 09:28:36.579 ERROR [http-apr-8080-exec-5] null.null HHH000388: Unsuccessful: alter table tempoengine.MACHINEPARAMVALUE add index FK_cieransin6vuy14cu7fpetanq (MACHINEPARAMID), add constraint FK_cieransin6vuy14cu7fpetanq foreign key (MACHINEPARAMID) references tempoengine.MACHINEPARAM (MACHINEPARAMID)
02-Oct-2015 09:28:36.580 ERROR [http-apr-8080-exec-5] null.null Duplicate key name 'FK_cieransin6vuy14cu7fpetanq'
02-Oct-2015 09:28:36.581 ERROR [http-apr-8080-exec-5] null.null HHH000388: Unsuccessful: alter table tempoengine.MACHINEPARAMVALUE add index FK_6vrlqd2v9219bmpn3kp6x3c8p (MACHINEPARAMSETID), add constraint FK_6vrlqd2v9219bmpn3kp6x3c8p foreign key (MACHINEPARAMSETID) references tempoengine.MACHINEPARAM (MACHINEPARAMID)
02-Oct-2015 09:28:36.583 ERROR [http-apr-8080-exec-5] org.hibernate.tool.hbm2ddl.SchemaUpdate.execute Duplicate key name 'FK_6vrlqd2v9219bmpn3kp6x3c8p'
02-Oct-2015 09:28:36.584 ERROR [http-apr-8080-exec-5] org.hibernate.tool.hbm2ddl.SchemaUpdate.execute HHH000388: Unsuccessful: alter table tempoengine.MACHINE_MACHINEGROUP add index FK_2qqwxwdy8venjw9c0fwubdity (MACHINEGROUPID), add constraint FK_2qqwxwdy8venjw9c0fwubdity foreign key (MACHINEGROUPID) references tempoengine.MACHINEGROUP (MACHINEGROUPID)
02-Oct-2015 09:28:36.585 ERROR [http-apr-8080-exec-5] org.hibernate.tool.hbm2ddl.SchemaUpdate.execute Duplicate key name 'FK_2qqwxwdy8venjw9c0fwubdity'
02-Oct-2015 09:28:36.589 ERROR [http-apr-8080-exec-5] org.hibernate.tool.hbm2ddl.SchemaUpdate.execute HHH000388: Unsuccessful: alter table tempoengine.MACHINE_MACHINEGROUP add index FK_ke9rci1jr8d25onfa9w3w8rkk (MACHINEID), add constraint FK_ke9rci1jr8d25onfa9w3w8rkk foreign key (MACHINEID) references tempoengine.MACHINE (MACHINEID)
02-Oct-2015 09:28:36.591 ERROR [http-apr-8080-exec-5] org.hibernate.tool.hbm2ddl.SchemaUpdate.execute Duplicate key name 'FK_ke9rci1jr8d25onfa9w3w8rkk'
02-Oct-2015 09:28:36.593 ERROR [http-apr-8080-exec-5] <unknown>.<unknown> HHH000388: Unsuccessful: alter table tempoengine.NOTIFICATION add index FK_cpu2b7jbc8xh0b693b7l9gjc0 (PROJECTID), add constraint FK_cpu2b7jbc8xh0b693b7l9gjc0 foreign key (PROJECTID) references tempoengine.PROJECT (PROJECTID)
02-Oct-2015 09:28:36.594 ERROR [http-apr-8080-exec-5] org.hibernate.tool.hbm2ddl.SchemaUpdate.execute Duplicate key name 'FK_cpu2b7jbc8xh0b693b7l9gjc0'
02-Oct-2015 09:28:36.595 ERROR [http-apr-8080-exec-5] org.hibernate.tool.hbm2ddl.SchemaUpdate.execute HHH000388: Unsuccessful: alter table tempoengine.PROJECT add index FK_pdndp4iiroeo1pyxo3a1rp4e4 (LOCKBY), add constraint FK_pdndp4iiroeo1pyxo3a1rp4e4 foreign key (LOCKBY) references tempoengine.USER (USERNAME)
02-Oct-2015 09:28:36.596 ERROR [http-apr-8080-exec-5] null.null Duplicate key name 'FK_pdndp4iiroeo1pyxo3a1rp4e4'
02-Oct-2015 09:28:36.597 ERROR [http-apr-8080-exec-5] null.null HHH000388: Unsuccessful: alter table tempoengine.PROJECTPARAM add index FK_97gvu5lwrqinukhwu1kdfya6t (PROJECTID), add constraint FK_97gvu5lwrqinukhwu1kdfya6t foreign key (PROJECTID) references tempoengine.PROJECT (PROJECTID)
02-Oct-2015 09:28:36.598 ERROR [http-apr-8080-exec-5] null.null Duplicate key name 'FK_97gvu5lwrqinukhwu1kdfya6t'
02-Oct-2015 09:28:36.599 ERROR [http-apr-8080-exec-5] null.null HHH000388: Unsuccessful: alter table tempoengine.TOOL add index FK_bsexvxn4yuixbvne778xnqbe8 (LOCKBY), add constraint FK_bsexvxn4yuixbvne778xnqbe8 foreign key (LOCKBY) references tempoengine.USER (USERNAME)
02-Oct-2015 09:28:36.600 ERROR [http-apr-8080-exec-5] null.null Duplicate key name 'FK_bsexvxn4yuixbvne778xnqbe8'
02-Oct-2015 09:28:36.601 ERROR [http-apr-8080-exec-5] null.null HHH000388: Unsuccessful: alter table tempoengine.TOOL add index FK_hnqf92l9yskatn9ci073ewaix (PROJECTID), add constraint FK_hnqf92l9yskatn9ci073ewaix foreign key (PROJECTID) references tempoengine.PROJECT (PROJECTID)
02-Oct-2015 09:28:36.602 ERROR [http-apr-8080-exec-5] null.null Duplicate key name 'FK_hnqf92l9yskatn9ci073ewaix'
02-Oct-2015 09:28:36.603 ERROR [http-apr-8080-exec-5] org.hibernate.tool.hbm2ddl.SchemaUpdate.execute HHH000388: Unsuccessful: alter table tempoengine.TOOLPROPERTY add index FK_92ld2kwsdvgp4v94u4lu5x1h3 (TOOLID), add constraint FK_92ld2kwsdvgp4v94u4lu5x1h3 foreign key (TOOLID) references tempoengine.TOOL (TOOLID)
02-Oct-2015 09:28:36.605 ERROR [http-apr-8080-exec-5] null.null Duplicate key name 'FK_92ld2kwsdvgp4v94u4lu5x1h3'
02-Oct-2015 09:28:36.606 ERROR [http-apr-8080-exec-5] org.hibernate.tool.hbm2ddl.SchemaUpdate.execute HHH000388: Unsuccessful: alter table tempoengine.USERPERMISSION add index FK_duqvnlburvjok2pn8gq9fye6c (USERNAME), add constraint FK_duqvnlburvjok2pn8gq9fye6c foreign key (USERNAME) references tempoengine.USER (USERNAME)
02-Oct-2015 09:28:36.608 ERROR [http-apr-8080-exec-5] org.hibernate.tool.hbm2ddl.SchemaUpdate.execute Duplicate key name 'FK_duqvnlburvjok2pn8gq9fye6c'
02-Oct-2015 09:28:36.609 ERROR [http-apr-8080-exec-5] org.hibernate.tool.hbm2ddl.SchemaUpdate.execute HHH000388: Unsuccessful: alter table tempoengine.USERPERMISSION add index FK_142txvul1r0hn8gpn9h6e1p4x (PROJECTID), add constraint FK_142txvul1r0hn8gpn9h6e1p4x foreign key (PROJECTID) references tempoengine.PROJECT (PROJECTID)
02-Oct-2015 09:28:36.610 ERROR [http-apr-8080-exec-5] org.hibernate.tool.hbm2ddl.SchemaUpdate.execute Duplicate key name 'FK_142txvul1r0hn8gpn9h6e1p4x'
02-Oct-2015 09:28:36.612 ERROR [http-apr-8080-exec-5] org.hibernate.tool.hbm2ddl.SchemaUpdate.execute HHH000388: Unsuccessful: alter table tempoengine.VERSION add index FK_keu3vvfn86bqiwpsr9xdx3cge (COMPONENTID), add constraint FK_keu3vvfn86bqiwpsr9xdx3cge foreign key (COMPONENTID) references tempoengine.COMPONENT (COMPONENTID)
02-Oct-2015 09:28:36.613 ERROR [http-apr-8080-exec-5] org.hibernate.tool.hbm2ddl.SchemaUpdate.execute Duplicate key name 'FK_keu3vvfn86bqiwpsr9xdx3cge'
02-Oct-2015 09:28:36.615 ERROR [http-apr-8080-exec-5] org.hibernate.tool.hbm2ddl.SchemaUpdate.execute HHH000388: Unsuccessful: alter table tempoengine.VERSIONPARAM add index FK_nblxhjs1682s7rygfau1tc12t (COMPONENTID), add constraint FK_nblxhjs1682s7rygfau1tc12t foreign key (COMPONENTID) references tempoengine.COMPONENT (COMPONENTID)
02-Oct-2015 09:28:36.616 ERROR [http-apr-8080-exec-5] org.hibernate.tool.hbm2ddl.SchemaUpdate.execute Duplicate key name 'FK_nblxhjs1682s7rygfau1tc12t'
02-Oct-2015 09:28:36.617 ERROR [http-apr-8080-exec-5] null.null HHH000388: Unsuccessful: alter table tempoengine.VERSIONPARAMVALUE add index FK_368ik3ubh8ilglx2dy16fjmqj (VERSIONID), add constraint FK_368ik3ubh8ilglx2dy16fjmqj foreign key (VERSIONID) references tempoengine.VERSION (VERSIONID)
02-Oct-2015 09:28:36.618 ERROR [http-apr-8080-exec-5] null.null Duplicate key name 'FK_368ik3ubh8ilglx2dy16fjmqj'
02-Oct-2015 09:28:36.619 ERROR [http-apr-8080-exec-5] org.hibernate.tool.hbm2ddl.SchemaUpdate.execute HHH000388: Unsuccessful: alter table tempoengine.VERSIONPARAMVALUE add index FK_83a8d99nyf4hr8peuwpxag3f2 (VERSIONPARAMID), add constraint FK_83a8d99nyf4hr8peuwpxag3f2 foreign key (VERSIONPARAMID) references tempoengine.VERSIONPARAM (VERSIONPARAMID)
02-Oct-2015 09:28:36.621 ERROR [http-apr-8080-exec-5] org.hibernate.tool.hbm2ddl.SchemaUpdate.execute Duplicate key name 'FK_83a8d99nyf4hr8peuwpxag3f2'
02-Oct-2015 09:28:36.624 ERROR [http-apr-8080-exec-5] org.hibernate.tool.hbm2ddl.SchemaUpdate.execute HHH000388: Unsuccessful: alter table tempoengine.VERSIONPARAMVALUE add index FK_63swdahfwlsmxjhw2ugb7csxe (VERSIONPARAMIDSET), add constraint FK_63swdahfwlsmxjhw2ugb7csxe foreign key (VERSIONPARAMIDSET) references tempoengine.VERSIONPARAM (VERSIONPARAMID)
02-Oct-2015 09:28:36.629 ERROR [http-apr-8080-exec-5] org.hibernate.tool.hbm2ddl.SchemaUpdate.execute Duplicate key name 'FK_63swdahfwlsmxjhw2ugb7csxe'
02-Oct-2015 09:28:36.633 ERROR [http-apr-8080-exec-5] org.hibernate.tool.hbm2ddl.SchemaUpdate.execute HHH000388: Unsuccessful: alter table tempoengine.WORKFLOW add index FK_9isliua64mgclu99ognymdvi6 (LOCKBY), add constraint FK_9isliua64mgclu99ognymdvi6 foreign key (LOCKBY) references tempoengine.USER (USERNAME)
02-Oct-2015 09:28:36.635 ERROR [http-apr-8080-exec-5] org.hibernate.tool.hbm2ddl.SchemaUpdate.execute Duplicate key name 'FK_9isliua64mgclu99ognymdvi6'
02-Oct-2015 09:28:36.639 ERROR [http-apr-8080-exec-5] org.hibernate.tool.hbm2ddl.SchemaUpdate.execute HHH000388: Unsuccessful: alter table tempoengine.WORKFLOW add index FK_5a0wdmfexocjl97c7u45m1uru (COMPONENTID), add constraint FK_5a0wdmfexocjl97c7u45m1uru foreign key (COMPONENTID) references tempoengine.COMPONENT (COMPONENTID)
02-Oct-2015 09:28:36.641 ERROR [http-apr-8080-exec-5] org.hibernate.tool.hbm2ddl.SchemaUpdate.execute Duplicate key name 'FK_5a0wdmfexocjl97c7u45m1uru'
02-Oct-2015 09:28:36.642 ERROR [http-apr-8080-exec-5] org.hibernate.tool.hbm2ddl.SchemaUpdate.execute HHH000388: Unsuccessful: alter table tempoengine.WORKFLOW add index FK_hg4vcleuhq3xgppjio827f6c0 (PROJECTID), add constraint FK_hg4vcleuhq3xgppjio827f6c0 foreign key (PROJECTID) references tempoengine.PROJECT (PROJECTID)
02-Oct-2015 09:28:36.644 ERROR [http-apr-8080-exec-5] org.hibernate.tool.hbm2ddl.SchemaUpdate.execute Duplicate key name 'FK_hg4vcleuhq3xgppjio827f6c0'
02-Oct-2015 09:28:36.645 ERROR [http-apr-8080-exec-5] org.hibernate.tool.hbm2ddl.SchemaUpdate.execute HHH000388: Unsuccessful: alter table tempoengine.WORKFLOWPARAM add index FK_8dw1nahlmpem6xxq0cvas211o (WORKFLOWID), add constraint FK_8dw1nahlmpem6xxq0cvas211o foreign key (WORKFLOWID) references tempoengine.WORKFLOW (WORKFLOWID)
02-Oct-2015 09:28:36.647 ERROR [http-apr-8080-exec-5] org.hibernate.tool.hbm2ddl.SchemaUpdate.execute Duplicate key name 'FK_8dw1nahlmpem6xxq0cvas211o'
02-Oct-2015 09:28:36.647 INFO [http-apr-8080-exec-5] org.hibernate.tool.hbm2ddl.SchemaUpdate.execute HHH000232: Schema update complete
